[0.569s] DEBUG:colcon:Command line arguments: ['/usr/bin/colcon', 'build']
[0.569s] DEBUG:colcon:Parsed command line arguments: Namespace(log_base=None, log_level=None, verb_name='build', build_base='build', install_base='install', merge_install=False, symlink_install=False, test_result_base=None, continue_on_error=False, executor='parallel', parallel_workers=4, event_handlers=None, ignore_user_meta=False, metas=['./colcon.meta'], base_paths=['.'], packages_ignore=None, packages_ignore_regex=None, paths=None, packages_up_to=None, packages_up_to_regex=None, packages_above=None, packages_above_and_dependencies=None, packages_above_depth=None, packages_select_by_dep=None, packages_skip_by_dep=None, packages_skip_up_to=None, packages_select_build_failed=False, packages_skip_build_finished=False, packages_select_test_failures=False, packages_skip_test_passed=False, packages_select=None, packages_skip=None, packages_select_regex=None, packages_skip_regex=None, packages_start=None, packages_end=None, allow_overriding=[], cmake_args=None, cmake_target=None, cmake_target_skip_unavailable=False, cmake_clean_cache=False, cmake_clean_first=False, cmake_force_configure=False, ament_cmake_args=None, catkin_cmake_args=None, catkin_skip_building_tests=False, verb_parser=<colcon_defaults.argument_parser.defaults.DefaultArgumentsDecorator object at 0x7f70b93e8670>, verb_extension=<colcon_core.verb.build.BuildVerb object at 0x7f70b956da20>, main=<bound method BuildVerb.main of <colcon_core.verb.build.BuildVerb object at 0x7f70b956da20>>)
[0.986s] Level 1:colcon.colcon_core.package_discovery:discover_packages(colcon_meta) check parameters
[0.987s] Level 1:colcon.colcon_core.package_discovery:discover_packages(recursive) check parameters
[0.987s] Level 1:colcon.colcon_core.package_discovery:discover_packages(ignore) check parameters
[0.987s] Level 1:colcon.colcon_core.package_discovery:discover_packages(path) check parameters
[0.987s] Level 1:colcon.colcon_core.package_discovery:discover_packages(colcon_meta) discover
[0.987s] Level 1:colcon.colcon_core.package_discovery:discover_packages(recursive) discover
[0.987s] INFO:colcon.colcon_core.package_discovery:Crawling recursively for packages in '/home/pizzu01/ros2_humble'
[0.987s] Level 1:colcon.colcon_core.package_identification:_identify(.) by extensions ['ignore', 'ignore_ament_install']
[0.987s] Level 1:colcon.colcon_core.package_identification:_identify(.) by extension 'ignore'
[0.987s] Level 1:colcon.colcon_core.package_identification:_identify(.) by extension 'ignore_ament_install'
[0.987s] Level 1:colcon.colcon_core.package_identification:_identify(.) by extensions ['colcon_pkg']
[0.987s] Level 1:colcon.colcon_core.package_identification:_identify(.) by extension 'colcon_pkg'
[0.988s] Level 1:colcon.colcon_core.package_identification:_identify(.) by extensions ['colcon_meta']
[0.988s] Level 1:colcon.colcon_core.package_identification:_identify(.) by extension 'colcon_meta'
[0.988s] Level 1:colcon.colcon_core.package_identification:_identify(.) by extensions ['ros']
[0.988s] Level 1:colcon.colcon_core.package_identification:_identify(.) by extension 'ros'
[1.016s] Level 1:colcon.colcon_core.package_identification:_identify(.) by extensions ['cmake', 'python']
[1.016s] Level 1:colcon.colcon_core.package_identification:_identify(.) by extension 'cmake'
[1.016s] Level 1:colcon.colcon_core.package_identification:_identify(.) by extension 'python'
[1.016s] Level 1:colcon.colcon_core.package_identification:_identify(.) by extensions ['python_setup_py']
[1.016s] Level 1:colcon.colcon_core.package_identification:_identify(.) by extension 'python_setup_py'
[1.016s] Level 1:colcon.colcon_core.package_identification:_identify(build) by extensions ['ignore', 'ignore_ament_install']
[1.016s] Level 1:colcon.colcon_core.package_identification:_identify(build) by extension 'ignore'
[1.016s] Level 1:colcon.colcon_core.package_identification:_identify(build) ignored
[1.017s] Level 1:colcon.colcon_core.package_identification:_identify(install) by extensions ['ignore', 'ignore_ament_install']
[1.017s] Level 1:colcon.colcon_core.package_identification:_identify(install) by extension 'ignore'
[1.017s] Level 1:colcon.colcon_core.package_identification:_identify(install) ignored
[1.017s] Level 1:colcon.colcon_core.package_identification:_identify(log) by extensions ['ignore', 'ignore_ament_install']
[1.017s] Level 1:colcon.colcon_core.package_identification:_identify(log) by extension 'ignore'
[1.017s] Level 1:colcon.colcon_core.package_identification:_identify(log) ignored
[1.017s] Level 1:colcon.colcon_core.package_identification:_identify(src) by extensions ['ignore', 'ignore_ament_install']
[1.018s] Level 1:colcon.colcon_core.package_identification:_identify(src) by extension 'ignore'
[1.018s] Level 1:colcon.colcon_core.package_identification:_identify(src) by extension 'ignore_ament_install'
[1.018s] Level 1:colcon.colcon_core.package_identification:_identify(src) by extensions ['colcon_pkg']
[1.018s] Level 1:colcon.colcon_core.package_identification:_identify(src) by extension 'colcon_pkg'
[1.018s] Level 1:colcon.colcon_core.package_identification:_identify(src) by extensions ['colcon_meta']
[1.018s] Level 1:colcon.colcon_core.package_identification:_identify(src) by extension 'colcon_meta'
[1.018s] Level 1:colcon.colcon_core.package_identification:_identify(src) by extensions ['ros']
[1.018s] Level 1:colcon.colcon_core.package_identification:_identify(src) by extension 'ros'
[1.019s] Level 1:colcon.colcon_core.package_identification:_identify(src) by extensions ['cmake', 'python']
[1.019s] Level 1:colcon.colcon_core.package_identification:_identify(src) by extension 'cmake'
[1.019s] Level 1:colcon.colcon_core.package_identification:_identify(src) by extension 'python'
[1.019s] Level 1:colcon.colcon_core.package_identification:_identify(src) by extensions ['python_setup_py']
[1.019s] Level 1:colcon.colcon_core.package_identification:_identify(src) by extension 'python_setup_py'
[1.019s] Level 1:colcon.colcon_core.package_identification:_identify(src/ROS-TCP-Endpoint) by extensions ['ignore', 'ignore_ament_install']
[1.019s] Level 1:colcon.colcon_core.package_identification:_identify(src/ROS-TCP-Endpoint) by extension 'ignore'
[1.019s] Level 1:colcon.colcon_core.package_identification:_identify(src/ROS-TCP-Endpoint) by extension 'ignore_ament_install'
[1.019s] Level 1:colcon.colcon_core.package_identification:_identify(src/ROS-TCP-Endpoint) by extensions ['colcon_pkg']
[1.020s] Level 1:colcon.colcon_core.package_identification:_identify(src/ROS-TCP-Endpoint) by extension 'colcon_pkg'
[1.020s] Level 1:colcon.colcon_core.package_identification:_identify(src/ROS-TCP-Endpoint) by extensions ['colcon_meta']
[1.020s] Level 1:colcon.colcon_core.package_identification:_identify(src/ROS-TCP-Endpoint) by extension 'colcon_meta'
[1.020s] Level 1:colcon.colcon_core.package_identification:_identify(src/ROS-TCP-Endpoint) by extensions ['ros']
[1.020s] Level 1:colcon.colcon_core.package_identification:_identify(src/ROS-TCP-Endpoint) by extension 'ros'
[1.024s] DEBUG:colcon.colcon_core.package_identification:Package 'src/ROS-TCP-Endpoint' with type 'ros.ament_python' and name 'ros_tcp_endpoint'
[1.025s] Level 1:colcon.colcon_core.package_identification:_identify(src/gazebo_ros2_control) by extensions ['ignore', 'ignore_ament_install']
[1.027s] Level 1:colcon.colcon_core.package_identification:_identify(src/gazebo_ros2_control) by extension 'ignore'
[1.027s] Level 1:colcon.colcon_core.package_identification:_identify(src/gazebo_ros2_control) by extension 'ignore_ament_install'
[1.027s] Level 1:colcon.colcon_core.package_identification:_identify(src/gazebo_ros2_control) by extensions ['colcon_pkg']
[1.027s] Level 1:colcon.colcon_core.package_identification:_identify(src/gazebo_ros2_control) by extension 'colcon_pkg'
[1.027s] Level 1:colcon.colcon_core.package_identification:_identify(src/gazebo_ros2_control) by extensions ['colcon_meta']
[1.027s] Level 1:colcon.colcon_core.package_identification:_identify(src/gazebo_ros2_control) by extension 'colcon_meta'
[1.027s] Level 1:colcon.colcon_core.package_identification:_identify(src/gazebo_ros2_control) by extensions ['ros']
[1.028s] Level 1:colcon.colcon_core.package_identification:_identify(src/gazebo_ros2_control) by extension 'ros'
[1.028s] Level 1:colcon.colcon_core.package_identification:_identify(src/gazebo_ros2_control) by extensions ['cmake', 'python']
[1.028s] Level 1:colcon.colcon_core.package_identification:_identify(src/gazebo_ros2_control) by extension 'cmake'
[1.028s] Level 1:colcon.colcon_core.package_identification:_identify(src/gazebo_ros2_control) by extension 'python'
[1.028s] Level 1:colcon.colcon_core.package_identification:_identify(src/gazebo_ros2_control) by extensions ['python_setup_py']
[1.028s] Level 1:colcon.colcon_core.package_identification:_identify(src/gazebo_ros2_control) by extension 'python_setup_py'
[1.028s] Level 1:colcon.colcon_core.package_identification:_identify(src/gazebo_ros2_control/Docker) by extensions ['ignore', 'ignore_ament_install']
[1.028s] Level 1:colcon.colcon_core.package_identification:_identify(src/gazebo_ros2_control/Docker) by extension 'ignore'
[1.028s] Level 1:colcon.colcon_core.package_identification:_identify(src/gazebo_ros2_control/Docker) by extension 'ignore_ament_install'
[1.028s] Level 1:colcon.colcon_core.package_identification:_identify(src/gazebo_ros2_control/Docker) by extensions ['colcon_pkg']
[1.028s] Level 1:colcon.colcon_core.package_identification:_identify(src/gazebo_ros2_control/Docker) by extension 'colcon_pkg'
[1.028s] Level 1:colcon.colcon_core.package_identification:_identify(src/gazebo_ros2_control/Docker) by extensions ['colcon_meta']
[1.028s] Level 1:colcon.colcon_core.package_identification:_identify(src/gazebo_ros2_control/Docker) by extension 'colcon_meta'
[1.029s] Level 1:colcon.colcon_core.package_identification:_identify(src/gazebo_ros2_control/Docker) by extensions ['ros']
[1.029s] Level 1:colcon.colcon_core.package_identification:_identify(src/gazebo_ros2_control/Docker) by extension 'ros'
[1.029s] Level 1:colcon.colcon_core.package_identification:_identify(src/gazebo_ros2_control/Docker) by extensions ['cmake', 'python']
[1.029s] Level 1:colcon.colcon_core.package_identification:_identify(src/gazebo_ros2_control/Docker) by extension 'cmake'
[1.029s] Level 1:colcon.colcon_core.package_identification:_identify(src/gazebo_ros2_control/Docker) by extension 'python'
[1.029s] Level 1:colcon.colcon_core.package_identification:_identify(src/gazebo_ros2_control/Docker) by extensions ['python_setup_py']
[1.029s] Level 1:colcon.colcon_core.package_identification:_identify(src/gazebo_ros2_control/Docker) by extension 'python_setup_py'
[1.029s] Level 1:colcon.colcon_core.package_identification:_identify(src/gazebo_ros2_control/doc) by extensions ['ignore', 'ignore_ament_install']
[1.029s] Level 1:colcon.colcon_core.package_identification:_identify(src/gazebo_ros2_control/doc) by extension 'ignore'
[1.029s] Level 1:colcon.colcon_core.package_identification:_identify(src/gazebo_ros2_control/doc) by extension 'ignore_ament_install'
[1.029s] Level 1:colcon.colcon_core.package_identification:_identify(src/gazebo_ros2_control/doc) by extensions ['colcon_pkg']
[1.029s] Level 1:colcon.colcon_core.package_identification:_identify(src/gazebo_ros2_control/doc) by extension 'colcon_pkg'
[1.029s] Level 1:colcon.colcon_core.package_identification:_identify(src/gazebo_ros2_control/doc) by extensions ['colcon_meta']
[1.029s] Level 1:colcon.colcon_core.package_identification:_identify(src/gazebo_ros2_control/doc) by extension 'colcon_meta'
[1.030s] Level 1:colcon.colcon_core.package_identification:_identify(src/gazebo_ros2_control/doc) by extensions ['ros']
[1.030s] Level 1:colcon.colcon_core.package_identification:_identify(src/gazebo_ros2_control/doc) by extension 'ros'
[1.030s] Level 1:colcon.colcon_core.package_identification:_identify(src/gazebo_ros2_control/doc) by extensions ['cmake', 'python']
[1.030s] Level 1:colcon.colcon_core.package_identification:_identify(src/gazebo_ros2_control/doc) by extension 'cmake'
[1.030s] Level 1:colcon.colcon_core.package_identification:_identify(src/gazebo_ros2_control/doc) by extension 'python'
[1.030s] Level 1:colcon.colcon_core.package_identification:_identify(src/gazebo_ros2_control/doc) by extensions ['python_setup_py']
[1.030s] Level 1:colcon.colcon_core.package_identification:_identify(src/gazebo_ros2_control/doc) by extension 'python_setup_py'
[1.030s] Level 1:colcon.colcon_core.package_identification:_identify(src/gazebo_ros2_control/doc/img) by extensions ['ignore', 'ignore_ament_install']
[1.030s] Level 1:colcon.colcon_core.package_identification:_identify(src/gazebo_ros2_control/doc/img) by extension 'ignore'
[1.030s] Level 1:colcon.colcon_core.package_identification:_identify(src/gazebo_ros2_control/doc/img) by extension 'ignore_ament_install'
[1.031s] Level 1:colcon.colcon_core.package_identification:_identify(src/gazebo_ros2_control/doc/img) by extensions ['colcon_pkg']
[1.031s] Level 1:colcon.colcon_core.package_identification:_identify(src/gazebo_ros2_control/doc/img) by extension 'colcon_pkg'
[1.031s] Level 1:colcon.colcon_core.package_identification:_identify(src/gazebo_ros2_control/doc/img) by extensions ['colcon_meta']
[1.031s] Level 1:colcon.colcon_core.package_identification:_identify(src/gazebo_ros2_control/doc/img) by extension 'colcon_meta'
[1.031s] Level 1:colcon.colcon_core.package_identification:_identify(src/gazebo_ros2_control/doc/img) by extensions ['ros']
[1.031s] Level 1:colcon.colcon_core.package_identification:_identify(src/gazebo_ros2_control/doc/img) by extension 'ros'
[1.031s] Level 1:colcon.colcon_core.package_identification:_identify(src/gazebo_ros2_control/doc/img) by extensions ['cmake', 'python']
[1.031s] Level 1:colcon.colcon_core.package_identification:_identify(src/gazebo_ros2_control/doc/img) by extension 'cmake'
[1.031s] Level 1:colcon.colcon_core.package_identification:_identify(src/gazebo_ros2_control/doc/img) by extension 'python'
[1.032s] Level 1:colcon.colcon_core.package_identification:_identify(src/gazebo_ros2_control/doc/img) by extensions ['python_setup_py']
[1.032s] Level 1:colcon.colcon_core.package_identification:_identify(src/gazebo_ros2_control/doc/img) by extension 'python_setup_py'
[1.032s] Level 1:colcon.colcon_core.package_identification:_identify(src/gazebo_ros2_control/gazebo_ros2_control) by extensions ['ignore', 'ignore_ament_install']
[1.032s] Level 1:colcon.colcon_core.package_identification:_identify(src/gazebo_ros2_control/gazebo_ros2_control) by extension 'ignore'
[1.032s] Level 1:colcon.colcon_core.package_identification:_identify(src/gazebo_ros2_control/gazebo_ros2_control) by extension 'ignore_ament_install'
[1.032s] Level 1:colcon.colcon_core.package_identification:_identify(src/gazebo_ros2_control/gazebo_ros2_control) by extensions ['colcon_pkg']
[1.032s] Level 1:colcon.colcon_core.package_identification:_identify(src/gazebo_ros2_control/gazebo_ros2_control) by extension 'colcon_pkg'
[1.032s] Level 1:colcon.colcon_core.package_identification:_identify(src/gazebo_ros2_control/gazebo_ros2_control) by extensions ['colcon_meta']
[1.032s] Level 1:colcon.colcon_core.package_identification:_identify(src/gazebo_ros2_control/gazebo_ros2_control) by extension 'colcon_meta'
[1.032s] Level 1:colcon.colcon_core.package_identification:_identify(src/gazebo_ros2_control/gazebo_ros2_control) by extensions ['ros']
[1.033s] Level 1:colcon.colcon_core.package_identification:_identify(src/gazebo_ros2_control/gazebo_ros2_control) by extension 'ros'
[1.034s] DEBUG:colcon.colcon_core.package_identification:Package 'src/gazebo_ros2_control/gazebo_ros2_control' with type 'ros.ament_cmake' and name 'gazebo_ros2_control'
[1.035s] Level 1:colcon.colcon_core.package_identification:_identify(src/gazebo_ros2_control/gazebo_ros2_control_demos) by extensions ['ignore', 'ignore_ament_install']
[1.035s] Level 1:colcon.colcon_core.package_identification:_identify(src/gazebo_ros2_control/gazebo_ros2_control_demos) by extension 'ignore'
[1.035s] Level 1:colcon.colcon_core.package_identification:_identify(src/gazebo_ros2_control/gazebo_ros2_control_demos) by extension 'ignore_ament_install'
[1.035s] Level 1:colcon.colcon_core.package_identification:_identify(src/gazebo_ros2_control/gazebo_ros2_control_demos) by extensions ['colcon_pkg']
[1.036s] Level 1:colcon.colcon_core.package_identification:_identify(src/gazebo_ros2_control/gazebo_ros2_control_demos) by extension 'colcon_pkg'
[1.036s] Level 1:colcon.colcon_core.package_identification:_identify(src/gazebo_ros2_control/gazebo_ros2_control_demos) by extensions ['colcon_meta']
[1.036s] Level 1:colcon.colcon_core.package_identification:_identify(src/gazebo_ros2_control/gazebo_ros2_control_demos) by extension 'colcon_meta'
[1.037s] Level 1:colcon.colcon_core.package_identification:_identify(src/gazebo_ros2_control/gazebo_ros2_control_demos) by extensions ['ros']
[1.037s] Level 1:colcon.colcon_core.package_identification:_identify(src/gazebo_ros2_control/gazebo_ros2_control_demos) by extension 'ros'
[1.042s] DEBUG:colcon.colcon_core.package_identification:Package 'src/gazebo_ros2_control/gazebo_ros2_control_demos' with type 'ros.ament_cmake' and name 'gazebo_ros2_control_demos'
[1.043s] Level 1:colcon.colcon_core.package_identification:_identify(src/moveit_config_tm5_900) by extensions ['ignore', 'ignore_ament_install']
[1.043s] Level 1:colcon.colcon_core.package_identification:_identify(src/moveit_config_tm5_900) by extension 'ignore'
[1.044s] Level 1:colcon.colcon_core.package_identification:_identify(src/moveit_config_tm5_900) by extension 'ignore_ament_install'
[1.044s] Level 1:colcon.colcon_core.package_identification:_identify(src/moveit_config_tm5_900) by extensions ['colcon_pkg']
[1.044s] Level 1:colcon.colcon_core.package_identification:_identify(src/moveit_config_tm5_900) by extension 'colcon_pkg'
[1.044s] Level 1:colcon.colcon_core.package_identification:_identify(src/moveit_config_tm5_900) by extensions ['colcon_meta']
[1.044s] Level 1:colcon.colcon_core.package_identification:_identify(src/moveit_config_tm5_900) by extension 'colcon_meta'
[1.045s] Level 1:colcon.colcon_core.package_identification:_identify(src/moveit_config_tm5_900) by extensions ['ros']
[1.045s] Level 1:colcon.colcon_core.package_identification:_identify(src/moveit_config_tm5_900) by extension 'ros'
[1.047s] DEBUG:colcon.colcon_core.package_identification:Package 'src/moveit_config_tm5_900' with type 'ros.ament_cmake' and name 'moveit_config_tm5_900'
[1.047s] Level 1:colcon.colcon_core.package_identification:_identify(src/my_ros2_package) by extensions ['ignore', 'ignore_ament_install']
[1.047s] Level 1:colcon.colcon_core.package_identification:_identify(src/my_ros2_package) by extension 'ignore'
[1.047s] Level 1:colcon.colcon_core.package_identification:_identify(src/my_ros2_package) by extension 'ignore_ament_install'
[1.048s] Level 1:colcon.colcon_core.package_identification:_identify(src/my_ros2_package) by extensions ['colcon_pkg']
[1.048s] Level 1:colcon.colcon_core.package_identification:_identify(src/my_ros2_package) by extension 'colcon_pkg'
[1.048s] Level 1:colcon.colcon_core.package_identification:_identify(src/my_ros2_package) by extensions ['colcon_meta']
[1.048s] Level 1:colcon.colcon_core.package_identification:_identify(src/my_ros2_package) by extension 'colcon_meta'
[1.048s] Level 1:colcon.colcon_core.package_identification:_identify(src/my_ros2_package) by extensions ['ros']
[1.048s] Level 1:colcon.colcon_core.package_identification:_identify(src/my_ros2_package) by extension 'ros'
[1.050s] DEBUG:colcon.colcon_core.package_identification:Package 'src/my_ros2_package' with type 'ros.ament_python' and name 'my_ros2_package'
[1.050s] Level 1:colcon.colcon_core.package_identification:_identify(src/tm_description) by extensions ['ignore', 'ignore_ament_install']
[1.051s] Level 1:colcon.colcon_core.package_identification:_identify(src/tm_description) by extension 'ignore'
[1.051s] Level 1:colcon.colcon_core.package_identification:_identify(src/tm_description) by extension 'ignore_ament_install'
[1.051s] Level 1:colcon.colcon_core.package_identification:_identify(src/tm_description) by extensions ['colcon_pkg']
[1.051s] Level 1:colcon.colcon_core.package_identification:_identify(src/tm_description) by extension 'colcon_pkg'
[1.051s] Level 1:colcon.colcon_core.package_identification:_identify(src/tm_description) by extensions ['colcon_meta']
[1.052s] Level 1:colcon.colcon_core.package_identification:_identify(src/tm_description) by extension 'colcon_meta'
[1.052s] Level 1:colcon.colcon_core.package_identification:_identify(src/tm_description) by extensions ['ros']
[1.052s] Level 1:colcon.colcon_core.package_identification:_identify(src/tm_description) by extension 'ros'
[1.054s] DEBUG:colcon.colcon_core.package_identification:Package 'src/tm_description' with type 'ros.ament_cmake' and name 'tm_description'
[1.054s] Level 1:colcon.colcon_core.package_identification:_identify(src/tm_moveit_config) by extensions ['ignore', 'ignore_ament_install']
[1.054s] Level 1:colcon.colcon_core.package_identification:_identify(src/tm_moveit_config) by extension 'ignore'
[1.056s] Level 1:colcon.colcon_core.package_identification:_identify(src/tm_moveit_config) by extension 'ignore_ament_install'
[1.056s] Level 1:colcon.colcon_core.package_identification:_identify(src/tm_moveit_config) by extensions ['colcon_pkg']
[1.056s] Level 1:colcon.colcon_core.package_identification:_identify(src/tm_moveit_config) by extension 'colcon_pkg'
[1.056s] Level 1:colcon.colcon_core.package_identification:_identify(src/tm_moveit_config) by extensions ['colcon_meta']
[1.056s] Level 1:colcon.colcon_core.package_identification:_identify(src/tm_moveit_config) by extension 'colcon_meta'
[1.056s] Level 1:colcon.colcon_core.package_identification:_identify(src/tm_moveit_config) by extensions ['ros']
[1.056s] Level 1:colcon.colcon_core.package_identification:_identify(src/tm_moveit_config) by extension 'ros'
[1.058s] DEBUG:colcon.colcon_core.package_identification:Package 'src/tm_moveit_config' with type 'ros.ament_cmake' and name 'tm_moveit_config'
[1.059s] Level 1:colcon.colcon_core.package_discovery:discover_packages(recursive) using defaults
[1.059s] Level 1:colcon.colcon_core.package_discovery:discover_packages(ignore) discover
[1.059s] Level 1:colcon.colcon_core.package_discovery:discover_packages(ignore) using defaults
[1.059s] Level 1:colcon.colcon_core.package_discovery:discover_packages(path) discover
[1.063s] Level 1:colcon.colcon_core.package_discovery:discover_packages(path) using defaults
[1.135s] Level 1:colcon.colcon_core.package_discovery:discover_packages(prefix_path) check parameters
[1.135s] Level 1:colcon.colcon_core.package_discovery:discover_packages(prefix_path) discover
[1.142s] DEBUG:colcon.colcon_installed_package_information.package_discovery:Found 8 installed packages in /home/pizzu01/ros2_humble/install
[1.143s] DEBUG:colcon.colcon_installed_package_information.package_discovery:Found 2 installed packages in /home/pizzu01/install
[1.146s] DEBUG:colcon.colcon_installed_package_information.package_discovery:Found 363 installed packages in /opt/ros/humble
[1.150s] Level 1:colcon.colcon_core.package_discovery:discover_packages(prefix_path) using defaults
[1.267s] Level 5:colcon.colcon_core.verb:set package 'gazebo_ros2_control' build argument 'cmake_args' from command line to 'None'
[1.267s] Level 5:colcon.colcon_core.verb:set package 'gazebo_ros2_control' build argument 'cmake_target' from command line to 'None'
[1.267s] Level 5:colcon.colcon_core.verb:set package 'gazebo_ros2_control' build argument 'cmake_target_skip_unavailable' from command line to 'False'
[1.267s] Level 5:colcon.colcon_core.verb:set package 'gazebo_ros2_control' build argument 'cmake_clean_cache' from command line to 'False'
[1.268s] Level 5:colcon.colcon_core.verb:set package 'gazebo_ros2_control' build argument 'cmake_clean_first' from command line to 'False'
[1.268s] Level 5:colcon.colcon_core.verb:set package 'gazebo_ros2_control' build argument 'cmake_force_configure' from command line to 'False'
[1.268s] Level 5:colcon.colcon_core.verb:set package 'gazebo_ros2_control' build argument 'ament_cmake_args' from command line to 'None'
[1.268s] Level 5:colcon.colcon_core.verb:set package 'gazebo_ros2_control' build argument 'catkin_cmake_args' from command line to 'None'
[1.268s] Level 5:colcon.colcon_core.verb:set package 'gazebo_ros2_control' build argument 'catkin_skip_building_tests' from command line to 'False'
[1.268s] DEBUG:colcon.colcon_core.verb:Building package 'gazebo_ros2_control' with the following arguments: {'ament_cmake_args': None, 'build_base': '/home/pizzu01/ros2_humble/build/gazebo_ros2_control', 'catkin_cmake_args': None, 'catkin_skip_building_tests': False, 'cmake_args': None, 'cmake_clean_cache': False, 'cmake_clean_first': False, 'cmake_force_configure': False, 'cmake_target': None, 'cmake_target_skip_unavailable': False, 'install_base': '/home/pizzu01/ros2_humble/install/gazebo_ros2_control', 'merge_install': False, 'path': '/home/pizzu01/ros2_humble/src/gazebo_ros2_control/gazebo_ros2_control', 'symlink_install': False, 'test_result_base': None}
[1.269s] Level 5:colcon.colcon_core.verb:set package 'my_ros2_package' build argument 'cmake_args' from command line to 'None'
[1.269s] Level 5:colcon.colcon_core.verb:set package 'my_ros2_package' build argument 'cmake_target' from command line to 'None'
[1.269s] Level 5:colcon.colcon_core.verb:set package 'my_ros2_package' build argument 'cmake_target_skip_unavailable' from command line to 'False'
[1.269s] Level 5:colcon.colcon_core.verb:set package 'my_ros2_package' build argument 'cmake_clean_cache' from command line to 'False'
[1.269s] Level 5:colcon.colcon_core.verb:set package 'my_ros2_package' build argument 'cmake_clean_first' from command line to 'False'
[1.269s] Level 5:colcon.colcon_core.verb:set package 'my_ros2_package' build argument 'cmake_force_configure' from command line to 'False'
[1.269s] Level 5:colcon.colcon_core.verb:set package 'my_ros2_package' build argument 'ament_cmake_args' from command line to 'None'
[1.270s] Level 5:colcon.colcon_core.verb:set package 'my_ros2_package' build argument 'catkin_cmake_args' from command line to 'None'
[1.270s] Level 5:colcon.colcon_core.verb:set package 'my_ros2_package' build argument 'catkin_skip_building_tests' from command line to 'False'
[1.270s] DEBUG:colcon.colcon_core.verb:Building package 'my_ros2_package' with the following arguments: {'ament_cmake_args': None, 'build_base': '/home/pizzu01/ros2_humble/build/my_ros2_package', 'catkin_cmake_args': None, 'catkin_skip_building_tests': False, 'cmake_args': None, 'cmake_clean_cache': False, 'cmake_clean_first': False, 'cmake_force_configure': False, 'cmake_target': None, 'cmake_target_skip_unavailable': False, 'install_base': '/home/pizzu01/ros2_humble/install/my_ros2_package', 'merge_install': False, 'path': '/home/pizzu01/ros2_humble/src/my_ros2_package', 'symlink_install': False, 'test_result_base': None}
[1.271s] Level 5:colcon.colcon_core.verb:set package 'ros_tcp_endpoint' build argument 'cmake_args' from command line to 'None'
[1.271s] Level 5:colcon.colcon_core.verb:set package 'ros_tcp_endpoint' build argument 'cmake_target' from command line to 'None'
[1.271s] Level 5:colcon.colcon_core.verb:set package 'ros_tcp_endpoint' build argument 'cmake_target_skip_unavailable' from command line to 'False'
[1.271s] Level 5:colcon.colcon_core.verb:set package 'ros_tcp_endpoint' build argument 'cmake_clean_cache' from command line to 'False'
[1.271s] Level 5:colcon.colcon_core.verb:set package 'ros_tcp_endpoint' build argument 'cmake_clean_first' from command line to 'False'
[1.271s] Level 5:colcon.colcon_core.verb:set package 'ros_tcp_endpoint' build argument 'cmake_force_configure' from command line to 'False'
[1.271s] Level 5:colcon.colcon_core.verb:set package 'ros_tcp_endpoint' build argument 'ament_cmake_args' from command line to 'None'
[1.271s] Level 5:colcon.colcon_core.verb:set package 'ros_tcp_endpoint' build argument 'catkin_cmake_args' from command line to 'None'
[1.271s] Level 5:colcon.colcon_core.verb:set package 'ros_tcp_endpoint' build argument 'catkin_skip_building_tests' from command line to 'False'
[1.271s] DEBUG:colcon.colcon_core.verb:Building package 'ros_tcp_endpoint' with the following arguments: {'ament_cmake_args': None, 'build_base': '/home/pizzu01/ros2_humble/build/ros_tcp_endpoint', 'catkin_cmake_args': None, 'catkin_skip_building_tests': False, 'cmake_args': None, 'cmake_clean_cache': False, 'cmake_clean_first': False, 'cmake_force_configure': False, 'cmake_target': None, 'cmake_target_skip_unavailable': False, 'install_base': '/home/pizzu01/ros2_humble/install/ros_tcp_endpoint', 'merge_install': False, 'path': '/home/pizzu01/ros2_humble/src/ROS-TCP-Endpoint', 'symlink_install': False, 'test_result_base': None}
[1.273s] Level 5:colcon.colcon_core.verb:set package 'tm_description' build argument 'cmake_args' from command line to 'None'
[1.273s] Level 5:colcon.colcon_core.verb:set package 'tm_description' build argument 'cmake_target' from command line to 'None'
[1.273s] Level 5:colcon.colcon_core.verb:set package 'tm_description' build argument 'cmake_target_skip_unavailable' from command line to 'False'
[1.273s] Level 5:colcon.colcon_core.verb:set package 'tm_description' build argument 'cmake_clean_cache' from command line to 'False'
[1.273s] Level 5:colcon.colcon_core.verb:set package 'tm_description' build argument 'cmake_clean_first' from command line to 'False'
[1.273s] Level 5:colcon.colcon_core.verb:set package 'tm_description' build argument 'cmake_force_configure' from command line to 'False'
[1.273s] Level 5:colcon.colcon_core.verb:set package 'tm_description' build argument 'ament_cmake_args' from command line to 'None'
[1.273s] Level 5:colcon.colcon_core.verb:set package 'tm_description' build argument 'catkin_cmake_args' from command line to 'None'
[1.273s] Level 5:colcon.colcon_core.verb:set package 'tm_description' build argument 'catkin_skip_building_tests' from command line to 'False'
[1.273s] DEBUG:colcon.colcon_core.verb:Building package 'tm_description' with the following arguments: {'ament_cmake_args': None, 'build_base': '/home/pizzu01/ros2_humble/build/tm_description', 'catkin_cmake_args': None, 'catkin_skip_building_tests': False, 'cmake_args': None, 'cmake_clean_cache': False, 'cmake_clean_first': False, 'cmake_force_configure': False, 'cmake_target': None, 'cmake_target_skip_unavailable': False, 'install_base': '/home/pizzu01/ros2_humble/install/tm_description', 'merge_install': False, 'path': '/home/pizzu01/ros2_humble/src/tm_description', 'symlink_install': False, 'test_result_base': None}
[1.274s] Level 5:colcon.colcon_core.verb:set package 'gazebo_ros2_control_demos' build argument 'cmake_args' from command line to 'None'
[1.274s] Level 5:colcon.colcon_core.verb:set package 'gazebo_ros2_control_demos' build argument 'cmake_target' from command line to 'None'
[1.274s] Level 5:colcon.colcon_core.verb:set package 'gazebo_ros2_control_demos' build argument 'cmake_target_skip_unavailable' from command line to 'False'
[1.274s] Level 5:colcon.colcon_core.verb:set package 'gazebo_ros2_control_demos' build argument 'cmake_clean_cache' from command line to 'False'
[1.274s] Level 5:colcon.colcon_core.verb:set package 'gazebo_ros2_control_demos' build argument 'cmake_clean_first' from command line to 'False'
[1.274s] Level 5:colcon.colcon_core.verb:set package 'gazebo_ros2_control_demos' build argument 'cmake_force_configure' from command line to 'False'
[1.274s] Level 5:colcon.colcon_core.verb:set package 'gazebo_ros2_control_demos' build argument 'ament_cmake_args' from command line to 'None'
[1.274s] Level 5:colcon.colcon_core.verb:set package 'gazebo_ros2_control_demos' build argument 'catkin_cmake_args' from command line to 'None'
[1.275s] Level 5:colcon.colcon_core.verb:set package 'gazebo_ros2_control_demos' build argument 'catkin_skip_building_tests' from command line to 'False'
[1.275s] DEBUG:colcon.colcon_core.verb:Building package 'gazebo_ros2_control_demos' with the following arguments: {'ament_cmake_args': None, 'build_base': '/home/pizzu01/ros2_humble/build/gazebo_ros2_control_demos', 'catkin_cmake_args': None, 'catkin_skip_building_tests': False, 'cmake_args': None, 'cmake_clean_cache': False, 'cmake_clean_first': False, 'cmake_force_configure': False, 'cmake_target': None, 'cmake_target_skip_unavailable': False, 'install_base': '/home/pizzu01/ros2_humble/install/gazebo_ros2_control_demos', 'merge_install': False, 'path': '/home/pizzu01/ros2_humble/src/gazebo_ros2_control/gazebo_ros2_control_demos', 'symlink_install': False, 'test_result_base': None}
[1.275s] Level 5:colcon.colcon_core.verb:set package 'moveit_config_tm5_900' build argument 'cmake_args' from command line to 'None'
[1.275s] Level 5:colcon.colcon_core.verb:set package 'moveit_config_tm5_900' build argument 'cmake_target' from command line to 'None'
[1.275s] Level 5:colcon.colcon_core.verb:set package 'moveit_config_tm5_900' build argument 'cmake_target_skip_unavailable' from command line to 'False'
[1.275s] Level 5:colcon.colcon_core.verb:set package 'moveit_config_tm5_900' build argument 'cmake_clean_cache' from command line to 'False'
[1.275s] Level 5:colcon.colcon_core.verb:set package 'moveit_config_tm5_900' build argument 'cmake_clean_first' from command line to 'False'
[1.275s] Level 5:colcon.colcon_core.verb:set package 'moveit_config_tm5_900' build argument 'cmake_force_configure' from command line to 'False'
[1.276s] Level 5:colcon.colcon_core.verb:set package 'moveit_config_tm5_900' build argument 'ament_cmake_args' from command line to 'None'
[1.276s] Level 5:colcon.colcon_core.verb:set package 'moveit_config_tm5_900' build argument 'catkin_cmake_args' from command line to 'None'
[1.276s] Level 5:colcon.colcon_core.verb:set package 'moveit_config_tm5_900' build argument 'catkin_skip_building_tests' from command line to 'False'
[1.276s] DEBUG:colcon.colcon_core.verb:Building package 'moveit_config_tm5_900' with the following arguments: {'ament_cmake_args': None, 'build_base': '/home/pizzu01/ros2_humble/build/moveit_config_tm5_900', 'catkin_cmake_args': None, 'catkin_skip_building_tests': False, 'cmake_args': None, 'cmake_clean_cache': False, 'cmake_clean_first': False, 'cmake_force_configure': False, 'cmake_target': None, 'cmake_target_skip_unavailable': False, 'install_base': '/home/pizzu01/ros2_humble/install/moveit_config_tm5_900', 'merge_install': False, 'path': '/home/pizzu01/ros2_humble/src/moveit_config_tm5_900', 'symlink_install': False, 'test_result_base': None}
[1.276s] Level 5:colcon.colcon_core.verb:set package 'tm_moveit_config' build argument 'cmake_args' from command line to 'None'
[1.277s] Level 5:colcon.colcon_core.verb:set package 'tm_moveit_config' build argument 'cmake_target' from command line to 'None'
[1.277s] Level 5:colcon.colcon_core.verb:set package 'tm_moveit_config' build argument 'cmake_target_skip_unavailable' from command line to 'False'
[1.277s] Level 5:colcon.colcon_core.verb:set package 'tm_moveit_config' build argument 'cmake_clean_cache' from command line to 'False'
[1.277s] Level 5:colcon.colcon_core.verb:set package 'tm_moveit_config' build argument 'cmake_clean_first' from command line to 'False'
[1.277s] Level 5:colcon.colcon_core.verb:set package 'tm_moveit_config' build argument 'cmake_force_configure' from command line to 'False'
[1.277s] Level 5:colcon.colcon_core.verb:set package 'tm_moveit_config' build argument 'ament_cmake_args' from command line to 'None'
[1.277s] Level 5:colcon.colcon_core.verb:set package 'tm_moveit_config' build argument 'catkin_cmake_args' from command line to 'None'
[1.277s] Level 5:colcon.colcon_core.verb:set package 'tm_moveit_config' build argument 'catkin_skip_building_tests' from command line to 'False'
[1.277s] DEBUG:colcon.colcon_core.verb:Building package 'tm_moveit_config' with the following arguments: {'ament_cmake_args': None, 'build_base': '/home/pizzu01/ros2_humble/build/tm_moveit_config', 'catkin_cmake_args': None, 'catkin_skip_building_tests': False, 'cmake_args': None, 'cmake_clean_cache': False, 'cmake_clean_first': False, 'cmake_force_configure': False, 'cmake_target': None, 'cmake_target_skip_unavailable': False, 'install_base': '/home/pizzu01/ros2_humble/install/tm_moveit_config', 'merge_install': False, 'path': '/home/pizzu01/ros2_humble/src/tm_moveit_config', 'symlink_install': False, 'test_result_base': None}
[1.277s] INFO:colcon.colcon_core.executor:Executing jobs using 'parallel' executor
[1.282s] DEBUG:colcon.colcon_parallel_executor.executor.parallel:run_until_complete
[1.283s] INFO:colcon.colcon_ros.task.ament_cmake.build:Building ROS package in '/home/pizzu01/ros2_humble/src/tm_description' with build type 'ament_cmake'
[1.283s] INFO:colcon.colcon_cmake.task.cmake.build:Building CMake package in '/home/pizzu01/ros2_humble/src/tm_description'
[1.288s] INFO:colcon.colcon_core.plugin_system:Skipping extension 'colcon_core.shell.bat': Not used on non-Windows systems
[1.288s] INFO:colcon.colcon_core.shell:Skip shell extension 'powershell' for command environment: Not usable outside of PowerShell
[1.288s] DEBUG:colcon.colcon_core.shell:Skip shell extension 'dsv' for command environment
[1.323s] INFO:colcon.colcon_ros.task.ament_cmake.build:Building ROS package in '/home/pizzu01/ros2_humble/src/gazebo_ros2_control/gazebo_ros2_control' with build type 'ament_cmake'
[1.323s] INFO:colcon.colcon_cmake.task.cmake.build:Building CMake package in '/home/pizzu01/ros2_humble/src/gazebo_ros2_control/gazebo_ros2_control'
[1.324s] INFO:colcon.colcon_core.shell:Skip shell extension 'powershell' for command environment: Not usable outside of PowerShell
[1.324s] DEBUG:colcon.colcon_core.shell:Skip shell extension 'dsv' for command environment
[1.364s] INFO:colcon.colcon_ros.task.ament_python.build:Building ROS package in '/home/pizzu01/ros2_humble/src/my_ros2_package' with build type 'ament_python'
[1.365s] Level 1:colcon.colcon_core.shell:create_environment_hook('my_ros2_package', 'ament_prefix_path')
[1.365s] INFO:colcon.colcon_core.shell:Creating environment hook '/home/pizzu01/ros2_humble/install/my_ros2_package/share/my_ros2_package/hook/ament_prefix_path.ps1'
[1.369s] INFO:colcon.colcon_core.shell:Creating environment descriptor '/home/pizzu01/ros2_humble/install/my_ros2_package/share/my_ros2_package/hook/ament_prefix_path.dsv'
[1.370s] INFO:colcon.colcon_core.shell:Creating environment hook '/home/pizzu01/ros2_humble/install/my_ros2_package/share/my_ros2_package/hook/ament_prefix_path.sh'
[1.385s] INFO:colcon.colcon_core.shell:Skip shell extension 'powershell' for command environment: Not usable outside of PowerShell
[1.385s] DEBUG:colcon.colcon_core.shell:Skip shell extension 'dsv' for command environment
[1.410s] INFO:colcon.colcon_ros.task.ament_python.build:Building ROS package in '/home/pizzu01/ros2_humble/src/ROS-TCP-Endpoint' with build type 'ament_python'
[1.412s] Level 1:colcon.colcon_core.shell:create_environment_hook('ros_tcp_endpoint', 'ament_prefix_path')
[1.413s] INFO:colcon.colcon_core.shell:Creating environment hook '/home/pizzu01/ros2_humble/install/ros_tcp_endpoint/share/ros_tcp_endpoint/hook/ament_prefix_path.ps1'
[1.415s] INFO:colcon.colcon_core.shell:Creating environment descriptor '/home/pizzu01/ros2_humble/install/ros_tcp_endpoint/share/ros_tcp_endpoint/hook/ament_prefix_path.dsv'
[1.417s] INFO:colcon.colcon_core.shell:Creating environment hook '/home/pizzu01/ros2_humble/install/ros_tcp_endpoint/share/ros_tcp_endpoint/hook/ament_prefix_path.sh'
[1.419s] INFO:colcon.colcon_core.shell:Skip shell extension 'powershell' for command environment: Not usable outside of PowerShell
[1.420s] DEBUG:colcon.colcon_core.shell:Skip shell extension 'dsv' for command environment
[1.449s] DEBUG:colcon.colcon_core.event_handler.log_command:Invoking command in '/home/pizzu01/ros2_humble/build/tm_description': CMAKE_PREFIX_PATH=${CMAKE_PREFIX_PATH}:/home/pizzu01/ros2_humble/install/ros_tcp_endpoint:/home/pizzu01/ros2_humble/install/my_ros2_package:/home/pizzu01/install/ros_tcp_endpoint:/home/pizzu01/install/my_ros2_package:/opt/ros/humble /usr/bin/cmake --build /home/pizzu01/ros2_humble/build/tm_description -- -j4 -l4
[1.499s] DEBUG:colcon.colcon_core.event_handler.log_command:Invoking command in '/home/pizzu01/ros2_humble/build/gazebo_ros2_control': CMAKE_PREFIX_PATH=${CMAKE_PREFIX_PATH}:/home/pizzu01/ros2_humble/install/ros_tcp_endpoint:/home/pizzu01/ros2_humble/install/my_ros2_package:/home/pizzu01/install/ros_tcp_endpoint:/home/pizzu01/install/my_ros2_package:/opt/ros/humble /usr/bin/cmake --build /home/pizzu01/ros2_humble/build/gazebo_ros2_control -- -j4 -l4
[2.240s] INFO:colcon.colcon_core.task.python.build:Building Python package in '/home/pizzu01/ros2_humble/src/my_ros2_package'
[2.244s] INFO:colcon.colcon_core.shell:Skip shell extension 'powershell' for command environment: Not usable outside of PowerShell
[2.244s] DEBUG:colcon.colcon_core.shell:Skip shell extension 'dsv' for command environment
[2.920s] INFO:colcon.colcon_core.task.python.build:Building Python package in '/home/pizzu01/ros2_humble/src/ROS-TCP-Endpoint'
[2.921s] INFO:colcon.colcon_core.shell:Skip shell extension 'powershell' for command environment: Not usable outside of PowerShell
[2.921s] DEBUG:colcon.colcon_core.shell:Skip shell extension 'dsv' for command environment
[2.943s] DEBUG:colcon.colcon_core.event_handler.log_command:Invoked command in '/home/pizzu01/ros2_humble/build/gazebo_ros2_control' returned '0': CMAKE_PREFIX_PATH=${CMAKE_PREFIX_PATH}:/home/pizzu01/ros2_humble/install/ros_tcp_endpoint:/home/pizzu01/ros2_humble/install/my_ros2_package:/home/pizzu01/install/ros_tcp_endpoint:/home/pizzu01/install/my_ros2_package:/opt/ros/humble /usr/bin/cmake --build /home/pizzu01/ros2_humble/build/gazebo_ros2_control -- -j4 -l4
[2.970s] DEBUG:colcon.colcon_core.event_handler.log_command:Invoking command in '/home/pizzu01/ros2_humble/build/gazebo_ros2_control': CMAKE_PREFIX_PATH=${CMAKE_PREFIX_PATH}:/home/pizzu01/ros2_humble/install/ros_tcp_endpoint:/home/pizzu01/ros2_humble/install/my_ros2_package:/home/pizzu01/install/ros_tcp_endpoint:/home/pizzu01/install/my_ros2_package:/opt/ros/humble /usr/bin/cmake --install /home/pizzu01/ros2_humble/build/gazebo_ros2_control
[2.999s] DEBUG:colcon.colcon_core.event_handler.log_command:Invoked command in '/home/pizzu01/ros2_humble/build/tm_description' returned '0': CMAKE_PREFIX_PATH=${CMAKE_PREFIX_PATH}:/home/pizzu01/ros2_humble/install/ros_tcp_endpoint:/home/pizzu01/ros2_humble/install/my_ros2_package:/home/pizzu01/install/ros_tcp_endpoint:/home/pizzu01/install/my_ros2_package:/opt/ros/humble /usr/bin/cmake --build /home/pizzu01/ros2_humble/build/tm_description -- -j4 -l4
[3.016s] DEBUG:colcon.colcon_core.event_handler.log_command:Invoking command in '/home/pizzu01/ros2_humble/build/tm_description': CMAKE_PREFIX_PATH=${CMAKE_PREFIX_PATH}:/home/pizzu01/ros2_humble/install/ros_tcp_endpoint:/home/pizzu01/ros2_humble/install/my_ros2_package:/home/pizzu01/install/ros_tcp_endpoint:/home/pizzu01/install/my_ros2_package:/opt/ros/humble /usr/bin/cmake --install /home/pizzu01/ros2_humble/build/tm_description
[3.029s] Level 1:colcon.colcon_core.environment:create_environment_scripts_only(gazebo_ros2_control)
[3.030s] DEBUG:colcon.colcon_core.event_handler.log_command:Invoked command in '/home/pizzu01/ros2_humble/build/gazebo_ros2_control' returned '0': CMAKE_PREFIX_PATH=${CMAKE_PREFIX_PATH}:/home/pizzu01/ros2_humble/install/ros_tcp_endpoint:/home/pizzu01/ros2_humble/install/my_ros2_package:/home/pizzu01/install/ros_tcp_endpoint:/home/pizzu01/install/my_ros2_package:/opt/ros/humble /usr/bin/cmake --install /home/pizzu01/ros2_humble/build/gazebo_ros2_control
[3.036s] Level 1:colcon.colcon_core.environment:checking '/home/pizzu01/ros2_humble/install/gazebo_ros2_control' for CMake module files
[3.038s] Level 1:colcon.colcon_core.environment:checking '/home/pizzu01/ros2_humble/install/gazebo_ros2_control' for CMake config files
[3.039s] Level 1:colcon.colcon_core.shell:create_environment_hook('gazebo_ros2_control', 'cmake_prefix_path')
[3.039s] INFO:colcon.colcon_core.shell:Creating environment hook '/home/pizzu01/ros2_humble/install/gazebo_ros2_control/share/gazebo_ros2_control/hook/cmake_prefix_path.ps1'
[3.040s] INFO:colcon.colcon_core.shell:Creating environment descriptor '/home/pizzu01/ros2_humble/install/gazebo_ros2_control/share/gazebo_ros2_control/hook/cmake_prefix_path.dsv'
[3.041s] INFO:colcon.colcon_core.shell:Creating environment hook '/home/pizzu01/ros2_humble/install/gazebo_ros2_control/share/gazebo_ros2_control/hook/cmake_prefix_path.sh'
[3.043s] Level 1:colcon.colcon_core.environment:checking '/home/pizzu01/ros2_humble/install/gazebo_ros2_control/lib'
[3.043s] Level 1:colcon.colcon_core.shell:create_environment_hook('gazebo_ros2_control', 'ld_library_path_lib')
[3.044s] INFO:colcon.colcon_core.shell:Creating environment hook '/home/pizzu01/ros2_humble/install/gazebo_ros2_control/share/gazebo_ros2_control/hook/ld_library_path_lib.ps1'
[3.045s] INFO:colcon.colcon_core.shell:Creating environment descriptor '/home/pizzu01/ros2_humble/install/gazebo_ros2_control/share/gazebo_ros2_control/hook/ld_library_path_lib.dsv'
[3.046s] INFO:colcon.colcon_core.shell:Creating environment hook '/home/pizzu01/ros2_humble/install/gazebo_ros2_control/share/gazebo_ros2_control/hook/ld_library_path_lib.sh'
[3.047s] Level 1:colcon.colcon_core.environment:checking '/home/pizzu01/ros2_humble/install/gazebo_ros2_control/bin'
[3.047s] Level 1:colcon.colcon_core.environment:checking '/home/pizzu01/ros2_humble/install/gazebo_ros2_control/lib/pkgconfig/gazebo_ros2_control.pc'
[3.049s] Level 1:colcon.colcon_core.environment:checking '/home/pizzu01/ros2_humble/install/gazebo_ros2_control/lib/python3.10/site-packages'
[3.050s] Level 1:colcon.colcon_core.environment:checking '/home/pizzu01/ros2_humble/install/gazebo_ros2_control/bin'
[3.052s] INFO:colcon.colcon_core.shell:Creating package script '/home/pizzu01/ros2_humble/install/gazebo_ros2_control/share/gazebo_ros2_control/package.ps1'
[3.060s] INFO:colcon.colcon_core.shell:Creating package descriptor '/home/pizzu01/ros2_humble/install/gazebo_ros2_control/share/gazebo_ros2_control/package.dsv'
[3.062s] INFO:colcon.colcon_core.shell:Creating package script '/home/pizzu01/ros2_humble/install/gazebo_ros2_control/share/gazebo_ros2_control/package.sh'
[3.068s] INFO:colcon.colcon_core.shell:Creating package script '/home/pizzu01/ros2_humble/install/gazebo_ros2_control/share/gazebo_ros2_control/package.bash'
[3.078s] INFO:colcon.colcon_core.shell:Creating package script '/home/pizzu01/ros2_humble/install/gazebo_ros2_control/share/gazebo_ros2_control/package.zsh'
[3.082s] Level 1:colcon.colcon_core.environment:create_file_with_runtime_dependencies(/home/pizzu01/ros2_humble/install/gazebo_ros2_control/share/colcon-core/packages/gazebo_ros2_control)
[3.102s] Level 1:colcon.colcon_core.environment:create_environment_scripts_only(gazebo_ros2_control)
[3.102s] Level 1:colcon.colcon_core.environment:checking '/home/pizzu01/ros2_humble/install/gazebo_ros2_control' for CMake module files
[3.103s] Level 1:colcon.colcon_core.environment:checking '/home/pizzu01/ros2_humble/install/gazebo_ros2_control' for CMake config files
[3.104s] Level 1:colcon.colcon_core.shell:create_environment_hook('gazebo_ros2_control', 'cmake_prefix_path')
[3.104s] INFO:colcon.colcon_core.shell:Creating environment hook '/home/pizzu01/ros2_humble/install/gazebo_ros2_control/share/gazebo_ros2_control/hook/cmake_prefix_path.ps1'
[3.106s] INFO:colcon.colcon_core.shell:Creating environment descriptor '/home/pizzu01/ros2_humble/install/gazebo_ros2_control/share/gazebo_ros2_control/hook/cmake_prefix_path.dsv'
[3.106s] INFO:colcon.colcon_core.shell:Creating environment hook '/home/pizzu01/ros2_humble/install/gazebo_ros2_control/share/gazebo_ros2_control/hook/cmake_prefix_path.sh'
[3.109s] Level 1:colcon.colcon_core.environment:checking '/home/pizzu01/ros2_humble/install/gazebo_ros2_control/lib'
[3.109s] Level 1:colcon.colcon_core.shell:create_environment_hook('gazebo_ros2_control', 'ld_library_path_lib')
[3.109s] INFO:colcon.colcon_core.shell:Creating environment hook '/home/pizzu01/ros2_humble/install/gazebo_ros2_control/share/gazebo_ros2_control/hook/ld_library_path_lib.ps1'
[3.110s] INFO:colcon.colcon_core.shell:Creating environment descriptor '/home/pizzu01/ros2_humble/install/gazebo_ros2_control/share/gazebo_ros2_control/hook/ld_library_path_lib.dsv'
[3.111s] INFO:colcon.colcon_core.shell:Creating environment hook '/home/pizzu01/ros2_humble/install/gazebo_ros2_control/share/gazebo_ros2_control/hook/ld_library_path_lib.sh'
[3.112s] Level 1:colcon.colcon_core.environment:checking '/home/pizzu01/ros2_humble/install/gazebo_ros2_control/bin'
[3.112s] Level 1:colcon.colcon_core.environment:checking '/home/pizzu01/ros2_humble/install/gazebo_ros2_control/lib/pkgconfig/gazebo_ros2_control.pc'
[3.113s] Level 1:colcon.colcon_core.environment:checking '/home/pizzu01/ros2_humble/install/gazebo_ros2_control/lib/python3.10/site-packages'
[3.113s] Level 1:colcon.colcon_core.environment:checking '/home/pizzu01/ros2_humble/install/gazebo_ros2_control/bin'
[3.114s] INFO:colcon.colcon_core.shell:Creating package script '/home/pizzu01/ros2_humble/install/gazebo_ros2_control/share/gazebo_ros2_control/package.ps1'
[3.144s] INFO:colcon.colcon_core.shell:Creating package descriptor '/home/pizzu01/ros2_humble/install/gazebo_ros2_control/share/gazebo_ros2_control/package.dsv'
[3.145s] INFO:colcon.colcon_core.shell:Creating package script '/home/pizzu01/ros2_humble/install/gazebo_ros2_control/share/gazebo_ros2_control/package.sh'
[3.146s] INFO:colcon.colcon_core.shell:Creating package script '/home/pizzu01/ros2_humble/install/gazebo_ros2_control/share/gazebo_ros2_control/package.bash'
[3.148s] INFO:colcon.colcon_core.shell:Creating package script '/home/pizzu01/ros2_humble/install/gazebo_ros2_control/share/gazebo_ros2_control/package.zsh'
[3.150s] Level 1:colcon.colcon_core.environment:create_file_with_runtime_dependencies(/home/pizzu01/ros2_humble/install/gazebo_ros2_control/share/colcon-core/packages/gazebo_ros2_control)
[3.153s] INFO:colcon.colcon_ros.task.ament_cmake.build:Building ROS package in '/home/pizzu01/ros2_humble/src/gazebo_ros2_control/gazebo_ros2_control_demos' with build type 'ament_cmake'
[3.153s] INFO:colcon.colcon_cmake.task.cmake.build:Building CMake package in '/home/pizzu01/ros2_humble/src/gazebo_ros2_control/gazebo_ros2_control_demos'
[3.155s] INFO:colcon.colcon_core.shell:Skip shell extension 'powershell' for command environment: Not usable outside of PowerShell
[3.160s] DEBUG:colcon.colcon_core.shell:Skip shell extension 'dsv' for command environment
[3.212s] Level 1:colcon.colcon_core.environment:create_environment_scripts_only(tm_description)
[3.213s] Level 1:colcon.colcon_core.environment:checking '/home/pizzu01/ros2_humble/install/tm_description' for CMake module files
[3.214s] DEBUG:colcon.colcon_core.event_handler.log_command:Invoked command in '/home/pizzu01/ros2_humble/build/tm_description' returned '0': CMAKE_PREFIX_PATH=${CMAKE_PREFIX_PATH}:/home/pizzu01/ros2_humble/install/ros_tcp_endpoint:/home/pizzu01/ros2_humble/install/my_ros2_package:/home/pizzu01/install/ros_tcp_endpoint:/home/pizzu01/install/my_ros2_package:/opt/ros/humble /usr/bin/cmake --install /home/pizzu01/ros2_humble/build/tm_description
[3.219s] Level 1:colcon.colcon_core.environment:checking '/home/pizzu01/ros2_humble/install/tm_description' for CMake config files
[3.223s] Level 1:colcon.colcon_core.shell:create_environment_hook('tm_description', 'cmake_prefix_path')
[3.224s] INFO:colcon.colcon_core.shell:Creating environment hook '/home/pizzu01/ros2_humble/install/tm_description/share/tm_description/hook/cmake_prefix_path.ps1'
[3.225s] INFO:colcon.colcon_core.shell:Creating environment descriptor '/home/pizzu01/ros2_humble/install/tm_description/share/tm_description/hook/cmake_prefix_path.dsv'
[3.227s] INFO:colcon.colcon_core.shell:Creating environment hook '/home/pizzu01/ros2_humble/install/tm_description/share/tm_description/hook/cmake_prefix_path.sh'
[3.229s] Level 1:colcon.colcon_core.environment:checking '/home/pizzu01/ros2_humble/install/tm_description/bin'
[3.229s] Level 1:colcon.colcon_core.environment:checking '/home/pizzu01/ros2_humble/install/tm_description/lib/pkgconfig/tm_description.pc'
[3.230s] Level 1:colcon.colcon_core.environment:checking '/home/pizzu01/ros2_humble/install/tm_description/lib/python3.10/site-packages'
[3.230s] Level 1:colcon.colcon_core.environment:checking '/home/pizzu01/ros2_humble/install/tm_description/bin'
[3.231s] INFO:colcon.colcon_core.shell:Creating package script '/home/pizzu01/ros2_humble/install/tm_description/share/tm_description/package.ps1'
[3.234s] INFO:colcon.colcon_core.shell:Creating package descriptor '/home/pizzu01/ros2_humble/install/tm_description/share/tm_description/package.dsv'
[3.236s] INFO:colcon.colcon_core.shell:Creating package script '/home/pizzu01/ros2_humble/install/tm_description/share/tm_description/package.sh'
[3.239s] INFO:colcon.colcon_core.shell:Creating package script '/home/pizzu01/ros2_humble/install/tm_description/share/tm_description/package.bash'
[3.245s] INFO:colcon.colcon_core.shell:Creating package script '/home/pizzu01/ros2_humble/install/tm_description/share/tm_description/package.zsh'
[3.247s] Level 1:colcon.colcon_core.environment:create_file_with_runtime_dependencies(/home/pizzu01/ros2_humble/install/tm_description/share/colcon-core/packages/tm_description)
[3.249s] Level 1:colcon.colcon_core.environment:create_environment_scripts_only(tm_description)
[3.250s] Level 1:colcon.colcon_core.environment:checking '/home/pizzu01/ros2_humble/install/tm_description' for CMake module files
[3.253s] Level 1:colcon.colcon_core.environment:checking '/home/pizzu01/ros2_humble/install/tm_description' for CMake config files
[3.255s] Level 1:colcon.colcon_core.shell:create_environment_hook('tm_description', 'cmake_prefix_path')
[3.256s] INFO:colcon.colcon_core.shell:Creating environment hook '/home/pizzu01/ros2_humble/install/tm_description/share/tm_description/hook/cmake_prefix_path.ps1'
[3.258s] INFO:colcon.colcon_core.shell:Creating environment descriptor '/home/pizzu01/ros2_humble/install/tm_description/share/tm_description/hook/cmake_prefix_path.dsv'
[3.258s] INFO:colcon.colcon_core.shell:Creating environment hook '/home/pizzu01/ros2_humble/install/tm_description/share/tm_description/hook/cmake_prefix_path.sh'
[3.262s] Level 1:colcon.colcon_core.environment:checking '/home/pizzu01/ros2_humble/install/tm_description/bin'
[3.262s] Level 1:colcon.colcon_core.environment:checking '/home/pizzu01/ros2_humble/install/tm_description/lib/pkgconfig/tm_description.pc'
[3.263s] Level 1:colcon.colcon_core.environment:checking '/home/pizzu01/ros2_humble/install/tm_description/lib/python3.10/site-packages'
[3.264s] Level 1:colcon.colcon_core.environment:checking '/home/pizzu01/ros2_humble/install/tm_description/bin'
[3.265s] INFO:colcon.colcon_core.shell:Creating package script '/home/pizzu01/ros2_humble/install/tm_description/share/tm_description/package.ps1'
[3.266s] INFO:colcon.colcon_core.shell:Creating package descriptor '/home/pizzu01/ros2_humble/install/tm_description/share/tm_description/package.dsv'
[3.268s] INFO:colcon.colcon_core.shell:Creating package script '/home/pizzu01/ros2_humble/install/tm_description/share/tm_description/package.sh'
[3.269s] INFO:colcon.colcon_core.shell:Creating package script '/home/pizzu01/ros2_humble/install/tm_description/share/tm_description/package.bash'
[3.273s] INFO:colcon.colcon_core.shell:Creating package script '/home/pizzu01/ros2_humble/install/tm_description/share/tm_description/package.zsh'
[3.276s] Level 1:colcon.colcon_core.environment:create_file_with_runtime_dependencies(/home/pizzu01/ros2_humble/install/tm_description/share/colcon-core/packages/tm_description)
[3.279s] INFO:colcon.colcon_ros.task.ament_cmake.build:Building ROS package in '/home/pizzu01/ros2_humble/src/moveit_config_tm5_900' with build type 'ament_cmake'
[3.281s] INFO:colcon.colcon_cmake.task.cmake.build:Building CMake package in '/home/pizzu01/ros2_humble/src/moveit_config_tm5_900'
[3.282s] INFO:colcon.colcon_core.shell:Skip shell extension 'powershell' for command environment: Not usable outside of PowerShell
[3.282s] DEBUG:colcon.colcon_core.shell:Skip shell extension 'dsv' for command environment
[3.529s] DEBUG:colcon.colcon_core.event_handler.log_command:Invoking command in '/home/pizzu01/ros2_humble/build/moveit_config_tm5_900': CMAKE_PREFIX_PATH=/home/pizzu01/ros2_humble/install/tm_description:/home/pizzu01/ros2_humble/install/tm_moveit_config:/home/pizzu01/ros2_humble/install/moveit_config_tm5_900:/home/pizzu01/ros2_humble/install/hello_moveit:/home/pizzu01/ros2_humble/install/gazebo_ros2_control_demos:/home/pizzu01/ros2_humble/install/gazebo_ros2_control:/home/pizzu01/ros2_humble/install/ros_tcp_endpoint:/home/pizzu01/ros2_humble/install/my_ros2_package:/home/pizzu01/install/ros_tcp_endpoint:/home/pizzu01/install/my_ros2_package:/opt/ros/humble /usr/bin/cmake --build /home/pizzu01/ros2_humble/build/moveit_config_tm5_900 -- -j4 -l4
[3.629s] DEBUG:colcon.colcon_core.event_handler.log_command:Invoking command in '/home/pizzu01/ros2_humble/build/gazebo_ros2_control_demos': CMAKE_PREFIX_PATH=/home/pizzu01/ros2_humble/install/gazebo_ros2_control:/home/pizzu01/ros2_humble/install/tm_moveit_config:/home/pizzu01/ros2_humble/install/moveit_config_tm5_900:/home/pizzu01/ros2_humble/install/tm_description:/home/pizzu01/ros2_humble/install/hello_moveit:/home/pizzu01/ros2_humble/install/gazebo_ros2_control_demos:/home/pizzu01/ros2_humble/install/ros_tcp_endpoint:/home/pizzu01/ros2_humble/install/my_ros2_package:/home/pizzu01/install/ros_tcp_endpoint:/home/pizzu01/install/my_ros2_package:/opt/ros/humble /usr/bin/cmake --build /home/pizzu01/ros2_humble/build/gazebo_ros2_control_demos -- -j4 -l4
[3.729s] DEBUG:colcon.colcon_core.event_handler.log_command:Invoked command in '/home/pizzu01/ros2_humble/build/moveit_config_tm5_900' returned '0': CMAKE_PREFIX_PATH=/home/pizzu01/ros2_humble/install/tm_description:/home/pizzu01/ros2_humble/install/tm_moveit_config:/home/pizzu01/ros2_humble/install/moveit_config_tm5_900:/home/pizzu01/ros2_humble/install/hello_moveit:/home/pizzu01/ros2_humble/install/gazebo_ros2_control_demos:/home/pizzu01/ros2_humble/install/gazebo_ros2_control:/home/pizzu01/ros2_humble/install/ros_tcp_endpoint:/home/pizzu01/ros2_humble/install/my_ros2_package:/home/pizzu01/install/ros_tcp_endpoint:/home/pizzu01/install/my_ros2_package:/opt/ros/humble /usr/bin/cmake --build /home/pizzu01/ros2_humble/build/moveit_config_tm5_900 -- -j4 -l4
[3.729s] DEBUG:colcon.colcon_core.event_handler.log_command:Invoking command in '/home/pizzu01/ros2_humble/build/moveit_config_tm5_900': CMAKE_PREFIX_PATH=/home/pizzu01/ros2_humble/install/tm_description:/home/pizzu01/ros2_humble/install/tm_moveit_config:/home/pizzu01/ros2_humble/install/moveit_config_tm5_900:/home/pizzu01/ros2_humble/install/hello_moveit:/home/pizzu01/ros2_humble/install/gazebo_ros2_control_demos:/home/pizzu01/ros2_humble/install/gazebo_ros2_control:/home/pizzu01/ros2_humble/install/ros_tcp_endpoint:/home/pizzu01/ros2_humble/install/my_ros2_package:/home/pizzu01/install/ros_tcp_endpoint:/home/pizzu01/install/my_ros2_package:/opt/ros/humble /usr/bin/cmake --install /home/pizzu01/ros2_humble/build/moveit_config_tm5_900
[3.762s] Level 1:colcon.colcon_core.environment:create_environment_scripts_only(moveit_config_tm5_900)
[3.762s] Level 1:colcon.colcon_core.environment:checking '/home/pizzu01/ros2_humble/install/moveit_config_tm5_900' for CMake module files
[3.763s] Level 1:colcon.colcon_core.environment:checking '/home/pizzu01/ros2_humble/install/moveit_config_tm5_900' for CMake config files
[3.764s] Level 1:colcon.colcon_core.shell:create_environment_hook('moveit_config_tm5_900', 'cmake_prefix_path')
[3.764s] INFO:colcon.colcon_core.shell:Creating environment hook '/home/pizzu01/ros2_humble/install/moveit_config_tm5_900/share/moveit_config_tm5_900/hook/cmake_prefix_path.ps1'
[3.765s] INFO:colcon.colcon_core.shell:Creating environment descriptor '/home/pizzu01/ros2_humble/install/moveit_config_tm5_900/share/moveit_config_tm5_900/hook/cmake_prefix_path.dsv'
[3.766s] INFO:colcon.colcon_core.shell:Creating environment hook '/home/pizzu01/ros2_humble/install/moveit_config_tm5_900/share/moveit_config_tm5_900/hook/cmake_prefix_path.sh'
[3.768s] Level 1:colcon.colcon_core.environment:checking '/home/pizzu01/ros2_humble/install/moveit_config_tm5_900/bin'
[3.768s] Level 1:colcon.colcon_core.environment:checking '/home/pizzu01/ros2_humble/install/moveit_config_tm5_900/lib/pkgconfig/moveit_config_tm5_900.pc'
[3.768s] Level 1:colcon.colcon_core.environment:checking '/home/pizzu01/ros2_humble/install/moveit_config_tm5_900/lib/python3.10/site-packages'
[3.769s] Level 1:colcon.colcon_core.environment:checking '/home/pizzu01/ros2_humble/install/moveit_config_tm5_900/bin'
[3.770s] INFO:colcon.colcon_core.shell:Creating package script '/home/pizzu01/ros2_humble/install/moveit_config_tm5_900/share/moveit_config_tm5_900/package.ps1'
[3.770s] DEBUG:colcon.colcon_core.event_handler.log_command:Invoked command in '/home/pizzu01/ros2_humble/build/moveit_config_tm5_900' returned '0': CMAKE_PREFIX_PATH=/home/pizzu01/ros2_humble/install/tm_description:/home/pizzu01/ros2_humble/install/tm_moveit_config:/home/pizzu01/ros2_humble/install/moveit_config_tm5_900:/home/pizzu01/ros2_humble/install/hello_moveit:/home/pizzu01/ros2_humble/install/gazebo_ros2_control_demos:/home/pizzu01/ros2_humble/install/gazebo_ros2_control:/home/pizzu01/ros2_humble/install/ros_tcp_endpoint:/home/pizzu01/ros2_humble/install/my_ros2_package:/home/pizzu01/install/ros_tcp_endpoint:/home/pizzu01/install/my_ros2_package:/opt/ros/humble /usr/bin/cmake --install /home/pizzu01/ros2_humble/build/moveit_config_tm5_900
[3.772s] INFO:colcon.colcon_core.shell:Creating package descriptor '/home/pizzu01/ros2_humble/install/moveit_config_tm5_900/share/moveit_config_tm5_900/package.dsv'
[3.773s] INFO:colcon.colcon_core.shell:Creating package script '/home/pizzu01/ros2_humble/install/moveit_config_tm5_900/share/moveit_config_tm5_900/package.sh'
[3.774s] INFO:colcon.colcon_core.shell:Creating package script '/home/pizzu01/ros2_humble/install/moveit_config_tm5_900/share/moveit_config_tm5_900/package.bash'
[3.775s] INFO:colcon.colcon_core.shell:Creating package script '/home/pizzu01/ros2_humble/install/moveit_config_tm5_900/share/moveit_config_tm5_900/package.zsh'
[3.776s] Level 1:colcon.colcon_core.environment:create_file_with_runtime_dependencies(/home/pizzu01/ros2_humble/install/moveit_config_tm5_900/share/colcon-core/packages/moveit_config_tm5_900)
[3.778s] Level 1:colcon.colcon_core.environment:create_environment_scripts_only(moveit_config_tm5_900)
[3.780s] Level 1:colcon.colcon_core.environment:checking '/home/pizzu01/ros2_humble/install/moveit_config_tm5_900' for CMake module files
[3.783s] Level 1:colcon.colcon_core.environment:checking '/home/pizzu01/ros2_humble/install/moveit_config_tm5_900' for CMake config files
[3.785s] Level 1:colcon.colcon_core.shell:create_environment_hook('moveit_config_tm5_900', 'cmake_prefix_path')
[3.786s] INFO:colcon.colcon_core.shell:Creating environment hook '/home/pizzu01/ros2_humble/install/moveit_config_tm5_900/share/moveit_config_tm5_900/hook/cmake_prefix_path.ps1'
[3.791s] INFO:colcon.colcon_core.shell:Creating environment descriptor '/home/pizzu01/ros2_humble/install/moveit_config_tm5_900/share/moveit_config_tm5_900/hook/cmake_prefix_path.dsv'
[3.793s] INFO:colcon.colcon_core.shell:Creating environment hook '/home/pizzu01/ros2_humble/install/moveit_config_tm5_900/share/moveit_config_tm5_900/hook/cmake_prefix_path.sh'
[3.796s] Level 1:colcon.colcon_core.environment:checking '/home/pizzu01/ros2_humble/install/moveit_config_tm5_900/bin'
[3.798s] Level 1:colcon.colcon_core.environment:checking '/home/pizzu01/ros2_humble/install/moveit_config_tm5_900/lib/pkgconfig/moveit_config_tm5_900.pc'
[3.802s] Level 1:colcon.colcon_core.environment:checking '/home/pizzu01/ros2_humble/install/moveit_config_tm5_900/lib/python3.10/site-packages'
[3.803s] Level 1:colcon.colcon_core.environment:checking '/home/pizzu01/ros2_humble/install/moveit_config_tm5_900/bin'
[3.807s] INFO:colcon.colcon_core.shell:Creating package script '/home/pizzu01/ros2_humble/install/moveit_config_tm5_900/share/moveit_config_tm5_900/package.ps1'
[3.809s] INFO:colcon.colcon_core.shell:Creating package descriptor '/home/pizzu01/ros2_humble/install/moveit_config_tm5_900/share/moveit_config_tm5_900/package.dsv'
[3.810s] INFO:colcon.colcon_core.shell:Creating package script '/home/pizzu01/ros2_humble/install/moveit_config_tm5_900/share/moveit_config_tm5_900/package.sh'
[3.811s] INFO:colcon.colcon_core.shell:Creating package script '/home/pizzu01/ros2_humble/install/moveit_config_tm5_900/share/moveit_config_tm5_900/package.bash'
[3.813s] INFO:colcon.colcon_core.shell:Creating package script '/home/pizzu01/ros2_humble/install/moveit_config_tm5_900/share/moveit_config_tm5_900/package.zsh'
[3.815s] Level 1:colcon.colcon_core.environment:create_file_with_runtime_dependencies(/home/pizzu01/ros2_humble/install/moveit_config_tm5_900/share/colcon-core/packages/moveit_config_tm5_900)
[3.817s] INFO:colcon.colcon_ros.task.ament_cmake.build:Building ROS package in '/home/pizzu01/ros2_humble/src/tm_moveit_config' with build type 'ament_cmake'
[3.818s] INFO:colcon.colcon_cmake.task.cmake.build:Building CMake package in '/home/pizzu01/ros2_humble/src/tm_moveit_config'
[3.819s] INFO:colcon.colcon_core.shell:Skip shell extension 'powershell' for command environment: Not usable outside of PowerShell
[3.820s] DEBUG:colcon.colcon_core.shell:Skip shell extension 'dsv' for command environment
[4.069s] DEBUG:colcon.colcon_core.event_handler.log_command:Invoking command in '/home/pizzu01/ros2_humble/build/tm_moveit_config': CMAKE_PREFIX_PATH=/home/pizzu01/ros2_humble/install/tm_description:/home/pizzu01/ros2_humble/install/tm_moveit_config:/home/pizzu01/ros2_humble/install/moveit_config_tm5_900:/home/pizzu01/ros2_humble/install/hello_moveit:/home/pizzu01/ros2_humble/install/gazebo_ros2_control_demos:/home/pizzu01/ros2_humble/install/gazebo_ros2_control:/home/pizzu01/ros2_humble/install/ros_tcp_endpoint:/home/pizzu01/ros2_humble/install/my_ros2_package:/home/pizzu01/install/ros_tcp_endpoint:/home/pizzu01/install/my_ros2_package:/opt/ros/humble /usr/bin/cmake --build /home/pizzu01/ros2_humble/build/tm_moveit_config -- -j4 -l4
[4.228s] DEBUG:colcon.colcon_core.event_handler.log_command:Invoked command in '/home/pizzu01/ros2_humble/build/tm_moveit_config' returned '0': CMAKE_PREFIX_PATH=/home/pizzu01/ros2_humble/install/tm_description:/home/pizzu01/ros2_humble/install/tm_moveit_config:/home/pizzu01/ros2_humble/install/moveit_config_tm5_900:/home/pizzu01/ros2_humble/install/hello_moveit:/home/pizzu01/ros2_humble/install/gazebo_ros2_control_demos:/home/pizzu01/ros2_humble/install/gazebo_ros2_control:/home/pizzu01/ros2_humble/install/ros_tcp_endpoint:/home/pizzu01/ros2_humble/install/my_ros2_package:/home/pizzu01/install/ros_tcp_endpoint:/home/pizzu01/install/my_ros2_package:/opt/ros/humble /usr/bin/cmake --build /home/pizzu01/ros2_humble/build/tm_moveit_config -- -j4 -l4
[4.229s] DEBUG:colcon.colcon_core.event_handler.log_command:Invoking command in '/home/pizzu01/ros2_humble/build/tm_moveit_config': CMAKE_PREFIX_PATH=/home/pizzu01/ros2_humble/install/tm_description:/home/pizzu01/ros2_humble/install/tm_moveit_config:/home/pizzu01/ros2_humble/install/moveit_config_tm5_900:/home/pizzu01/ros2_humble/install/hello_moveit:/home/pizzu01/ros2_humble/install/gazebo_ros2_control_demos:/home/pizzu01/ros2_humble/install/gazebo_ros2_control:/home/pizzu01/ros2_humble/install/ros_tcp_endpoint:/home/pizzu01/ros2_humble/install/my_ros2_package:/home/pizzu01/install/ros_tcp_endpoint:/home/pizzu01/install/my_ros2_package:/opt/ros/humble /usr/bin/cmake --install /home/pizzu01/ros2_humble/build/tm_moveit_config
[4.284s] Level 1:colcon.colcon_core.environment:create_environment_scripts_only(tm_moveit_config)
[4.284s] Level 1:colcon.colcon_core.environment:checking '/home/pizzu01/ros2_humble/install/tm_moveit_config' for CMake module files
[4.286s] Level 1:colcon.colcon_core.environment:checking '/home/pizzu01/ros2_humble/install/tm_moveit_config' for CMake config files
[4.286s] Level 1:colcon.colcon_core.shell:create_environment_hook('tm_moveit_config', 'cmake_prefix_path')
[4.286s] INFO:colcon.colcon_core.shell:Creating environment hook '/home/pizzu01/ros2_humble/install/tm_moveit_config/share/tm_moveit_config/hook/cmake_prefix_path.ps1'
[4.287s] INFO:colcon.colcon_core.shell:Creating environment descriptor '/home/pizzu01/ros2_humble/install/tm_moveit_config/share/tm_moveit_config/hook/cmake_prefix_path.dsv'
[4.288s] INFO:colcon.colcon_core.shell:Creating environment hook '/home/pizzu01/ros2_humble/install/tm_moveit_config/share/tm_moveit_config/hook/cmake_prefix_path.sh'
[4.289s] Level 1:colcon.colcon_core.environment:checking '/home/pizzu01/ros2_humble/install/tm_moveit_config/lib'
[4.289s] Level 1:colcon.colcon_core.environment:checking '/home/pizzu01/ros2_humble/install/tm_moveit_config/bin'
[4.290s] Level 1:colcon.colcon_core.environment:checking '/home/pizzu01/ros2_humble/install/tm_moveit_config/lib/pkgconfig/tm_moveit_config.pc'
[4.290s] Level 1:colcon.colcon_core.environment:checking '/home/pizzu01/ros2_humble/install/tm_moveit_config/lib/python3.10/site-packages'
[4.292s] Level 1:colcon.colcon_core.environment:checking '/home/pizzu01/ros2_humble/install/tm_moveit_config/bin'
[4.293s] INFO:colcon.colcon_core.shell:Creating package script '/home/pizzu01/ros2_humble/install/tm_moveit_config/share/tm_moveit_config/package.ps1'
[4.294s] INFO:colcon.colcon_core.shell:Creating package descriptor '/home/pizzu01/ros2_humble/install/tm_moveit_config/share/tm_moveit_config/package.dsv'
[4.296s] DEBUG:colcon.colcon_core.event_handler.log_command:Invoked command in '/home/pizzu01/ros2_humble/build/tm_moveit_config' returned '0': CMAKE_PREFIX_PATH=/home/pizzu01/ros2_humble/install/tm_description:/home/pizzu01/ros2_humble/install/tm_moveit_config:/home/pizzu01/ros2_humble/install/moveit_config_tm5_900:/home/pizzu01/ros2_humble/install/hello_moveit:/home/pizzu01/ros2_humble/install/gazebo_ros2_control_demos:/home/pizzu01/ros2_humble/install/gazebo_ros2_control:/home/pizzu01/ros2_humble/install/ros_tcp_endpoint:/home/pizzu01/ros2_humble/install/my_ros2_package:/home/pizzu01/install/ros_tcp_endpoint:/home/pizzu01/install/my_ros2_package:/opt/ros/humble /usr/bin/cmake --install /home/pizzu01/ros2_humble/build/tm_moveit_config
[4.296s] INFO:colcon.colcon_core.shell:Creating package script '/home/pizzu01/ros2_humble/install/tm_moveit_config/share/tm_moveit_config/package.sh'
[4.297s] INFO:colcon.colcon_core.shell:Creating package script '/home/pizzu01/ros2_humble/install/tm_moveit_config/share/tm_moveit_config/package.bash'
[4.298s] INFO:colcon.colcon_core.shell:Creating package script '/home/pizzu01/ros2_humble/install/tm_moveit_config/share/tm_moveit_config/package.zsh'
[4.299s] Level 1:colcon.colcon_core.environment:create_file_with_runtime_dependencies(/home/pizzu01/ros2_humble/install/tm_moveit_config/share/colcon-core/packages/tm_moveit_config)
[4.301s] Level 1:colcon.colcon_core.environment:create_environment_scripts_only(tm_moveit_config)
[4.302s] Level 1:colcon.colcon_core.environment:checking '/home/pizzu01/ros2_humble/install/tm_moveit_config' for CMake module files
[4.305s] Level 1:colcon.colcon_core.environment:checking '/home/pizzu01/ros2_humble/install/tm_moveit_config' for CMake config files
[4.306s] Level 1:colcon.colcon_core.shell:create_environment_hook('tm_moveit_config', 'cmake_prefix_path')
[4.307s] INFO:colcon.colcon_core.shell:Creating environment hook '/home/pizzu01/ros2_humble/install/tm_moveit_config/share/tm_moveit_config/hook/cmake_prefix_path.ps1'
[4.309s] INFO:colcon.colcon_core.shell:Creating environment descriptor '/home/pizzu01/ros2_humble/install/tm_moveit_config/share/tm_moveit_config/hook/cmake_prefix_path.dsv'
[4.312s] INFO:colcon.colcon_core.shell:Creating environment hook '/home/pizzu01/ros2_humble/install/tm_moveit_config/share/tm_moveit_config/hook/cmake_prefix_path.sh'
[4.314s] Level 1:colcon.colcon_core.environment:checking '/home/pizzu01/ros2_humble/install/tm_moveit_config/lib'
[4.314s] Level 1:colcon.colcon_core.environment:checking '/home/pizzu01/ros2_humble/install/tm_moveit_config/bin'
[4.314s] Level 1:colcon.colcon_core.environment:checking '/home/pizzu01/ros2_humble/install/tm_moveit_config/lib/pkgconfig/tm_moveit_config.pc'
[4.314s] Level 1:colcon.colcon_core.environment:checking '/home/pizzu01/ros2_humble/install/tm_moveit_config/lib/python3.10/site-packages'
[4.315s] Level 1:colcon.colcon_core.environment:checking '/home/pizzu01/ros2_humble/install/tm_moveit_config/bin'
[4.316s] INFO:colcon.colcon_core.shell:Creating package script '/home/pizzu01/ros2_humble/install/tm_moveit_config/share/tm_moveit_config/package.ps1'
[4.319s] INFO:colcon.colcon_core.shell:Creating package descriptor '/home/pizzu01/ros2_humble/install/tm_moveit_config/share/tm_moveit_config/package.dsv'
[4.320s] INFO:colcon.colcon_core.shell:Creating package script '/home/pizzu01/ros2_humble/install/tm_moveit_config/share/tm_moveit_config/package.sh'
[4.322s] INFO:colcon.colcon_core.shell:Creating package script '/home/pizzu01/ros2_humble/install/tm_moveit_config/share/tm_moveit_config/package.bash'
[4.323s] INFO:colcon.colcon_core.shell:Creating package script '/home/pizzu01/ros2_humble/install/tm_moveit_config/share/tm_moveit_config/package.zsh'
[4.324s] Level 1:colcon.colcon_core.environment:create_file_with_runtime_dependencies(/home/pizzu01/ros2_humble/install/tm_moveit_config/share/colcon-core/packages/tm_moveit_config)
[4.327s] DEBUG:colcon.colcon_core.event_handler.log_command:Invoked command in '/home/pizzu01/ros2_humble/build/gazebo_ros2_control_demos' returned '0': CMAKE_PREFIX_PATH=/home/pizzu01/ros2_humble/install/gazebo_ros2_control:/home/pizzu01/ros2_humble/install/tm_moveit_config:/home/pizzu01/ros2_humble/install/moveit_config_tm5_900:/home/pizzu01/ros2_humble/install/tm_description:/home/pizzu01/ros2_humble/install/hello_moveit:/home/pizzu01/ros2_humble/install/gazebo_ros2_control_demos:/home/pizzu01/ros2_humble/install/ros_tcp_endpoint:/home/pizzu01/ros2_humble/install/my_ros2_package:/home/pizzu01/install/ros_tcp_endpoint:/home/pizzu01/install/my_ros2_package:/opt/ros/humble /usr/bin/cmake --build /home/pizzu01/ros2_humble/build/gazebo_ros2_control_demos -- -j4 -l4
[4.330s] DEBUG:colcon.colcon_core.event_handler.log_command:Invoking command in '/home/pizzu01/ros2_humble/build/gazebo_ros2_control_demos': CMAKE_PREFIX_PATH=/home/pizzu01/ros2_humble/install/gazebo_ros2_control:/home/pizzu01/ros2_humble/install/tm_moveit_config:/home/pizzu01/ros2_humble/install/moveit_config_tm5_900:/home/pizzu01/ros2_humble/install/tm_description:/home/pizzu01/ros2_humble/install/hello_moveit:/home/pizzu01/ros2_humble/install/gazebo_ros2_control_demos:/home/pizzu01/ros2_humble/install/ros_tcp_endpoint:/home/pizzu01/ros2_humble/install/my_ros2_package:/home/pizzu01/install/ros_tcp_endpoint:/home/pizzu01/install/my_ros2_package:/opt/ros/humble /usr/bin/cmake --install /home/pizzu01/ros2_humble/build/gazebo_ros2_control_demos
[4.393s] Level 1:colcon.colcon_core.environment:create_environment_scripts_only(gazebo_ros2_control_demos)
[4.394s] Level 1:colcon.colcon_core.environment:checking '/home/pizzu01/ros2_humble/install/gazebo_ros2_control_demos' for CMake module files
[4.395s] Level 1:colcon.colcon_core.environment:checking '/home/pizzu01/ros2_humble/install/gazebo_ros2_control_demos' for CMake config files
[4.396s] Level 1:colcon.colcon_core.shell:create_environment_hook('gazebo_ros2_control_demos', 'cmake_prefix_path')
[4.396s] INFO:colcon.colcon_core.shell:Creating environment hook '/home/pizzu01/ros2_humble/install/gazebo_ros2_control_demos/share/gazebo_ros2_control_demos/hook/cmake_prefix_path.ps1'
[4.397s] INFO:colcon.colcon_core.shell:Creating environment descriptor '/home/pizzu01/ros2_humble/install/gazebo_ros2_control_demos/share/gazebo_ros2_control_demos/hook/cmake_prefix_path.dsv'
[4.398s] INFO:colcon.colcon_core.shell:Creating environment hook '/home/pizzu01/ros2_humble/install/gazebo_ros2_control_demos/share/gazebo_ros2_control_demos/hook/cmake_prefix_path.sh'
[4.399s] Level 1:colcon.colcon_core.environment:checking '/home/pizzu01/ros2_humble/install/gazebo_ros2_control_demos/lib'
[4.399s] Level 1:colcon.colcon_core.environment:checking '/home/pizzu01/ros2_humble/install/gazebo_ros2_control_demos/bin'
[4.399s] Level 1:colcon.colcon_core.environment:checking '/home/pizzu01/ros2_humble/install/gazebo_ros2_control_demos/lib/pkgconfig/gazebo_ros2_control_demos.pc'
[4.399s] Level 1:colcon.colcon_core.environment:checking '/home/pizzu01/ros2_humble/install/gazebo_ros2_control_demos/lib/python3.10/site-packages'
[4.400s] Level 1:colcon.colcon_core.environment:checking '/home/pizzu01/ros2_humble/install/gazebo_ros2_control_demos/bin'
[4.400s] DEBUG:colcon.colcon_core.event_handler.log_command:Invoked command in '/home/pizzu01/ros2_humble/build/gazebo_ros2_control_demos' returned '0': CMAKE_PREFIX_PATH=/home/pizzu01/ros2_humble/install/gazebo_ros2_control:/home/pizzu01/ros2_humble/install/tm_moveit_config:/home/pizzu01/ros2_humble/install/moveit_config_tm5_900:/home/pizzu01/ros2_humble/install/tm_description:/home/pizzu01/ros2_humble/install/hello_moveit:/home/pizzu01/ros2_humble/install/gazebo_ros2_control_demos:/home/pizzu01/ros2_humble/install/ros_tcp_endpoint:/home/pizzu01/ros2_humble/install/my_ros2_package:/home/pizzu01/install/ros_tcp_endpoint:/home/pizzu01/install/my_ros2_package:/opt/ros/humble /usr/bin/cmake --install /home/pizzu01/ros2_humble/build/gazebo_ros2_control_demos
[4.406s] INFO:colcon.colcon_core.shell:Creating package script '/home/pizzu01/ros2_humble/install/gazebo_ros2_control_demos/share/gazebo_ros2_control_demos/package.ps1'
[4.410s] INFO:colcon.colcon_core.shell:Creating package descriptor '/home/pizzu01/ros2_humble/install/gazebo_ros2_control_demos/share/gazebo_ros2_control_demos/package.dsv'
[4.412s] INFO:colcon.colcon_core.shell:Creating package script '/home/pizzu01/ros2_humble/install/gazebo_ros2_control_demos/share/gazebo_ros2_control_demos/package.sh'
[4.413s] INFO:colcon.colcon_core.shell:Creating package script '/home/pizzu01/ros2_humble/install/gazebo_ros2_control_demos/share/gazebo_ros2_control_demos/package.bash'
[4.414s] INFO:colcon.colcon_core.shell:Creating package script '/home/pizzu01/ros2_humble/install/gazebo_ros2_control_demos/share/gazebo_ros2_control_demos/package.zsh'
[4.415s] Level 1:colcon.colcon_core.environment:create_file_with_runtime_dependencies(/home/pizzu01/ros2_humble/install/gazebo_ros2_control_demos/share/colcon-core/packages/gazebo_ros2_control_demos)
[4.416s] Level 1:colcon.colcon_core.environment:create_environment_scripts_only(gazebo_ros2_control_demos)
[4.416s] Level 1:colcon.colcon_core.environment:checking '/home/pizzu01/ros2_humble/install/gazebo_ros2_control_demos' for CMake module files
[4.418s] Level 1:colcon.colcon_core.environment:checking '/home/pizzu01/ros2_humble/install/gazebo_ros2_control_demos' for CMake config files
[4.418s] Level 1:colcon.colcon_core.shell:create_environment_hook('gazebo_ros2_control_demos', 'cmake_prefix_path')
[4.419s] INFO:colcon.colcon_core.shell:Creating environment hook '/home/pizzu01/ros2_humble/install/gazebo_ros2_control_demos/share/gazebo_ros2_control_demos/hook/cmake_prefix_path.ps1'
[4.419s] INFO:colcon.colcon_core.shell:Creating environment descriptor '/home/pizzu01/ros2_humble/install/gazebo_ros2_control_demos/share/gazebo_ros2_control_demos/hook/cmake_prefix_path.dsv'
[4.420s] INFO:colcon.colcon_core.shell:Creating environment hook '/home/pizzu01/ros2_humble/install/gazebo_ros2_control_demos/share/gazebo_ros2_control_demos/hook/cmake_prefix_path.sh'
[4.422s] Level 1:colcon.colcon_core.environment:checking '/home/pizzu01/ros2_humble/install/gazebo_ros2_control_demos/lib'
[4.422s] Level 1:colcon.colcon_core.environment:checking '/home/pizzu01/ros2_humble/install/gazebo_ros2_control_demos/bin'
[4.422s] Level 1:colcon.colcon_core.environment:checking '/home/pizzu01/ros2_humble/install/gazebo_ros2_control_demos/lib/pkgconfig/gazebo_ros2_control_demos.pc'
[4.423s] Level 1:colcon.colcon_core.environment:checking '/home/pizzu01/ros2_humble/install/gazebo_ros2_control_demos/lib/python3.10/site-packages'
[4.423s] Level 1:colcon.colcon_core.environment:checking '/home/pizzu01/ros2_humble/install/gazebo_ros2_control_demos/bin'
[4.428s] INFO:colcon.colcon_core.shell:Creating package script '/home/pizzu01/ros2_humble/install/gazebo_ros2_control_demos/share/gazebo_ros2_control_demos/package.ps1'
[4.430s] INFO:colcon.colcon_core.shell:Creating package descriptor '/home/pizzu01/ros2_humble/install/gazebo_ros2_control_demos/share/gazebo_ros2_control_demos/package.dsv'
[4.431s] INFO:colcon.colcon_core.shell:Creating package script '/home/pizzu01/ros2_humble/install/gazebo_ros2_control_demos/share/gazebo_ros2_control_demos/package.sh'
[4.433s] INFO:colcon.colcon_core.shell:Creating package script '/home/pizzu01/ros2_humble/install/gazebo_ros2_control_demos/share/gazebo_ros2_control_demos/package.bash'
[4.434s] INFO:colcon.colcon_core.shell:Creating package script '/home/pizzu01/ros2_humble/install/gazebo_ros2_control_demos/share/gazebo_ros2_control_demos/package.zsh'
[4.435s] Level 1:colcon.colcon_core.environment:create_file_with_runtime_dependencies(/home/pizzu01/ros2_humble/install/gazebo_ros2_control_demos/share/colcon-core/packages/gazebo_ros2_control_demos)
[4.716s] DEBUG:colcon.colcon_core.event_handler.log_command:Invoking command in '/home/pizzu01/ros2_humble/src/my_ros2_package': PYTHONPATH=/home/pizzu01/ros2_humble/build/my_ros2_package/prefix_override:/usr/lib/python3/dist-packages/colcon_core/task/python/colcon_distutils_commands:/home/pizzu01/ros2_humble/install/my_ros2_package/lib/python3.10/site-packages:${PYTHONPATH} /usr/bin/python3 -W ignore:setup.py install is deprecated -W ignore:easy_install command is deprecated setup.py egg_info --egg-base ../../build/my_ros2_package build --build-base /home/pizzu01/ros2_humble/build/my_ros2_package/build install --record /home/pizzu01/ros2_humble/build/my_ros2_package/install.log --single-version-externally-managed install_data
[4.920s] DEBUG:colcon.colcon_core.event_handler.log_command:Invoking command in '/home/pizzu01/ros2_humble/src/ROS-TCP-Endpoint': PYTHONPATH=/home/pizzu01/ros2_humble/build/ros_tcp_endpoint/prefix_override:/usr/lib/python3/dist-packages/colcon_core/task/python/colcon_distutils_commands:/home/pizzu01/ros2_humble/install/ros_tcp_endpoint/lib/python3.10/site-packages:${PYTHONPATH} /usr/bin/python3 -W ignore:setup.py install is deprecated -W ignore:easy_install command is deprecated setup.py egg_info --egg-base ../../build/ros_tcp_endpoint build --build-base /home/pizzu01/ros2_humble/build/ros_tcp_endpoint/build install --record /home/pizzu01/ros2_humble/build/ros_tcp_endpoint/install.log --install-scripts $base/lib/ros_tcp_endpoint --single-version-externally-managed install_data
[5.744s] Level 1:colcon.colcon_core.environment:checking '/home/pizzu01/ros2_humble/install/my_ros2_package' for CMake module files
[5.745s] Level 1:colcon.colcon_core.environment:checking '/home/pizzu01/ros2_humble/install/my_ros2_package' for CMake config files
[5.745s] Level 1:colcon.colcon_core.environment:checking '/home/pizzu01/ros2_humble/install/my_ros2_package/lib'
[5.746s] Level 1:colcon.colcon_core.environment:checking '/home/pizzu01/ros2_humble/install/my_ros2_package/bin'
[5.746s] Level 1:colcon.colcon_core.environment:checking '/home/pizzu01/ros2_humble/install/my_ros2_package/lib/pkgconfig/my_ros2_package.pc'
[5.746s] Level 1:colcon.colcon_core.environment:checking '/home/pizzu01/ros2_humble/install/my_ros2_package/lib/python3.10/site-packages'
[5.746s] Level 1:colcon.colcon_core.shell:create_environment_hook('my_ros2_package', 'pythonpath')
[5.747s] INFO:colcon.colcon_core.shell:Creating environment hook '/home/pizzu01/ros2_humble/install/my_ros2_package/share/my_ros2_package/hook/pythonpath.ps1'
[5.747s] INFO:colcon.colcon_core.shell:Creating environment descriptor '/home/pizzu01/ros2_humble/install/my_ros2_package/share/my_ros2_package/hook/pythonpath.dsv'
[5.748s] INFO:colcon.colcon_core.shell:Creating environment hook '/home/pizzu01/ros2_humble/install/my_ros2_package/share/my_ros2_package/hook/pythonpath.sh'
[5.752s] Level 1:colcon.colcon_core.environment:checking '/home/pizzu01/ros2_humble/install/my_ros2_package/bin'
[5.752s] Level 1:colcon.colcon_core.environment:create_environment_scripts_only(my_ros2_package)
[5.753s] INFO:colcon.colcon_core.shell:Creating package script '/home/pizzu01/ros2_humble/install/my_ros2_package/share/my_ros2_package/package.ps1'
[5.754s] INFO:colcon.colcon_core.shell:Creating package descriptor '/home/pizzu01/ros2_humble/install/my_ros2_package/share/my_ros2_package/package.dsv'
[5.760s] DEBUG:colcon.colcon_core.event_handler.log_command:Invoked command in '/home/pizzu01/ros2_humble/src/my_ros2_package' returned '0': PYTHONPATH=/home/pizzu01/ros2_humble/build/my_ros2_package/prefix_override:/usr/lib/python3/dist-packages/colcon_core/task/python/colcon_distutils_commands:/home/pizzu01/ros2_humble/install/my_ros2_package/lib/python3.10/site-packages:${PYTHONPATH} /usr/bin/python3 -W ignore:setup.py install is deprecated -W ignore:easy_install command is deprecated setup.py egg_info --egg-base ../../build/my_ros2_package build --build-base /home/pizzu01/ros2_humble/build/my_ros2_package/build install --record /home/pizzu01/ros2_humble/build/my_ros2_package/install.log --single-version-externally-managed install_data
[5.761s] INFO:colcon.colcon_core.shell:Creating package script '/home/pizzu01/ros2_humble/install/my_ros2_package/share/my_ros2_package/package.sh'
[5.761s] INFO:colcon.colcon_core.shell:Creating package script '/home/pizzu01/ros2_humble/install/my_ros2_package/share/my_ros2_package/package.bash'
[5.762s] INFO:colcon.colcon_core.shell:Creating package script '/home/pizzu01/ros2_humble/install/my_ros2_package/share/my_ros2_package/package.zsh'
[5.763s] Level 1:colcon.colcon_core.environment:create_file_with_runtime_dependencies(/home/pizzu01/ros2_humble/install/my_ros2_package/share/colcon-core/packages/my_ros2_package)
[5.799s] Level 1:colcon.colcon_core.environment:checking '/home/pizzu01/ros2_humble/install/ros_tcp_endpoint' for CMake module files
[5.800s] Level 1:colcon.colcon_core.environment:checking '/home/pizzu01/ros2_humble/install/ros_tcp_endpoint' for CMake config files
[5.801s] Level 1:colcon.colcon_core.environment:checking '/home/pizzu01/ros2_humble/install/ros_tcp_endpoint/lib'
[5.801s] Level 1:colcon.colcon_core.environment:checking '/home/pizzu01/ros2_humble/install/ros_tcp_endpoint/bin'
[5.801s] Level 1:colcon.colcon_core.environment:checking '/home/pizzu01/ros2_humble/install/ros_tcp_endpoint/lib/pkgconfig/ros_tcp_endpoint.pc'
[5.802s] Level 1:colcon.colcon_core.environment:checking '/home/pizzu01/ros2_humble/install/ros_tcp_endpoint/lib/python3.10/site-packages'
[5.802s] Level 1:colcon.colcon_core.shell:create_environment_hook('ros_tcp_endpoint', 'pythonpath')
[5.802s] INFO:colcon.colcon_core.shell:Creating environment hook '/home/pizzu01/ros2_humble/install/ros_tcp_endpoint/share/ros_tcp_endpoint/hook/pythonpath.ps1'
[5.803s] INFO:colcon.colcon_core.shell:Creating environment descriptor '/home/pizzu01/ros2_humble/install/ros_tcp_endpoint/share/ros_tcp_endpoint/hook/pythonpath.dsv'
[5.804s] INFO:colcon.colcon_core.shell:Creating environment hook '/home/pizzu01/ros2_humble/install/ros_tcp_endpoint/share/ros_tcp_endpoint/hook/pythonpath.sh'
[5.805s] Level 1:colcon.colcon_core.environment:checking '/home/pizzu01/ros2_humble/install/ros_tcp_endpoint/bin'
[5.805s] Level 1:colcon.colcon_core.environment:create_environment_scripts_only(ros_tcp_endpoint)
[5.805s] INFO:colcon.colcon_core.shell:Creating package script '/home/pizzu01/ros2_humble/install/ros_tcp_endpoint/share/ros_tcp_endpoint/package.ps1'
[5.806s] INFO:colcon.colcon_core.shell:Creating package descriptor '/home/pizzu01/ros2_humble/install/ros_tcp_endpoint/share/ros_tcp_endpoint/package.dsv'
[5.807s] INFO:colcon.colcon_core.shell:Creating package script '/home/pizzu01/ros2_humble/install/ros_tcp_endpoint/share/ros_tcp_endpoint/package.sh'
[5.808s] INFO:colcon.colcon_core.shell:Creating package script '/home/pizzu01/ros2_humble/install/ros_tcp_endpoint/share/ros_tcp_endpoint/package.bash'
[5.809s] INFO:colcon.colcon_core.shell:Creating package script '/home/pizzu01/ros2_humble/install/ros_tcp_endpoint/share/ros_tcp_endpoint/package.zsh'
[5.810s] Level 1:colcon.colcon_core.environment:create_file_with_runtime_dependencies(/home/pizzu01/ros2_humble/install/ros_tcp_endpoint/share/colcon-core/packages/ros_tcp_endpoint)
[5.810s] DEBUG:colcon.colcon_parallel_executor.executor.parallel:closing loop
[5.811s] DEBUG:colcon.colcon_core.event_handler.log_command:Invoked command in '/home/pizzu01/ros2_humble/src/ROS-TCP-Endpoint' returned '0': PYTHONPATH=/home/pizzu01/ros2_humble/build/ros_tcp_endpoint/prefix_override:/usr/lib/python3/dist-packages/colcon_core/task/python/colcon_distutils_commands:/home/pizzu01/ros2_humble/install/ros_tcp_endpoint/lib/python3.10/site-packages:${PYTHONPATH} /usr/bin/python3 -W ignore:setup.py install is deprecated -W ignore:easy_install command is deprecated setup.py egg_info --egg-base ../../build/ros_tcp_endpoint build --build-base /home/pizzu01/ros2_humble/build/ros_tcp_endpoint/build install --record /home/pizzu01/ros2_humble/build/ros_tcp_endpoint/install.log --install-scripts $base/lib/ros_tcp_endpoint --single-version-externally-managed install_data
[5.812s] DEBUG:colcon.colcon_parallel_executor.executor.parallel:loop closed
[5.813s] DEBUG:colcon.colcon_parallel_executor.executor.parallel:run_until_complete finished with '0'
[5.813s] DEBUG:colcon.colcon_core.event_reactor:joining thread
[5.986s] INFO:colcon.colcon_core.plugin_system:Skipping extension 'colcon_notification.desktop_notification.notify_send': Could not find 'notify-send'
[5.986s] INFO:colcon.colcon_core.plugin_system:Skipping extension 'colcon_notification.desktop_notification.terminal_notifier': Not used on non-Darwin systems
[5.986s] INFO:colcon.colcon_core.plugin_system:Skipping extension 'colcon_notification.desktop_notification.win32': Not used on non-Windows systems
[5.987s] INFO:colcon.colcon_notification.desktop_notification:Sending desktop notification using 'notify2'
[5.987s] DEBUG:colcon.colcon_notification.desktop_notification.notify2:Failed to initialize notify2: org.freedesktop.DBus.Error.FileNotFound: Failed to connect to socket /run/user/1000/bus: No such file or directory
[5.987s] DEBUG:colcon.colcon_core.event_reactor:joined thread
[5.988s] INFO:colcon.colcon_core.shell:Creating prefix script '/home/pizzu01/ros2_humble/install/local_setup.ps1'
[5.992s] INFO:colcon.colcon_core.shell:Creating prefix util module '/home/pizzu01/ros2_humble/install/_local_setup_util_ps1.py'
[5.995s] INFO:colcon.colcon_core.shell:Creating prefix chain script '/home/pizzu01/ros2_humble/install/setup.ps1'
[5.998s] INFO:colcon.colcon_core.shell:Creating prefix script '/home/pizzu01/ros2_humble/install/local_setup.sh'
[5.999s] INFO:colcon.colcon_core.shell:Creating prefix util module '/home/pizzu01/ros2_humble/install/_local_setup_util_sh.py'
[6.000s] INFO:colcon.colcon_core.shell:Creating prefix chain script '/home/pizzu01/ros2_humble/install/setup.sh'
[6.014s] INFO:colcon.colcon_core.shell:Creating prefix script '/home/pizzu01/ros2_humble/install/local_setup.bash'
[6.015s] INFO:colcon.colcon_core.shell:Creating prefix chain script '/home/pizzu01/ros2_humble/install/setup.bash'
[6.017s] INFO:colcon.colcon_core.shell:Creating prefix script '/home/pizzu01/ros2_humble/install/local_setup.zsh'
[6.018s] INFO:colcon.colcon_core.shell:Creating prefix chain script '/home/pizzu01/ros2_humble/install/setup.zsh'
