[0.130s] Invoking command in '/home/pizzu01/ros2_humble/build/tm_moveit_config': CMAKE_PREFIX_PATH=/home/pizzu01/ros2_humble/install/tm_description:/home/pizzu01/ros2_humble/install/tm_moveit_config:/home/pizzu01/ros2_humble/install/hello_moveit:/home/pizzu01/ros2_humble/install/ros_tcp_endpoint:/home/pizzu01/ros2_humble/install/my_ros2_package:/home/pizzu01/install/ros_tcp_endpoint:/home/pizzu01/install/my_ros2_package:/opt/ros/humble /usr/bin/cmake --build /home/pizzu01/ros2_humble/build/tm_moveit_config -- -j4 -l4
[0.198s] Invoked command in '/home/pizzu01/ros2_humble/build/tm_moveit_config' returned '0': CMAKE_PREFIX_PATH=/home/pizzu01/ros2_humble/install/tm_description:/home/pizzu01/ros2_humble/install/tm_moveit_config:/home/pizzu01/ros2_humble/install/hello_moveit:/home/pizzu01/ros2_humble/install/ros_tcp_endpoint:/home/pizzu01/ros2_humble/install/my_ros2_package:/home/pizzu01/install/ros_tcp_endpoint:/home/pizzu01/install/my_ros2_package:/opt/ros/humble /usr/bin/cmake --build /home/pizzu01/ros2_humble/build/tm_moveit_config -- -j4 -l4
[0.198s] Invoking command in '/home/pizzu01/ros2_humble/build/tm_moveit_config': CMAKE_PREFIX_PATH=/home/pizzu01/ros2_humble/install/tm_description:/home/pizzu01/ros2_humble/install/tm_moveit_config:/home/pizzu01/ros2_humble/install/hello_moveit:/home/pizzu01/ros2_humble/install/ros_tcp_endpoint:/home/pizzu01/ros2_humble/install/my_ros2_package:/home/pizzu01/install/ros_tcp_endpoint:/home/pizzu01/install/my_ros2_package:/opt/ros/humble /usr/bin/cmake --install /home/pizzu01/ros2_humble/build/tm_moveit_config
[0.208s] -- Install configuration: ""
[0.209s] -- Up-to-date: /home/pizzu01/ros2_humble/install/tm_moveit_config/lib/tm_moveit_config/demo.launch.py
[0.210s] -- Up-to-date: /home/pizzu01/ros2_humble/install/tm_moveit_config/lib/tm_moveit_config/move_robot.py
[0.210s] -- Up-to-date: /home/pizzu01/ros2_humble/install/tm_moveit_config/share/ament_index/resource_index/package_run_dependencies/tm_moveit_config
[0.210s] -- Up-to-date: /home/pizzu01/ros2_humble/install/tm_moveit_config/share/ament_index/resource_index/parent_prefix_path/tm_moveit_config
[0.210s] -- Up-to-date: /home/pizzu01/ros2_humble/install/tm_moveit_config/share/tm_moveit_config/environment/ament_prefix_path.sh
[0.211s] -- Up-to-date: /home/pizzu01/ros2_humble/install/tm_moveit_config/share/tm_moveit_config/environment/ament_prefix_path.dsv
[0.211s] -- Up-to-date: /home/pizzu01/ros2_humble/install/tm_moveit_config/share/tm_moveit_config/environment/path.sh
[0.211s] -- Up-to-date: /home/pizzu01/ros2_humble/install/tm_moveit_config/share/tm_moveit_config/environment/path.dsv
[0.212s] -- Up-to-date: /home/pizzu01/ros2_humble/install/tm_moveit_config/share/tm_moveit_config/local_setup.bash
[0.212s] -- Up-to-date: /home/pizzu01/ros2_humble/install/tm_moveit_config/share/tm_moveit_config/local_setup.sh
[0.212s] -- Up-to-date: /home/pizzu01/ros2_humble/install/tm_moveit_config/share/tm_moveit_config/local_setup.zsh
[0.212s] -- Up-to-date: /home/pizzu01/ros2_humble/install/tm_moveit_config/share/tm_moveit_config/local_setup.dsv
[0.212s] -- Installing: /home/pizzu01/ros2_humble/install/tm_moveit_config/share/tm_moveit_config/package.dsv
[0.213s] -- Up-to-date: /home/pizzu01/ros2_humble/install/tm_moveit_config/share/ament_index/resource_index/packages/tm_moveit_config
[0.214s] -- Up-to-date: /home/pizzu01/ros2_humble/install/tm_moveit_config/share/tm_moveit_config/cmake/tm_moveit_configConfig.cmake
[0.214s] -- Up-to-date: /home/pizzu01/ros2_humble/install/tm_moveit_config/share/tm_moveit_config/cmake/tm_moveit_configConfig-version.cmake
[0.215s] -- Up-to-date: /home/pizzu01/ros2_humble/install/tm_moveit_config/share/tm_moveit_config/package.xml
[0.215s] -- Up-to-date: /home/pizzu01/ros2_humble/install/tm_moveit_config/share/tm_moveit_config/launch
[0.215s] -- Up-to-date: /home/pizzu01/ros2_humble/install/tm_moveit_config/share/tm_moveit_config/launch/warehouse_db.launch.py
[0.215s] -- Up-to-date: /home/pizzu01/ros2_humble/install/tm_moveit_config/share/tm_moveit_config/launch/spawn_controllers.launch.py
[0.215s] -- Up-to-date: /home/pizzu01/ros2_humble/install/tm_moveit_config/share/tm_moveit_config/launch/moveit_rviz.launch.py
[0.216s] -- Up-to-date: /home/pizzu01/ros2_humble/install/tm_moveit_config/share/tm_moveit_config/launch/static_virtual_joint_tfs.launch.py
[0.216s] -- Up-to-date: /home/pizzu01/ros2_humble/install/tm_moveit_config/share/tm_moveit_config/launch/__pycache__
[0.216s] -- Up-to-date: /home/pizzu01/ros2_humble/install/tm_moveit_config/share/tm_moveit_config/launch/__pycache__/setup_assistant.launch.cpython-310.pyc
[0.216s] -- Up-to-date: /home/pizzu01/ros2_humble/install/tm_moveit_config/share/tm_moveit_config/launch/rsp.launch.py
[0.216s] -- Up-to-date: /home/pizzu01/ros2_humble/install/tm_moveit_config/share/tm_moveit_config/launch/demo.launch.py
[0.216s] -- Up-to-date: /home/pizzu01/ros2_humble/install/tm_moveit_config/share/tm_moveit_config/launch/setup_assistant.launch.py
[0.217s] -- Up-to-date: /home/pizzu01/ros2_humble/install/tm_moveit_config/share/tm_moveit_config/launch/move_group.launch.py
[0.217s] -- Up-to-date: /home/pizzu01/ros2_humble/install/tm_moveit_config/share/tm_moveit_config/config
[0.217s] -- Up-to-date: /home/pizzu01/ros2_humble/install/tm_moveit_config/share/tm_moveit_config/config/tm900.srdf
[0.217s] -- Up-to-date: /home/pizzu01/ros2_humble/install/tm_moveit_config/share/tm_moveit_config/config/kinematics.yaml
[0.217s] -- Up-to-date: /home/pizzu01/ros2_humble/install/tm_moveit_config/share/tm_moveit_config/config/moveit_controllers.yaml
[0.217s] -- Up-to-date: /home/pizzu01/ros2_humble/install/tm_moveit_config/share/tm_moveit_config/config/moveit.rviz
[0.218s] -- Up-to-date: /home/pizzu01/ros2_humble/install/tm_moveit_config/share/tm_moveit_config/config/tm900.ros2_control.xacro
[0.218s] -- Up-to-date: /home/pizzu01/ros2_humble/install/tm_moveit_config/share/tm_moveit_config/config/pilz_cartesian_limits.yaml
[0.218s] -- Up-to-date: /home/pizzu01/ros2_humble/install/tm_moveit_config/share/tm_moveit_config/config/ros2_controllers.yaml
[0.218s] -- Up-to-date: /home/pizzu01/ros2_humble/install/tm_moveit_config/share/tm_moveit_config/config/initial_positions.yaml
[0.218s] -- Up-to-date: /home/pizzu01/ros2_humble/install/tm_moveit_config/share/tm_moveit_config/config/tm900.urdf.xacro
[0.219s] -- Up-to-date: /home/pizzu01/ros2_humble/install/tm_moveit_config/share/tm_moveit_config/config/joint_limits.yaml
[0.219s] -- Up-to-date: /home/pizzu01/ros2_humble/install/tm_moveit_config/share/tm_moveit_config/.setup_assistant
[0.221s] Invoked command in '/home/pizzu01/ros2_humble/build/tm_moveit_config' returned '0': CMAKE_PREFIX_PATH=/home/pizzu01/ros2_humble/install/tm_description:/home/pizzu01/ros2_humble/install/tm_moveit_config:/home/pizzu01/ros2_humble/install/hello_moveit:/home/pizzu01/ros2_humble/install/ros_tcp_endpoint:/home/pizzu01/ros2_humble/install/my_ros2_package:/home/pizzu01/install/ros_tcp_endpoint:/home/pizzu01/install/my_ros2_package:/opt/ros/humble /usr/bin/cmake --install /home/pizzu01/ros2_humble/build/tm_moveit_config
