[0.049s] Invoking command in '/home/pizzu01/ros2_humble/build/hello_moveit': CMAKE_PREFIX_PATH=${CMAKE_PREFIX_PATH}:/home/pizzu01/ros2_humble/install/ros_tcp_endpoint:/home/pizzu01/ros2_humble/install/my_ros2_package:/home/pizzu01/install/ros_tcp_endpoint:/home/pizzu01/install/my_ros2_package:/opt/ros/humble /usr/bin/cmake --build /home/pizzu01/ros2_humble/build/hello_moveit -- -j4 -l4
[0.365s] [ 50%] [32mBuilding CXX object CMakeFiles/hello_moveit.dir/src/hello_moveit.cpp.o[0m
[9.348s] [100%] [32m[1mLinking CXX executable hello_moveit[0m
[10.826s] [100%] Built target hello_moveit
[10.836s] Invoked command in '/home/pizzu01/ros2_humble/build/hello_moveit' returned '0': CMAKE_PREFIX_PATH=${CMAKE_PREFIX_PATH}:/home/pizzu01/ros2_humble/install/ros_tcp_endpoint:/home/pizzu01/ros2_humble/install/my_ros2_package:/home/pizzu01/install/ros_tcp_endpoint:/home/pizzu01/install/my_ros2_package:/opt/ros/humble /usr/bin/cmake --build /home/pizzu01/ros2_humble/build/hello_moveit -- -j4 -l4
[10.839s] Invoking command in '/home/pizzu01/ros2_humble/build/hello_moveit': CMAKE_PREFIX_PATH=${CMAKE_PREFIX_PATH}:/home/pizzu01/ros2_humble/install/ros_tcp_endpoint:/home/pizzu01/ros2_humble/install/my_ros2_package:/home/pizzu01/install/ros_tcp_endpoint:/home/pizzu01/install/my_ros2_package:/opt/ros/humble /usr/bin/cmake --install /home/pizzu01/ros2_humble/build/hello_moveit
[10.845s] -- Install configuration: ""
[10.847s] -- Installing: /home/pizzu01/ros2_humble/install/hello_moveit/lib/hello_moveit/hello_moveit
[10.849s] -- Set runtime path of "/home/pizzu01/ros2_humble/install/hello_moveit/lib/hello_moveit/hello_moveit" to ""
[10.849s] -- Up-to-date: /home/pizzu01/ros2_humble/install/hello_moveit/share/ament_index/resource_index/package_run_dependencies/hello_moveit
[10.849s] -- Up-to-date: /home/pizzu01/ros2_humble/install/hello_moveit/share/ament_index/resource_index/parent_prefix_path/hello_moveit
[10.849s] -- Up-to-date: /home/pizzu01/ros2_humble/install/hello_moveit/share/hello_moveit/environment/ament_prefix_path.sh
[10.849s] -- Up-to-date: /home/pizzu01/ros2_humble/install/hello_moveit/share/hello_moveit/environment/ament_prefix_path.dsv
[10.850s] -- Up-to-date: /home/pizzu01/ros2_humble/install/hello_moveit/share/hello_moveit/environment/path.sh
[10.850s] -- Up-to-date: /home/pizzu01/ros2_humble/install/hello_moveit/share/hello_moveit/environment/path.dsv
[10.850s] -- Up-to-date: /home/pizzu01/ros2_humble/install/hello_moveit/share/hello_moveit/local_setup.bash
[10.850s] -- Up-to-date: /home/pizzu01/ros2_humble/install/hello_moveit/share/hello_moveit/local_setup.sh
[10.850s] -- Up-to-date: /home/pizzu01/ros2_humble/install/hello_moveit/share/hello_moveit/local_setup.zsh
[10.850s] -- Up-to-date: /home/pizzu01/ros2_humble/install/hello_moveit/share/hello_moveit/local_setup.dsv
[10.850s] -- Installing: /home/pizzu01/ros2_humble/install/hello_moveit/share/hello_moveit/package.dsv
[10.851s] -- Up-to-date: /home/pizzu01/ros2_humble/install/hello_moveit/share/ament_index/resource_index/packages/hello_moveit
[10.851s] -- Up-to-date: /home/pizzu01/ros2_humble/install/hello_moveit/share/hello_moveit/cmake/hello_moveitConfig.cmake
[10.851s] -- Up-to-date: /home/pizzu01/ros2_humble/install/hello_moveit/share/hello_moveit/cmake/hello_moveitConfig-version.cmake
[10.851s] -- Up-to-date: /home/pizzu01/ros2_humble/install/hello_moveit/share/hello_moveit/package.xml
[10.854s] Invoked command in '/home/pizzu01/ros2_humble/build/hello_moveit' returned '0': CMAKE_PREFIX_PATH=${CMAKE_PREFIX_PATH}:/home/pizzu01/ros2_humble/install/ros_tcp_endpoint:/home/pizzu01/ros2_humble/install/my_ros2_package:/home/pizzu01/install/ros_tcp_endpoint:/home/pizzu01/install/my_ros2_package:/opt/ros/humble /usr/bin/cmake --install /home/pizzu01/ros2_humble/build/hello_moveit
