[0.071s] Invoking command in '/home/pizzu01/ros2_humble/build/gazebo_ros2_control': CMAKE_PREFIX_PATH=${CMAKE_PREFIX_PATH}:/home/pizzu01/ros2_humble/install/ros_tcp_endpoint:/home/pizzu01/ros2_humble/install/my_ros2_package:/home/pizzu01/install/ros_tcp_endpoint:/home/pizzu01/install/my_ros2_package:/opt/ros/humble /usr/bin/cmake --build /home/pizzu01/ros2_humble/build/gazebo_ros2_control -- -j4 -l4
[1.167s] [ 50%] Built target gazebo_ros2_control
[1.170s] [100%] Built target gazebo_hardware_plugins
[1.188s] Invoked command in '/home/pizzu01/ros2_humble/build/gazebo_ros2_control' returned '0': CMAKE_PREFIX_PATH=${CMAKE_PREFIX_PATH}:/home/pizzu01/ros2_humble/install/ros_tcp_endpoint:/home/pizzu01/ros2_humble/install/my_ros2_package:/home/pizzu01/install/ros_tcp_endpoint:/home/pizzu01/install/my_ros2_package:/opt/ros/humble /usr/bin/cmake --build /home/pizzu01/ros2_humble/build/gazebo_ros2_control -- -j4 -l4
[1.193s] Invoking command in '/home/pizzu01/ros2_humble/build/gazebo_ros2_control': CMAKE_PREFIX_PATH=${CMAKE_PREFIX_PATH}:/home/pizzu01/ros2_humble/install/ros_tcp_endpoint:/home/pizzu01/ros2_humble/install/my_ros2_package:/home/pizzu01/install/ros_tcp_endpoint:/home/pizzu01/install/my_ros2_package:/opt/ros/humble /usr/bin/cmake --install /home/pizzu01/ros2_humble/build/gazebo_ros2_control
[1.282s] -- Install configuration: ""
[1.283s] -- Up-to-date: /home/pizzu01/ros2_humble/install/gazebo_ros2_control/lib/libgazebo_ros2_control.so
[1.283s] -- Up-to-date: /home/pizzu01/ros2_humble/install/gazebo_ros2_control/lib/libgazebo_hardware_plugins.so
[1.283s] -- Up-to-date: /home/pizzu01/ros2_humble/install/gazebo_ros2_control/share/gazebo_ros2_control/environment/library_path.sh
[1.284s] -- Up-to-date: /home/pizzu01/ros2_humble/install/gazebo_ros2_control/share/gazebo_ros2_control/environment/library_path.dsv
[1.284s] -- Up-to-date: /home/pizzu01/ros2_humble/install/gazebo_ros2_control/include/gazebo_ros2_control
[1.284s] -- Up-to-date: /home/pizzu01/ros2_humble/install/gazebo_ros2_control/include/gazebo_ros2_control/gazebo_system_interface.hpp
[1.285s] -- Up-to-date: /home/pizzu01/ros2_humble/install/gazebo_ros2_control/include/gazebo_ros2_control/gazebo_ros2_control_plugin.hpp
[1.285s] -- Up-to-date: /home/pizzu01/ros2_humble/install/gazebo_ros2_control/include/gazebo_ros2_control/gazebo_system.hpp
[1.285s] -- Up-to-date: /home/pizzu01/ros2_humble/install/gazebo_ros2_control/share/gazebo_ros2_control/gazebo_hardware_plugins.xml
[1.285s] -- Up-to-date: /home/pizzu01/ros2_humble/install/gazebo_ros2_control/share/ament_index/resource_index/package_run_dependencies/gazebo_ros2_control
[1.286s] -- Up-to-date: /home/pizzu01/ros2_humble/install/gazebo_ros2_control/share/ament_index/resource_index/parent_prefix_path/gazebo_ros2_control
[1.286s] -- Up-to-date: /home/pizzu01/ros2_humble/install/gazebo_ros2_control/share/gazebo_ros2_control/environment/ament_prefix_path.sh
[1.286s] -- Up-to-date: /home/pizzu01/ros2_humble/install/gazebo_ros2_control/share/gazebo_ros2_control/environment/ament_prefix_path.dsv
[1.287s] -- Up-to-date: /home/pizzu01/ros2_humble/install/gazebo_ros2_control/share/gazebo_ros2_control/environment/path.sh
[1.287s] -- Up-to-date: /home/pizzu01/ros2_humble/install/gazebo_ros2_control/share/gazebo_ros2_control/environment/path.dsv
[1.288s] -- Up-to-date: /home/pizzu01/ros2_humble/install/gazebo_ros2_control/share/gazebo_ros2_control/local_setup.bash
[1.290s] -- Up-to-date: /home/pizzu01/ros2_humble/install/gazebo_ros2_control/share/gazebo_ros2_control/local_setup.sh
[1.292s] -- Up-to-date: /home/pizzu01/ros2_humble/install/gazebo_ros2_control/share/gazebo_ros2_control/local_setup.zsh
[1.292s] -- Up-to-date: /home/pizzu01/ros2_humble/install/gazebo_ros2_control/share/gazebo_ros2_control/local_setup.dsv
[1.292s] -- Installing: /home/pizzu01/ros2_humble/install/gazebo_ros2_control/share/gazebo_ros2_control/package.dsv
[1.293s] -- Up-to-date: /home/pizzu01/ros2_humble/install/gazebo_ros2_control/share/ament_index/resource_index/packages/gazebo_ros2_control
[1.293s] -- Up-to-date: /home/pizzu01/ros2_humble/install/gazebo_ros2_control/share/ament_index/resource_index/gazebo_ros2_control__pluginlib__plugin/gazebo_ros2_control
[1.293s] -- Up-to-date: /home/pizzu01/ros2_humble/install/gazebo_ros2_control/share/gazebo_ros2_control/cmake/ament_cmake_export_include_directories-extras.cmake
[1.294s] -- Up-to-date: /home/pizzu01/ros2_humble/install/gazebo_ros2_control/share/gazebo_ros2_control/cmake/ament_cmake_export_dependencies-extras.cmake
[1.294s] -- Up-to-date: /home/pizzu01/ros2_humble/install/gazebo_ros2_control/share/gazebo_ros2_control/cmake/ament_cmake_export_libraries-extras.cmake
[1.294s] -- Up-to-date: /home/pizzu01/ros2_humble/install/gazebo_ros2_control/share/gazebo_ros2_control/cmake/gazebo_ros2_controlConfig.cmake
[1.295s] -- Up-to-date: /home/pizzu01/ros2_humble/install/gazebo_ros2_control/share/gazebo_ros2_control/cmake/gazebo_ros2_controlConfig-version.cmake
[1.295s] -- Up-to-date: /home/pizzu01/ros2_humble/install/gazebo_ros2_control/share/gazebo_ros2_control/package.xml
[1.348s] Invoked command in '/home/pizzu01/ros2_humble/build/gazebo_ros2_control' returned '0': CMAKE_PREFIX_PATH=${CMAKE_PREFIX_PATH}:/home/pizzu01/ros2_humble/install/ros_tcp_endpoint:/home/pizzu01/ros2_humble/install/my_ros2_package:/home/pizzu01/install/ros_tcp_endpoint:/home/pizzu01/install/my_ros2_package:/opt/ros/humble /usr/bin/cmake --install /home/pizzu01/ros2_humble/build/gazebo_ros2_control
