[2.461s] Invoking command in '/home/pizzu01/ros2_humble/src/my_ros2_package': PYTHONPATH=/home/pizzu01/ros2_humble/build/my_ros2_package/prefix_override:/usr/lib/python3/dist-packages/colcon_core/task/python/colcon_distutils_commands:/home/pizzu01/ros2_humble/install/my_ros2_package/lib/python3.10/site-packages:${PYTHONPATH} /usr/bin/python3 -W ignore:setup.py install is deprecated -W ignore:easy_install command is deprecated setup.py egg_info --egg-base ../../build/my_ros2_package build --build-base /home/pizzu01/ros2_humble/build/my_ros2_package/build install --record /home/pizzu01/ros2_humble/build/my_ros2_package/install.log --single-version-externally-managed install_data
[2.999s] running egg_info
[3.001s] writing ../../build/my_ros2_package/my_ros2_package.egg-info/PKG-INFO
[3.002s] writing dependency_links to ../../build/my_ros2_package/my_ros2_package.egg-info/dependency_links.txt
[3.002s] writing entry points to ../../build/my_ros2_package/my_ros2_package.egg-info/entry_points.txt
[3.003s] writing requirements to ../../build/my_ros2_package/my_ros2_package.egg-info/requires.txt
[3.003s] writing top-level names to ../../build/my_ros2_package/my_ros2_package.egg-info/top_level.txt
[3.007s] reading manifest file '../../build/my_ros2_package/my_ros2_package.egg-info/SOURCES.txt'
[3.009s] writing manifest file '../../build/my_ros2_package/my_ros2_package.egg-info/SOURCES.txt'
[3.009s] running build
[3.009s] running build_py
[3.011s] running install
[3.011s] running install_lib
[3.014s] running install_data
[3.015s] running install_egg_info
[3.019s] removing '/home/pizzu01/ros2_humble/install/my_ros2_package/lib/python3.10/site-packages/my_ros2_package-0.0.0-py3.10.egg-info' (and everything under it)
[3.020s] Copying ../../build/my_ros2_package/my_ros2_package.egg-info to /home/pizzu01/ros2_humble/install/my_ros2_package/lib/python3.10/site-packages/my_ros2_package-0.0.0-py3.10.egg-info
[3.022s] running install_scripts
[3.070s] Installing moveit_controller script to /home/pizzu01/ros2_humble/install/my_ros2_package/lib/my_ros2_package
[3.071s] Installing object_position_node script to /home/pizzu01/ros2_humble/install/my_ros2_package/lib/my_ros2_package
[3.071s] Installing pose_listener script to /home/pizzu01/ros2_humble/install/my_ros2_package/lib/my_ros2_package
[3.072s] writing list of installed files to '/home/pizzu01/ros2_humble/build/my_ros2_package/install.log'
[3.141s] Invoked command in '/home/pizzu01/ros2_humble/src/my_ros2_package' returned '0': PYTHONPATH=/home/pizzu01/ros2_humble/build/my_ros2_package/prefix_override:/usr/lib/python3/dist-packages/colcon_core/task/python/colcon_distutils_commands:/home/pizzu01/ros2_humble/install/my_ros2_package/lib/python3.10/site-packages:${PYTHONPATH} /usr/bin/python3 -W ignore:setup.py install is deprecated -W ignore:easy_install command is deprecated setup.py egg_info --egg-base ../../build/my_ros2_package build --build-base /home/pizzu01/ros2_humble/build/my_ros2_package/build install --record /home/pizzu01/ros2_humble/build/my_ros2_package/install.log --single-version-externally-managed install_data
