[0.084s] Invoking command in '/home/pizzu01/ros2_humble/build/gazebo_ros2_control': CMAKE_PREFIX_PATH=${CMAKE_PREFIX_PATH}:/home/pizzu01/ros2_humble/install/ros_tcp_endpoint:/home/pizzu01/ros2_humble/install/my_ros2_package:/home/pizzu01/install/ros_tcp_endpoint:/home/pizzu01/install/my_ros2_package:/opt/ros/humble /usr/bin/cmake --build /home/pizzu01/ros2_humble/build/gazebo_ros2_control -- -j4 -l4
[0.926s] [ 50%] Built target gazebo_ros2_control
[0.929s] [100%] Built target gazebo_hardware_plugins
[0.937s] Invoked command in '/home/pizzu01/ros2_humble/build/gazebo_ros2_control' returned '0': CMAKE_PREFIX_PATH=${CMAKE_PREFIX_PATH}:/home/pizzu01/ros2_humble/install/ros_tcp_endpoint:/home/pizzu01/ros2_humble/install/my_ros2_package:/home/pizzu01/install/ros_tcp_endpoint:/home/pizzu01/install/my_ros2_package:/opt/ros/humble /usr/bin/cmake --build /home/pizzu01/ros2_humble/build/gazebo_ros2_control -- -j4 -l4
[0.972s] Invoking command in '/home/pizzu01/ros2_humble/build/gazebo_ros2_control': CMAKE_PREFIX_PATH=${CMAKE_PREFIX_PATH}:/home/pizzu01/ros2_humble/install/ros_tcp_endpoint:/home/pizzu01/ros2_humble/install/my_ros2_package:/home/pizzu01/install/ros_tcp_endpoint:/home/pizzu01/install/my_ros2_package:/opt/ros/humble /usr/bin/cmake --install /home/pizzu01/ros2_humble/build/gazebo_ros2_control
[0.995s] -- Install configuration: ""
[0.996s] -- Up-to-date: /home/pizzu01/ros2_humble/install/gazebo_ros2_control/lib/libgazebo_ros2_control.so
[0.996s] -- Up-to-date: /home/pizzu01/ros2_humble/install/gazebo_ros2_control/lib/libgazebo_hardware_plugins.so
[0.997s] -- Up-to-date: /home/pizzu01/ros2_humble/install/gazebo_ros2_control/share/gazebo_ros2_control/environment/library_path.sh
[0.997s] -- Up-to-date: /home/pizzu01/ros2_humble/install/gazebo_ros2_control/share/gazebo_ros2_control/environment/library_path.dsv
[0.998s] -- Up-to-date: /home/pizzu01/ros2_humble/install/gazebo_ros2_control/include/gazebo_ros2_control
[0.998s] -- Up-to-date: /home/pizzu01/ros2_humble/install/gazebo_ros2_control/include/gazebo_ros2_control/gazebo_system_interface.hpp
[0.998s] -- Up-to-date: /home/pizzu01/ros2_humble/install/gazebo_ros2_control/include/gazebo_ros2_control/gazebo_ros2_control_plugin.hpp
[1.007s] -- Up-to-date: /home/pizzu01/ros2_humble/install/gazebo_ros2_control/include/gazebo_ros2_control/gazebo_system.hpp
[1.007s] -- Up-to-date: /home/pizzu01/ros2_humble/install/gazebo_ros2_control/share/gazebo_ros2_control/gazebo_hardware_plugins.xml
[1.007s] -- Up-to-date: /home/pizzu01/ros2_humble/install/gazebo_ros2_control/share/ament_index/resource_index/package_run_dependencies/gazebo_ros2_control
[1.007s] -- Up-to-date: /home/pizzu01/ros2_humble/install/gazebo_ros2_control/share/ament_index/resource_index/parent_prefix_path/gazebo_ros2_control
[1.008s] -- Up-to-date: /home/pizzu01/ros2_humble/install/gazebo_ros2_control/share/gazebo_ros2_control/environment/ament_prefix_path.sh
[1.008s] -- Up-to-date: /home/pizzu01/ros2_humble/install/gazebo_ros2_control/share/gazebo_ros2_control/environment/ament_prefix_path.dsv
[1.008s] -- Up-to-date: /home/pizzu01/ros2_humble/install/gazebo_ros2_control/share/gazebo_ros2_control/environment/path.sh
[1.022s] -- Up-to-date: /home/pizzu01/ros2_humble/install/gazebo_ros2_control/share/gazebo_ros2_control/environment/path.dsv
[1.024s] -- Up-to-date: /home/pizzu01/ros2_humble/install/gazebo_ros2_control/share/gazebo_ros2_control/local_setup.bash
[1.024s] -- Up-to-date: /home/pizzu01/ros2_humble/install/gazebo_ros2_control/share/gazebo_ros2_control/local_setup.sh
[1.024s] -- Up-to-date: /home/pizzu01/ros2_humble/install/gazebo_ros2_control/share/gazebo_ros2_control/local_setup.zsh
[1.024s] -- Up-to-date: /home/pizzu01/ros2_humble/install/gazebo_ros2_control/share/gazebo_ros2_control/local_setup.dsv
[1.034s] -- Installing: /home/pizzu01/ros2_humble/install/gazebo_ros2_control/share/gazebo_ros2_control/package.dsv
[1.040s] -- Up-to-date: /home/pizzu01/ros2_humble/install/gazebo_ros2_control/share/ament_index/resource_index/packages/gazebo_ros2_control
[1.068s] -- Up-to-date: /home/pizzu01/ros2_humble/install/gazebo_ros2_control/share/ament_index/resource_index/gazebo_ros2_control__pluginlib__plugin/gazebo_ros2_control
[1.085s] -- Up-to-date: /home/pizzu01/ros2_humble/install/gazebo_ros2_control/share/gazebo_ros2_control/cmake/ament_cmake_export_include_directories-extras.cmake
[1.095s] -- Up-to-date: /home/pizzu01/ros2_humble/install/gazebo_ros2_control/share/gazebo_ros2_control/cmake/ament_cmake_export_dependencies-extras.cmake
[1.100s] -- Up-to-date: /home/pizzu01/ros2_humble/install/gazebo_ros2_control/share/gazebo_ros2_control/cmake/ament_cmake_export_libraries-extras.cmake
[1.103s] -- Up-to-date: /home/pizzu01/ros2_humble/install/gazebo_ros2_control/share/gazebo_ros2_control/cmake/gazebo_ros2_controlConfig.cmake
[1.104s] -- Up-to-date: /home/pizzu01/ros2_humble/install/gazebo_ros2_control/share/gazebo_ros2_control/cmake/gazebo_ros2_controlConfig-version.cmake
[1.104s] -- Up-to-date: /home/pizzu01/ros2_humble/install/gazebo_ros2_control/share/gazebo_ros2_control/package.xml
[1.139s] Invoked command in '/home/pizzu01/ros2_humble/build/gazebo_ros2_control' returned '0': CMAKE_PREFIX_PATH=${CMAKE_PREFIX_PATH}:/home/pizzu01/ros2_humble/install/ros_tcp_endpoint:/home/pizzu01/ros2_humble/install/my_ros2_package:/home/pizzu01/install/ros_tcp_endpoint:/home/pizzu01/install/my_ros2_package:/opt/ros/humble /usr/bin/cmake --install /home/pizzu01/ros2_humble/build/gazebo_ros2_control
