[0.096s] Invoking command in '/home/pizzu01/ros2_humble/build/tm_description': CMAKE_PREFIX_PATH=${CMAKE_PREFIX_PATH}:/home/pizzu01/ros2_humble/install/ros_tcp_endpoint:/home/pizzu01/ros2_humble/install/my_ros2_package:/home/pizzu01/install/ros_tcp_endpoint:/home/pizzu01/install/my_ros2_package:/opt/ros/humble /usr/bin/cmake --build /home/pizzu01/ros2_humble/build/tm_description -- -j4 -l4
[0.866s] Invoked command in '/home/pizzu01/ros2_humble/build/tm_description' returned '0': CMAKE_PREFIX_PATH=${CMAKE_PREFIX_PATH}:/home/pizzu01/ros2_humble/install/ros_tcp_endpoint:/home/pizzu01/ros2_humble/install/my_ros2_package:/home/pizzu01/install/ros_tcp_endpoint:/home/pizzu01/install/my_ros2_package:/opt/ros/humble /usr/bin/cmake --build /home/pizzu01/ros2_humble/build/tm_description -- -j4 -l4
[0.869s] Invoking command in '/home/pizzu01/ros2_humble/build/tm_description': CMAKE_PREFIX_PATH=${CMAKE_PREFIX_PATH}:/home/pizzu01/ros2_humble/install/ros_tcp_endpoint:/home/pizzu01/ros2_humble/install/my_ros2_package:/home/pizzu01/install/ros_tcp_endpoint:/home/pizzu01/install/my_ros2_package:/opt/ros/humble /usr/bin/cmake --install /home/pizzu01/ros2_humble/build/tm_description
[0.897s] -- Install configuration: ""
[0.901s] -- Up-to-date: /home/pizzu01/ros2_humble/install/tm_description/share/tm_description/urdf
[0.903s] -- Up-to-date: /home/pizzu01/ros2_humble/install/tm_description/share/tm_description/urdf/common.gazebo.xacro
[0.903s] -- Up-to-date: /home/pizzu01/ros2_humble/install/tm_description/share/tm_description/urdf/tm700.urdf.xacro
[0.904s] -- Up-to-date: /home/pizzu01/ros2_humble/install/tm_description/share/tm_description/urdf/tm700_robot_joint_limited_eih.urdf.xacro
[0.904s] -- Up-to-date: /home/pizzu01/ros2_humble/install/tm_description/share/tm_description/urdf/tm900_robot_moveit.urdf
[0.904s] -- Up-to-date: /home/pizzu01/ros2_humble/install/tm_description/share/tm_description/urdf/tm900_robot.urdf.xacro:Zone.Identifier
[0.904s] -- Up-to-date: /home/pizzu01/ros2_humble/install/tm_description/share/tm_description/urdf/tm900_robot_joint_limited.urdf.xacro
[0.905s] -- Up-to-date: /home/pizzu01/ros2_humble/install/tm_description/share/tm_description/urdf/tm900.eih.xacro:Zone.Identifier
[0.905s] -- Up-to-date: /home/pizzu01/ros2_humble/install/tm_description/share/tm_description/urdf/tm900_robot_eih.urdf.xacro:Zone.Identifier
[0.905s] -- Up-to-date: /home/pizzu01/ros2_humble/install/tm_description/share/tm_description/urdf/tm700.eih.xacro
[0.905s] -- Up-to-date: /home/pizzu01/ros2_humble/install/tm_description/share/tm_description/urdf/common.gazebo.xacro:Zone.Identifier
[0.908s] -- Up-to-date: /home/pizzu01/ros2_humble/install/tm_description/share/tm_description/urdf/tm900_robot_eih.urdf.xacro
[0.908s] -- Up-to-date: /home/pizzu01/ros2_humble/install/tm_description/share/tm_description/urdf/tm900.eih.xacro
[0.909s] -- Up-to-date: /home/pizzu01/ros2_humble/install/tm_description/share/tm_description/urdf/tm700_robot.urdf.xacro
[0.909s] -- Up-to-date: /home/pizzu01/ros2_humble/install/tm_description/share/tm_description/urdf/tm900_robot_prova2.urdf
[0.910s] -- Up-to-date: /home/pizzu01/ros2_humble/install/tm_description/share/tm_description/urdf/tm700_robot_eih.urdf.xacro
[0.911s] -- Up-to-date: /home/pizzu01/ros2_humble/install/tm_description/share/tm_description/urdf/tm700_robot.urdf.xacro:Zone.Identifier
[0.911s] -- Up-to-date: /home/pizzu01/ros2_humble/install/tm_description/share/tm_description/urdf/tm900.urdf.xacro:Zone.Identifier
[0.911s] -- Up-to-date: /home/pizzu01/ros2_humble/install/tm_description/share/tm_description/urdf/tm900_robot_joint_limited_eih.urdf.xacro:Zone.Identifier
[0.912s] -- Up-to-date: /home/pizzu01/ros2_humble/install/tm_description/share/tm_description/urdf/tm.gazebo.xacro
[0.912s] -- Up-to-date: /home/pizzu01/ros2_humble/install/tm_description/share/tm_description/urdf/tm700.eih.xacro:Zone.Identifier
[0.912s] -- Up-to-date: /home/pizzu01/ros2_humble/install/tm_description/share/tm_description/urdf/tm700_simple.urdf:Zone.Identifier
[0.913s] -- Up-to-date: /home/pizzu01/ros2_humble/install/tm_description/share/tm_description/urdf/tm.transmission.xacro
[0.914s] -- Up-to-date: /home/pizzu01/ros2_humble/install/tm_description/share/tm_description/urdf/tm700_robot_joint_limited.urdf.xacro
[0.914s] -- Up-to-date: /home/pizzu01/ros2_humble/install/tm_description/share/tm_description/urdf/tm700.urdf.xacro:Zone.Identifier
[0.914s] -- Up-to-date: /home/pizzu01/ros2_humble/install/tm_description/share/tm_description/urdf/tm.gazebo.xacro:Zone.Identifier
[0.914s] -- Up-to-date: /home/pizzu01/ros2_humble/install/tm_description/share/tm_description/urdf/tm700simple.urdf
[0.915s] -- Up-to-date: /home/pizzu01/ros2_humble/install/tm_description/share/tm_description/urdf/tm900_robot_joint_limited.urdf.xacro:Zone.Identifier
[0.915s] -- Up-to-date: /home/pizzu01/ros2_humble/install/tm_description/share/tm_description/urdf/tm.transmission.xacro:Zone.Identifier
[0.915s] -- Up-to-date: /home/pizzu01/ros2_humble/install/tm_description/share/tm_description/urdf/tm900_robot_prova2.urdf:Zone.Identifier
[0.915s] -- Up-to-date: /home/pizzu01/ros2_humble/install/tm_description/share/tm_description/urdf/tm900.urdf.xacro
[0.916s] -- Up-to-date: /home/pizzu01/ros2_humble/install/tm_description/share/tm_description/urdf/tm700_robot_joint_limited_eih.urdf.xacro:Zone.Identifier
[0.918s] -- Up-to-date: /home/pizzu01/ros2_humble/install/tm_description/share/tm_description/urdf/tm900_robot.urdf.xacro
[0.919s] -- Up-to-date: /home/pizzu01/ros2_humble/install/tm_description/share/tm_description/urdf/tm700simple.urdf:Zone.Identifier
[0.919s] -- Up-to-date: /home/pizzu01/ros2_humble/install/tm_description/share/tm_description/urdf/tm900_robot.urdf
[0.919s] -- Up-to-date: /home/pizzu01/ros2_humble/install/tm_description/share/tm_description/urdf/tm700_simple.urdf
[0.919s] -- Up-to-date: /home/pizzu01/ros2_humble/install/tm_description/share/tm_description/urdf/tm900_robot.urdf:Zone.Identifier
[0.919s] -- Up-to-date: /home/pizzu01/ros2_humble/install/tm_description/share/tm_description/urdf/tm700_robot_joint_limited.urdf.xacro:Zone.Identifier
[0.920s] -- Up-to-date: /home/pizzu01/ros2_humble/install/tm_description/share/tm_description/urdf/tm700_robot_eih.urdf.xacro:Zone.Identifier
[0.920s] -- Up-to-date: /home/pizzu01/ros2_humble/install/tm_description/share/tm_description/urdf/tm900_robot_joint_limited_eih.urdf.xacro
[0.920s] -- Up-to-date: /home/pizzu01/ros2_humble/install/tm_description/share/tm_description/meshes
[0.920s] -- Up-to-date: /home/pizzu01/ros2_humble/install/tm_description/share/tm_description/meshes/tm700
[0.921s] -- Up-to-date: /home/pizzu01/ros2_humble/install/tm_description/share/tm_description/meshes/tm700/visual
[0.921s] -- Up-to-date: /home/pizzu01/ros2_humble/install/tm_description/share/tm_description/meshes/tm700/visual/Wrist2.dae
[0.921s] -- Up-to-date: /home/pizzu01/ros2_humble/install/tm_description/share/tm_description/meshes/tm700/visual/Wrist1.STL
[0.921s] -- Up-to-date: /home/pizzu01/ros2_humble/install/tm_description/share/tm_description/meshes/tm700/visual/Shoulder1.STL
[0.922s] -- Up-to-date: /home/pizzu01/ros2_humble/install/tm_description/share/tm_description/meshes/tm700/visual/Arm2.dae:Zone.Identifier
[0.922s] -- Up-to-date: /home/pizzu01/ros2_humble/install/tm_description/share/tm_description/meshes/tm700/visual/Arm2.STL:Zone.Identifier
[0.922s] -- Up-to-date: /home/pizzu01/ros2_humble/install/tm_description/share/tm_description/meshes/tm700/visual/Wrist3.STL
[0.922s] -- Up-to-date: /home/pizzu01/ros2_humble/install/tm_description/share/tm_description/meshes/tm700/visual/Arm2.STL
[0.923s] -- Up-to-date: /home/pizzu01/ros2_humble/install/tm_description/share/tm_description/meshes/tm700/visual/Wrist1.dae:Zone.Identifier
[0.928s] -- Up-to-date: /home/pizzu01/ros2_humble/install/tm_description/share/tm_description/meshes/tm700/visual/Base.STL:Zone.Identifier
[0.929s] -- Up-to-date: /home/pizzu01/ros2_humble/install/tm_description/share/tm_description/meshes/tm700/visual/Shoulder1.dae
[0.930s] -- Up-to-date: /home/pizzu01/ros2_humble/install/tm_description/share/tm_description/meshes/tm700/visual/Arm1.dae:Zone.Identifier
[0.930s] -- Up-to-date: /home/pizzu01/ros2_humble/install/tm_description/share/tm_description/meshes/tm700/visual/Arm2.dae
[0.931s] -- Up-to-date: /home/pizzu01/ros2_humble/install/tm_description/share/tm_description/meshes/tm700/visual/Wrist3.dae:Zone.Identifier
[0.931s] -- Up-to-date: /home/pizzu01/ros2_humble/install/tm_description/share/tm_description/meshes/tm700/visual/Wrist3_.dae:Zone.Identifier
[0.932s] -- Up-to-date: /home/pizzu01/ros2_humble/install/tm_description/share/tm_description/meshes/tm700/visual/Base.dae
[0.932s] -- Up-to-date: /home/pizzu01/ros2_humble/install/tm_description/share/tm_description/meshes/tm700/visual/Wrist2.STL
[0.932s] -- Up-to-date: /home/pizzu01/ros2_humble/install/tm_description/share/tm_description/meshes/tm700/visual/Arm1.STL:Zone.Identifier
[0.933s] -- Up-to-date: /home/pizzu01/ros2_humble/install/tm_description/share/tm_description/meshes/tm700/visual/Wrist3_.dae
[0.933s] -- Up-to-date: /home/pizzu01/ros2_humble/install/tm_description/share/tm_description/meshes/tm700/visual/Base.dae:Zone.Identifier
[0.933s] -- Up-to-date: /home/pizzu01/ros2_humble/install/tm_description/share/tm_description/meshes/tm700/visual/Wrist3.dae
[0.933s] -- Up-to-date: /home/pizzu01/ros2_humble/install/tm_description/share/tm_description/meshes/tm700/visual/Wrist2.STL:Zone.Identifier
[0.933s] -- Up-to-date: /home/pizzu01/ros2_humble/install/tm_description/share/tm_description/meshes/tm700/visual/Arm1.dae
[0.934s] -- Up-to-date: /home/pizzu01/ros2_humble/install/tm_description/share/tm_description/meshes/tm700/visual/Wrist1.dae
[0.934s] -- Up-to-date: /home/pizzu01/ros2_humble/install/tm_description/share/tm_description/meshes/tm700/visual/Shoulder1.dae:Zone.Identifier
[0.935s] -- Up-to-date: /home/pizzu01/ros2_humble/install/tm_description/share/tm_description/meshes/tm700/visual/Wrist1.STL:Zone.Identifier
[0.935s] -- Up-to-date: /home/pizzu01/ros2_humble/install/tm_description/share/tm_description/meshes/tm700/visual/Shoulder1.STL:Zone.Identifier
[0.935s] -- Up-to-date: /home/pizzu01/ros2_humble/install/tm_description/share/tm_description/meshes/tm700/visual/Base.STL
[0.935s] -- Up-to-date: /home/pizzu01/ros2_humble/install/tm_description/share/tm_description/meshes/tm700/visual/Wrist2.dae:Zone.Identifier
[0.936s] -- Up-to-date: /home/pizzu01/ros2_humble/install/tm_description/share/tm_description/meshes/tm700/visual/Wrist3.STL:Zone.Identifier
[0.936s] -- Up-to-date: /home/pizzu01/ros2_humble/install/tm_description/share/tm_description/meshes/tm700/visual/Arm1.STL
[0.936s] -- Up-to-date: /home/pizzu01/ros2_humble/install/tm_description/share/tm_description/meshes/tm700/collision
[0.937s] -- Up-to-date: /home/pizzu01/ros2_humble/install/tm_description/share/tm_description/meshes/tm700/collision/wrist_2.STL
[0.937s] -- Up-to-date: /home/pizzu01/ros2_humble/install/tm_description/share/tm_description/meshes/tm700/collision/base.STL
[0.937s] -- Up-to-date: /home/pizzu01/ros2_humble/install/tm_description/share/tm_description/meshes/tm700/collision/arm_1.STL
[0.937s] -- Up-to-date: /home/pizzu01/ros2_humble/install/tm_description/share/tm_description/meshes/tm700/collision/wrist_2.STL:Zone.Identifier
[0.938s] -- Up-to-date: /home/pizzu01/ros2_humble/install/tm_description/share/tm_description/meshes/tm700/collision/wrist_3.STL:Zone.Identifier
[0.938s] -- Up-to-date: /home/pizzu01/ros2_humble/install/tm_description/share/tm_description/meshes/tm700/collision/base.STL:Zone.Identifier
[0.938s] -- Up-to-date: /home/pizzu01/ros2_humble/install/tm_description/share/tm_description/meshes/tm700/collision/wrist_1.STL:Zone.Identifier
[0.938s] -- Up-to-date: /home/pizzu01/ros2_humble/install/tm_description/share/tm_description/meshes/tm700/collision/arm_2.STL:Zone.Identifier
[0.939s] -- Up-to-date: /home/pizzu01/ros2_humble/install/tm_description/share/tm_description/meshes/tm700/collision/shoulder_1.STL:Zone.Identifier
[0.940s] -- Up-to-date: /home/pizzu01/ros2_humble/install/tm_description/share/tm_description/meshes/tm700/collision/shoulder_1.STL
[0.940s] -- Up-to-date: /home/pizzu01/ros2_humble/install/tm_description/share/tm_description/meshes/tm700/collision/arm_2.STL
[0.940s] -- Up-to-date: /home/pizzu01/ros2_humble/install/tm_description/share/tm_description/meshes/tm700/collision/wrist_3_1.STL
[0.940s] -- Up-to-date: /home/pizzu01/ros2_humble/install/tm_description/share/tm_description/meshes/tm700/collision/wrist_3_2.STL:Zone.Identifier
[0.940s] -- Up-to-date: /home/pizzu01/ros2_humble/install/tm_description/share/tm_description/meshes/tm700/collision/wrist_3_2.STL
[0.940s] -- Up-to-date: /home/pizzu01/ros2_humble/install/tm_description/share/tm_description/meshes/tm700/collision/wrist_3_1.STL:Zone.Identifier
[0.940s] -- Up-to-date: /home/pizzu01/ros2_humble/install/tm_description/share/tm_description/meshes/tm700/collision/arm_1.STL:Zone.Identifier
[0.941s] -- Up-to-date: /home/pizzu01/ros2_humble/install/tm_description/share/tm_description/meshes/tm700/collision/wrist_3.STL
[0.941s] -- Up-to-date: /home/pizzu01/ros2_humble/install/tm_description/share/tm_description/meshes/tm700/collision/wrist_1.STL
[0.941s] -- Up-to-date: /home/pizzu01/ros2_humble/install/tm_description/share/tm_description/meshes/tm900
[0.941s] -- Up-to-date: /home/pizzu01/ros2_humble/install/tm_description/share/tm_description/meshes/tm900/visual
[0.942s] -- Up-to-date: /home/pizzu01/ros2_humble/install/tm_description/share/tm_description/meshes/tm900/visual/Wrist2.dae
[0.942s] -- Up-to-date: /home/pizzu01/ros2_humble/install/tm_description/share/tm_description/meshes/tm900/visual/Wrist1.STL
[0.943s] -- Up-to-date: /home/pizzu01/ros2_humble/install/tm_description/share/tm_description/meshes/tm900/visual/Shoulder1.STL
[0.943s] -- Up-to-date: /home/pizzu01/ros2_humble/install/tm_description/share/tm_description/meshes/tm900/visual/Arm2.dae:Zone.Identifier
[0.943s] -- Up-to-date: /home/pizzu01/ros2_humble/install/tm_description/share/tm_description/meshes/tm900/visual/Arm2.STL:Zone.Identifier
[0.944s] -- Up-to-date: /home/pizzu01/ros2_humble/install/tm_description/share/tm_description/meshes/tm900/visual/Wrist3.STL
[0.947s] -- Up-to-date: /home/pizzu01/ros2_humble/install/tm_description/share/tm_description/meshes/tm900/visual/Arm2.STL
[0.947s] -- Up-to-date: /home/pizzu01/ros2_humble/install/tm_description/share/tm_description/meshes/tm900/visual/Wrist1.dae:Zone.Identifier
[0.948s] -- Up-to-date: /home/pizzu01/ros2_humble/install/tm_description/share/tm_description/meshes/tm900/visual/Base.STL:Zone.Identifier
[0.948s] -- Up-to-date: /home/pizzu01/ros2_humble/install/tm_description/share/tm_description/meshes/tm900/visual/Shoulder1.dae
[0.948s] -- Up-to-date: /home/pizzu01/ros2_humble/install/tm_description/share/tm_description/meshes/tm900/visual/Arm1.dae:Zone.Identifier
[0.949s] -- Up-to-date: /home/pizzu01/ros2_humble/install/tm_description/share/tm_description/meshes/tm900/visual/Arm2.dae
[0.949s] -- Up-to-date: /home/pizzu01/ros2_humble/install/tm_description/share/tm_description/meshes/tm900/visual/Wrist3.dae:Zone.Identifier
[0.950s] -- Up-to-date: /home/pizzu01/ros2_humble/install/tm_description/share/tm_description/meshes/tm900/visual/Base.dae
[0.951s] -- Up-to-date: /home/pizzu01/ros2_humble/install/tm_description/share/tm_description/meshes/tm900/visual/Wrist2.STL
[0.951s] -- Up-to-date: /home/pizzu01/ros2_humble/install/tm_description/share/tm_description/meshes/tm900/visual/Arm1.STL:Zone.Identifier
[0.952s] -- Up-to-date: /home/pizzu01/ros2_humble/install/tm_description/share/tm_description/meshes/tm900/visual/Base.dae:Zone.Identifier
[0.952s] -- Up-to-date: /home/pizzu01/ros2_humble/install/tm_description/share/tm_description/meshes/tm900/visual/Wrist3.dae
[0.952s] -- Up-to-date: /home/pizzu01/ros2_humble/install/tm_description/share/tm_description/meshes/tm900/visual/Wrist2.STL:Zone.Identifier
[0.953s] -- Up-to-date: /home/pizzu01/ros2_humble/install/tm_description/share/tm_description/meshes/tm900/visual/Arm1.dae
[0.953s] -- Up-to-date: /home/pizzu01/ros2_humble/install/tm_description/share/tm_description/meshes/tm900/visual/Wrist1.dae
[0.954s] -- Up-to-date: /home/pizzu01/ros2_humble/install/tm_description/share/tm_description/meshes/tm900/visual/Shoulder1.dae:Zone.Identifier
[0.955s] -- Up-to-date: /home/pizzu01/ros2_humble/install/tm_description/share/tm_description/meshes/tm900/visual/Wrist1.STL:Zone.Identifier
[0.957s] -- Up-to-date: /home/pizzu01/ros2_humble/install/tm_description/share/tm_description/meshes/tm900/visual/Shoulder1.STL:Zone.Identifier
[0.958s] -- Up-to-date: /home/pizzu01/ros2_humble/install/tm_description/share/tm_description/meshes/tm900/visual/Base.STL
[0.958s] -- Up-to-date: /home/pizzu01/ros2_humble/install/tm_description/share/tm_description/meshes/tm900/visual/Wrist2.dae:Zone.Identifier
[0.959s] -- Up-to-date: /home/pizzu01/ros2_humble/install/tm_description/share/tm_description/meshes/tm900/visual/Wrist3.STL:Zone.Identifier
[0.959s] -- Up-to-date: /home/pizzu01/ros2_humble/install/tm_description/share/tm_description/meshes/tm900/visual/Arm1.STL
[0.960s] -- Up-to-date: /home/pizzu01/ros2_humble/install/tm_description/share/tm_description/meshes/tm900/model.config:Zone.Identifier
[0.961s] -- Up-to-date: /home/pizzu01/ros2_humble/install/tm_description/share/tm_description/meshes/tm900/model.sdf
[0.962s] -- Up-to-date: /home/pizzu01/ros2_humble/install/tm_description/share/tm_description/meshes/tm900/model.config
[0.962s] -- Up-to-date: /home/pizzu01/ros2_humble/install/tm_description/share/tm_description/meshes/tm900/collision
[0.962s] -- Up-to-date: /home/pizzu01/ros2_humble/install/tm_description/share/tm_description/meshes/tm900/collision/wrist_2.STL
[0.962s] -- Up-to-date: /home/pizzu01/ros2_humble/install/tm_description/share/tm_description/meshes/tm900/collision/base.STL
[0.962s] -- Up-to-date: /home/pizzu01/ros2_humble/install/tm_description/share/tm_description/meshes/tm900/collision/arm_1.STL
[0.963s] -- Up-to-date: /home/pizzu01/ros2_humble/install/tm_description/share/tm_description/meshes/tm900/collision/wrist_2.STL:Zone.Identifier
[0.964s] -- Up-to-date: /home/pizzu01/ros2_humble/install/tm_description/share/tm_description/meshes/tm900/collision/wrist_3.STL:Zone.Identifier
[0.967s] -- Up-to-date: /home/pizzu01/ros2_humble/install/tm_description/share/tm_description/meshes/tm900/collision/base.STL:Zone.Identifier
[0.967s] -- Up-to-date: /home/pizzu01/ros2_humble/install/tm_description/share/tm_description/meshes/tm900/collision/wrist_1.STL:Zone.Identifier
[0.969s] -- Up-to-date: /home/pizzu01/ros2_humble/install/tm_description/share/tm_description/meshes/tm900/collision/arm_2.STL:Zone.Identifier
[0.970s] -- Up-to-date: /home/pizzu01/ros2_humble/install/tm_description/share/tm_description/meshes/tm900/collision/shoulder_1.STL:Zone.Identifier
[0.970s] -- Up-to-date: /home/pizzu01/ros2_humble/install/tm_description/share/tm_description/meshes/tm900/collision/shoulder_1.STL
[0.971s] -- Up-to-date: /home/pizzu01/ros2_humble/install/tm_description/share/tm_description/meshes/tm900/collision/arm_2.STL
[0.971s] -- Up-to-date: /home/pizzu01/ros2_humble/install/tm_description/share/tm_description/meshes/tm900/collision/wrist_3_1.STL
[0.973s] -- Up-to-date: /home/pizzu01/ros2_humble/install/tm_description/share/tm_description/meshes/tm900/collision/wrist_3_2.STL:Zone.Identifier
[0.973s] -- Up-to-date: /home/pizzu01/ros2_humble/install/tm_description/share/tm_description/meshes/tm900/collision/wrist_3_2.STL
[0.973s] -- Up-to-date: /home/pizzu01/ros2_humble/install/tm_description/share/tm_description/meshes/tm900/collision/wrist_3_1.STL:Zone.Identifier
[0.973s] -- Up-to-date: /home/pizzu01/ros2_humble/install/tm_description/share/tm_description/meshes/tm900/collision/arm_1.STL:Zone.Identifier
[0.973s] -- Up-to-date: /home/pizzu01/ros2_humble/install/tm_description/share/tm_description/meshes/tm900/collision/wrist_3.STL
[0.974s] -- Up-to-date: /home/pizzu01/ros2_humble/install/tm_description/share/tm_description/meshes/tm900/collision/wrist_1.STL
[0.974s] -- Up-to-date: /home/pizzu01/ros2_humble/install/tm_description/share/tm_description/launch
[0.974s] -- Up-to-date: /home/pizzu01/ros2_humble/install/tm_description/share/tm_description/launch/tm900_upload.launch
[0.974s] -- Up-to-date: /home/pizzu01/ros2_humble/install/tm_description/share/tm_description/launch/test.launch
[0.975s] -- Up-to-date: /home/pizzu01/ros2_humble/install/tm_description/share/tm_description/launch/tm700_upload.launch
[0.975s] -- Up-to-date: /home/pizzu01/ros2_humble/install/tm_description/share/tm_description/launch/tm700_upload.launch:Zone.Identifier
[0.975s] -- Up-to-date: /home/pizzu01/ros2_humble/install/tm_description/share/tm_description/launch/test.launch:Zone.Identifier
[0.975s] -- Up-to-date: /home/pizzu01/ros2_humble/install/tm_description/share/tm_description/launch/tm900_upload.launch:Zone.Identifier
[0.975s] -- Up-to-date: /home/pizzu01/ros2_humble/install/tm_description/share/tm_description/config
[0.976s] -- Up-to-date: /home/pizzu01/ros2_humble/install/tm_description/share/ament_index/resource_index/package_run_dependencies/tm_description
[0.976s] -- Up-to-date: /home/pizzu01/ros2_humble/install/tm_description/share/ament_index/resource_index/parent_prefix_path/tm_description
[0.976s] -- Up-to-date: /home/pizzu01/ros2_humble/install/tm_description/share/tm_description/environment/ament_prefix_path.sh
[0.977s] -- Up-to-date: /home/pizzu01/ros2_humble/install/tm_description/share/tm_description/environment/ament_prefix_path.dsv
[0.977s] -- Up-to-date: /home/pizzu01/ros2_humble/install/tm_description/share/tm_description/environment/path.sh
[0.978s] -- Up-to-date: /home/pizzu01/ros2_humble/install/tm_description/share/tm_description/environment/path.dsv
[0.978s] -- Up-to-date: /home/pizzu01/ros2_humble/install/tm_description/share/tm_description/local_setup.bash
[0.979s] -- Up-to-date: /home/pizzu01/ros2_humble/install/tm_description/share/tm_description/local_setup.sh
[0.979s] -- Up-to-date: /home/pizzu01/ros2_humble/install/tm_description/share/tm_description/local_setup.zsh
[0.979s] -- Up-to-date: /home/pizzu01/ros2_humble/install/tm_description/share/tm_description/local_setup.dsv
[0.979s] -- Installing: /home/pizzu01/ros2_humble/install/tm_description/share/tm_description/package.dsv
[0.979s] -- Up-to-date: /home/pizzu01/ros2_humble/install/tm_description/share/ament_index/resource_index/packages/tm_description
[0.980s] -- Up-to-date: /home/pizzu01/ros2_humble/install/tm_description/share/tm_description/cmake/tm_descriptionConfig.cmake
[0.981s] -- Up-to-date: /home/pizzu01/ros2_humble/install/tm_description/share/tm_description/cmake/tm_descriptionConfig-version.cmake
[0.981s] -- Up-to-date: /home/pizzu01/ros2_humble/install/tm_description/share/tm_description/package.xml
[1.022s] Invoked command in '/home/pizzu01/ros2_humble/build/tm_description' returned '0': CMAKE_PREFIX_PATH=${CMAKE_PREFIX_PATH}:/home/pizzu01/ros2_humble/install/ros_tcp_endpoint:/home/pizzu01/ros2_humble/install/my_ros2_package:/home/pizzu01/install/ros_tcp_endpoint:/home/pizzu01/install/my_ros2_package:/opt/ros/humble /usr/bin/cmake --install /home/pizzu01/ros2_humble/build/tm_description
