[0.423s] DEBUG:colcon:Command line arguments: ['/usr/bin/colcon', 'build']
[0.423s] DEBUG:colcon:Parsed command line arguments: Namespace(log_base=None, log_level=None, verb_name='build', build_base='build', install_base='install', merge_install=False, symlink_install=False, test_result_base=None, continue_on_error=False, executor='parallel', parallel_workers=4, event_handlers=None, ignore_user_meta=False, metas=['./colcon.meta'], base_paths=['.'], packages_ignore=None, packages_ignore_regex=None, paths=None, packages_up_to=None, packages_up_to_regex=None, packages_above=None, packages_above_and_dependencies=None, packages_above_depth=None, packages_select_by_dep=None, packages_skip_by_dep=None, packages_skip_up_to=None, packages_select_build_failed=False, packages_skip_build_finished=False, packages_select_test_failures=False, packages_skip_test_passed=False, packages_select=None, packages_skip=None, packages_select_regex=None, packages_skip_regex=None, packages_start=None, packages_end=None, allow_overriding=[], cmake_args=None, cmake_target=None, cmake_target_skip_unavailable=False, cmake_clean_cache=False, cmake_clean_first=False, cmake_force_configure=False, ament_cmake_args=None, catkin_cmake_args=None, catkin_skip_building_tests=False, verb_parser=<colcon_defaults.argument_parser.defaults.DefaultArgumentsDecorator object at 0x7fef5b870670>, verb_extension=<colcon_core.verb.build.BuildVerb object at 0x7fef5b9f9a20>, main=<bound method BuildVerb.main of <colcon_core.verb.build.BuildVerb object at 0x7fef5b9f9a20>>)
[0.728s] Level 1:colcon.colcon_core.package_discovery:discover_packages(colcon_meta) check parameters
[0.728s] Level 1:colcon.colcon_core.package_discovery:discover_packages(recursive) check parameters
[0.728s] Level 1:colcon.colcon_core.package_discovery:discover_packages(ignore) check parameters
[0.728s] Level 1:colcon.colcon_core.package_discovery:discover_packages(path) check parameters
[0.728s] Level 1:colcon.colcon_core.package_discovery:discover_packages(colcon_meta) discover
[0.728s] Level 1:colcon.colcon_core.package_discovery:discover_packages(recursive) discover
[0.728s] INFO:colcon.colcon_core.package_discovery:Crawling recursively for packages in '/home/pizzu01/ros2_humble'
[0.728s] Level 1:colcon.colcon_core.package_identification:_identify(.) by extensions ['ignore', 'ignore_ament_install']
[0.728s] Level 1:colcon.colcon_core.package_identification:_identify(.) by extension 'ignore'
[0.728s] Level 1:colcon.colcon_core.package_identification:_identify(.) by extension 'ignore_ament_install'
[0.728s] Level 1:colcon.colcon_core.package_identification:_identify(.) by extensions ['colcon_pkg']
[0.728s] Level 1:colcon.colcon_core.package_identification:_identify(.) by extension 'colcon_pkg'
[0.728s] Level 1:colcon.colcon_core.package_identification:_identify(.) by extensions ['colcon_meta']
[0.729s] Level 1:colcon.colcon_core.package_identification:_identify(.) by extension 'colcon_meta'
[0.729s] Level 1:colcon.colcon_core.package_identification:_identify(.) by extensions ['ros']
[0.729s] Level 1:colcon.colcon_core.package_identification:_identify(.) by extension 'ros'
[0.744s] Level 1:colcon.colcon_core.package_identification:_identify(.) by extensions ['cmake', 'python']
[0.744s] Level 1:colcon.colcon_core.package_identification:_identify(.) by extension 'cmake'
[0.744s] Level 1:colcon.colcon_core.package_identification:_identify(.) by extension 'python'
[0.744s] Level 1:colcon.colcon_core.package_identification:_identify(.) by extensions ['python_setup_py']
[0.744s] Level 1:colcon.colcon_core.package_identification:_identify(.) by extension 'python_setup_py'
[0.744s] Level 1:colcon.colcon_core.package_identification:_identify(build) by extensions ['ignore', 'ignore_ament_install']
[0.744s] Level 1:colcon.colcon_core.package_identification:_identify(build) by extension 'ignore'
[0.744s] Level 1:colcon.colcon_core.package_identification:_identify(build) ignored
[0.744s] Level 1:colcon.colcon_core.package_identification:_identify(install) by extensions ['ignore', 'ignore_ament_install']
[0.745s] Level 1:colcon.colcon_core.package_identification:_identify(install) by extension 'ignore'
[0.745s] Level 1:colcon.colcon_core.package_identification:_identify(install) ignored
[0.745s] Level 1:colcon.colcon_core.package_identification:_identify(log) by extensions ['ignore', 'ignore_ament_install']
[0.745s] Level 1:colcon.colcon_core.package_identification:_identify(log) by extension 'ignore'
[0.745s] Level 1:colcon.colcon_core.package_identification:_identify(log) ignored
[0.745s] Level 1:colcon.colcon_core.package_identification:_identify(src) by extensions ['ignore', 'ignore_ament_install']
[0.745s] Level 1:colcon.colcon_core.package_identification:_identify(src) by extension 'ignore'
[0.745s] Level 1:colcon.colcon_core.package_identification:_identify(src) by extension 'ignore_ament_install'
[0.745s] Level 1:colcon.colcon_core.package_identification:_identify(src) by extensions ['colcon_pkg']
[0.745s] Level 1:colcon.colcon_core.package_identification:_identify(src) by extension 'colcon_pkg'
[0.745s] Level 1:colcon.colcon_core.package_identification:_identify(src) by extensions ['colcon_meta']
[0.745s] Level 1:colcon.colcon_core.package_identification:_identify(src) by extension 'colcon_meta'
[0.745s] Level 1:colcon.colcon_core.package_identification:_identify(src) by extensions ['ros']
[0.745s] Level 1:colcon.colcon_core.package_identification:_identify(src) by extension 'ros'
[0.746s] Level 1:colcon.colcon_core.package_identification:_identify(src) by extensions ['cmake', 'python']
[0.746s] Level 1:colcon.colcon_core.package_identification:_identify(src) by extension 'cmake'
[0.746s] Level 1:colcon.colcon_core.package_identification:_identify(src) by extension 'python'
[0.746s] Level 1:colcon.colcon_core.package_identification:_identify(src) by extensions ['python_setup_py']
[0.746s] Level 1:colcon.colcon_core.package_identification:_identify(src) by extension 'python_setup_py'
[0.746s] Level 1:colcon.colcon_core.package_identification:_identify(src/ROS-TCP-Endpoint) by extensions ['ignore', 'ignore_ament_install']
[0.746s] Level 1:colcon.colcon_core.package_identification:_identify(src/ROS-TCP-Endpoint) by extension 'ignore'
[0.746s] Level 1:colcon.colcon_core.package_identification:_identify(src/ROS-TCP-Endpoint) by extension 'ignore_ament_install'
[0.746s] Level 1:colcon.colcon_core.package_identification:_identify(src/ROS-TCP-Endpoint) by extensions ['colcon_pkg']
[0.746s] Level 1:colcon.colcon_core.package_identification:_identify(src/ROS-TCP-Endpoint) by extension 'colcon_pkg'
[0.746s] Level 1:colcon.colcon_core.package_identification:_identify(src/ROS-TCP-Endpoint) by extensions ['colcon_meta']
[0.747s] Level 1:colcon.colcon_core.package_identification:_identify(src/ROS-TCP-Endpoint) by extension 'colcon_meta'
[0.747s] Level 1:colcon.colcon_core.package_identification:_identify(src/ROS-TCP-Endpoint) by extensions ['ros']
[0.747s] Level 1:colcon.colcon_core.package_identification:_identify(src/ROS-TCP-Endpoint) by extension 'ros'
[0.750s] DEBUG:colcon.colcon_core.package_identification:Package 'src/ROS-TCP-Endpoint' with type 'ros.ament_python' and name 'ros_tcp_endpoint'
[0.750s] Level 1:colcon.colcon_core.package_identification:_identify(src/hello_moveit) by extensions ['ignore', 'ignore_ament_install']
[0.750s] Level 1:colcon.colcon_core.package_identification:_identify(src/hello_moveit) by extension 'ignore'
[0.750s] Level 1:colcon.colcon_core.package_identification:_identify(src/hello_moveit) by extension 'ignore_ament_install'
[0.751s] Level 1:colcon.colcon_core.package_identification:_identify(src/hello_moveit) by extensions ['colcon_pkg']
[0.751s] Level 1:colcon.colcon_core.package_identification:_identify(src/hello_moveit) by extension 'colcon_pkg'
[0.751s] Level 1:colcon.colcon_core.package_identification:_identify(src/hello_moveit) by extensions ['colcon_meta']
[0.751s] Level 1:colcon.colcon_core.package_identification:_identify(src/hello_moveit) by extension 'colcon_meta'
[0.751s] Level 1:colcon.colcon_core.package_identification:_identify(src/hello_moveit) by extensions ['ros']
[0.751s] Level 1:colcon.colcon_core.package_identification:_identify(src/hello_moveit) by extension 'ros'
[0.753s] DEBUG:colcon.colcon_core.package_identification:Package 'src/hello_moveit' with type 'ros.ament_cmake' and name 'hello_moveit'
[0.754s] Level 1:colcon.colcon_core.package_identification:_identify(src/my_ros2_package) by extensions ['ignore', 'ignore_ament_install']
[0.754s] Level 1:colcon.colcon_core.package_identification:_identify(src/my_ros2_package) by extension 'ignore'
[0.754s] Level 1:colcon.colcon_core.package_identification:_identify(src/my_ros2_package) by extension 'ignore_ament_install'
[0.754s] Level 1:colcon.colcon_core.package_identification:_identify(src/my_ros2_package) by extensions ['colcon_pkg']
[0.754s] Level 1:colcon.colcon_core.package_identification:_identify(src/my_ros2_package) by extension 'colcon_pkg'
[0.754s] Level 1:colcon.colcon_core.package_identification:_identify(src/my_ros2_package) by extensions ['colcon_meta']
[0.754s] Level 1:colcon.colcon_core.package_identification:_identify(src/my_ros2_package) by extension 'colcon_meta'
[0.755s] Level 1:colcon.colcon_core.package_identification:_identify(src/my_ros2_package) by extensions ['ros']
[0.755s] Level 1:colcon.colcon_core.package_identification:_identify(src/my_ros2_package) by extension 'ros'
[0.756s] DEBUG:colcon.colcon_core.package_identification:Package 'src/my_ros2_package' with type 'ros.ament_python' and name 'my_ros2_package'
[0.757s] Level 1:colcon.colcon_core.package_identification:_identify(src/tm_description) by extensions ['ignore', 'ignore_ament_install']
[0.758s] Level 1:colcon.colcon_core.package_identification:_identify(src/tm_description) by extension 'ignore'
[0.758s] Level 1:colcon.colcon_core.package_identification:_identify(src/tm_description) by extension 'ignore_ament_install'
[0.758s] Level 1:colcon.colcon_core.package_identification:_identify(src/tm_description) by extensions ['colcon_pkg']
[0.758s] Level 1:colcon.colcon_core.package_identification:_identify(src/tm_description) by extension 'colcon_pkg'
[0.758s] Level 1:colcon.colcon_core.package_identification:_identify(src/tm_description) by extensions ['colcon_meta']
[0.758s] Level 1:colcon.colcon_core.package_identification:_identify(src/tm_description) by extension 'colcon_meta'
[0.758s] Level 1:colcon.colcon_core.package_identification:_identify(src/tm_description) by extensions ['ros']
[0.758s] Level 1:colcon.colcon_core.package_identification:_identify(src/tm_description) by extension 'ros'
[0.759s] DEBUG:colcon.colcon_core.package_identification:Package 'src/tm_description' with type 'ros.ament_cmake' and name 'tm_description'
[0.759s] Level 1:colcon.colcon_core.package_identification:_identify(src/tm_moveit_config) by extensions ['ignore', 'ignore_ament_install']
[0.759s] Level 1:colcon.colcon_core.package_identification:_identify(src/tm_moveit_config) by extension 'ignore'
[0.759s] Level 1:colcon.colcon_core.package_identification:_identify(src/tm_moveit_config) by extension 'ignore_ament_install'
[0.759s] Level 1:colcon.colcon_core.package_identification:_identify(src/tm_moveit_config) by extensions ['colcon_pkg']
[0.759s] Level 1:colcon.colcon_core.package_identification:_identify(src/tm_moveit_config) by extension 'colcon_pkg'
[0.759s] Level 1:colcon.colcon_core.package_identification:_identify(src/tm_moveit_config) by extensions ['colcon_meta']
[0.759s] Level 1:colcon.colcon_core.package_identification:_identify(src/tm_moveit_config) by extension 'colcon_meta'
[0.759s] Level 1:colcon.colcon_core.package_identification:_identify(src/tm_moveit_config) by extensions ['ros']
[0.760s] Level 1:colcon.colcon_core.package_identification:_identify(src/tm_moveit_config) by extension 'ros'
[0.761s] DEBUG:colcon.colcon_core.package_identification:Package 'src/tm_moveit_config' with type 'ros.ament_cmake' and name 'tm_moveit_config'
[0.761s] Level 1:colcon.colcon_core.package_discovery:discover_packages(recursive) using defaults
[0.761s] Level 1:colcon.colcon_core.package_discovery:discover_packages(ignore) discover
[0.761s] Level 1:colcon.colcon_core.package_discovery:discover_packages(ignore) using defaults
[0.761s] Level 1:colcon.colcon_core.package_discovery:discover_packages(path) discover
[0.761s] Level 1:colcon.colcon_core.package_discovery:discover_packages(path) using defaults
[0.803s] Level 1:colcon.colcon_core.package_discovery:discover_packages(prefix_path) check parameters
[0.804s] Level 1:colcon.colcon_core.package_discovery:discover_packages(prefix_path) discover
[0.825s] DEBUG:colcon.colcon_installed_package_information.package_discovery:Found 5 installed packages in /home/pizzu01/ros2_humble/install
[0.826s] DEBUG:colcon.colcon_installed_package_information.package_discovery:Found 2 installed packages in /home/pizzu01/install
[0.828s] DEBUG:colcon.colcon_installed_package_information.package_discovery:Found 353 installed packages in /opt/ros/humble
[0.830s] Level 1:colcon.colcon_core.package_discovery:discover_packages(prefix_path) using defaults
[0.917s] Level 5:colcon.colcon_core.verb:set package 'hello_moveit' build argument 'cmake_args' from command line to 'None'
[0.917s] Level 5:colcon.colcon_core.verb:set package 'hello_moveit' build argument 'cmake_target' from command line to 'None'
[0.917s] Level 5:colcon.colcon_core.verb:set package 'hello_moveit' build argument 'cmake_target_skip_unavailable' from command line to 'False'
[0.917s] Level 5:colcon.colcon_core.verb:set package 'hello_moveit' build argument 'cmake_clean_cache' from command line to 'False'
[0.917s] Level 5:colcon.colcon_core.verb:set package 'hello_moveit' build argument 'cmake_clean_first' from command line to 'False'
[0.917s] Level 5:colcon.colcon_core.verb:set package 'hello_moveit' build argument 'cmake_force_configure' from command line to 'False'
[0.917s] Level 5:colcon.colcon_core.verb:set package 'hello_moveit' build argument 'ament_cmake_args' from command line to 'None'
[0.917s] Level 5:colcon.colcon_core.verb:set package 'hello_moveit' build argument 'catkin_cmake_args' from command line to 'None'
[0.917s] Level 5:colcon.colcon_core.verb:set package 'hello_moveit' build argument 'catkin_skip_building_tests' from command line to 'False'
[0.917s] DEBUG:colcon.colcon_core.verb:Building package 'hello_moveit' with the following arguments: {'ament_cmake_args': None, 'build_base': '/home/pizzu01/ros2_humble/build/hello_moveit', 'catkin_cmake_args': None, 'catkin_skip_building_tests': False, 'cmake_args': None, 'cmake_clean_cache': False, 'cmake_clean_first': False, 'cmake_force_configure': False, 'cmake_target': None, 'cmake_target_skip_unavailable': False, 'install_base': '/home/pizzu01/ros2_humble/install/hello_moveit', 'merge_install': False, 'path': '/home/pizzu01/ros2_humble/src/hello_moveit', 'symlink_install': False, 'test_result_base': None}
[0.918s] Level 5:colcon.colcon_core.verb:set package 'my_ros2_package' build argument 'cmake_args' from command line to 'None'
[0.919s] Level 5:colcon.colcon_core.verb:set package 'my_ros2_package' build argument 'cmake_target' from command line to 'None'
[0.919s] Level 5:colcon.colcon_core.verb:set package 'my_ros2_package' build argument 'cmake_target_skip_unavailable' from command line to 'False'
[0.919s] Level 5:colcon.colcon_core.verb:set package 'my_ros2_package' build argument 'cmake_clean_cache' from command line to 'False'
[0.919s] Level 5:colcon.colcon_core.verb:set package 'my_ros2_package' build argument 'cmake_clean_first' from command line to 'False'
[0.919s] Level 5:colcon.colcon_core.verb:set package 'my_ros2_package' build argument 'cmake_force_configure' from command line to 'False'
[0.919s] Level 5:colcon.colcon_core.verb:set package 'my_ros2_package' build argument 'ament_cmake_args' from command line to 'None'
[0.919s] Level 5:colcon.colcon_core.verb:set package 'my_ros2_package' build argument 'catkin_cmake_args' from command line to 'None'
[0.919s] Level 5:colcon.colcon_core.verb:set package 'my_ros2_package' build argument 'catkin_skip_building_tests' from command line to 'False'
[0.919s] DEBUG:colcon.colcon_core.verb:Building package 'my_ros2_package' with the following arguments: {'ament_cmake_args': None, 'build_base': '/home/pizzu01/ros2_humble/build/my_ros2_package', 'catkin_cmake_args': None, 'catkin_skip_building_tests': False, 'cmake_args': None, 'cmake_clean_cache': False, 'cmake_clean_first': False, 'cmake_force_configure': False, 'cmake_target': None, 'cmake_target_skip_unavailable': False, 'install_base': '/home/pizzu01/ros2_humble/install/my_ros2_package', 'merge_install': False, 'path': '/home/pizzu01/ros2_humble/src/my_ros2_package', 'symlink_install': False, 'test_result_base': None}
[0.920s] Level 5:colcon.colcon_core.verb:set package 'ros_tcp_endpoint' build argument 'cmake_args' from command line to 'None'
[0.920s] Level 5:colcon.colcon_core.verb:set package 'ros_tcp_endpoint' build argument 'cmake_target' from command line to 'None'
[0.920s] Level 5:colcon.colcon_core.verb:set package 'ros_tcp_endpoint' build argument 'cmake_target_skip_unavailable' from command line to 'False'
[0.920s] Level 5:colcon.colcon_core.verb:set package 'ros_tcp_endpoint' build argument 'cmake_clean_cache' from command line to 'False'
[0.920s] Level 5:colcon.colcon_core.verb:set package 'ros_tcp_endpoint' build argument 'cmake_clean_first' from command line to 'False'
[0.920s] Level 5:colcon.colcon_core.verb:set package 'ros_tcp_endpoint' build argument 'cmake_force_configure' from command line to 'False'
[0.920s] Level 5:colcon.colcon_core.verb:set package 'ros_tcp_endpoint' build argument 'ament_cmake_args' from command line to 'None'
[0.920s] Level 5:colcon.colcon_core.verb:set package 'ros_tcp_endpoint' build argument 'catkin_cmake_args' from command line to 'None'
[0.920s] Level 5:colcon.colcon_core.verb:set package 'ros_tcp_endpoint' build argument 'catkin_skip_building_tests' from command line to 'False'
[0.920s] DEBUG:colcon.colcon_core.verb:Building package 'ros_tcp_endpoint' with the following arguments: {'ament_cmake_args': None, 'build_base': '/home/pizzu01/ros2_humble/build/ros_tcp_endpoint', 'catkin_cmake_args': None, 'catkin_skip_building_tests': False, 'cmake_args': None, 'cmake_clean_cache': False, 'cmake_clean_first': False, 'cmake_force_configure': False, 'cmake_target': None, 'cmake_target_skip_unavailable': False, 'install_base': '/home/pizzu01/ros2_humble/install/ros_tcp_endpoint', 'merge_install': False, 'path': '/home/pizzu01/ros2_humble/src/ROS-TCP-Endpoint', 'symlink_install': False, 'test_result_base': None}
[0.920s] Level 5:colcon.colcon_core.verb:set package 'tm_description' build argument 'cmake_args' from command line to 'None'
[0.920s] Level 5:colcon.colcon_core.verb:set package 'tm_description' build argument 'cmake_target' from command line to 'None'
[0.921s] Level 5:colcon.colcon_core.verb:set package 'tm_description' build argument 'cmake_target_skip_unavailable' from command line to 'False'
[0.921s] Level 5:colcon.colcon_core.verb:set package 'tm_description' build argument 'cmake_clean_cache' from command line to 'False'
[0.921s] Level 5:colcon.colcon_core.verb:set package 'tm_description' build argument 'cmake_clean_first' from command line to 'False'
[0.921s] Level 5:colcon.colcon_core.verb:set package 'tm_description' build argument 'cmake_force_configure' from command line to 'False'
[0.921s] Level 5:colcon.colcon_core.verb:set package 'tm_description' build argument 'ament_cmake_args' from command line to 'None'
[0.921s] Level 5:colcon.colcon_core.verb:set package 'tm_description' build argument 'catkin_cmake_args' from command line to 'None'
[0.921s] Level 5:colcon.colcon_core.verb:set package 'tm_description' build argument 'catkin_skip_building_tests' from command line to 'False'
[0.921s] DEBUG:colcon.colcon_core.verb:Building package 'tm_description' with the following arguments: {'ament_cmake_args': None, 'build_base': '/home/pizzu01/ros2_humble/build/tm_description', 'catkin_cmake_args': None, 'catkin_skip_building_tests': False, 'cmake_args': None, 'cmake_clean_cache': False, 'cmake_clean_first': False, 'cmake_force_configure': False, 'cmake_target': None, 'cmake_target_skip_unavailable': False, 'install_base': '/home/pizzu01/ros2_humble/install/tm_description', 'merge_install': False, 'path': '/home/pizzu01/ros2_humble/src/tm_description', 'symlink_install': False, 'test_result_base': None}
[0.921s] Level 5:colcon.colcon_core.verb:set package 'tm_moveit_config' build argument 'cmake_args' from command line to 'None'
[0.921s] Level 5:colcon.colcon_core.verb:set package 'tm_moveit_config' build argument 'cmake_target' from command line to 'None'
[0.921s] Level 5:colcon.colcon_core.verb:set package 'tm_moveit_config' build argument 'cmake_target_skip_unavailable' from command line to 'False'
[0.921s] Level 5:colcon.colcon_core.verb:set package 'tm_moveit_config' build argument 'cmake_clean_cache' from command line to 'False'
[0.921s] Level 5:colcon.colcon_core.verb:set package 'tm_moveit_config' build argument 'cmake_clean_first' from command line to 'False'
[0.921s] Level 5:colcon.colcon_core.verb:set package 'tm_moveit_config' build argument 'cmake_force_configure' from command line to 'False'
[0.921s] Level 5:colcon.colcon_core.verb:set package 'tm_moveit_config' build argument 'ament_cmake_args' from command line to 'None'
[0.921s] Level 5:colcon.colcon_core.verb:set package 'tm_moveit_config' build argument 'catkin_cmake_args' from command line to 'None'
[0.921s] Level 5:colcon.colcon_core.verb:set package 'tm_moveit_config' build argument 'catkin_skip_building_tests' from command line to 'False'
[0.921s] DEBUG:colcon.colcon_core.verb:Building package 'tm_moveit_config' with the following arguments: {'ament_cmake_args': None, 'build_base': '/home/pizzu01/ros2_humble/build/tm_moveit_config', 'catkin_cmake_args': None, 'catkin_skip_building_tests': False, 'cmake_args': None, 'cmake_clean_cache': False, 'cmake_clean_first': False, 'cmake_force_configure': False, 'cmake_target': None, 'cmake_target_skip_unavailable': False, 'install_base': '/home/pizzu01/ros2_humble/install/tm_moveit_config', 'merge_install': False, 'path': '/home/pizzu01/ros2_humble/src/tm_moveit_config', 'symlink_install': False, 'test_result_base': None}
[0.922s] INFO:colcon.colcon_core.executor:Executing jobs using 'parallel' executor
[0.923s] DEBUG:colcon.colcon_parallel_executor.executor.parallel:run_until_complete
[0.924s] INFO:colcon.colcon_ros.task.ament_cmake.build:Building ROS package in '/home/pizzu01/ros2_humble/src/tm_description' with build type 'ament_cmake'
[0.924s] INFO:colcon.colcon_cmake.task.cmake.build:Building CMake package in '/home/pizzu01/ros2_humble/src/tm_description'
[0.927s] INFO:colcon.colcon_core.plugin_system:Skipping extension 'colcon_core.shell.bat': Not used on non-Windows systems
[0.928s] INFO:colcon.colcon_core.shell:Skip shell extension 'powershell' for command environment: Not usable outside of PowerShell
[0.928s] DEBUG:colcon.colcon_core.shell:Skip shell extension 'dsv' for command environment
[0.940s] INFO:colcon.colcon_ros.task.ament_cmake.build:Building ROS package in '/home/pizzu01/ros2_humble/src/hello_moveit' with build type 'ament_cmake'
[0.940s] INFO:colcon.colcon_cmake.task.cmake.build:Building CMake package in '/home/pizzu01/ros2_humble/src/hello_moveit'
[0.942s] INFO:colcon.colcon_core.shell:Skip shell extension 'powershell' for command environment: Not usable outside of PowerShell
[0.942s] DEBUG:colcon.colcon_core.shell:Skip shell extension 'dsv' for command environment
[0.962s] INFO:colcon.colcon_ros.task.ament_python.build:Building ROS package in '/home/pizzu01/ros2_humble/src/my_ros2_package' with build type 'ament_python'
[0.962s] Level 1:colcon.colcon_core.shell:create_environment_hook('my_ros2_package', 'ament_prefix_path')
[0.962s] INFO:colcon.colcon_core.shell:Creating environment hook '/home/pizzu01/ros2_humble/install/my_ros2_package/share/my_ros2_package/hook/ament_prefix_path.ps1'
[0.964s] INFO:colcon.colcon_core.shell:Creating environment descriptor '/home/pizzu01/ros2_humble/install/my_ros2_package/share/my_ros2_package/hook/ament_prefix_path.dsv'
[0.965s] INFO:colcon.colcon_core.shell:Creating environment hook '/home/pizzu01/ros2_humble/install/my_ros2_package/share/my_ros2_package/hook/ament_prefix_path.sh'
[0.972s] INFO:colcon.colcon_core.shell:Skip shell extension 'powershell' for command environment: Not usable outside of PowerShell
[0.972s] DEBUG:colcon.colcon_core.shell:Skip shell extension 'dsv' for command environment
[0.984s] INFO:colcon.colcon_ros.task.ament_python.build:Building ROS package in '/home/pizzu01/ros2_humble/src/ROS-TCP-Endpoint' with build type 'ament_python'
[0.985s] Level 1:colcon.colcon_core.shell:create_environment_hook('ros_tcp_endpoint', 'ament_prefix_path')
[0.985s] INFO:colcon.colcon_core.shell:Creating environment hook '/home/pizzu01/ros2_humble/install/ros_tcp_endpoint/share/ros_tcp_endpoint/hook/ament_prefix_path.ps1'
[0.990s] INFO:colcon.colcon_core.shell:Creating environment descriptor '/home/pizzu01/ros2_humble/install/ros_tcp_endpoint/share/ros_tcp_endpoint/hook/ament_prefix_path.dsv'
[0.995s] INFO:colcon.colcon_core.shell:Creating environment hook '/home/pizzu01/ros2_humble/install/ros_tcp_endpoint/share/ros_tcp_endpoint/hook/ament_prefix_path.sh'
[0.999s] INFO:colcon.colcon_core.shell:Skip shell extension 'powershell' for command environment: Not usable outside of PowerShell
[0.999s] DEBUG:colcon.colcon_core.shell:Skip shell extension 'dsv' for command environment
[1.028s] DEBUG:colcon.colcon_core.event_handler.log_command:Invoking command in '/home/pizzu01/ros2_humble/build/tm_description': CMAKE_PREFIX_PATH=${CMAKE_PREFIX_PATH}:/home/pizzu01/ros2_humble/install/ros_tcp_endpoint:/home/pizzu01/ros2_humble/install/my_ros2_package:/home/pizzu01/install/ros_tcp_endpoint:/home/pizzu01/install/my_ros2_package:/opt/ros/humble /usr/bin/cmake --build /home/pizzu01/ros2_humble/build/tm_description -- -j4 -l4
[1.042s] DEBUG:colcon.colcon_core.event_handler.log_command:Invoking command in '/home/pizzu01/ros2_humble/build/hello_moveit': CMAKE_PREFIX_PATH=${CMAKE_PREFIX_PATH}:/home/pizzu01/ros2_humble/install/ros_tcp_endpoint:/home/pizzu01/ros2_humble/install/my_ros2_package:/home/pizzu01/install/ros_tcp_endpoint:/home/pizzu01/install/my_ros2_package:/opt/ros/humble /usr/bin/cmake --build /home/pizzu01/ros2_humble/build/hello_moveit -- -j4 -l4
[1.677s] INFO:colcon.colcon_core.task.python.build:Building Python package in '/home/pizzu01/ros2_humble/src/my_ros2_package'
[1.677s] INFO:colcon.colcon_core.shell:Skip shell extension 'powershell' for command environment: Not usable outside of PowerShell
[1.677s] DEBUG:colcon.colcon_core.shell:Skip shell extension 'dsv' for command environment
[1.699s] DEBUG:colcon.colcon_core.event_handler.log_command:Invoked command in '/home/pizzu01/ros2_humble/build/tm_description' returned '0': CMAKE_PREFIX_PATH=${CMAKE_PREFIX_PATH}:/home/pizzu01/ros2_humble/install/ros_tcp_endpoint:/home/pizzu01/ros2_humble/install/my_ros2_package:/home/pizzu01/install/ros_tcp_endpoint:/home/pizzu01/install/my_ros2_package:/opt/ros/humble /usr/bin/cmake --build /home/pizzu01/ros2_humble/build/tm_description -- -j4 -l4
[1.731s] DEBUG:colcon.colcon_core.event_handler.log_command:Invoking command in '/home/pizzu01/ros2_humble/build/tm_description': CMAKE_PREFIX_PATH=${CMAKE_PREFIX_PATH}:/home/pizzu01/ros2_humble/install/ros_tcp_endpoint:/home/pizzu01/ros2_humble/install/my_ros2_package:/home/pizzu01/install/ros_tcp_endpoint:/home/pizzu01/install/my_ros2_package:/opt/ros/humble /usr/bin/cmake --install /home/pizzu01/ros2_humble/build/tm_description
[2.443s] INFO:colcon.colcon_core.task.python.build:Building Python package in '/home/pizzu01/ros2_humble/src/ROS-TCP-Endpoint'
[2.443s] INFO:colcon.colcon_core.shell:Skip shell extension 'powershell' for command environment: Not usable outside of PowerShell
[2.443s] DEBUG:colcon.colcon_core.shell:Skip shell extension 'dsv' for command environment
[2.523s] Level 1:colcon.colcon_core.environment:create_environment_scripts_only(tm_description)
[2.531s] Level 1:colcon.colcon_core.environment:checking '/home/pizzu01/ros2_humble/install/tm_description' for CMake module files
[2.533s] Level 1:colcon.colcon_core.environment:checking '/home/pizzu01/ros2_humble/install/tm_description' for CMake config files
[2.534s] Level 1:colcon.colcon_core.shell:create_environment_hook('tm_description', 'cmake_prefix_path')
[2.535s] INFO:colcon.colcon_core.shell:Creating environment hook '/home/pizzu01/ros2_humble/install/tm_description/share/tm_description/hook/cmake_prefix_path.ps1'
[2.542s] INFO:colcon.colcon_core.shell:Creating environment descriptor '/home/pizzu01/ros2_humble/install/tm_description/share/tm_description/hook/cmake_prefix_path.dsv'
[2.543s] INFO:colcon.colcon_core.shell:Creating environment hook '/home/pizzu01/ros2_humble/install/tm_description/share/tm_description/hook/cmake_prefix_path.sh'
[2.547s] Level 1:colcon.colcon_core.environment:checking '/home/pizzu01/ros2_humble/install/tm_description/bin'
[2.547s] Level 1:colcon.colcon_core.environment:checking '/home/pizzu01/ros2_humble/install/tm_description/lib/pkgconfig/tm_description.pc'
[2.548s] Level 1:colcon.colcon_core.environment:checking '/home/pizzu01/ros2_humble/install/tm_description/lib/python3.10/site-packages'
[2.548s] Level 1:colcon.colcon_core.environment:checking '/home/pizzu01/ros2_humble/install/tm_description/bin'
[2.549s] INFO:colcon.colcon_core.shell:Creating package script '/home/pizzu01/ros2_humble/install/tm_description/share/tm_description/package.ps1'
[2.553s] INFO:colcon.colcon_core.shell:Creating package descriptor '/home/pizzu01/ros2_humble/install/tm_description/share/tm_description/package.dsv'
[2.554s] INFO:colcon.colcon_core.shell:Creating package script '/home/pizzu01/ros2_humble/install/tm_description/share/tm_description/package.sh'
[2.560s] INFO:colcon.colcon_core.shell:Creating package script '/home/pizzu01/ros2_humble/install/tm_description/share/tm_description/package.bash'
[2.562s] INFO:colcon.colcon_core.shell:Creating package script '/home/pizzu01/ros2_humble/install/tm_description/share/tm_description/package.zsh'
[2.564s] Level 1:colcon.colcon_core.environment:create_file_with_runtime_dependencies(/home/pizzu01/ros2_humble/install/tm_description/share/colcon-core/packages/tm_description)
[2.568s] DEBUG:colcon.colcon_core.event_handler.log_command:Invoked command in '/home/pizzu01/ros2_humble/build/tm_description' returned '0': CMAKE_PREFIX_PATH=${CMAKE_PREFIX_PATH}:/home/pizzu01/ros2_humble/install/ros_tcp_endpoint:/home/pizzu01/ros2_humble/install/my_ros2_package:/home/pizzu01/install/ros_tcp_endpoint:/home/pizzu01/install/my_ros2_package:/opt/ros/humble /usr/bin/cmake --install /home/pizzu01/ros2_humble/build/tm_description
[2.570s] Level 1:colcon.colcon_core.environment:create_environment_scripts_only(tm_description)
[2.570s] Level 1:colcon.colcon_core.environment:checking '/home/pizzu01/ros2_humble/install/tm_description' for CMake module files
[2.572s] Level 1:colcon.colcon_core.environment:checking '/home/pizzu01/ros2_humble/install/tm_description' for CMake config files
[2.572s] Level 1:colcon.colcon_core.shell:create_environment_hook('tm_description', 'cmake_prefix_path')
[2.573s] INFO:colcon.colcon_core.shell:Creating environment hook '/home/pizzu01/ros2_humble/install/tm_description/share/tm_description/hook/cmake_prefix_path.ps1'
[2.574s] INFO:colcon.colcon_core.shell:Creating environment descriptor '/home/pizzu01/ros2_humble/install/tm_description/share/tm_description/hook/cmake_prefix_path.dsv'
[2.575s] INFO:colcon.colcon_core.shell:Creating environment hook '/home/pizzu01/ros2_humble/install/tm_description/share/tm_description/hook/cmake_prefix_path.sh'
[2.576s] Level 1:colcon.colcon_core.environment:checking '/home/pizzu01/ros2_humble/install/tm_description/bin'
[2.577s] Level 1:colcon.colcon_core.environment:checking '/home/pizzu01/ros2_humble/install/tm_description/lib/pkgconfig/tm_description.pc'
[2.577s] Level 1:colcon.colcon_core.environment:checking '/home/pizzu01/ros2_humble/install/tm_description/lib/python3.10/site-packages'
[2.578s] Level 1:colcon.colcon_core.environment:checking '/home/pizzu01/ros2_humble/install/tm_description/bin'
[2.578s] INFO:colcon.colcon_core.shell:Creating package script '/home/pizzu01/ros2_humble/install/tm_description/share/tm_description/package.ps1'
[2.580s] INFO:colcon.colcon_core.shell:Creating package descriptor '/home/pizzu01/ros2_humble/install/tm_description/share/tm_description/package.dsv'
[2.581s] INFO:colcon.colcon_core.shell:Creating package script '/home/pizzu01/ros2_humble/install/tm_description/share/tm_description/package.sh'
[2.582s] INFO:colcon.colcon_core.shell:Creating package script '/home/pizzu01/ros2_humble/install/tm_description/share/tm_description/package.bash'
[2.583s] INFO:colcon.colcon_core.shell:Creating package script '/home/pizzu01/ros2_humble/install/tm_description/share/tm_description/package.zsh'
[2.584s] Level 1:colcon.colcon_core.environment:create_file_with_runtime_dependencies(/home/pizzu01/ros2_humble/install/tm_description/share/colcon-core/packages/tm_description)
[2.588s] INFO:colcon.colcon_ros.task.ament_cmake.build:Building ROS package in '/home/pizzu01/ros2_humble/src/tm_moveit_config' with build type 'ament_cmake'
[2.589s] INFO:colcon.colcon_cmake.task.cmake.build:Building CMake package in '/home/pizzu01/ros2_humble/src/tm_moveit_config'
[2.589s] INFO:colcon.colcon_core.shell:Skip shell extension 'powershell' for command environment: Not usable outside of PowerShell
[2.593s] DEBUG:colcon.colcon_core.shell:Skip shell extension 'dsv' for command environment
[2.895s] DEBUG:colcon.colcon_core.event_handler.log_command:Invoking command in '/home/pizzu01/ros2_humble/build/tm_moveit_config': CMAKE_PREFIX_PATH=/home/pizzu01/ros2_humble/install/tm_description:/home/pizzu01/ros2_humble/install/tm_moveit_config:/home/pizzu01/ros2_humble/install/hello_moveit:/home/pizzu01/ros2_humble/install/ros_tcp_endpoint:/home/pizzu01/ros2_humble/install/my_ros2_package:/home/pizzu01/install/ros_tcp_endpoint:/home/pizzu01/install/my_ros2_package:/opt/ros/humble /usr/bin/cmake --build /home/pizzu01/ros2_humble/build/tm_moveit_config -- -j4 -l4
[3.012s] DEBUG:colcon.colcon_core.event_handler.log_command:Invoked command in '/home/pizzu01/ros2_humble/build/tm_moveit_config' returned '0': CMAKE_PREFIX_PATH=/home/pizzu01/ros2_humble/install/tm_description:/home/pizzu01/ros2_humble/install/tm_moveit_config:/home/pizzu01/ros2_humble/install/hello_moveit:/home/pizzu01/ros2_humble/install/ros_tcp_endpoint:/home/pizzu01/ros2_humble/install/my_ros2_package:/home/pizzu01/install/ros_tcp_endpoint:/home/pizzu01/install/my_ros2_package:/opt/ros/humble /usr/bin/cmake --build /home/pizzu01/ros2_humble/build/tm_moveit_config -- -j4 -l4
[3.015s] DEBUG:colcon.colcon_core.event_handler.log_command:Invoking command in '/home/pizzu01/ros2_humble/build/tm_moveit_config': CMAKE_PREFIX_PATH=/home/pizzu01/ros2_humble/install/tm_description:/home/pizzu01/ros2_humble/install/tm_moveit_config:/home/pizzu01/ros2_humble/install/hello_moveit:/home/pizzu01/ros2_humble/install/ros_tcp_endpoint:/home/pizzu01/ros2_humble/install/my_ros2_package:/home/pizzu01/install/ros_tcp_endpoint:/home/pizzu01/install/my_ros2_package:/opt/ros/humble /usr/bin/cmake --install /home/pizzu01/ros2_humble/build/tm_moveit_config
[3.055s] Level 1:colcon.colcon_core.environment:create_environment_scripts_only(tm_moveit_config)
[3.057s] Level 1:colcon.colcon_core.environment:checking '/home/pizzu01/ros2_humble/install/tm_moveit_config' for CMake module files
[3.059s] Level 1:colcon.colcon_core.environment:checking '/home/pizzu01/ros2_humble/install/tm_moveit_config' for CMake config files
[3.059s] Level 1:colcon.colcon_core.shell:create_environment_hook('tm_moveit_config', 'cmake_prefix_path')
[3.059s] INFO:colcon.colcon_core.shell:Creating environment hook '/home/pizzu01/ros2_humble/install/tm_moveit_config/share/tm_moveit_config/hook/cmake_prefix_path.ps1'
[3.061s] INFO:colcon.colcon_core.shell:Creating environment descriptor '/home/pizzu01/ros2_humble/install/tm_moveit_config/share/tm_moveit_config/hook/cmake_prefix_path.dsv'
[3.062s] INFO:colcon.colcon_core.shell:Creating environment hook '/home/pizzu01/ros2_humble/install/tm_moveit_config/share/tm_moveit_config/hook/cmake_prefix_path.sh'
[3.063s] Level 1:colcon.colcon_core.environment:checking '/home/pizzu01/ros2_humble/install/tm_moveit_config/lib'
[3.064s] DEBUG:colcon.colcon_core.event_handler.log_command:Invoked command in '/home/pizzu01/ros2_humble/build/tm_moveit_config' returned '0': CMAKE_PREFIX_PATH=/home/pizzu01/ros2_humble/install/tm_description:/home/pizzu01/ros2_humble/install/tm_moveit_config:/home/pizzu01/ros2_humble/install/hello_moveit:/home/pizzu01/ros2_humble/install/ros_tcp_endpoint:/home/pizzu01/ros2_humble/install/my_ros2_package:/home/pizzu01/install/ros_tcp_endpoint:/home/pizzu01/install/my_ros2_package:/opt/ros/humble /usr/bin/cmake --install /home/pizzu01/ros2_humble/build/tm_moveit_config
[3.065s] Level 1:colcon.colcon_core.environment:checking '/home/pizzu01/ros2_humble/install/tm_moveit_config/bin'
[3.065s] Level 1:colcon.colcon_core.environment:checking '/home/pizzu01/ros2_humble/install/tm_moveit_config/lib/pkgconfig/tm_moveit_config.pc'
[3.065s] Level 1:colcon.colcon_core.environment:checking '/home/pizzu01/ros2_humble/install/tm_moveit_config/lib/python3.10/site-packages'
[3.066s] Level 1:colcon.colcon_core.environment:checking '/home/pizzu01/ros2_humble/install/tm_moveit_config/bin'
[3.066s] INFO:colcon.colcon_core.shell:Creating package script '/home/pizzu01/ros2_humble/install/tm_moveit_config/share/tm_moveit_config/package.ps1'
[3.068s] INFO:colcon.colcon_core.shell:Creating package descriptor '/home/pizzu01/ros2_humble/install/tm_moveit_config/share/tm_moveit_config/package.dsv'
[3.069s] INFO:colcon.colcon_core.shell:Creating package script '/home/pizzu01/ros2_humble/install/tm_moveit_config/share/tm_moveit_config/package.sh'
[3.070s] INFO:colcon.colcon_core.shell:Creating package script '/home/pizzu01/ros2_humble/install/tm_moveit_config/share/tm_moveit_config/package.bash'
[3.071s] INFO:colcon.colcon_core.shell:Creating package script '/home/pizzu01/ros2_humble/install/tm_moveit_config/share/tm_moveit_config/package.zsh'
[3.072s] Level 1:colcon.colcon_core.environment:create_file_with_runtime_dependencies(/home/pizzu01/ros2_humble/install/tm_moveit_config/share/colcon-core/packages/tm_moveit_config)
[3.073s] Level 1:colcon.colcon_core.environment:create_environment_scripts_only(tm_moveit_config)
[3.074s] Level 1:colcon.colcon_core.environment:checking '/home/pizzu01/ros2_humble/install/tm_moveit_config' for CMake module files
[3.075s] Level 1:colcon.colcon_core.environment:checking '/home/pizzu01/ros2_humble/install/tm_moveit_config' for CMake config files
[3.075s] Level 1:colcon.colcon_core.shell:create_environment_hook('tm_moveit_config', 'cmake_prefix_path')
[3.076s] INFO:colcon.colcon_core.shell:Creating environment hook '/home/pizzu01/ros2_humble/install/tm_moveit_config/share/tm_moveit_config/hook/cmake_prefix_path.ps1'
[3.076s] INFO:colcon.colcon_core.shell:Creating environment descriptor '/home/pizzu01/ros2_humble/install/tm_moveit_config/share/tm_moveit_config/hook/cmake_prefix_path.dsv'
[3.077s] INFO:colcon.colcon_core.shell:Creating environment hook '/home/pizzu01/ros2_humble/install/tm_moveit_config/share/tm_moveit_config/hook/cmake_prefix_path.sh'
[3.078s] Level 1:colcon.colcon_core.environment:checking '/home/pizzu01/ros2_humble/install/tm_moveit_config/lib'
[3.078s] Level 1:colcon.colcon_core.environment:checking '/home/pizzu01/ros2_humble/install/tm_moveit_config/bin'
[3.079s] Level 1:colcon.colcon_core.environment:checking '/home/pizzu01/ros2_humble/install/tm_moveit_config/lib/pkgconfig/tm_moveit_config.pc'
[3.079s] Level 1:colcon.colcon_core.environment:checking '/home/pizzu01/ros2_humble/install/tm_moveit_config/lib/python3.10/site-packages'
[3.079s] Level 1:colcon.colcon_core.environment:checking '/home/pizzu01/ros2_humble/install/tm_moveit_config/bin'
[3.080s] INFO:colcon.colcon_core.shell:Creating package script '/home/pizzu01/ros2_humble/install/tm_moveit_config/share/tm_moveit_config/package.ps1'
[3.082s] INFO:colcon.colcon_core.shell:Creating package descriptor '/home/pizzu01/ros2_humble/install/tm_moveit_config/share/tm_moveit_config/package.dsv'
[3.083s] INFO:colcon.colcon_core.shell:Creating package script '/home/pizzu01/ros2_humble/install/tm_moveit_config/share/tm_moveit_config/package.sh'
[3.085s] INFO:colcon.colcon_core.shell:Creating package script '/home/pizzu01/ros2_humble/install/tm_moveit_config/share/tm_moveit_config/package.bash'
[3.086s] INFO:colcon.colcon_core.shell:Creating package script '/home/pizzu01/ros2_humble/install/tm_moveit_config/share/tm_moveit_config/package.zsh'
[3.087s] Level 1:colcon.colcon_core.environment:create_file_with_runtime_dependencies(/home/pizzu01/ros2_humble/install/tm_moveit_config/share/colcon-core/packages/tm_moveit_config)
[3.782s] DEBUG:colcon.colcon_core.event_handler.log_command:Invoking command in '/home/pizzu01/ros2_humble/src/my_ros2_package': PYTHONPATH=/home/pizzu01/ros2_humble/build/my_ros2_package/prefix_override:/usr/lib/python3/dist-packages/colcon_core/task/python/colcon_distutils_commands:/home/pizzu01/ros2_humble/install/my_ros2_package/lib/python3.10/site-packages:${PYTHONPATH} /usr/bin/python3 -W ignore:setup.py install is deprecated -W ignore:easy_install command is deprecated setup.py egg_info --egg-base ../../build/my_ros2_package build --build-base /home/pizzu01/ros2_humble/build/my_ros2_package/build install --record /home/pizzu01/ros2_humble/build/my_ros2_package/install.log --single-version-externally-managed install_data
[3.978s] DEBUG:colcon.colcon_core.event_handler.log_command:Invoking command in '/home/pizzu01/ros2_humble/src/ROS-TCP-Endpoint': PYTHONPATH=/home/pizzu01/ros2_humble/build/ros_tcp_endpoint/prefix_override:/usr/lib/python3/dist-packages/colcon_core/task/python/colcon_distutils_commands:/home/pizzu01/ros2_humble/install/ros_tcp_endpoint/lib/python3.10/site-packages:${PYTHONPATH} /usr/bin/python3 -W ignore:setup.py install is deprecated -W ignore:easy_install command is deprecated setup.py egg_info --egg-base ../../build/ros_tcp_endpoint build --build-base /home/pizzu01/ros2_humble/build/ros_tcp_endpoint/build install --record /home/pizzu01/ros2_humble/build/ros_tcp_endpoint/install.log --install-scripts $base/lib/ros_tcp_endpoint --single-version-externally-managed install_data
[4.885s] Level 1:colcon.colcon_core.environment:checking '/home/pizzu01/ros2_humble/install/my_ros2_package' for CMake module files
[4.887s] Level 1:colcon.colcon_core.environment:checking '/home/pizzu01/ros2_humble/install/my_ros2_package' for CMake config files
[4.889s] Level 1:colcon.colcon_core.environment:checking '/home/pizzu01/ros2_humble/install/my_ros2_package/lib'
[4.890s] Level 1:colcon.colcon_core.environment:checking '/home/pizzu01/ros2_humble/install/my_ros2_package/bin'
[4.890s] Level 1:colcon.colcon_core.environment:checking '/home/pizzu01/ros2_humble/install/my_ros2_package/lib/pkgconfig/my_ros2_package.pc'
[4.890s] Level 1:colcon.colcon_core.environment:checking '/home/pizzu01/ros2_humble/install/my_ros2_package/lib/python3.10/site-packages'
[4.890s] Level 1:colcon.colcon_core.shell:create_environment_hook('my_ros2_package', 'pythonpath')
[4.891s] INFO:colcon.colcon_core.shell:Creating environment hook '/home/pizzu01/ros2_humble/install/my_ros2_package/share/my_ros2_package/hook/pythonpath.ps1'
[4.892s] DEBUG:colcon.colcon_core.event_handler.log_command:Invoked command in '/home/pizzu01/ros2_humble/src/my_ros2_package' returned '0': PYTHONPATH=/home/pizzu01/ros2_humble/build/my_ros2_package/prefix_override:/usr/lib/python3/dist-packages/colcon_core/task/python/colcon_distutils_commands:/home/pizzu01/ros2_humble/install/my_ros2_package/lib/python3.10/site-packages:${PYTHONPATH} /usr/bin/python3 -W ignore:setup.py install is deprecated -W ignore:easy_install command is deprecated setup.py egg_info --egg-base ../../build/my_ros2_package build --build-base /home/pizzu01/ros2_humble/build/my_ros2_package/build install --record /home/pizzu01/ros2_humble/build/my_ros2_package/install.log --single-version-externally-managed install_data
[4.894s] INFO:colcon.colcon_core.shell:Creating environment descriptor '/home/pizzu01/ros2_humble/install/my_ros2_package/share/my_ros2_package/hook/pythonpath.dsv'
[4.895s] INFO:colcon.colcon_core.shell:Creating environment hook '/home/pizzu01/ros2_humble/install/my_ros2_package/share/my_ros2_package/hook/pythonpath.sh'
[4.896s] Level 1:colcon.colcon_core.environment:checking '/home/pizzu01/ros2_humble/install/my_ros2_package/bin'
[4.897s] Level 1:colcon.colcon_core.environment:create_environment_scripts_only(my_ros2_package)
[4.903s] INFO:colcon.colcon_core.shell:Creating package script '/home/pizzu01/ros2_humble/install/my_ros2_package/share/my_ros2_package/package.ps1'
[4.906s] INFO:colcon.colcon_core.shell:Creating package descriptor '/home/pizzu01/ros2_humble/install/my_ros2_package/share/my_ros2_package/package.dsv'
[4.911s] INFO:colcon.colcon_core.shell:Creating package script '/home/pizzu01/ros2_humble/install/my_ros2_package/share/my_ros2_package/package.sh'
[4.914s] INFO:colcon.colcon_core.shell:Creating package script '/home/pizzu01/ros2_humble/install/my_ros2_package/share/my_ros2_package/package.bash'
[4.915s] INFO:colcon.colcon_core.shell:Creating package script '/home/pizzu01/ros2_humble/install/my_ros2_package/share/my_ros2_package/package.zsh'
[4.916s] Level 1:colcon.colcon_core.environment:create_file_with_runtime_dependencies(/home/pizzu01/ros2_humble/install/my_ros2_package/share/colcon-core/packages/my_ros2_package)
[5.000s] Level 1:colcon.colcon_core.environment:checking '/home/pizzu01/ros2_humble/install/ros_tcp_endpoint' for CMake module files
[5.001s] Level 1:colcon.colcon_core.environment:checking '/home/pizzu01/ros2_humble/install/ros_tcp_endpoint' for CMake config files
[5.003s] Level 1:colcon.colcon_core.environment:checking '/home/pizzu01/ros2_humble/install/ros_tcp_endpoint/lib'
[5.003s] Level 1:colcon.colcon_core.environment:checking '/home/pizzu01/ros2_humble/install/ros_tcp_endpoint/bin'
[5.003s] Level 1:colcon.colcon_core.environment:checking '/home/pizzu01/ros2_humble/install/ros_tcp_endpoint/lib/pkgconfig/ros_tcp_endpoint.pc'
[5.004s] Level 1:colcon.colcon_core.environment:checking '/home/pizzu01/ros2_humble/install/ros_tcp_endpoint/lib/python3.10/site-packages'
[5.004s] Level 1:colcon.colcon_core.shell:create_environment_hook('ros_tcp_endpoint', 'pythonpath')
[5.004s] INFO:colcon.colcon_core.shell:Creating environment hook '/home/pizzu01/ros2_humble/install/ros_tcp_endpoint/share/ros_tcp_endpoint/hook/pythonpath.ps1'
[5.007s] DEBUG:colcon.colcon_core.event_handler.log_command:Invoked command in '/home/pizzu01/ros2_humble/src/ROS-TCP-Endpoint' returned '0': PYTHONPATH=/home/pizzu01/ros2_humble/build/ros_tcp_endpoint/prefix_override:/usr/lib/python3/dist-packages/colcon_core/task/python/colcon_distutils_commands:/home/pizzu01/ros2_humble/install/ros_tcp_endpoint/lib/python3.10/site-packages:${PYTHONPATH} /usr/bin/python3 -W ignore:setup.py install is deprecated -W ignore:easy_install command is deprecated setup.py egg_info --egg-base ../../build/ros_tcp_endpoint build --build-base /home/pizzu01/ros2_humble/build/ros_tcp_endpoint/build install --record /home/pizzu01/ros2_humble/build/ros_tcp_endpoint/install.log --install-scripts $base/lib/ros_tcp_endpoint --single-version-externally-managed install_data
[5.010s] INFO:colcon.colcon_core.shell:Creating environment descriptor '/home/pizzu01/ros2_humble/install/ros_tcp_endpoint/share/ros_tcp_endpoint/hook/pythonpath.dsv'
[5.010s] INFO:colcon.colcon_core.shell:Creating environment hook '/home/pizzu01/ros2_humble/install/ros_tcp_endpoint/share/ros_tcp_endpoint/hook/pythonpath.sh'
[5.012s] Level 1:colcon.colcon_core.environment:checking '/home/pizzu01/ros2_humble/install/ros_tcp_endpoint/bin'
[5.012s] Level 1:colcon.colcon_core.environment:create_environment_scripts_only(ros_tcp_endpoint)
[5.012s] INFO:colcon.colcon_core.shell:Creating package script '/home/pizzu01/ros2_humble/install/ros_tcp_endpoint/share/ros_tcp_endpoint/package.ps1'
[5.015s] INFO:colcon.colcon_core.shell:Creating package descriptor '/home/pizzu01/ros2_humble/install/ros_tcp_endpoint/share/ros_tcp_endpoint/package.dsv'
[5.019s] INFO:colcon.colcon_core.shell:Creating package script '/home/pizzu01/ros2_humble/install/ros_tcp_endpoint/share/ros_tcp_endpoint/package.sh'
[5.020s] INFO:colcon.colcon_core.shell:Creating package script '/home/pizzu01/ros2_humble/install/ros_tcp_endpoint/share/ros_tcp_endpoint/package.bash'
[5.021s] INFO:colcon.colcon_core.shell:Creating package script '/home/pizzu01/ros2_humble/install/ros_tcp_endpoint/share/ros_tcp_endpoint/package.zsh'
[5.022s] Level 1:colcon.colcon_core.environment:create_file_with_runtime_dependencies(/home/pizzu01/ros2_humble/install/ros_tcp_endpoint/share/colcon-core/packages/ros_tcp_endpoint)
[19.414s] DEBUG:colcon.colcon_core.event_handler.log_command:Invoked command in '/home/pizzu01/ros2_humble/build/hello_moveit' returned '0': CMAKE_PREFIX_PATH=${CMAKE_PREFIX_PATH}:/home/pizzu01/ros2_humble/install/ros_tcp_endpoint:/home/pizzu01/ros2_humble/install/my_ros2_package:/home/pizzu01/install/ros_tcp_endpoint:/home/pizzu01/install/my_ros2_package:/opt/ros/humble /usr/bin/cmake --build /home/pizzu01/ros2_humble/build/hello_moveit -- -j4 -l4
[19.417s] DEBUG:colcon.colcon_core.event_handler.log_command:Invoking command in '/home/pizzu01/ros2_humble/build/hello_moveit': CMAKE_PREFIX_PATH=${CMAKE_PREFIX_PATH}:/home/pizzu01/ros2_humble/install/ros_tcp_endpoint:/home/pizzu01/ros2_humble/install/my_ros2_package:/home/pizzu01/install/ros_tcp_endpoint:/home/pizzu01/install/my_ros2_package:/opt/ros/humble /usr/bin/cmake --install /home/pizzu01/ros2_humble/build/hello_moveit
[19.456s] Level 1:colcon.colcon_core.environment:create_environment_scripts_only(hello_moveit)
[19.457s] Level 1:colcon.colcon_core.environment:checking '/home/pizzu01/ros2_humble/install/hello_moveit' for CMake module files
[19.458s] DEBUG:colcon.colcon_core.event_handler.log_command:Invoked command in '/home/pizzu01/ros2_humble/build/hello_moveit' returned '0': CMAKE_PREFIX_PATH=${CMAKE_PREFIX_PATH}:/home/pizzu01/ros2_humble/install/ros_tcp_endpoint:/home/pizzu01/ros2_humble/install/my_ros2_package:/home/pizzu01/install/ros_tcp_endpoint:/home/pizzu01/install/my_ros2_package:/opt/ros/humble /usr/bin/cmake --install /home/pizzu01/ros2_humble/build/hello_moveit
[19.459s] Level 1:colcon.colcon_core.environment:checking '/home/pizzu01/ros2_humble/install/hello_moveit' for CMake config files
[19.459s] Level 1:colcon.colcon_core.shell:create_environment_hook('hello_moveit', 'cmake_prefix_path')
[19.459s] INFO:colcon.colcon_core.shell:Creating environment hook '/home/pizzu01/ros2_humble/install/hello_moveit/share/hello_moveit/hook/cmake_prefix_path.ps1'
[19.460s] INFO:colcon.colcon_core.shell:Creating environment descriptor '/home/pizzu01/ros2_humble/install/hello_moveit/share/hello_moveit/hook/cmake_prefix_path.dsv'
[19.460s] INFO:colcon.colcon_core.shell:Creating environment hook '/home/pizzu01/ros2_humble/install/hello_moveit/share/hello_moveit/hook/cmake_prefix_path.sh'
[19.461s] Level 1:colcon.colcon_core.environment:checking '/home/pizzu01/ros2_humble/install/hello_moveit/lib'
[19.461s] Level 1:colcon.colcon_core.environment:checking '/home/pizzu01/ros2_humble/install/hello_moveit/bin'
[19.462s] Level 1:colcon.colcon_core.environment:checking '/home/pizzu01/ros2_humble/install/hello_moveit/lib/pkgconfig/hello_moveit.pc'
[19.462s] Level 1:colcon.colcon_core.environment:checking '/home/pizzu01/ros2_humble/install/hello_moveit/lib/python3.10/site-packages'
[19.462s] Level 1:colcon.colcon_core.environment:checking '/home/pizzu01/ros2_humble/install/hello_moveit/bin'
[19.462s] INFO:colcon.colcon_core.shell:Creating package script '/home/pizzu01/ros2_humble/install/hello_moveit/share/hello_moveit/package.ps1'
[19.463s] INFO:colcon.colcon_core.shell:Creating package descriptor '/home/pizzu01/ros2_humble/install/hello_moveit/share/hello_moveit/package.dsv'
[19.464s] INFO:colcon.colcon_core.shell:Creating package script '/home/pizzu01/ros2_humble/install/hello_moveit/share/hello_moveit/package.sh'
[19.465s] INFO:colcon.colcon_core.shell:Creating package script '/home/pizzu01/ros2_humble/install/hello_moveit/share/hello_moveit/package.bash'
[19.475s] INFO:colcon.colcon_core.shell:Creating package script '/home/pizzu01/ros2_humble/install/hello_moveit/share/hello_moveit/package.zsh'
[19.476s] Level 1:colcon.colcon_core.environment:create_file_with_runtime_dependencies(/home/pizzu01/ros2_humble/install/hello_moveit/share/colcon-core/packages/hello_moveit)
[19.477s] Level 1:colcon.colcon_core.environment:create_environment_scripts_only(hello_moveit)
[19.477s] Level 1:colcon.colcon_core.environment:checking '/home/pizzu01/ros2_humble/install/hello_moveit' for CMake module files
[19.478s] Level 1:colcon.colcon_core.environment:checking '/home/pizzu01/ros2_humble/install/hello_moveit' for CMake config files
[19.478s] Level 1:colcon.colcon_core.shell:create_environment_hook('hello_moveit', 'cmake_prefix_path')
[19.478s] INFO:colcon.colcon_core.shell:Creating environment hook '/home/pizzu01/ros2_humble/install/hello_moveit/share/hello_moveit/hook/cmake_prefix_path.ps1'
[19.479s] INFO:colcon.colcon_core.shell:Creating environment descriptor '/home/pizzu01/ros2_humble/install/hello_moveit/share/hello_moveit/hook/cmake_prefix_path.dsv'
[19.479s] INFO:colcon.colcon_core.shell:Creating environment hook '/home/pizzu01/ros2_humble/install/hello_moveit/share/hello_moveit/hook/cmake_prefix_path.sh'
[19.480s] Level 1:colcon.colcon_core.environment:checking '/home/pizzu01/ros2_humble/install/hello_moveit/lib'
[19.480s] Level 1:colcon.colcon_core.environment:checking '/home/pizzu01/ros2_humble/install/hello_moveit/bin'
[19.480s] Level 1:colcon.colcon_core.environment:checking '/home/pizzu01/ros2_humble/install/hello_moveit/lib/pkgconfig/hello_moveit.pc'
[19.480s] Level 1:colcon.colcon_core.environment:checking '/home/pizzu01/ros2_humble/install/hello_moveit/lib/python3.10/site-packages'
[19.481s] Level 1:colcon.colcon_core.environment:checking '/home/pizzu01/ros2_humble/install/hello_moveit/bin'
[19.481s] INFO:colcon.colcon_core.shell:Creating package script '/home/pizzu01/ros2_humble/install/hello_moveit/share/hello_moveit/package.ps1'
[19.482s] INFO:colcon.colcon_core.shell:Creating package descriptor '/home/pizzu01/ros2_humble/install/hello_moveit/share/hello_moveit/package.dsv'
[19.483s] INFO:colcon.colcon_core.shell:Creating package script '/home/pizzu01/ros2_humble/install/hello_moveit/share/hello_moveit/package.sh'
[19.486s] INFO:colcon.colcon_core.shell:Creating package script '/home/pizzu01/ros2_humble/install/hello_moveit/share/hello_moveit/package.bash'
[19.491s] INFO:colcon.colcon_core.shell:Creating package script '/home/pizzu01/ros2_humble/install/hello_moveit/share/hello_moveit/package.zsh'
[19.492s] Level 1:colcon.colcon_core.environment:create_file_with_runtime_dependencies(/home/pizzu01/ros2_humble/install/hello_moveit/share/colcon-core/packages/hello_moveit)
[19.492s] DEBUG:colcon.colcon_parallel_executor.executor.parallel:closing loop
[19.493s] DEBUG:colcon.colcon_parallel_executor.executor.parallel:loop closed
[19.493s] DEBUG:colcon.colcon_parallel_executor.executor.parallel:run_until_complete finished with '0'
[19.493s] DEBUG:colcon.colcon_core.event_reactor:joining thread
[19.706s] INFO:colcon.colcon_core.plugin_system:Skipping extension 'colcon_notification.desktop_notification.notify_send': Could not find 'notify-send'
[19.706s] INFO:colcon.colcon_core.plugin_system:Skipping extension 'colcon_notification.desktop_notification.terminal_notifier': Not used on non-Darwin systems
[19.706s] INFO:colcon.colcon_core.plugin_system:Skipping extension 'colcon_notification.desktop_notification.win32': Not used on non-Windows systems
[19.706s] INFO:colcon.colcon_notification.desktop_notification:Sending desktop notification using 'notify2'
[19.707s] DEBUG:colcon.colcon_notification.desktop_notification.notify2:Failed to initialize notify2: org.freedesktop.DBus.Error.FileNotFound: Failed to connect to socket /run/user/1000/bus: No such file or directory
[19.707s] DEBUG:colcon.colcon_core.event_reactor:joined thread
[19.707s] INFO:colcon.colcon_core.shell:Creating prefix script '/home/pizzu01/ros2_humble/install/local_setup.ps1'
[19.709s] INFO:colcon.colcon_core.shell:Creating prefix util module '/home/pizzu01/ros2_humble/install/_local_setup_util_ps1.py'
[19.714s] INFO:colcon.colcon_core.shell:Creating prefix chain script '/home/pizzu01/ros2_humble/install/setup.ps1'
[19.717s] INFO:colcon.colcon_core.shell:Creating prefix script '/home/pizzu01/ros2_humble/install/local_setup.sh'
[19.719s] INFO:colcon.colcon_core.shell:Creating prefix util module '/home/pizzu01/ros2_humble/install/_local_setup_util_sh.py'
[19.722s] INFO:colcon.colcon_core.shell:Creating prefix chain script '/home/pizzu01/ros2_humble/install/setup.sh'
[19.729s] INFO:colcon.colcon_core.shell:Creating prefix script '/home/pizzu01/ros2_humble/install/local_setup.bash'
[19.735s] INFO:colcon.colcon_core.shell:Creating prefix chain script '/home/pizzu01/ros2_humble/install/setup.bash'
[19.737s] INFO:colcon.colcon_core.shell:Creating prefix script '/home/pizzu01/ros2_humble/install/local_setup.zsh'
[19.738s] INFO:colcon.colcon_core.shell:Creating prefix chain script '/home/pizzu01/ros2_humble/install/setup.zsh'
