[3.571s] Invoking command in '/home/pizzu01/ros2_humble/src/my_ros2_package': PYTHONPATH=/home/pizzu01/ros2_humble/build/my_ros2_package/prefix_override:/usr/lib/python3/dist-packages/colcon_core/task/python/colcon_distutils_commands:/home/pizzu01/ros2_humble/install/my_ros2_package/lib/python3.10/site-packages:${PYTHONPATH} /usr/bin/python3 -W ignore:setup.py install is deprecated -W ignore:easy_install command is deprecated setup.py egg_info --egg-base ../../build/my_ros2_package build --build-base /home/pizzu01/ros2_humble/build/my_ros2_package/build install --record /home/pizzu01/ros2_humble/build/my_ros2_package/install.log --single-version-externally-managed install_data
[4.633s] running egg_info
[4.640s] writing ../../build/my_ros2_package/my_ros2_package.egg-info/PKG-INFO
[4.641s] writing dependency_links to ../../build/my_ros2_package/my_ros2_package.egg-info/dependency_links.txt
[4.642s] writing entry points to ../../build/my_ros2_package/my_ros2_package.egg-info/entry_points.txt
[4.642s] writing requirements to ../../build/my_ros2_package/my_ros2_package.egg-info/requires.txt
[4.643s] writing top-level names to ../../build/my_ros2_package/my_ros2_package.egg-info/top_level.txt
[4.650s] reading manifest file '../../build/my_ros2_package/my_ros2_package.egg-info/SOURCES.txt'
[4.650s] writing manifest file '../../build/my_ros2_package/my_ros2_package.egg-info/SOURCES.txt'
[4.651s] running build
[4.651s] running build_py
[4.653s] running install
[4.655s] running install_lib
[4.662s] running install_data
[4.664s] running install_egg_info
[4.672s] removing '/home/pizzu01/ros2_humble/install/my_ros2_package/lib/python3.10/site-packages/my_ros2_package-0.0.0-py3.10.egg-info' (and everything under it)
[4.673s] Copying ../../build/my_ros2_package/my_ros2_package.egg-info to /home/pizzu01/ros2_humble/install/my_ros2_package/lib/python3.10/site-packages/my_ros2_package-0.0.0-py3.10.egg-info
[4.676s] running install_scripts
[4.744s] Installing moveit_controller script to /home/pizzu01/ros2_humble/install/my_ros2_package/lib/my_ros2_package
[4.745s] Installing object_position_node script to /home/pizzu01/ros2_humble/install/my_ros2_package/lib/my_ros2_package
[4.745s] Installing pose_listener script to /home/pizzu01/ros2_humble/install/my_ros2_package/lib/my_ros2_package
[4.748s] writing list of installed files to '/home/pizzu01/ros2_humble/build/my_ros2_package/install.log'
[4.834s] Invoked command in '/home/pizzu01/ros2_humble/src/my_ros2_package' returned '0': PYTHONPATH=/home/pizzu01/ros2_humble/build/my_ros2_package/prefix_override:/usr/lib/python3/dist-packages/colcon_core/task/python/colcon_distutils_commands:/home/pizzu01/ros2_humble/install/my_ros2_package/lib/python3.10/site-packages:${PYTHONPATH} /usr/bin/python3 -W ignore:setup.py install is deprecated -W ignore:easy_install command is deprecated setup.py egg_info --egg-base ../../build/my_ros2_package build --build-base /home/pizzu01/ros2_humble/build/my_ros2_package/build install --record /home/pizzu01/ros2_humble/build/my_ros2_package/install.log --single-version-externally-managed install_data
