[0.085s] Invoking command in '/home/pizzu01/ros2_humble/build/gazebo_ros2_control': CMAKE_PREFIX_PATH=${CMAKE_PREFIX_PATH}:/home/pizzu01/ros2_humble/install/ros_tcp_endpoint:/home/pizzu01/ros2_humble/install/my_ros2_package:/home/pizzu01/install/ros_tcp_endpoint:/home/pizzu01/install/my_ros2_package:/opt/ros/humble /usr/bin/cmake --build /home/pizzu01/ros2_humble/build/gazebo_ros2_control -- -j4 -l4
[0.629s] [ 50%] Built target gazebo_hardware_plugins
[0.630s] [100%] Built target gazebo_ros2_control
[1.053s] Invoked command in '/home/pizzu01/ros2_humble/build/gazebo_ros2_control' returned '0': CMAKE_PREFIX_PATH=${CMAKE_PREFIX_PATH}:/home/pizzu01/ros2_humble/install/ros_tcp_endpoint:/home/pizzu01/ros2_humble/install/my_ros2_package:/home/pizzu01/install/ros_tcp_endpoint:/home/pizzu01/install/my_ros2_package:/opt/ros/humble /usr/bin/cmake --build /home/pizzu01/ros2_humble/build/gazebo_ros2_control -- -j4 -l4
[1.059s] Invoking command in '/home/pizzu01/ros2_humble/build/gazebo_ros2_control': CMAKE_PREFIX_PATH=${CMAKE_PREFIX_PATH}:/home/pizzu01/ros2_humble/install/ros_tcp_endpoint:/home/pizzu01/ros2_humble/install/my_ros2_package:/home/pizzu01/install/ros_tcp_endpoint:/home/pizzu01/install/my_ros2_package:/opt/ros/humble /usr/bin/cmake --install /home/pizzu01/ros2_humble/build/gazebo_ros2_control
[1.080s] -- Install configuration: ""
[1.091s] -- Up-to-date: /home/pizzu01/ros2_humble/install/gazebo_ros2_control/lib/libgazebo_ros2_control.so
[1.094s] -- Up-to-date: /home/pizzu01/ros2_humble/install/gazebo_ros2_control/lib/libgazebo_hardware_plugins.so
[1.095s] -- Up-to-date: /home/pizzu01/ros2_humble/install/gazebo_ros2_control/share/gazebo_ros2_control/environment/library_path.sh
[1.095s] -- Up-to-date: /home/pizzu01/ros2_humble/install/gazebo_ros2_control/share/gazebo_ros2_control/environment/library_path.dsv
[1.096s] -- Up-to-date: /home/pizzu01/ros2_humble/install/gazebo_ros2_control/include/gazebo_ros2_control
[1.103s] -- Up-to-date: /home/pizzu01/ros2_humble/install/gazebo_ros2_control/include/gazebo_ros2_control/gazebo_system_interface.hpp
[1.103s] -- Up-to-date: /home/pizzu01/ros2_humble/install/gazebo_ros2_control/include/gazebo_ros2_control/gazebo_ros2_control_plugin.hpp
[1.103s] -- Up-to-date: /home/pizzu01/ros2_humble/install/gazebo_ros2_control/include/gazebo_ros2_control/gazebo_system.hpp
[1.104s] -- Up-to-date: /home/pizzu01/ros2_humble/install/gazebo_ros2_control/share/gazebo_ros2_control/gazebo_hardware_plugins.xml
[1.104s] -- Up-to-date: /home/pizzu01/ros2_humble/install/gazebo_ros2_control/share/ament_index/resource_index/package_run_dependencies/gazebo_ros2_control
[1.110s] -- Up-to-date: /home/pizzu01/ros2_humble/install/gazebo_ros2_control/share/ament_index/resource_index/parent_prefix_path/gazebo_ros2_control
[1.111s] -- Up-to-date: /home/pizzu01/ros2_humble/install/gazebo_ros2_control/share/gazebo_ros2_control/environment/ament_prefix_path.sh
[1.111s] -- Up-to-date: /home/pizzu01/ros2_humble/install/gazebo_ros2_control/share/gazebo_ros2_control/environment/ament_prefix_path.dsv
[1.111s] -- Up-to-date: /home/pizzu01/ros2_humble/install/gazebo_ros2_control/share/gazebo_ros2_control/environment/path.sh
[1.111s] -- Up-to-date: /home/pizzu01/ros2_humble/install/gazebo_ros2_control/share/gazebo_ros2_control/environment/path.dsv
[1.111s] -- Up-to-date: /home/pizzu01/ros2_humble/install/gazebo_ros2_control/share/gazebo_ros2_control/local_setup.bash
[1.112s] -- Up-to-date: /home/pizzu01/ros2_humble/install/gazebo_ros2_control/share/gazebo_ros2_control/local_setup.sh
[1.112s] -- Up-to-date: /home/pizzu01/ros2_humble/install/gazebo_ros2_control/share/gazebo_ros2_control/local_setup.zsh
[1.112s] -- Up-to-date: /home/pizzu01/ros2_humble/install/gazebo_ros2_control/share/gazebo_ros2_control/local_setup.dsv
[1.112s] -- Installing: /home/pizzu01/ros2_humble/install/gazebo_ros2_control/share/gazebo_ros2_control/package.dsv
[1.113s] -- Up-to-date: /home/pizzu01/ros2_humble/install/gazebo_ros2_control/share/ament_index/resource_index/packages/gazebo_ros2_control
[1.127s] -- Up-to-date: /home/pizzu01/ros2_humble/install/gazebo_ros2_control/share/ament_index/resource_index/gazebo_ros2_control__pluginlib__plugin/gazebo_ros2_control
[1.134s] -- Up-to-date: /home/pizzu01/ros2_humble/install/gazebo_ros2_control/share/gazebo_ros2_control/cmake/ament_cmake_export_include_directories-extras.cmake
[1.134s] -- Up-to-date: /home/pizzu01/ros2_humble/install/gazebo_ros2_control/share/gazebo_ros2_control/cmake/ament_cmake_export_dependencies-extras.cmake
[1.135s] -- Up-to-date: /home/pizzu01/ros2_humble/install/gazebo_ros2_control/share/gazebo_ros2_control/cmake/ament_cmake_export_libraries-extras.cmake
[1.138s] -- Up-to-date: /home/pizzu01/ros2_humble/install/gazebo_ros2_control/share/gazebo_ros2_control/cmake/gazebo_ros2_controlConfig.cmake
[1.138s] -- Up-to-date: /home/pizzu01/ros2_humble/install/gazebo_ros2_control/share/gazebo_ros2_control/cmake/gazebo_ros2_controlConfig-version.cmake
[1.138s] -- Up-to-date: /home/pizzu01/ros2_humble/install/gazebo_ros2_control/share/gazebo_ros2_control/package.xml
[1.144s] Invoked command in '/home/pizzu01/ros2_humble/build/gazebo_ros2_control' returned '0': CMAKE_PREFIX_PATH=${CMAKE_PREFIX_PATH}:/home/pizzu01/ros2_humble/install/ros_tcp_endpoint:/home/pizzu01/ros2_humble/install/my_ros2_package:/home/pizzu01/install/ros_tcp_endpoint:/home/pizzu01/install/my_ros2_package:/opt/ros/humble /usr/bin/cmake --install /home/pizzu01/ros2_humble/build/gazebo_ros2_control
