[0.136s] Invoking command in '/home/pizzu01/ros2_humble/build/tm_description': CMAKE_PREFIX_PATH=${CMAKE_PREFIX_PATH}:/home/pizzu01/ros2_humble/install/ros_tcp_endpoint:/home/pizzu01/ros2_humble/install/my_ros2_package:/home/pizzu01/install/ros_tcp_endpoint:/home/pizzu01/install/my_ros2_package:/opt/ros/humble /usr/bin/cmake --build /home/pizzu01/ros2_humble/build/tm_description -- -j4 -l4
[1.140s] Invoked command in '/home/pizzu01/ros2_humble/build/tm_description' returned '0': CMAKE_PREFIX_PATH=${CMAKE_PREFIX_PATH}:/home/pizzu01/ros2_humble/install/ros_tcp_endpoint:/home/pizzu01/ros2_humble/install/my_ros2_package:/home/pizzu01/install/ros_tcp_endpoint:/home/pizzu01/install/my_ros2_package:/opt/ros/humble /usr/bin/cmake --build /home/pizzu01/ros2_humble/build/tm_description -- -j4 -l4
[1.162s] Invoking command in '/home/pizzu01/ros2_humble/build/tm_description': CMAKE_PREFIX_PATH=${CMAKE_PREFIX_PATH}:/home/pizzu01/ros2_humble/install/ros_tcp_endpoint:/home/pizzu01/ros2_humble/install/my_ros2_package:/home/pizzu01/install/ros_tcp_endpoint:/home/pizzu01/install/my_ros2_package:/opt/ros/humble /usr/bin/cmake --install /home/pizzu01/ros2_humble/build/tm_description
[1.189s] -- Install configuration: ""
[1.190s] -- Up-to-date: /home/pizzu01/ros2_humble/install/tm_description/share/tm_description/urdf
[1.190s] -- Up-to-date: /home/pizzu01/ros2_humble/install/tm_description/share/tm_description/urdf/common.gazebo.xacro
[1.191s] -- Up-to-date: /home/pizzu01/ros2_humble/install/tm_description/share/tm_description/urdf/tm700.urdf.xacro
[1.191s] -- Up-to-date: /home/pizzu01/ros2_humble/install/tm_description/share/tm_description/urdf/tm700_robot_joint_limited_eih.urdf.xacro
[1.191s] -- Up-to-date: /home/pizzu01/ros2_humble/install/tm_description/share/tm_description/urdf/tm900_robot_moveit.urdf
[1.192s] -- Up-to-date: /home/pizzu01/ros2_humble/install/tm_description/share/tm_description/urdf/tm900_robot.urdf.xacro:Zone.Identifier
[1.192s] -- Up-to-date: /home/pizzu01/ros2_humble/install/tm_description/share/tm_description/urdf/tm900_robot_joint_limited.urdf.xacro
[1.192s] -- Up-to-date: /home/pizzu01/ros2_humble/install/tm_description/share/tm_description/urdf/tm900.eih.xacro:Zone.Identifier
[1.193s] -- Up-to-date: /home/pizzu01/ros2_humble/install/tm_description/share/tm_description/urdf/tm900_robot_eih.urdf.xacro:Zone.Identifier
[1.193s] -- Up-to-date: /home/pizzu01/ros2_humble/install/tm_description/share/tm_description/urdf/tm700.eih.xacro
[1.193s] -- Up-to-date: /home/pizzu01/ros2_humble/install/tm_description/share/tm_description/urdf/common.gazebo.xacro:Zone.Identifier
[1.197s] -- Up-to-date: /home/pizzu01/ros2_humble/install/tm_description/share/tm_description/urdf/tm900_robot_eih.urdf.xacro
[1.198s] -- Up-to-date: /home/pizzu01/ros2_humble/install/tm_description/share/tm_description/urdf/tm900.eih.xacro
[1.198s] -- Up-to-date: /home/pizzu01/ros2_humble/install/tm_description/share/tm_description/urdf/tm700_robot.urdf.xacro
[1.198s] -- Up-to-date: /home/pizzu01/ros2_humble/install/tm_description/share/tm_description/urdf/tm900_robot_prova2.urdf
[1.198s] -- Up-to-date: /home/pizzu01/ros2_humble/install/tm_description/share/tm_description/urdf/tm700_robot_eih.urdf.xacro
[1.199s] -- Up-to-date: /home/pizzu01/ros2_humble/install/tm_description/share/tm_description/urdf/tm700_robot.urdf.xacro:Zone.Identifier
[1.199s] -- Up-to-date: /home/pizzu01/ros2_humble/install/tm_description/share/tm_description/urdf/tm900.urdf.xacro:Zone.Identifier
[1.199s] -- Up-to-date: /home/pizzu01/ros2_humble/install/tm_description/share/tm_description/urdf/tm900_robot_joint_limited_eih.urdf.xacro:Zone.Identifier
[1.200s] -- Up-to-date: /home/pizzu01/ros2_humble/install/tm_description/share/tm_description/urdf/tm.gazebo.xacro
[1.200s] -- Up-to-date: /home/pizzu01/ros2_humble/install/tm_description/share/tm_description/urdf/tm700.eih.xacro:Zone.Identifier
[1.200s] -- Up-to-date: /home/pizzu01/ros2_humble/install/tm_description/share/tm_description/urdf/tm700_simple.urdf:Zone.Identifier
[1.201s] -- Up-to-date: /home/pizzu01/ros2_humble/install/tm_description/share/tm_description/urdf/tm.transmission.xacro
[1.201s] -- Up-to-date: /home/pizzu01/ros2_humble/install/tm_description/share/tm_description/urdf/tm700_robot_joint_limited.urdf.xacro
[1.201s] -- Up-to-date: /home/pizzu01/ros2_humble/install/tm_description/share/tm_description/urdf/tm700.urdf.xacro:Zone.Identifier
[1.201s] -- Up-to-date: /home/pizzu01/ros2_humble/install/tm_description/share/tm_description/urdf/tm.gazebo.xacro:Zone.Identifier
[1.202s] -- Up-to-date: /home/pizzu01/ros2_humble/install/tm_description/share/tm_description/urdf/tm700simple.urdf
[1.202s] -- Up-to-date: /home/pizzu01/ros2_humble/install/tm_description/share/tm_description/urdf/tm900_robot_joint_limited.urdf.xacro:Zone.Identifier
[1.202s] -- Up-to-date: /home/pizzu01/ros2_humble/install/tm_description/share/tm_description/urdf/tm.transmission.xacro:Zone.Identifier
[1.203s] -- Up-to-date: /home/pizzu01/ros2_humble/install/tm_description/share/tm_description/urdf/tm900_robot_prova2.urdf:Zone.Identifier
[1.203s] -- Up-to-date: /home/pizzu01/ros2_humble/install/tm_description/share/tm_description/urdf/tm900.urdf.xacro
[1.206s] -- Up-to-date: /home/pizzu01/ros2_humble/install/tm_description/share/tm_description/urdf/tm700_robot_joint_limited_eih.urdf.xacro:Zone.Identifier
[1.209s] -- Up-to-date: /home/pizzu01/ros2_humble/install/tm_description/share/tm_description/urdf/tm900_robot.urdf.xacro
[1.211s] -- Up-to-date: /home/pizzu01/ros2_humble/install/tm_description/share/tm_description/urdf/tm700simple.urdf:Zone.Identifier
[1.211s] -- Up-to-date: /home/pizzu01/ros2_humble/install/tm_description/share/tm_description/urdf/tm900_robot.urdf
[1.223s] -- Up-to-date: /home/pizzu01/ros2_humble/install/tm_description/share/tm_description/urdf/tm700_simple.urdf
[1.224s] -- Up-to-date: /home/pizzu01/ros2_humble/install/tm_description/share/tm_description/urdf/tm900_robot.urdf:Zone.Identifier
[1.224s] -- Up-to-date: /home/pizzu01/ros2_humble/install/tm_description/share/tm_description/urdf/tm700_robot_joint_limited.urdf.xacro:Zone.Identifier
[1.225s] -- Up-to-date: /home/pizzu01/ros2_humble/install/tm_description/share/tm_description/urdf/tm700_robot_eih.urdf.xacro:Zone.Identifier
[1.225s] -- Up-to-date: /home/pizzu01/ros2_humble/install/tm_description/share/tm_description/urdf/tm900_robot_joint_limited_eih.urdf.xacro
[1.227s] -- Up-to-date: /home/pizzu01/ros2_humble/install/tm_description/share/tm_description/meshes
[1.227s] -- Up-to-date: /home/pizzu01/ros2_humble/install/tm_description/share/tm_description/meshes/tm700
[1.233s] -- Up-to-date: /home/pizzu01/ros2_humble/install/tm_description/share/tm_description/meshes/tm700/visual
[1.234s] -- Up-to-date: /home/pizzu01/ros2_humble/install/tm_description/share/tm_description/meshes/tm700/visual/Wrist2.dae
[1.235s] -- Up-to-date: /home/pizzu01/ros2_humble/install/tm_description/share/tm_description/meshes/tm700/visual/Wrist1.STL
[1.235s] -- Up-to-date: /home/pizzu01/ros2_humble/install/tm_description/share/tm_description/meshes/tm700/visual/Shoulder1.STL
[1.236s] -- Up-to-date: /home/pizzu01/ros2_humble/install/tm_description/share/tm_description/meshes/tm700/visual/Arm2.dae:Zone.Identifier
[1.236s] -- Up-to-date: /home/pizzu01/ros2_humble/install/tm_description/share/tm_description/meshes/tm700/visual/Arm2.STL:Zone.Identifier
[1.237s] -- Up-to-date: /home/pizzu01/ros2_humble/install/tm_description/share/tm_description/meshes/tm700/visual/Wrist3.STL
[1.238s] -- Up-to-date: /home/pizzu01/ros2_humble/install/tm_description/share/tm_description/meshes/tm700/visual/Arm2.STL
[1.238s] -- Up-to-date: /home/pizzu01/ros2_humble/install/tm_description/share/tm_description/meshes/tm700/visual/Wrist1.dae:Zone.Identifier
[1.239s] -- Up-to-date: /home/pizzu01/ros2_humble/install/tm_description/share/tm_description/meshes/tm700/visual/Base.STL:Zone.Identifier
[1.239s] -- Up-to-date: /home/pizzu01/ros2_humble/install/tm_description/share/tm_description/meshes/tm700/visual/Shoulder1.dae
[1.240s] -- Up-to-date: /home/pizzu01/ros2_humble/install/tm_description/share/tm_description/meshes/tm700/visual/Arm1.dae:Zone.Identifier
[1.240s] -- Up-to-date: /home/pizzu01/ros2_humble/install/tm_description/share/tm_description/meshes/tm700/visual/Arm2.dae
[1.241s] -- Up-to-date: /home/pizzu01/ros2_humble/install/tm_description/share/tm_description/meshes/tm700/visual/Wrist3.dae:Zone.Identifier
[1.241s] -- Up-to-date: /home/pizzu01/ros2_humble/install/tm_description/share/tm_description/meshes/tm700/visual/Wrist3_.dae:Zone.Identifier
[1.242s] -- Up-to-date: /home/pizzu01/ros2_humble/install/tm_description/share/tm_description/meshes/tm700/visual/Base.dae
[1.243s] -- Up-to-date: /home/pizzu01/ros2_humble/install/tm_description/share/tm_description/meshes/tm700/visual/Wrist2.STL
[1.243s] -- Up-to-date: /home/pizzu01/ros2_humble/install/tm_description/share/tm_description/meshes/tm700/visual/Arm1.STL:Zone.Identifier
[1.244s] -- Up-to-date: /home/pizzu01/ros2_humble/install/tm_description/share/tm_description/meshes/tm700/visual/Wrist3_.dae
[1.245s] -- Up-to-date: /home/pizzu01/ros2_humble/install/tm_description/share/tm_description/meshes/tm700/visual/Base.dae:Zone.Identifier
[1.245s] -- Up-to-date: /home/pizzu01/ros2_humble/install/tm_description/share/tm_description/meshes/tm700/visual/Wrist3.dae
[1.246s] -- Up-to-date: /home/pizzu01/ros2_humble/install/tm_description/share/tm_description/meshes/tm700/visual/Wrist2.STL:Zone.Identifier
[1.247s] -- Up-to-date: /home/pizzu01/ros2_humble/install/tm_description/share/tm_description/meshes/tm700/visual/Arm1.dae
[1.247s] -- Up-to-date: /home/pizzu01/ros2_humble/install/tm_description/share/tm_description/meshes/tm700/visual/Wrist1.dae
[1.248s] -- Up-to-date: /home/pizzu01/ros2_humble/install/tm_description/share/tm_description/meshes/tm700/visual/Shoulder1.dae:Zone.Identifier
[1.249s] -- Up-to-date: /home/pizzu01/ros2_humble/install/tm_description/share/tm_description/meshes/tm700/visual/Wrist1.STL:Zone.Identifier
[1.250s] -- Up-to-date: /home/pizzu01/ros2_humble/install/tm_description/share/tm_description/meshes/tm700/visual/Shoulder1.STL:Zone.Identifier
[1.250s] -- Up-to-date: /home/pizzu01/ros2_humble/install/tm_description/share/tm_description/meshes/tm700/visual/Base.STL
[1.251s] -- Up-to-date: /home/pizzu01/ros2_humble/install/tm_description/share/tm_description/meshes/tm700/visual/Wrist2.dae:Zone.Identifier
[1.252s] -- Up-to-date: /home/pizzu01/ros2_humble/install/tm_description/share/tm_description/meshes/tm700/visual/Wrist3.STL:Zone.Identifier
[1.252s] -- Up-to-date: /home/pizzu01/ros2_humble/install/tm_description/share/tm_description/meshes/tm700/visual/Arm1.STL
[1.253s] -- Up-to-date: /home/pizzu01/ros2_humble/install/tm_description/share/tm_description/meshes/tm700/collision
[1.254s] -- Up-to-date: /home/pizzu01/ros2_humble/install/tm_description/share/tm_description/meshes/tm700/collision/wrist_2.STL
[1.254s] -- Up-to-date: /home/pizzu01/ros2_humble/install/tm_description/share/tm_description/meshes/tm700/collision/base.STL
[1.255s] -- Up-to-date: /home/pizzu01/ros2_humble/install/tm_description/share/tm_description/meshes/tm700/collision/arm_1.STL
[1.255s] -- Up-to-date: /home/pizzu01/ros2_humble/install/tm_description/share/tm_description/meshes/tm700/collision/wrist_2.STL:Zone.Identifier
[1.256s] -- Up-to-date: /home/pizzu01/ros2_humble/install/tm_description/share/tm_description/meshes/tm700/collision/wrist_3.STL:Zone.Identifier
[1.256s] -- Up-to-date: /home/pizzu01/ros2_humble/install/tm_description/share/tm_description/meshes/tm700/collision/base.STL:Zone.Identifier
[1.257s] -- Up-to-date: /home/pizzu01/ros2_humble/install/tm_description/share/tm_description/meshes/tm700/collision/wrist_1.STL:Zone.Identifier
[1.257s] -- Up-to-date: /home/pizzu01/ros2_humble/install/tm_description/share/tm_description/meshes/tm700/collision/arm_2.STL:Zone.Identifier
[1.259s] -- Up-to-date: /home/pizzu01/ros2_humble/install/tm_description/share/tm_description/meshes/tm700/collision/shoulder_1.STL:Zone.Identifier
[1.259s] -- Up-to-date: /home/pizzu01/ros2_humble/install/tm_description/share/tm_description/meshes/tm700/collision/shoulder_1.STL
[1.261s] -- Up-to-date: /home/pizzu01/ros2_humble/install/tm_description/share/tm_description/meshes/tm700/collision/arm_2.STL
[1.262s] -- Up-to-date: /home/pizzu01/ros2_humble/install/tm_description/share/tm_description/meshes/tm700/collision/wrist_3_1.STL
[1.262s] -- Up-to-date: /home/pizzu01/ros2_humble/install/tm_description/share/tm_description/meshes/tm700/collision/wrist_3_2.STL:Zone.Identifier
[1.263s] -- Up-to-date: /home/pizzu01/ros2_humble/install/tm_description/share/tm_description/meshes/tm700/collision/wrist_3_2.STL
[1.263s] -- Up-to-date: /home/pizzu01/ros2_humble/install/tm_description/share/tm_description/meshes/tm700/collision/wrist_3_1.STL:Zone.Identifier
[1.264s] -- Up-to-date: /home/pizzu01/ros2_humble/install/tm_description/share/tm_description/meshes/tm700/collision/arm_1.STL:Zone.Identifier
[1.264s] -- Up-to-date: /home/pizzu01/ros2_humble/install/tm_description/share/tm_description/meshes/tm700/collision/wrist_3.STL
[1.265s] -- Up-to-date: /home/pizzu01/ros2_humble/install/tm_description/share/tm_description/meshes/tm700/collision/wrist_1.STL
[1.265s] -- Up-to-date: /home/pizzu01/ros2_humble/install/tm_description/share/tm_description/meshes/tm900
[1.266s] -- Up-to-date: /home/pizzu01/ros2_humble/install/tm_description/share/tm_description/meshes/tm900/visual
[1.267s] -- Up-to-date: /home/pizzu01/ros2_humble/install/tm_description/share/tm_description/meshes/tm900/visual/Wrist2.dae
[1.267s] -- Up-to-date: /home/pizzu01/ros2_humble/install/tm_description/share/tm_description/meshes/tm900/visual/Wrist1.STL
[1.268s] -- Up-to-date: /home/pizzu01/ros2_humble/install/tm_description/share/tm_description/meshes/tm900/visual/Shoulder1.STL
[1.268s] -- Up-to-date: /home/pizzu01/ros2_humble/install/tm_description/share/tm_description/meshes/tm900/visual/Arm2.dae:Zone.Identifier
[1.269s] -- Up-to-date: /home/pizzu01/ros2_humble/install/tm_description/share/tm_description/meshes/tm900/visual/Arm2.STL:Zone.Identifier
[1.269s] -- Up-to-date: /home/pizzu01/ros2_humble/install/tm_description/share/tm_description/meshes/tm900/visual/Wrist3.STL
[1.270s] -- Up-to-date: /home/pizzu01/ros2_humble/install/tm_description/share/tm_description/meshes/tm900/visual/Arm2.STL
[1.270s] -- Up-to-date: /home/pizzu01/ros2_humble/install/tm_description/share/tm_description/meshes/tm900/visual/Wrist1.dae:Zone.Identifier
[1.271s] -- Up-to-date: /home/pizzu01/ros2_humble/install/tm_description/share/tm_description/meshes/tm900/visual/Base.STL:Zone.Identifier
[1.271s] -- Up-to-date: /home/pizzu01/ros2_humble/install/tm_description/share/tm_description/meshes/tm900/visual/Shoulder1.dae
[1.272s] -- Up-to-date: /home/pizzu01/ros2_humble/install/tm_description/share/tm_description/meshes/tm900/visual/Arm1.dae:Zone.Identifier
[1.273s] -- Up-to-date: /home/pizzu01/ros2_humble/install/tm_description/share/tm_description/meshes/tm900/visual/Arm2.dae
[1.274s] -- Up-to-date: /home/pizzu01/ros2_humble/install/tm_description/share/tm_description/meshes/tm900/visual/Wrist3.dae:Zone.Identifier
[1.275s] -- Up-to-date: /home/pizzu01/ros2_humble/install/tm_description/share/tm_description/meshes/tm900/visual/Base.dae
[1.276s] -- Up-to-date: /home/pizzu01/ros2_humble/install/tm_description/share/tm_description/meshes/tm900/visual/Wrist2.STL
[1.277s] -- Up-to-date: /home/pizzu01/ros2_humble/install/tm_description/share/tm_description/meshes/tm900/visual/Arm1.STL:Zone.Identifier
[1.278s] -- Up-to-date: /home/pizzu01/ros2_humble/install/tm_description/share/tm_description/meshes/tm900/visual/Base.dae:Zone.Identifier
[1.279s] -- Up-to-date: /home/pizzu01/ros2_humble/install/tm_description/share/tm_description/meshes/tm900/visual/Wrist3.dae
[1.279s] -- Up-to-date: /home/pizzu01/ros2_humble/install/tm_description/share/tm_description/meshes/tm900/visual/Wrist2.STL:Zone.Identifier
[1.280s] -- Up-to-date: /home/pizzu01/ros2_humble/install/tm_description/share/tm_description/meshes/tm900/visual/Arm1.dae
[1.280s] -- Up-to-date: /home/pizzu01/ros2_humble/install/tm_description/share/tm_description/meshes/tm900/visual/Wrist1.dae
[1.281s] -- Up-to-date: /home/pizzu01/ros2_humble/install/tm_description/share/tm_description/meshes/tm900/visual/Shoulder1.dae:Zone.Identifier
[1.282s] -- Up-to-date: /home/pizzu01/ros2_humble/install/tm_description/share/tm_description/meshes/tm900/visual/Wrist1.STL:Zone.Identifier
[1.282s] -- Up-to-date: /home/pizzu01/ros2_humble/install/tm_description/share/tm_description/meshes/tm900/visual/Shoulder1.STL:Zone.Identifier
[1.283s] -- Up-to-date: /home/pizzu01/ros2_humble/install/tm_description/share/tm_description/meshes/tm900/visual/Base.STL
[1.283s] -- Up-to-date: /home/pizzu01/ros2_humble/install/tm_description/share/tm_description/meshes/tm900/visual/Wrist2.dae:Zone.Identifier
[1.284s] -- Up-to-date: /home/pizzu01/ros2_humble/install/tm_description/share/tm_description/meshes/tm900/visual/Wrist3.STL:Zone.Identifier
[1.285s] -- Up-to-date: /home/pizzu01/ros2_humble/install/tm_description/share/tm_description/meshes/tm900/visual/Arm1.STL
[1.285s] -- Up-to-date: /home/pizzu01/ros2_humble/install/tm_description/share/tm_description/meshes/tm900/model.config:Zone.Identifier
[1.286s] -- Up-to-date: /home/pizzu01/ros2_humble/install/tm_description/share/tm_description/meshes/tm900/collision
[1.286s] -- Up-to-date: /home/pizzu01/ros2_humble/install/tm_description/share/tm_description/meshes/tm900/collision/wrist_2.STL
[1.287s] -- Up-to-date: /home/pizzu01/ros2_humble/install/tm_description/share/tm_description/meshes/tm900/collision/base.STL
[1.288s] -- Up-to-date: /home/pizzu01/ros2_humble/install/tm_description/share/tm_description/meshes/tm900/collision/arm_1.STL
[1.288s] -- Up-to-date: /home/pizzu01/ros2_humble/install/tm_description/share/tm_description/meshes/tm900/collision/wrist_2.STL:Zone.Identifier
[1.289s] -- Up-to-date: /home/pizzu01/ros2_humble/install/tm_description/share/tm_description/meshes/tm900/collision/wrist_3.STL:Zone.Identifier
[1.289s] -- Up-to-date: /home/pizzu01/ros2_humble/install/tm_description/share/tm_description/meshes/tm900/collision/base.STL:Zone.Identifier
[1.290s] -- Up-to-date: /home/pizzu01/ros2_humble/install/tm_description/share/tm_description/meshes/tm900/collision/wrist_1.STL:Zone.Identifier
[1.290s] -- Up-to-date: /home/pizzu01/ros2_humble/install/tm_description/share/tm_description/meshes/tm900/collision/arm_2.STL:Zone.Identifier
[1.291s] -- Up-to-date: /home/pizzu01/ros2_humble/install/tm_description/share/tm_description/meshes/tm900/collision/shoulder_1.STL:Zone.Identifier
[1.291s] -- Up-to-date: /home/pizzu01/ros2_humble/install/tm_description/share/tm_description/meshes/tm900/collision/shoulder_1.STL
[1.291s] -- Up-to-date: /home/pizzu01/ros2_humble/install/tm_description/share/tm_description/meshes/tm900/collision/arm_2.STL
[1.292s] -- Up-to-date: /home/pizzu01/ros2_humble/install/tm_description/share/tm_description/meshes/tm900/collision/wrist_3_1.STL
[1.292s] -- Up-to-date: /home/pizzu01/ros2_humble/install/tm_description/share/tm_description/meshes/tm900/collision/wrist_3_2.STL:Zone.Identifier
[1.293s] -- Up-to-date: /home/pizzu01/ros2_humble/install/tm_description/share/tm_description/meshes/tm900/collision/wrist_3_2.STL
[1.294s] -- Up-to-date: /home/pizzu01/ros2_humble/install/tm_description/share/tm_description/meshes/tm900/collision/wrist_3_1.STL:Zone.Identifier
[1.294s] -- Up-to-date: /home/pizzu01/ros2_humble/install/tm_description/share/tm_description/meshes/tm900/collision/arm_1.STL:Zone.Identifier
[1.294s] -- Up-to-date: /home/pizzu01/ros2_humble/install/tm_description/share/tm_description/meshes/tm900/collision/wrist_3.STL
[1.295s] -- Up-to-date: /home/pizzu01/ros2_humble/install/tm_description/share/tm_description/meshes/tm900/collision/wrist_1.STL
[1.295s] -- Up-to-date: /home/pizzu01/ros2_humble/install/tm_description/share/tm_description/launch
[1.295s] -- Installing: /home/pizzu01/ros2_humble/install/tm_description/share/tm_description/launch/robot_state_publisher.launch.py
[1.296s] -- Up-to-date: /home/pizzu01/ros2_humble/install/tm_description/share/tm_description/launch/tm900_upload.launch
[1.296s] -- Up-to-date: /home/pizzu01/ros2_humble/install/tm_description/share/tm_description/launch/test.launch
[1.297s] -- Up-to-date: /home/pizzu01/ros2_humble/install/tm_description/share/tm_description/launch/tm700_upload.launch
[1.297s] -- Up-to-date: /home/pizzu01/ros2_humble/install/tm_description/share/tm_description/launch/tm700_upload.launch:Zone.Identifier
[1.298s] -- Up-to-date: /home/pizzu01/ros2_humble/install/tm_description/share/tm_description/launch/test.launch:Zone.Identifier
[1.298s] -- Up-to-date: /home/pizzu01/ros2_humble/install/tm_description/share/tm_description/launch/tm900_upload.launch:Zone.Identifier
[1.301s] -- Up-to-date: /home/pizzu01/ros2_humble/install/tm_description/share/tm_description/config
[1.301s] -- Up-to-date: /home/pizzu01/ros2_humble/install/tm_description/share/tm_description/config/ros2_controllers.yaml
[1.301s] -- Up-to-date: /home/pizzu01/ros2_humble/install/tm_description/share/tm_description/config/ros2_controllers.yaml:Zone.Identifier
[1.302s] -- Up-to-date: /home/pizzu01/ros2_humble/install/tm_description/share/ament_index/resource_index/package_run_dependencies/tm_description
[1.302s] -- Up-to-date: /home/pizzu01/ros2_humble/install/tm_description/share/ament_index/resource_index/parent_prefix_path/tm_description
[1.302s] -- Up-to-date: /home/pizzu01/ros2_humble/install/tm_description/share/tm_description/environment/ament_prefix_path.sh
[1.303s] -- Up-to-date: /home/pizzu01/ros2_humble/install/tm_description/share/tm_description/environment/ament_prefix_path.dsv
[1.304s] -- Up-to-date: /home/pizzu01/ros2_humble/install/tm_description/share/tm_description/environment/path.sh
[1.304s] -- Up-to-date: /home/pizzu01/ros2_humble/install/tm_description/share/tm_description/environment/path.dsv
[1.304s] -- Up-to-date: /home/pizzu01/ros2_humble/install/tm_description/share/tm_description/local_setup.bash
[1.305s] -- Up-to-date: /home/pizzu01/ros2_humble/install/tm_description/share/tm_description/local_setup.sh
[1.306s] -- Up-to-date: /home/pizzu01/ros2_humble/install/tm_description/share/tm_description/local_setup.zsh
[1.306s] -- Up-to-date: /home/pizzu01/ros2_humble/install/tm_description/share/tm_description/local_setup.dsv
[1.307s] -- Installing: /home/pizzu01/ros2_humble/install/tm_description/share/tm_description/package.dsv
[1.308s] -- Up-to-date: /home/pizzu01/ros2_humble/install/tm_description/share/ament_index/resource_index/packages/tm_description
[1.308s] -- Up-to-date: /home/pizzu01/ros2_humble/install/tm_description/share/tm_description/cmake/tm_descriptionConfig.cmake
[1.309s] -- Up-to-date: /home/pizzu01/ros2_humble/install/tm_description/share/tm_description/cmake/tm_descriptionConfig-version.cmake
[1.310s] -- Up-to-date: /home/pizzu01/ros2_humble/install/tm_description/share/tm_description/package.xml
[1.317s] Invoked command in '/home/pizzu01/ros2_humble/build/tm_description' returned '0': CMAKE_PREFIX_PATH=${CMAKE_PREFIX_PATH}:/home/pizzu01/ros2_humble/install/ros_tcp_endpoint:/home/pizzu01/ros2_humble/install/my_ros2_package:/home/pizzu01/install/ros_tcp_endpoint:/home/pizzu01/install/my_ros2_package:/opt/ros/humble /usr/bin/cmake --install /home/pizzu01/ros2_humble/build/tm_description
