[1.352s] Invoking command in '/home/pizzu01/ros2_humble/src/my_ros2_package': PYTHONPATH=/home/pizzu01/ros2_humble/build/my_ros2_package/prefix_override:/usr/lib/python3/dist-packages/colcon_core/task/python/colcon_distutils_commands:/home/pizzu01/ros2_humble/install/my_ros2_package/lib/python3.10/site-packages:${PYTHONPATH} /usr/bin/python3 -W ignore:setup.py install is deprecated -W ignore:easy_install command is deprecated setup.py egg_info --egg-base ../../build/my_ros2_package build --build-base /home/pizzu01/ros2_humble/build/my_ros2_package/build install --record /home/pizzu01/ros2_humble/build/my_ros2_package/install.log --single-version-externally-managed install_data
[1.696s] running egg_info
[1.697s] writing ../../build/my_ros2_package/my_ros2_package.egg-info/PKG-INFO
[1.698s] writing dependency_links to ../../build/my_ros2_package/my_ros2_package.egg-info/dependency_links.txt
[1.698s] writing entry points to ../../build/my_ros2_package/my_ros2_package.egg-info/entry_points.txt
[1.698s] writing requirements to ../../build/my_ros2_package/my_ros2_package.egg-info/requires.txt
[1.699s] writing top-level names to ../../build/my_ros2_package/my_ros2_package.egg-info/top_level.txt
[1.702s] reading manifest file '../../build/my_ros2_package/my_ros2_package.egg-info/SOURCES.txt'
[1.703s] writing manifest file '../../build/my_ros2_package/my_ros2_package.egg-info/SOURCES.txt'
[1.703s] running build
[1.703s] running build_py
[1.704s] running install
[1.705s] running install_lib
[1.708s] running install_data
[1.708s] running install_egg_info
[1.710s] removing '/home/pizzu01/ros2_humble/install/my_ros2_package/lib/python3.10/site-packages/my_ros2_package-0.0.0-py3.10.egg-info' (and everything under it)
[1.711s] Copying ../../build/my_ros2_package/my_ros2_package.egg-info to /home/pizzu01/ros2_humble/install/my_ros2_package/lib/python3.10/site-packages/my_ros2_package-0.0.0-py3.10.egg-info
[1.713s] running install_scripts
[1.742s] Installing moveit_controller script to /home/pizzu01/ros2_humble/install/my_ros2_package/lib/my_ros2_package
[1.743s] Installing object_position_node script to /home/pizzu01/ros2_humble/install/my_ros2_package/lib/my_ros2_package
[1.743s] Installing pose_listener script to /home/pizzu01/ros2_humble/install/my_ros2_package/lib/my_ros2_package
[1.743s] writing list of installed files to '/home/pizzu01/ros2_humble/build/my_ros2_package/install.log'
[1.786s] Invoked command in '/home/pizzu01/ros2_humble/src/my_ros2_package' returned '0': PYTHONPATH=/home/pizzu01/ros2_humble/build/my_ros2_package/prefix_override:/usr/lib/python3/dist-packages/colcon_core/task/python/colcon_distutils_commands:/home/pizzu01/ros2_humble/install/my_ros2_package/lib/python3.10/site-packages:${PYTHONPATH} /usr/bin/python3 -W ignore:setup.py install is deprecated -W ignore:easy_install command is deprecated setup.py egg_info --egg-base ../../build/my_ros2_package build --build-base /home/pizzu01/ros2_humble/build/my_ros2_package/build install --record /home/pizzu01/ros2_humble/build/my_ros2_package/install.log --single-version-externally-managed install_data
