[1.776s] Invoking command in '/home/pizzu01/ros2_humble/src/my_ros2_package': PYTHONPATH=/home/pizzu01/ros2_humble/build/my_ros2_package/prefix_override:/usr/lib/python3/dist-packages/colcon_core/task/python/colcon_distutils_commands:/home/pizzu01/ros2_humble/install/my_ros2_package/lib/python3.10/site-packages:${PYTHONPATH} /usr/bin/python3 -W ignore:setup.py install is deprecated -W ignore:easy_install command is deprecated setup.py egg_info --egg-base ../../build/my_ros2_package build --build-base /home/pizzu01/ros2_humble/build/my_ros2_package/build install --record /home/pizzu01/ros2_humble/build/my_ros2_package/install.log --single-version-externally-managed install_data
[2.246s] running egg_info
[2.247s] writing ../../build/my_ros2_package/my_ros2_package.egg-info/PKG-INFO
[2.248s] writing dependency_links to ../../build/my_ros2_package/my_ros2_package.egg-info/dependency_links.txt
[2.248s] writing entry points to ../../build/my_ros2_package/my_ros2_package.egg-info/entry_points.txt
[2.249s] writing requirements to ../../build/my_ros2_package/my_ros2_package.egg-info/requires.txt
[2.249s] writing top-level names to ../../build/my_ros2_package/my_ros2_package.egg-info/top_level.txt
[2.251s] reading manifest file '../../build/my_ros2_package/my_ros2_package.egg-info/SOURCES.txt'
[2.253s] writing manifest file '../../build/my_ros2_package/my_ros2_package.egg-info/SOURCES.txt'
[2.254s] running build
[2.254s] running build_py
[2.254s] running install
[2.255s] running install_lib
[2.257s] running install_data
[2.258s] running install_egg_info
[2.260s] removing '/home/pizzu01/ros2_humble/install/my_ros2_package/lib/python3.10/site-packages/my_ros2_package-0.0.0-py3.10.egg-info' (and everything under it)
[2.261s] Copying ../../build/my_ros2_package/my_ros2_package.egg-info to /home/pizzu01/ros2_humble/install/my_ros2_package/lib/python3.10/site-packages/my_ros2_package-0.0.0-py3.10.egg-info
[2.262s] running install_scripts
[2.298s] Installing moveit_controller script to /home/pizzu01/ros2_humble/install/my_ros2_package/lib/my_ros2_package
[2.298s] Installing object_position_node script to /home/pizzu01/ros2_humble/install/my_ros2_package/lib/my_ros2_package
[2.298s] Installing pose_listener script to /home/pizzu01/ros2_humble/install/my_ros2_package/lib/my_ros2_package
[2.299s] writing list of installed files to '/home/pizzu01/ros2_humble/build/my_ros2_package/install.log'
[2.344s] Invoked command in '/home/pizzu01/ros2_humble/src/my_ros2_package' returned '0': PYTHONPATH=/home/pizzu01/ros2_humble/build/my_ros2_package/prefix_override:/usr/lib/python3/dist-packages/colcon_core/task/python/colcon_distutils_commands:/home/pizzu01/ros2_humble/install/my_ros2_package/lib/python3.10/site-packages:${PYTHONPATH} /usr/bin/python3 -W ignore:setup.py install is deprecated -W ignore:easy_install command is deprecated setup.py egg_info --egg-base ../../build/my_ros2_package build --build-base /home/pizzu01/ros2_humble/build/my_ros2_package/build install --record /home/pizzu01/ros2_humble/build/my_ros2_package/install.log --single-version-externally-managed install_data
