[0.576s] Invoking command in '/home/pizzu01/ros2_humble/build/tm900_moveit_control': /usr/bin/cmake /home/pizzu01/ros2_humble/src/tm900_moveit_control -DCMAKE_INSTALL_PREFIX=/home/pizzu01/ros2_humble/install/tm900_moveit_control
[0.594s] -- Found ament_cmake: 1.3.11 (/opt/ros/humble/share/ament_cmake/cmake)
[0.815s] -- Found rclcpp: 16.0.11 (/opt/ros/humble/share/rclcpp/cmake)
[1.121s] -- Found rosidl_generator_c: 3.1.6 (/opt/ros/humble/share/rosidl_generator_c/cmake)
[1.125s] -- Found rosidl_adapter: 3.1.6 (/opt/ros/humble/share/rosidl_adapter/cmake)
[1.132s] -- Found rosidl_generator_cpp: 3.1.6 (/opt/ros/humble/share/rosidl_generator_cpp/cmake)
[1.147s] [31mCMake Error at /opt/ros/humble/share/rosidl_typesupport_c/cmake/get_used_typesupports.cmake:35 (message):
[1.147s]   No 'rosidl_typesupport_c' found
[1.147s] Call Stack (most recent call first):
[1.147s]   /opt/ros/humble/share/rosidl_typesupport_c/cmake/rosidl_typesupport_c-extras.cmake:8 (get_used_typesupports)
[1.147s]   /opt/ros/humble/share/rosidl_typesupport_c/cmake/rosidl_typesupport_cConfig.cmake:41 (include)
[1.147s]   /opt/ros/humble/share/builtin_interfaces/cmake/ament_cmake_export_dependencies-extras.cmake:21 (find_package)
[1.148s]   /opt/ros/humble/share/builtin_interfaces/cmake/builtin_interfacesConfig.cmake:41 (include)
[1.148s]   /opt/ros/humble/share/libstatistics_collector/cmake/ament_cmake_export_dependencies-extras.cmake:21 (find_package)
[1.148s]   /opt/ros/humble/share/libstatistics_collector/cmake/libstatistics_collectorConfig.cmake:41 (include)
[1.148s]   /opt/ros/humble/share/rclcpp/cmake/ament_cmake_export_dependencies-extras.cmake:21 (find_package)
[1.148s]   /opt/ros/humble/share/rclcpp/cmake/rclcppConfig.cmake:41 (include)
[1.148s]   CMakeLists.txt:10 (find_package)
[1.148s] 
[1.148s] [0m
[1.149s] -- Configuring incomplete, errors occurred!
[1.149s] See also "/home/pizzu01/ros2_humble/build/tm900_moveit_control/CMakeFiles/CMakeOutput.log".
[1.156s] Invoked command in '/home/pizzu01/ros2_humble/build/tm900_moveit_control' returned '1': /usr/bin/cmake /home/pizzu01/ros2_humble/src/tm900_moveit_control -DCMAKE_INSTALL_PREFIX=/home/pizzu01/ros2_humble/install/tm900_moveit_control
