[0.759s] DEBUG:colcon:Command line arguments: ['/usr/bin/colcon', 'build']
[0.759s] DEBUG:colcon:Parsed command line arguments: Namespace(log_base=None, log_level=None, verb_name='build', build_base='build', install_base='install', merge_install=False, symlink_install=False, test_result_base=None, continue_on_error=False, executor='parallel', parallel_workers=4, event_handlers=None, ignore_user_meta=False, metas=['./colcon.meta'], base_paths=['.'], packages_ignore=None, packages_ignore_regex=None, paths=None, packages_up_to=None, packages_up_to_regex=None, packages_above=None, packages_above_and_dependencies=None, packages_above_depth=None, packages_select_by_dep=None, packages_skip_by_dep=None, packages_skip_up_to=None, packages_select_build_failed=False, packages_skip_build_finished=False, packages_select_test_failures=False, packages_skip_test_passed=False, packages_select=None, packages_skip=None, packages_select_regex=None, packages_skip_regex=None, packages_start=None, packages_end=None, allow_overriding=[], cmake_args=None, cmake_target=None, cmake_target_skip_unavailable=False, cmake_clean_cache=False, cmake_clean_first=False, cmake_force_configure=False, ament_cmake_args=None, catkin_cmake_args=None, catkin_skip_building_tests=False, verb_parser=<colcon_defaults.argument_parser.defaults.DefaultArgumentsDecorator object at 0x7f11fdc7c2e0>, verb_extension=<colcon_core.verb.build.BuildVerb object at 0x7f11fddf9660>, main=<bound method BuildVerb.main of <colcon_core.verb.build.BuildVerb object at 0x7f11fddf9660>>)
[1.018s] Level 1:colcon.colcon_core.package_discovery:discover_packages(colcon_meta) check parameters
[1.019s] Level 1:colcon.colcon_core.package_discovery:discover_packages(recursive) check parameters
[1.019s] Level 1:colcon.colcon_core.package_discovery:discover_packages(ignore) check parameters
[1.019s] Level 1:colcon.colcon_core.package_discovery:discover_packages(path) check parameters
[1.019s] Level 1:colcon.colcon_core.package_discovery:discover_packages(colcon_meta) discover
[1.019s] Level 1:colcon.colcon_core.package_discovery:discover_packages(recursive) discover
[1.019s] INFO:colcon.colcon_core.package_discovery:Crawling recursively for packages in '/home/pizzu01/ros2_humble'
[1.019s] Level 1:colcon.colcon_core.package_identification:_identify(.) by extensions ['ignore', 'ignore_ament_install']
[1.019s] Level 1:colcon.colcon_core.package_identification:_identify(.) by extension 'ignore'
[1.019s] Level 1:colcon.colcon_core.package_identification:_identify(.) by extension 'ignore_ament_install'
[1.019s] Level 1:colcon.colcon_core.package_identification:_identify(.) by extensions ['colcon_pkg']
[1.019s] Level 1:colcon.colcon_core.package_identification:_identify(.) by extension 'colcon_pkg'
[1.019s] Level 1:colcon.colcon_core.package_identification:_identify(.) by extensions ['colcon_meta']
[1.019s] Level 1:colcon.colcon_core.package_identification:_identify(.) by extension 'colcon_meta'
[1.019s] Level 1:colcon.colcon_core.package_identification:_identify(.) by extensions ['ros']
[1.019s] Level 1:colcon.colcon_core.package_identification:_identify(.) by extension 'ros'
[1.033s] Level 1:colcon.colcon_core.package_identification:_identify(.) by extensions ['cmake', 'python']
[1.033s] Level 1:colcon.colcon_core.package_identification:_identify(.) by extension 'cmake'
[1.033s] Level 1:colcon.colcon_core.package_identification:_identify(.) by extension 'python'
[1.033s] Level 1:colcon.colcon_core.package_identification:_identify(.) by extensions ['python_setup_py']
[1.033s] Level 1:colcon.colcon_core.package_identification:_identify(.) by extension 'python_setup_py'
[1.033s] Level 1:colcon.colcon_core.package_identification:_identify(build) by extensions ['ignore', 'ignore_ament_install']
[1.033s] Level 1:colcon.colcon_core.package_identification:_identify(build) by extension 'ignore'
[1.034s] Level 1:colcon.colcon_core.package_identification:_identify(build) ignored
[1.034s] Level 1:colcon.colcon_core.package_identification:_identify(install) by extensions ['ignore', 'ignore_ament_install']
[1.034s] Level 1:colcon.colcon_core.package_identification:_identify(install) by extension 'ignore'
[1.034s] Level 1:colcon.colcon_core.package_identification:_identify(install) ignored
[1.034s] Level 1:colcon.colcon_core.package_identification:_identify(log) by extensions ['ignore', 'ignore_ament_install']
[1.034s] Level 1:colcon.colcon_core.package_identification:_identify(log) by extension 'ignore'
[1.034s] Level 1:colcon.colcon_core.package_identification:_identify(log) ignored
[1.034s] Level 1:colcon.colcon_core.package_identification:_identify(src) by extensions ['ignore', 'ignore_ament_install']
[1.034s] Level 1:colcon.colcon_core.package_identification:_identify(src) by extension 'ignore'
[1.034s] Level 1:colcon.colcon_core.package_identification:_identify(src) by extension 'ignore_ament_install'
[1.034s] Level 1:colcon.colcon_core.package_identification:_identify(src) by extensions ['colcon_pkg']
[1.035s] Level 1:colcon.colcon_core.package_identification:_identify(src) by extension 'colcon_pkg'
[1.035s] Level 1:colcon.colcon_core.package_identification:_identify(src) by extensions ['colcon_meta']
[1.035s] Level 1:colcon.colcon_core.package_identification:_identify(src) by extension 'colcon_meta'
[1.035s] Level 1:colcon.colcon_core.package_identification:_identify(src) by extensions ['ros']
[1.035s] Level 1:colcon.colcon_core.package_identification:_identify(src) by extension 'ros'
[1.035s] Level 1:colcon.colcon_core.package_identification:_identify(src) by extensions ['cmake', 'python']
[1.035s] Level 1:colcon.colcon_core.package_identification:_identify(src) by extension 'cmake'
[1.035s] Level 1:colcon.colcon_core.package_identification:_identify(src) by extension 'python'
[1.035s] Level 1:colcon.colcon_core.package_identification:_identify(src) by extensions ['python_setup_py']
[1.035s] Level 1:colcon.colcon_core.package_identification:_identify(src) by extension 'python_setup_py'
[1.035s] Level 1:colcon.colcon_core.package_identification:_identify(src/ROS-TCP-Endpoint) by extensions ['ignore', 'ignore_ament_install']
[1.035s] Level 1:colcon.colcon_core.package_identification:_identify(src/ROS-TCP-Endpoint) by extension 'ignore'
[1.035s] Level 1:colcon.colcon_core.package_identification:_identify(src/ROS-TCP-Endpoint) by extension 'ignore_ament_install'
[1.035s] Level 1:colcon.colcon_core.package_identification:_identify(src/ROS-TCP-Endpoint) by extensions ['colcon_pkg']
[1.035s] Level 1:colcon.colcon_core.package_identification:_identify(src/ROS-TCP-Endpoint) by extension 'colcon_pkg'
[1.035s] Level 1:colcon.colcon_core.package_identification:_identify(src/ROS-TCP-Endpoint) by extensions ['colcon_meta']
[1.036s] Level 1:colcon.colcon_core.package_identification:_identify(src/ROS-TCP-Endpoint) by extension 'colcon_meta'
[1.036s] Level 1:colcon.colcon_core.package_identification:_identify(src/ROS-TCP-Endpoint) by extensions ['ros']
[1.036s] Level 1:colcon.colcon_core.package_identification:_identify(src/ROS-TCP-Endpoint) by extension 'ros'
[1.038s] DEBUG:colcon.colcon_core.package_identification:Package 'src/ROS-TCP-Endpoint' with type 'ros.ament_python' and name 'ros_tcp_endpoint'
[1.039s] Level 1:colcon.colcon_core.package_identification:_identify(src/my_ros2_package) by extensions ['ignore', 'ignore_ament_install']
[1.039s] Level 1:colcon.colcon_core.package_identification:_identify(src/my_ros2_package) by extension 'ignore'
[1.039s] Level 1:colcon.colcon_core.package_identification:_identify(src/my_ros2_package) by extension 'ignore_ament_install'
[1.039s] Level 1:colcon.colcon_core.package_identification:_identify(src/my_ros2_package) by extensions ['colcon_pkg']
[1.039s] Level 1:colcon.colcon_core.package_identification:_identify(src/my_ros2_package) by extension 'colcon_pkg'
[1.039s] Level 1:colcon.colcon_core.package_identification:_identify(src/my_ros2_package) by extensions ['colcon_meta']
[1.039s] Level 1:colcon.colcon_core.package_identification:_identify(src/my_ros2_package) by extension 'colcon_meta'
[1.039s] Level 1:colcon.colcon_core.package_identification:_identify(src/my_ros2_package) by extensions ['ros']
[1.039s] Level 1:colcon.colcon_core.package_identification:_identify(src/my_ros2_package) by extension 'ros'
[1.040s] DEBUG:colcon.colcon_core.package_identification:Package 'src/my_ros2_package' with type 'ros.ament_python' and name 'my_ros2_package'
[1.040s] Level 1:colcon.colcon_core.package_identification:_identify(src/tm_description) by extensions ['ignore', 'ignore_ament_install']
[1.040s] Level 1:colcon.colcon_core.package_identification:_identify(src/tm_description) by extension 'ignore'
[1.040s] Level 1:colcon.colcon_core.package_identification:_identify(src/tm_description) by extension 'ignore_ament_install'
[1.040s] Level 1:colcon.colcon_core.package_identification:_identify(src/tm_description) by extensions ['colcon_pkg']
[1.040s] Level 1:colcon.colcon_core.package_identification:_identify(src/tm_description) by extension 'colcon_pkg'
[1.040s] Level 1:colcon.colcon_core.package_identification:_identify(src/tm_description) by extensions ['colcon_meta']
[1.040s] Level 1:colcon.colcon_core.package_identification:_identify(src/tm_description) by extension 'colcon_meta'
[1.040s] Level 1:colcon.colcon_core.package_identification:_identify(src/tm_description) by extensions ['ros']
[1.040s] Level 1:colcon.colcon_core.package_identification:_identify(src/tm_description) by extension 'ros'
[1.041s] DEBUG:colcon.colcon_core.package_identification:Package 'src/tm_description' with type 'ros.ament_cmake' and name 'tm_description'
[1.041s] Level 1:colcon.colcon_core.package_identification:_identify(src/tm_moveit_config) by extensions ['ignore', 'ignore_ament_install']
[1.041s] Level 1:colcon.colcon_core.package_identification:_identify(src/tm_moveit_config) by extension 'ignore'
[1.041s] Level 1:colcon.colcon_core.package_identification:_identify(src/tm_moveit_config) by extension 'ignore_ament_install'
[1.042s] Level 1:colcon.colcon_core.package_identification:_identify(src/tm_moveit_config) by extensions ['colcon_pkg']
[1.042s] Level 1:colcon.colcon_core.package_identification:_identify(src/tm_moveit_config) by extension 'colcon_pkg'
[1.042s] Level 1:colcon.colcon_core.package_identification:_identify(src/tm_moveit_config) by extensions ['colcon_meta']
[1.042s] Level 1:colcon.colcon_core.package_identification:_identify(src/tm_moveit_config) by extension 'colcon_meta'
[1.042s] Level 1:colcon.colcon_core.package_identification:_identify(src/tm_moveit_config) by extensions ['ros']
[1.042s] Level 1:colcon.colcon_core.package_identification:_identify(src/tm_moveit_config) by extension 'ros'
[1.047s] DEBUG:colcon.colcon_core.package_identification:Package 'src/tm_moveit_config' with type 'ros.ament_cmake' and name 'tm_moveit_config'
[1.047s] Level 1:colcon.colcon_core.package_discovery:discover_packages(recursive) using defaults
[1.048s] Level 1:colcon.colcon_core.package_discovery:discover_packages(ignore) discover
[1.048s] Level 1:colcon.colcon_core.package_discovery:discover_packages(ignore) using defaults
[1.048s] Level 1:colcon.colcon_core.package_discovery:discover_packages(path) discover
[1.048s] Level 1:colcon.colcon_core.package_discovery:discover_packages(path) using defaults
[1.075s] Level 1:colcon.colcon_core.package_discovery:discover_packages(prefix_path) check parameters
[1.075s] Level 1:colcon.colcon_core.package_discovery:discover_packages(prefix_path) discover
[1.078s] DEBUG:colcon.colcon_installed_package_information.package_discovery:Found 3 installed packages in /home/pizzu01/ros2_humble/install
[1.078s] DEBUG:colcon.colcon_installed_package_information.package_discovery:Found 2 installed packages in /home/pizzu01/install
[1.080s] DEBUG:colcon.colcon_installed_package_information.package_discovery:Found 318 installed packages in /opt/ros/humble
[1.095s] Level 1:colcon.colcon_core.package_discovery:discover_packages(prefix_path) using defaults
[1.156s] Level 5:colcon.colcon_core.verb:set package 'my_ros2_package' build argument 'cmake_args' from command line to 'None'
[1.156s] Level 5:colcon.colcon_core.verb:set package 'my_ros2_package' build argument 'cmake_target' from command line to 'None'
[1.156s] Level 5:colcon.colcon_core.verb:set package 'my_ros2_package' build argument 'cmake_target_skip_unavailable' from command line to 'False'
[1.156s] Level 5:colcon.colcon_core.verb:set package 'my_ros2_package' build argument 'cmake_clean_cache' from command line to 'False'
[1.156s] Level 5:colcon.colcon_core.verb:set package 'my_ros2_package' build argument 'cmake_clean_first' from command line to 'False'
[1.156s] Level 5:colcon.colcon_core.verb:set package 'my_ros2_package' build argument 'cmake_force_configure' from command line to 'False'
[1.156s] Level 5:colcon.colcon_core.verb:set package 'my_ros2_package' build argument 'ament_cmake_args' from command line to 'None'
[1.156s] Level 5:colcon.colcon_core.verb:set package 'my_ros2_package' build argument 'catkin_cmake_args' from command line to 'None'
[1.156s] Level 5:colcon.colcon_core.verb:set package 'my_ros2_package' build argument 'catkin_skip_building_tests' from command line to 'False'
[1.156s] DEBUG:colcon.colcon_core.verb:Building package 'my_ros2_package' with the following arguments: {'ament_cmake_args': None, 'build_base': '/home/pizzu01/ros2_humble/build/my_ros2_package', 'catkin_cmake_args': None, 'catkin_skip_building_tests': False, 'cmake_args': None, 'cmake_clean_cache': False, 'cmake_clean_first': False, 'cmake_force_configure': False, 'cmake_target': None, 'cmake_target_skip_unavailable': False, 'install_base': '/home/pizzu01/ros2_humble/install/my_ros2_package', 'merge_install': False, 'path': '/home/pizzu01/ros2_humble/src/my_ros2_package', 'symlink_install': False, 'test_result_base': None}
[1.156s] Level 5:colcon.colcon_core.verb:set package 'ros_tcp_endpoint' build argument 'cmake_args' from command line to 'None'
[1.156s] Level 5:colcon.colcon_core.verb:set package 'ros_tcp_endpoint' build argument 'cmake_target' from command line to 'None'
[1.157s] Level 5:colcon.colcon_core.verb:set package 'ros_tcp_endpoint' build argument 'cmake_target_skip_unavailable' from command line to 'False'
[1.157s] Level 5:colcon.colcon_core.verb:set package 'ros_tcp_endpoint' build argument 'cmake_clean_cache' from command line to 'False'
[1.157s] Level 5:colcon.colcon_core.verb:set package 'ros_tcp_endpoint' build argument 'cmake_clean_first' from command line to 'False'
[1.157s] Level 5:colcon.colcon_core.verb:set package 'ros_tcp_endpoint' build argument 'cmake_force_configure' from command line to 'False'
[1.157s] Level 5:colcon.colcon_core.verb:set package 'ros_tcp_endpoint' build argument 'ament_cmake_args' from command line to 'None'
[1.157s] Level 5:colcon.colcon_core.verb:set package 'ros_tcp_endpoint' build argument 'catkin_cmake_args' from command line to 'None'
[1.157s] Level 5:colcon.colcon_core.verb:set package 'ros_tcp_endpoint' build argument 'catkin_skip_building_tests' from command line to 'False'
[1.157s] DEBUG:colcon.colcon_core.verb:Building package 'ros_tcp_endpoint' with the following arguments: {'ament_cmake_args': None, 'build_base': '/home/pizzu01/ros2_humble/build/ros_tcp_endpoint', 'catkin_cmake_args': None, 'catkin_skip_building_tests': False, 'cmake_args': None, 'cmake_clean_cache': False, 'cmake_clean_first': False, 'cmake_force_configure': False, 'cmake_target': None, 'cmake_target_skip_unavailable': False, 'install_base': '/home/pizzu01/ros2_humble/install/ros_tcp_endpoint', 'merge_install': False, 'path': '/home/pizzu01/ros2_humble/src/ROS-TCP-Endpoint', 'symlink_install': False, 'test_result_base': None}
[1.157s] Level 5:colcon.colcon_core.verb:set package 'tm_description' build argument 'cmake_args' from command line to 'None'
[1.157s] Level 5:colcon.colcon_core.verb:set package 'tm_description' build argument 'cmake_target' from command line to 'None'
[1.157s] Level 5:colcon.colcon_core.verb:set package 'tm_description' build argument 'cmake_target_skip_unavailable' from command line to 'False'
[1.157s] Level 5:colcon.colcon_core.verb:set package 'tm_description' build argument 'cmake_clean_cache' from command line to 'False'
[1.157s] Level 5:colcon.colcon_core.verb:set package 'tm_description' build argument 'cmake_clean_first' from command line to 'False'
[1.157s] Level 5:colcon.colcon_core.verb:set package 'tm_description' build argument 'cmake_force_configure' from command line to 'False'
[1.157s] Level 5:colcon.colcon_core.verb:set package 'tm_description' build argument 'ament_cmake_args' from command line to 'None'
[1.157s] Level 5:colcon.colcon_core.verb:set package 'tm_description' build argument 'catkin_cmake_args' from command line to 'None'
[1.157s] Level 5:colcon.colcon_core.verb:set package 'tm_description' build argument 'catkin_skip_building_tests' from command line to 'False'
[1.158s] DEBUG:colcon.colcon_core.verb:Building package 'tm_description' with the following arguments: {'ament_cmake_args': None, 'build_base': '/home/pizzu01/ros2_humble/build/tm_description', 'catkin_cmake_args': None, 'catkin_skip_building_tests': False, 'cmake_args': None, 'cmake_clean_cache': False, 'cmake_clean_first': False, 'cmake_force_configure': False, 'cmake_target': None, 'cmake_target_skip_unavailable': False, 'install_base': '/home/pizzu01/ros2_humble/install/tm_description', 'merge_install': False, 'path': '/home/pizzu01/ros2_humble/src/tm_description', 'symlink_install': False, 'test_result_base': None}
[1.158s] Level 5:colcon.colcon_core.verb:set package 'tm_moveit_config' build argument 'cmake_args' from command line to 'None'
[1.158s] Level 5:colcon.colcon_core.verb:set package 'tm_moveit_config' build argument 'cmake_target' from command line to 'None'
[1.158s] Level 5:colcon.colcon_core.verb:set package 'tm_moveit_config' build argument 'cmake_target_skip_unavailable' from command line to 'False'
[1.158s] Level 5:colcon.colcon_core.verb:set package 'tm_moveit_config' build argument 'cmake_clean_cache' from command line to 'False'
[1.158s] Level 5:colcon.colcon_core.verb:set package 'tm_moveit_config' build argument 'cmake_clean_first' from command line to 'False'
[1.158s] Level 5:colcon.colcon_core.verb:set package 'tm_moveit_config' build argument 'cmake_force_configure' from command line to 'False'
[1.158s] Level 5:colcon.colcon_core.verb:set package 'tm_moveit_config' build argument 'ament_cmake_args' from command line to 'None'
[1.158s] Level 5:colcon.colcon_core.verb:set package 'tm_moveit_config' build argument 'catkin_cmake_args' from command line to 'None'
[1.158s] Level 5:colcon.colcon_core.verb:set package 'tm_moveit_config' build argument 'catkin_skip_building_tests' from command line to 'False'
[1.158s] DEBUG:colcon.colcon_core.verb:Building package 'tm_moveit_config' with the following arguments: {'ament_cmake_args': None, 'build_base': '/home/pizzu01/ros2_humble/build/tm_moveit_config', 'catkin_cmake_args': None, 'catkin_skip_building_tests': False, 'cmake_args': None, 'cmake_clean_cache': False, 'cmake_clean_first': False, 'cmake_force_configure': False, 'cmake_target': None, 'cmake_target_skip_unavailable': False, 'install_base': '/home/pizzu01/ros2_humble/install/tm_moveit_config', 'merge_install': False, 'path': '/home/pizzu01/ros2_humble/src/tm_moveit_config', 'symlink_install': False, 'test_result_base': None}
[1.158s] INFO:colcon.colcon_core.executor:Executing jobs using 'parallel' executor
[1.160s] DEBUG:colcon.colcon_parallel_executor.executor.parallel:run_until_complete
[1.160s] INFO:colcon.colcon_ros.task.ament_cmake.build:Building ROS package in '/home/pizzu01/ros2_humble/src/tm_description' with build type 'ament_cmake'
[1.160s] INFO:colcon.colcon_cmake.task.cmake.build:Building CMake package in '/home/pizzu01/ros2_humble/src/tm_description'
[1.164s] INFO:colcon.colcon_core.plugin_system:Skipping extension 'colcon_core.shell.bat': Not used on non-Windows systems
[1.164s] INFO:colcon.colcon_core.shell:Skip shell extension 'powershell' for command environment: Not usable outside of PowerShell
[1.164s] DEBUG:colcon.colcon_core.shell:Skip shell extension 'dsv' for command environment
[1.170s] INFO:colcon.colcon_ros.task.ament_python.build:Building ROS package in '/home/pizzu01/ros2_humble/src/my_ros2_package' with build type 'ament_python'
[1.171s] Level 1:colcon.colcon_core.shell:create_environment_hook('my_ros2_package', 'ament_prefix_path')
[1.172s] INFO:colcon.colcon_core.shell:Creating environment hook '/home/pizzu01/ros2_humble/install/my_ros2_package/share/my_ros2_package/hook/ament_prefix_path.ps1'
[1.173s] INFO:colcon.colcon_core.shell:Creating environment descriptor '/home/pizzu01/ros2_humble/install/my_ros2_package/share/my_ros2_package/hook/ament_prefix_path.dsv'
[1.174s] INFO:colcon.colcon_core.shell:Creating environment hook '/home/pizzu01/ros2_humble/install/my_ros2_package/share/my_ros2_package/hook/ament_prefix_path.sh'
[1.176s] INFO:colcon.colcon_core.shell:Skip shell extension 'powershell' for command environment: Not usable outside of PowerShell
[1.176s] DEBUG:colcon.colcon_core.shell:Skip shell extension 'dsv' for command environment
[1.181s] INFO:colcon.colcon_ros.task.ament_python.build:Building ROS package in '/home/pizzu01/ros2_humble/src/ROS-TCP-Endpoint' with build type 'ament_python'
[1.184s] Level 1:colcon.colcon_core.shell:create_environment_hook('ros_tcp_endpoint', 'ament_prefix_path')
[1.185s] INFO:colcon.colcon_core.shell:Creating environment hook '/home/pizzu01/ros2_humble/install/ros_tcp_endpoint/share/ros_tcp_endpoint/hook/ament_prefix_path.ps1'
[1.187s] INFO:colcon.colcon_core.shell:Creating environment descriptor '/home/pizzu01/ros2_humble/install/ros_tcp_endpoint/share/ros_tcp_endpoint/hook/ament_prefix_path.dsv'
[1.187s] INFO:colcon.colcon_core.shell:Creating environment hook '/home/pizzu01/ros2_humble/install/ros_tcp_endpoint/share/ros_tcp_endpoint/hook/ament_prefix_path.sh'
[1.188s] INFO:colcon.colcon_core.shell:Skip shell extension 'powershell' for command environment: Not usable outside of PowerShell
[1.188s] DEBUG:colcon.colcon_core.shell:Skip shell extension 'dsv' for command environment
[1.207s] DEBUG:colcon.colcon_core.event_handler.log_command:Invoking command in '/home/pizzu01/ros2_humble/build/tm_description': CMAKE_PREFIX_PATH=${CMAKE_PREFIX_PATH}:/home/pizzu01/ros2_humble/install/ros_tcp_endpoint:/home/pizzu01/ros2_humble/install/my_ros2_package:/home/pizzu01/install/ros_tcp_endpoint:/home/pizzu01/install/my_ros2_package:/opt/ros/humble /usr/bin/cmake --build /home/pizzu01/ros2_humble/build/tm_description -- -j4 -l4
[1.588s] INFO:colcon.colcon_core.task.python.build:Building Python package in '/home/pizzu01/ros2_humble/src/my_ros2_package'
[1.589s] INFO:colcon.colcon_core.shell:Skip shell extension 'powershell' for command environment: Not usable outside of PowerShell
[1.589s] DEBUG:colcon.colcon_core.shell:Skip shell extension 'dsv' for command environment
[2.047s] INFO:colcon.colcon_core.task.python.build:Building Python package in '/home/pizzu01/ros2_humble/src/ROS-TCP-Endpoint'
[2.047s] INFO:colcon.colcon_core.shell:Skip shell extension 'powershell' for command environment: Not usable outside of PowerShell
[2.048s] DEBUG:colcon.colcon_core.shell:Skip shell extension 'dsv' for command environment
[2.059s] DEBUG:colcon.colcon_core.event_handler.log_command:Invoked command in '/home/pizzu01/ros2_humble/build/tm_description' returned '0': CMAKE_PREFIX_PATH=${CMAKE_PREFIX_PATH}:/home/pizzu01/ros2_humble/install/ros_tcp_endpoint:/home/pizzu01/ros2_humble/install/my_ros2_package:/home/pizzu01/install/ros_tcp_endpoint:/home/pizzu01/install/my_ros2_package:/opt/ros/humble /usr/bin/cmake --build /home/pizzu01/ros2_humble/build/tm_description -- -j4 -l4
[2.083s] DEBUG:colcon.colcon_core.event_handler.log_command:Invoking command in '/home/pizzu01/ros2_humble/build/tm_description': CMAKE_PREFIX_PATH=${CMAKE_PREFIX_PATH}:/home/pizzu01/ros2_humble/install/ros_tcp_endpoint:/home/pizzu01/ros2_humble/install/my_ros2_package:/home/pizzu01/install/ros_tcp_endpoint:/home/pizzu01/install/my_ros2_package:/opt/ros/humble /usr/bin/cmake --install /home/pizzu01/ros2_humble/build/tm_description
[2.123s] Level 1:colcon.colcon_core.environment:create_environment_scripts_only(tm_description)
[2.168s] DEBUG:colcon.colcon_core.event_handler.log_command:Invoked command in '/home/pizzu01/ros2_humble/build/tm_description' returned '0': CMAKE_PREFIX_PATH=${CMAKE_PREFIX_PATH}:/home/pizzu01/ros2_humble/install/ros_tcp_endpoint:/home/pizzu01/ros2_humble/install/my_ros2_package:/home/pizzu01/install/ros_tcp_endpoint:/home/pizzu01/install/my_ros2_package:/opt/ros/humble /usr/bin/cmake --install /home/pizzu01/ros2_humble/build/tm_description
[2.170s] Level 1:colcon.colcon_core.environment:checking '/home/pizzu01/ros2_humble/install/tm_description' for CMake module files
[2.171s] Level 1:colcon.colcon_core.environment:checking '/home/pizzu01/ros2_humble/install/tm_description' for CMake config files
[2.172s] Level 1:colcon.colcon_core.shell:create_environment_hook('tm_description', 'cmake_prefix_path')
[2.173s] INFO:colcon.colcon_core.shell:Creating environment hook '/home/pizzu01/ros2_humble/install/tm_description/share/tm_description/hook/cmake_prefix_path.ps1'
[2.174s] INFO:colcon.colcon_core.shell:Creating environment descriptor '/home/pizzu01/ros2_humble/install/tm_description/share/tm_description/hook/cmake_prefix_path.dsv'
[2.175s] INFO:colcon.colcon_core.shell:Creating environment hook '/home/pizzu01/ros2_humble/install/tm_description/share/tm_description/hook/cmake_prefix_path.sh'
[2.176s] Level 1:colcon.colcon_core.environment:checking '/home/pizzu01/ros2_humble/install/tm_description/bin'
[2.176s] Level 1:colcon.colcon_core.environment:checking '/home/pizzu01/ros2_humble/install/tm_description/lib/pkgconfig/tm_description.pc'
[2.177s] Level 1:colcon.colcon_core.environment:checking '/home/pizzu01/ros2_humble/install/tm_description/lib/python3.10/site-packages'
[2.177s] Level 1:colcon.colcon_core.environment:checking '/home/pizzu01/ros2_humble/install/tm_description/bin'
[2.178s] INFO:colcon.colcon_core.shell:Creating package script '/home/pizzu01/ros2_humble/install/tm_description/share/tm_description/package.ps1'
[2.180s] INFO:colcon.colcon_core.shell:Creating package descriptor '/home/pizzu01/ros2_humble/install/tm_description/share/tm_description/package.dsv'
[2.181s] INFO:colcon.colcon_core.shell:Creating package script '/home/pizzu01/ros2_humble/install/tm_description/share/tm_description/package.sh'
[2.183s] INFO:colcon.colcon_core.shell:Creating package script '/home/pizzu01/ros2_humble/install/tm_description/share/tm_description/package.bash'
[2.184s] INFO:colcon.colcon_core.shell:Creating package script '/home/pizzu01/ros2_humble/install/tm_description/share/tm_description/package.zsh'
[2.185s] Level 1:colcon.colcon_core.environment:create_file_with_runtime_dependencies(/home/pizzu01/ros2_humble/install/tm_description/share/colcon-core/packages/tm_description)
[2.187s] Level 1:colcon.colcon_core.environment:create_environment_scripts_only(tm_description)
[2.187s] Level 1:colcon.colcon_core.environment:checking '/home/pizzu01/ros2_humble/install/tm_description' for CMake module files
[2.188s] Level 1:colcon.colcon_core.environment:checking '/home/pizzu01/ros2_humble/install/tm_description' for CMake config files
[2.189s] Level 1:colcon.colcon_core.shell:create_environment_hook('tm_description', 'cmake_prefix_path')
[2.189s] INFO:colcon.colcon_core.shell:Creating environment hook '/home/pizzu01/ros2_humble/install/tm_description/share/tm_description/hook/cmake_prefix_path.ps1'
[2.189s] INFO:colcon.colcon_core.shell:Creating environment descriptor '/home/pizzu01/ros2_humble/install/tm_description/share/tm_description/hook/cmake_prefix_path.dsv'
[2.190s] INFO:colcon.colcon_core.shell:Creating environment hook '/home/pizzu01/ros2_humble/install/tm_description/share/tm_description/hook/cmake_prefix_path.sh'
[2.191s] Level 1:colcon.colcon_core.environment:checking '/home/pizzu01/ros2_humble/install/tm_description/bin'
[2.191s] Level 1:colcon.colcon_core.environment:checking '/home/pizzu01/ros2_humble/install/tm_description/lib/pkgconfig/tm_description.pc'
[2.191s] Level 1:colcon.colcon_core.environment:checking '/home/pizzu01/ros2_humble/install/tm_description/lib/python3.10/site-packages'
[2.192s] Level 1:colcon.colcon_core.environment:checking '/home/pizzu01/ros2_humble/install/tm_description/bin'
[2.192s] INFO:colcon.colcon_core.shell:Creating package script '/home/pizzu01/ros2_humble/install/tm_description/share/tm_description/package.ps1'
[2.193s] INFO:colcon.colcon_core.shell:Creating package descriptor '/home/pizzu01/ros2_humble/install/tm_description/share/tm_description/package.dsv'
[2.193s] INFO:colcon.colcon_core.shell:Creating package script '/home/pizzu01/ros2_humble/install/tm_description/share/tm_description/package.sh'
[2.194s] INFO:colcon.colcon_core.shell:Creating package script '/home/pizzu01/ros2_humble/install/tm_description/share/tm_description/package.bash'
[2.195s] INFO:colcon.colcon_core.shell:Creating package script '/home/pizzu01/ros2_humble/install/tm_description/share/tm_description/package.zsh'
[2.196s] Level 1:colcon.colcon_core.environment:create_file_with_runtime_dependencies(/home/pizzu01/ros2_humble/install/tm_description/share/colcon-core/packages/tm_description)
[2.197s] INFO:colcon.colcon_ros.task.ament_cmake.build:Building ROS package in '/home/pizzu01/ros2_humble/src/tm_moveit_config' with build type 'ament_cmake'
[2.198s] INFO:colcon.colcon_cmake.task.cmake.build:Building CMake package in '/home/pizzu01/ros2_humble/src/tm_moveit_config'
[2.198s] INFO:colcon.colcon_core.shell:Skip shell extension 'powershell' for command environment: Not usable outside of PowerShell
[2.198s] DEBUG:colcon.colcon_core.shell:Skip shell extension 'dsv' for command environment
[2.324s] DEBUG:colcon.colcon_core.event_handler.log_command:Invoking command in '/home/pizzu01/ros2_humble/build/tm_moveit_config': CMAKE_PREFIX_PATH=${CMAKE_PREFIX_PATH}:/home/pizzu01/ros2_humble/install/ros_tcp_endpoint:/home/pizzu01/ros2_humble/install/my_ros2_package:/home/pizzu01/install/ros_tcp_endpoint:/home/pizzu01/install/my_ros2_package:/opt/ros/humble /usr/bin/cmake /home/pizzu01/ros2_humble/src/tm_moveit_config -DCMAKE_INSTALL_PREFIX=/home/pizzu01/ros2_humble/install/tm_moveit_config
[2.889s] DEBUG:colcon.colcon_core.event_handler.log_command:Invoking command in '/home/pizzu01/ros2_humble/src/ROS-TCP-Endpoint': PYTHONPATH=/home/pizzu01/ros2_humble/build/ros_tcp_endpoint/prefix_override:/usr/lib/python3/dist-packages/colcon_core/task/python/colcon_distutils_commands:/home/pizzu01/ros2_humble/install/ros_tcp_endpoint/lib/python3.10/site-packages:${PYTHONPATH} /usr/bin/python3 -W ignore:setup.py install is deprecated -W ignore:easy_install command is deprecated setup.py egg_info --egg-base ../../build/ros_tcp_endpoint build --build-base /home/pizzu01/ros2_humble/build/ros_tcp_endpoint/build install --record /home/pizzu01/ros2_humble/build/ros_tcp_endpoint/install.log --install-scripts $base/lib/ros_tcp_endpoint --single-version-externally-managed install_data
[3.109s] DEBUG:colcon.colcon_core.event_handler.log_command:Invoking command in '/home/pizzu01/ros2_humble/src/my_ros2_package': PYTHONPATH=/home/pizzu01/ros2_humble/build/my_ros2_package/prefix_override:/usr/lib/python3/dist-packages/colcon_core/task/python/colcon_distutils_commands:/home/pizzu01/ros2_humble/install/my_ros2_package/lib/python3.10/site-packages:${PYTHONPATH} /usr/bin/python3 -W ignore:setup.py install is deprecated -W ignore:easy_install command is deprecated setup.py egg_info --egg-base ../../build/my_ros2_package build --build-base /home/pizzu01/ros2_humble/build/my_ros2_package/build install --record /home/pizzu01/ros2_humble/build/my_ros2_package/install.log --single-version-externally-managed install_data
[3.553s] Level 1:colcon.colcon_core.environment:checking '/home/pizzu01/ros2_humble/install/ros_tcp_endpoint' for CMake module files
[3.555s] DEBUG:colcon.colcon_core.event_handler.log_command:Invoked command in '/home/pizzu01/ros2_humble/src/ROS-TCP-Endpoint' returned '0': PYTHONPATH=/home/pizzu01/ros2_humble/build/ros_tcp_endpoint/prefix_override:/usr/lib/python3/dist-packages/colcon_core/task/python/colcon_distutils_commands:/home/pizzu01/ros2_humble/install/ros_tcp_endpoint/lib/python3.10/site-packages:${PYTHONPATH} /usr/bin/python3 -W ignore:setup.py install is deprecated -W ignore:easy_install command is deprecated setup.py egg_info --egg-base ../../build/ros_tcp_endpoint build --build-base /home/pizzu01/ros2_humble/build/ros_tcp_endpoint/build install --record /home/pizzu01/ros2_humble/build/ros_tcp_endpoint/install.log --install-scripts $base/lib/ros_tcp_endpoint --single-version-externally-managed install_data
[3.556s] Level 1:colcon.colcon_core.environment:checking '/home/pizzu01/ros2_humble/install/ros_tcp_endpoint' for CMake config files
[3.557s] Level 1:colcon.colcon_core.environment:checking '/home/pizzu01/ros2_humble/install/ros_tcp_endpoint/lib'
[3.558s] Level 1:colcon.colcon_core.environment:checking '/home/pizzu01/ros2_humble/install/ros_tcp_endpoint/bin'
[3.558s] Level 1:colcon.colcon_core.environment:checking '/home/pizzu01/ros2_humble/install/ros_tcp_endpoint/lib/pkgconfig/ros_tcp_endpoint.pc'
[3.558s] Level 1:colcon.colcon_core.environment:checking '/home/pizzu01/ros2_humble/install/ros_tcp_endpoint/lib/python3.10/site-packages'
[3.559s] Level 1:colcon.colcon_core.shell:create_environment_hook('ros_tcp_endpoint', 'pythonpath')
[3.559s] INFO:colcon.colcon_core.shell:Creating environment hook '/home/pizzu01/ros2_humble/install/ros_tcp_endpoint/share/ros_tcp_endpoint/hook/pythonpath.ps1'
[3.560s] INFO:colcon.colcon_core.shell:Creating environment descriptor '/home/pizzu01/ros2_humble/install/ros_tcp_endpoint/share/ros_tcp_endpoint/hook/pythonpath.dsv'
[3.561s] INFO:colcon.colcon_core.shell:Creating environment hook '/home/pizzu01/ros2_humble/install/ros_tcp_endpoint/share/ros_tcp_endpoint/hook/pythonpath.sh'
[3.563s] Level 1:colcon.colcon_core.environment:checking '/home/pizzu01/ros2_humble/install/ros_tcp_endpoint/bin'
[3.563s] Level 1:colcon.colcon_core.environment:create_environment_scripts_only(ros_tcp_endpoint)
[3.564s] INFO:colcon.colcon_core.shell:Creating package script '/home/pizzu01/ros2_humble/install/ros_tcp_endpoint/share/ros_tcp_endpoint/package.ps1'
[3.565s] INFO:colcon.colcon_core.shell:Creating package descriptor '/home/pizzu01/ros2_humble/install/ros_tcp_endpoint/share/ros_tcp_endpoint/package.dsv'
[3.567s] INFO:colcon.colcon_core.shell:Creating package script '/home/pizzu01/ros2_humble/install/ros_tcp_endpoint/share/ros_tcp_endpoint/package.sh'
[3.569s] INFO:colcon.colcon_core.shell:Creating package script '/home/pizzu01/ros2_humble/install/ros_tcp_endpoint/share/ros_tcp_endpoint/package.bash'
[3.570s] INFO:colcon.colcon_core.shell:Creating package script '/home/pizzu01/ros2_humble/install/ros_tcp_endpoint/share/ros_tcp_endpoint/package.zsh'
[3.571s] Level 1:colcon.colcon_core.environment:create_file_with_runtime_dependencies(/home/pizzu01/ros2_humble/install/ros_tcp_endpoint/share/colcon-core/packages/ros_tcp_endpoint)
[3.730s] Level 1:colcon.colcon_core.environment:checking '/home/pizzu01/ros2_humble/install/my_ros2_package' for CMake module files
[3.731s] DEBUG:colcon.colcon_core.event_handler.log_command:Invoked command in '/home/pizzu01/ros2_humble/src/my_ros2_package' returned '0': PYTHONPATH=/home/pizzu01/ros2_humble/build/my_ros2_package/prefix_override:/usr/lib/python3/dist-packages/colcon_core/task/python/colcon_distutils_commands:/home/pizzu01/ros2_humble/install/my_ros2_package/lib/python3.10/site-packages:${PYTHONPATH} /usr/bin/python3 -W ignore:setup.py install is deprecated -W ignore:easy_install command is deprecated setup.py egg_info --egg-base ../../build/my_ros2_package build --build-base /home/pizzu01/ros2_humble/build/my_ros2_package/build install --record /home/pizzu01/ros2_humble/build/my_ros2_package/install.log --single-version-externally-managed install_data
[3.731s] Level 1:colcon.colcon_core.environment:checking '/home/pizzu01/ros2_humble/install/my_ros2_package' for CMake config files
[3.732s] Level 1:colcon.colcon_core.environment:checking '/home/pizzu01/ros2_humble/install/my_ros2_package/lib'
[3.733s] Level 1:colcon.colcon_core.environment:checking '/home/pizzu01/ros2_humble/install/my_ros2_package/bin'
[3.733s] Level 1:colcon.colcon_core.environment:checking '/home/pizzu01/ros2_humble/install/my_ros2_package/lib/pkgconfig/my_ros2_package.pc'
[3.733s] Level 1:colcon.colcon_core.environment:checking '/home/pizzu01/ros2_humble/install/my_ros2_package/lib/python3.10/site-packages'
[3.733s] Level 1:colcon.colcon_core.shell:create_environment_hook('my_ros2_package', 'pythonpath')
[3.734s] INFO:colcon.colcon_core.shell:Creating environment hook '/home/pizzu01/ros2_humble/install/my_ros2_package/share/my_ros2_package/hook/pythonpath.ps1'
[3.735s] INFO:colcon.colcon_core.shell:Creating environment descriptor '/home/pizzu01/ros2_humble/install/my_ros2_package/share/my_ros2_package/hook/pythonpath.dsv'
[3.735s] INFO:colcon.colcon_core.shell:Creating environment hook '/home/pizzu01/ros2_humble/install/my_ros2_package/share/my_ros2_package/hook/pythonpath.sh'
[3.736s] Level 1:colcon.colcon_core.environment:checking '/home/pizzu01/ros2_humble/install/my_ros2_package/bin'
[3.737s] Level 1:colcon.colcon_core.environment:create_environment_scripts_only(my_ros2_package)
[3.737s] INFO:colcon.colcon_core.shell:Creating package script '/home/pizzu01/ros2_humble/install/my_ros2_package/share/my_ros2_package/package.ps1'
[3.738s] INFO:colcon.colcon_core.shell:Creating package descriptor '/home/pizzu01/ros2_humble/install/my_ros2_package/share/my_ros2_package/package.dsv'
[3.739s] INFO:colcon.colcon_core.shell:Creating package script '/home/pizzu01/ros2_humble/install/my_ros2_package/share/my_ros2_package/package.sh'
[3.740s] INFO:colcon.colcon_core.shell:Creating package script '/home/pizzu01/ros2_humble/install/my_ros2_package/share/my_ros2_package/package.bash'
[3.741s] INFO:colcon.colcon_core.shell:Creating package script '/home/pizzu01/ros2_humble/install/my_ros2_package/share/my_ros2_package/package.zsh'
[3.742s] Level 1:colcon.colcon_core.environment:create_file_with_runtime_dependencies(/home/pizzu01/ros2_humble/install/my_ros2_package/share/colcon-core/packages/my_ros2_package)
[7.042s] DEBUG:colcon.colcon_core.event_handler.log_command:Invoked command in '/home/pizzu01/ros2_humble/build/tm_moveit_config' returned '0': CMAKE_PREFIX_PATH=${CMAKE_PREFIX_PATH}:/home/pizzu01/ros2_humble/install/ros_tcp_endpoint:/home/pizzu01/ros2_humble/install/my_ros2_package:/home/pizzu01/install/ros_tcp_endpoint:/home/pizzu01/install/my_ros2_package:/opt/ros/humble /usr/bin/cmake /home/pizzu01/ros2_humble/src/tm_moveit_config -DCMAKE_INSTALL_PREFIX=/home/pizzu01/ros2_humble/install/tm_moveit_config
[7.045s] DEBUG:colcon.colcon_core.event_handler.log_command:Invoking command in '/home/pizzu01/ros2_humble/build/tm_moveit_config': CMAKE_PREFIX_PATH=${CMAKE_PREFIX_PATH}:/home/pizzu01/ros2_humble/install/ros_tcp_endpoint:/home/pizzu01/ros2_humble/install/my_ros2_package:/home/pizzu01/install/ros_tcp_endpoint:/home/pizzu01/install/my_ros2_package:/opt/ros/humble /usr/bin/cmake --build /home/pizzu01/ros2_humble/build/tm_moveit_config -- -j4 -l4
[7.093s] DEBUG:colcon.colcon_core.event_handler.log_command:Invoked command in '/home/pizzu01/ros2_humble/build/tm_moveit_config' returned '0': CMAKE_PREFIX_PATH=${CMAKE_PREFIX_PATH}:/home/pizzu01/ros2_humble/install/ros_tcp_endpoint:/home/pizzu01/ros2_humble/install/my_ros2_package:/home/pizzu01/install/ros_tcp_endpoint:/home/pizzu01/install/my_ros2_package:/opt/ros/humble /usr/bin/cmake --build /home/pizzu01/ros2_humble/build/tm_moveit_config -- -j4 -l4
[7.096s] DEBUG:colcon.colcon_core.event_handler.log_command:Invoking command in '/home/pizzu01/ros2_humble/build/tm_moveit_config': CMAKE_PREFIX_PATH=${CMAKE_PREFIX_PATH}:/home/pizzu01/ros2_humble/install/ros_tcp_endpoint:/home/pizzu01/ros2_humble/install/my_ros2_package:/home/pizzu01/install/ros_tcp_endpoint:/home/pizzu01/install/my_ros2_package:/opt/ros/humble /usr/bin/cmake --install /home/pizzu01/ros2_humble/build/tm_moveit_config
[7.119s] Level 1:colcon.colcon_core.environment:create_environment_scripts_only(tm_moveit_config)
[7.119s] Level 1:colcon.colcon_core.environment:checking '/home/pizzu01/ros2_humble/install/tm_moveit_config' for CMake module files
[7.120s] DEBUG:colcon.colcon_core.event_handler.log_command:Invoked command in '/home/pizzu01/ros2_humble/build/tm_moveit_config' returned '0': CMAKE_PREFIX_PATH=${CMAKE_PREFIX_PATH}:/home/pizzu01/ros2_humble/install/ros_tcp_endpoint:/home/pizzu01/ros2_humble/install/my_ros2_package:/home/pizzu01/install/ros_tcp_endpoint:/home/pizzu01/install/my_ros2_package:/opt/ros/humble /usr/bin/cmake --install /home/pizzu01/ros2_humble/build/tm_moveit_config
[7.121s] Level 1:colcon.colcon_core.environment:checking '/home/pizzu01/ros2_humble/install/tm_moveit_config' for CMake config files
[7.121s] Level 1:colcon.colcon_core.shell:create_environment_hook('tm_moveit_config', 'cmake_prefix_path')
[7.121s] INFO:colcon.colcon_core.shell:Creating environment hook '/home/pizzu01/ros2_humble/install/tm_moveit_config/share/tm_moveit_config/hook/cmake_prefix_path.ps1'
[7.122s] INFO:colcon.colcon_core.shell:Creating environment descriptor '/home/pizzu01/ros2_humble/install/tm_moveit_config/share/tm_moveit_config/hook/cmake_prefix_path.dsv'
[7.123s] INFO:colcon.colcon_core.shell:Creating environment hook '/home/pizzu01/ros2_humble/install/tm_moveit_config/share/tm_moveit_config/hook/cmake_prefix_path.sh'
[7.124s] Level 1:colcon.colcon_core.environment:checking '/home/pizzu01/ros2_humble/install/tm_moveit_config/bin'
[7.124s] Level 1:colcon.colcon_core.environment:checking '/home/pizzu01/ros2_humble/install/tm_moveit_config/lib/pkgconfig/tm_moveit_config.pc'
[7.124s] Level 1:colcon.colcon_core.environment:checking '/home/pizzu01/ros2_humble/install/tm_moveit_config/lib/python3.10/site-packages'
[7.124s] Level 1:colcon.colcon_core.environment:checking '/home/pizzu01/ros2_humble/install/tm_moveit_config/bin'
[7.125s] INFO:colcon.colcon_core.shell:Creating package script '/home/pizzu01/ros2_humble/install/tm_moveit_config/share/tm_moveit_config/package.ps1'
[7.126s] INFO:colcon.colcon_core.shell:Creating package descriptor '/home/pizzu01/ros2_humble/install/tm_moveit_config/share/tm_moveit_config/package.dsv'
[7.126s] INFO:colcon.colcon_core.shell:Creating package script '/home/pizzu01/ros2_humble/install/tm_moveit_config/share/tm_moveit_config/package.sh'
[7.127s] INFO:colcon.colcon_core.shell:Creating package script '/home/pizzu01/ros2_humble/install/tm_moveit_config/share/tm_moveit_config/package.bash'
[7.127s] INFO:colcon.colcon_core.shell:Creating package script '/home/pizzu01/ros2_humble/install/tm_moveit_config/share/tm_moveit_config/package.zsh'
[7.128s] Level 1:colcon.colcon_core.environment:create_file_with_runtime_dependencies(/home/pizzu01/ros2_humble/install/tm_moveit_config/share/colcon-core/packages/tm_moveit_config)
[7.129s] Level 1:colcon.colcon_core.environment:create_environment_scripts_only(tm_moveit_config)
[7.129s] Level 1:colcon.colcon_core.environment:checking '/home/pizzu01/ros2_humble/install/tm_moveit_config' for CMake module files
[7.130s] Level 1:colcon.colcon_core.environment:checking '/home/pizzu01/ros2_humble/install/tm_moveit_config' for CMake config files
[7.130s] Level 1:colcon.colcon_core.shell:create_environment_hook('tm_moveit_config', 'cmake_prefix_path')
[7.131s] INFO:colcon.colcon_core.shell:Creating environment hook '/home/pizzu01/ros2_humble/install/tm_moveit_config/share/tm_moveit_config/hook/cmake_prefix_path.ps1'
[7.132s] INFO:colcon.colcon_core.shell:Creating environment descriptor '/home/pizzu01/ros2_humble/install/tm_moveit_config/share/tm_moveit_config/hook/cmake_prefix_path.dsv'
[7.132s] INFO:colcon.colcon_core.shell:Creating environment hook '/home/pizzu01/ros2_humble/install/tm_moveit_config/share/tm_moveit_config/hook/cmake_prefix_path.sh'
[7.133s] Level 1:colcon.colcon_core.environment:checking '/home/pizzu01/ros2_humble/install/tm_moveit_config/bin'
[7.133s] Level 1:colcon.colcon_core.environment:checking '/home/pizzu01/ros2_humble/install/tm_moveit_config/lib/pkgconfig/tm_moveit_config.pc'
[7.133s] Level 1:colcon.colcon_core.environment:checking '/home/pizzu01/ros2_humble/install/tm_moveit_config/lib/python3.10/site-packages'
[7.134s] Level 1:colcon.colcon_core.environment:checking '/home/pizzu01/ros2_humble/install/tm_moveit_config/bin'
[7.134s] INFO:colcon.colcon_core.shell:Creating package script '/home/pizzu01/ros2_humble/install/tm_moveit_config/share/tm_moveit_config/package.ps1'
[7.135s] INFO:colcon.colcon_core.shell:Creating package descriptor '/home/pizzu01/ros2_humble/install/tm_moveit_config/share/tm_moveit_config/package.dsv'
[7.136s] INFO:colcon.colcon_core.shell:Creating package script '/home/pizzu01/ros2_humble/install/tm_moveit_config/share/tm_moveit_config/package.sh'
[7.137s] INFO:colcon.colcon_core.shell:Creating package script '/home/pizzu01/ros2_humble/install/tm_moveit_config/share/tm_moveit_config/package.bash'
[7.137s] INFO:colcon.colcon_core.shell:Creating package script '/home/pizzu01/ros2_humble/install/tm_moveit_config/share/tm_moveit_config/package.zsh'
[7.138s] Level 1:colcon.colcon_core.environment:create_file_with_runtime_dependencies(/home/pizzu01/ros2_humble/install/tm_moveit_config/share/colcon-core/packages/tm_moveit_config)
[7.138s] DEBUG:colcon.colcon_parallel_executor.executor.parallel:closing loop
[7.140s] DEBUG:colcon.colcon_parallel_executor.executor.parallel:loop closed
[7.140s] DEBUG:colcon.colcon_parallel_executor.executor.parallel:run_until_complete finished with '0'
[7.141s] DEBUG:colcon.colcon_core.event_reactor:joining thread
[7.251s] INFO:colcon.colcon_core.plugin_system:Skipping extension 'colcon_notification.desktop_notification.notify_send': Could not find 'notify-send'
[7.251s] INFO:colcon.colcon_core.plugin_system:Skipping extension 'colcon_notification.desktop_notification.terminal_notifier': Not used on non-Darwin systems
[7.251s] INFO:colcon.colcon_core.plugin_system:Skipping extension 'colcon_notification.desktop_notification.win32': Not used on non-Windows systems
[7.252s] INFO:colcon.colcon_notification.desktop_notification:Sending desktop notification using 'notify2'
[7.252s] DEBUG:colcon.colcon_notification.desktop_notification.notify2:Failed to initialize notify2: org.freedesktop.DBus.Error.FileNotFound: Failed to connect to socket /run/user/1000/bus: No such file or directory
[7.252s] DEBUG:colcon.colcon_core.event_reactor:joined thread
[7.253s] INFO:colcon.colcon_core.shell:Creating prefix script '/home/pizzu01/ros2_humble/install/local_setup.ps1'
[7.255s] INFO:colcon.colcon_core.shell:Creating prefix util module '/home/pizzu01/ros2_humble/install/_local_setup_util_ps1.py'
[7.257s] INFO:colcon.colcon_core.shell:Creating prefix chain script '/home/pizzu01/ros2_humble/install/setup.ps1'
[7.258s] INFO:colcon.colcon_core.shell:Creating prefix script '/home/pizzu01/ros2_humble/install/local_setup.sh'
[7.259s] INFO:colcon.colcon_core.shell:Creating prefix util module '/home/pizzu01/ros2_humble/install/_local_setup_util_sh.py'
[7.260s] INFO:colcon.colcon_core.shell:Creating prefix chain script '/home/pizzu01/ros2_humble/install/setup.sh'
[7.261s] INFO:colcon.colcon_core.shell:Creating prefix script '/home/pizzu01/ros2_humble/install/local_setup.bash'
[7.262s] INFO:colcon.colcon_core.shell:Creating prefix chain script '/home/pizzu01/ros2_humble/install/setup.bash'
[7.263s] INFO:colcon.colcon_core.shell:Creating prefix script '/home/pizzu01/ros2_humble/install/local_setup.zsh'
[7.264s] INFO:colcon.colcon_core.shell:Creating prefix chain script '/home/pizzu01/ros2_humble/install/setup.zsh'
