[0.115s] Invoking command in '/home/pizzu01/ros2_humble/build/tm_moveit_config': CMAKE_PREFIX_PATH=/home/pizzu01/ros2_humble/install/tm_description:/home/pizzu01/ros2_humble/install/tm_moveit_config:/home/pizzu01/ros2_humble/install/moveit_config_tm5_900:/home/pizzu01/ros2_humble/install/gazebo_ros2_control_demos:/home/pizzu01/ros2_humble/install/gazebo_ros2_control:/home/pizzu01/ros2_humble/install/ros_tcp_endpoint:/home/pizzu01/ros2_humble/install/my_ros2_package:/home/pizzu01/install/ros_tcp_endpoint:/home/pizzu01/install/my_ros2_package:/opt/ros/humble /usr/bin/cmake --build /home/pizzu01/ros2_humble/build/tm_moveit_config -- -j4 -l4
[0.228s] Invoked command in '/home/pizzu01/ros2_humble/build/tm_moveit_config' returned '0': CMAKE_PREFIX_PATH=/home/pizzu01/ros2_humble/install/tm_description:/home/pizzu01/ros2_humble/install/tm_moveit_config:/home/pizzu01/ros2_humble/install/moveit_config_tm5_900:/home/pizzu01/ros2_humble/install/gazebo_ros2_control_demos:/home/pizzu01/ros2_humble/install/gazebo_ros2_control:/home/pizzu01/ros2_humble/install/ros_tcp_endpoint:/home/pizzu01/ros2_humble/install/my_ros2_package:/home/pizzu01/install/ros_tcp_endpoint:/home/pizzu01/install/my_ros2_package:/opt/ros/humble /usr/bin/cmake --build /home/pizzu01/ros2_humble/build/tm_moveit_config -- -j4 -l4
[0.241s] Invoking command in '/home/pizzu01/ros2_humble/build/tm_moveit_config': CMAKE_PREFIX_PATH=/home/pizzu01/ros2_humble/install/tm_description:/home/pizzu01/ros2_humble/install/tm_moveit_config:/home/pizzu01/ros2_humble/install/moveit_config_tm5_900:/home/pizzu01/ros2_humble/install/gazebo_ros2_control_demos:/home/pizzu01/ros2_humble/install/gazebo_ros2_control:/home/pizzu01/ros2_humble/install/ros_tcp_endpoint:/home/pizzu01/ros2_humble/install/my_ros2_package:/home/pizzu01/install/ros_tcp_endpoint:/home/pizzu01/install/my_ros2_package:/opt/ros/humble /usr/bin/cmake --install /home/pizzu01/ros2_humble/build/tm_moveit_config
[0.252s] -- Install configuration: ""
[0.252s] -- Up-to-date: /home/pizzu01/ros2_humble/install/tm_moveit_config/share/ament_index/resource_index/package_run_dependencies/tm_moveit_config
[0.253s] -- Up-to-date: /home/pizzu01/ros2_humble/install/tm_moveit_config/share/ament_index/resource_index/parent_prefix_path/tm_moveit_config
[0.253s] -- Up-to-date: /home/pizzu01/ros2_humble/install/tm_moveit_config/share/tm_moveit_config/environment/ament_prefix_path.sh
[0.253s] -- Up-to-date: /home/pizzu01/ros2_humble/install/tm_moveit_config/share/tm_moveit_config/environment/ament_prefix_path.dsv
[0.253s] -- Up-to-date: /home/pizzu01/ros2_humble/install/tm_moveit_config/share/tm_moveit_config/environment/path.sh
[0.254s] -- Up-to-date: /home/pizzu01/ros2_humble/install/tm_moveit_config/share/tm_moveit_config/environment/path.dsv
[0.254s] -- Up-to-date: /home/pizzu01/ros2_humble/install/tm_moveit_config/share/tm_moveit_config/local_setup.bash
[0.254s] -- Up-to-date: /home/pizzu01/ros2_humble/install/tm_moveit_config/share/tm_moveit_config/local_setup.sh
[0.254s] -- Up-to-date: /home/pizzu01/ros2_humble/install/tm_moveit_config/share/tm_moveit_config/local_setup.zsh
[0.254s] -- Up-to-date: /home/pizzu01/ros2_humble/install/tm_moveit_config/share/tm_moveit_config/local_setup.dsv
[0.254s] -- Installing: /home/pizzu01/ros2_humble/install/tm_moveit_config/share/tm_moveit_config/package.dsv
[0.258s] -- Up-to-date: /home/pizzu01/ros2_humble/install/tm_moveit_config/share/ament_index/resource_index/packages/tm_moveit_config
[0.266s] -- Up-to-date: /home/pizzu01/ros2_humble/install/tm_moveit_config/share/tm_moveit_config/cmake/tm_moveit_configConfig.cmake
[0.266s] -- Up-to-date: /home/pizzu01/ros2_humble/install/tm_moveit_config/share/tm_moveit_config/cmake/tm_moveit_configConfig-version.cmake
[0.266s] -- Up-to-date: /home/pizzu01/ros2_humble/install/tm_moveit_config/share/tm_moveit_config/package.xml
[0.266s] -- Up-to-date: /home/pizzu01/ros2_humble/install/tm_moveit_config/share/tm_moveit_config/launch
[0.270s] -- Up-to-date: /home/pizzu01/ros2_humble/install/tm_moveit_config/share/tm_moveit_config/launch/warehouse_db.launch.py
[0.270s] -- Up-to-date: /home/pizzu01/ros2_humble/install/tm_moveit_config/share/tm_moveit_config/launch/spawn_controllers.launch.py
[0.272s] -- Up-to-date: /home/pizzu01/ros2_humble/install/tm_moveit_config/share/tm_moveit_config/launch/moveit_rviz.launch.py
[0.272s] -- Up-to-date: /home/pizzu01/ros2_humble/install/tm_moveit_config/share/tm_moveit_config/launch/gazebo_tm5_900.launch.py
[0.272s] -- Up-to-date: /home/pizzu01/ros2_humble/install/tm_moveit_config/share/tm_moveit_config/launch/static_virtual_joint_tfs.launch.py
[0.272s] -- Up-to-date: /home/pizzu01/ros2_humble/install/tm_moveit_config/share/tm_moveit_config/launch/__pycache__
[0.276s] -- Up-to-date: /home/pizzu01/ros2_humble/install/tm_moveit_config/share/tm_moveit_config/launch/__pycache__/setup_assistant.launch.cpython-310.pyc
[0.276s] -- Up-to-date: /home/pizzu01/ros2_humble/install/tm_moveit_config/share/tm_moveit_config/launch/gazebo_tm5_900_with_controllers.launch.py
[0.276s] -- Up-to-date: /home/pizzu01/ros2_humble/install/tm_moveit_config/share/tm_moveit_config/launch/rsp.launch.py
[0.276s] -- Up-to-date: /home/pizzu01/ros2_humble/install/tm_moveit_config/share/tm_moveit_config/launch/demo.launch.py
[0.277s] -- Up-to-date: /home/pizzu01/ros2_humble/install/tm_moveit_config/share/tm_moveit_config/launch/setup_assistant.launch.py
[0.277s] -- Up-to-date: /home/pizzu01/ros2_humble/install/tm_moveit_config/share/tm_moveit_config/launch/empty_world.launch.py
[0.277s] -- Up-to-date: /home/pizzu01/ros2_humble/install/tm_moveit_config/share/tm_moveit_config/launch/move_group.launch.py
[0.277s] -- Up-to-date: /home/pizzu01/ros2_humble/install/tm_moveit_config/share/tm_moveit_config/launch/gazebo_tm5_900.launch.py:Zone.Identifier
[0.277s] -- Up-to-date: /home/pizzu01/ros2_humble/install/tm_moveit_config/share/tm_moveit_config/config
[0.280s] -- Up-to-date: /home/pizzu01/ros2_humble/install/tm_moveit_config/share/tm_moveit_config/config/tm900.srdf
[0.280s] -- Up-to-date: /home/pizzu01/ros2_humble/install/tm_moveit_config/share/tm_moveit_config/config/kinematics.yaml
[0.280s] -- Up-to-date: /home/pizzu01/ros2_humble/install/tm_moveit_config/share/tm_moveit_config/config/moveit_controllers.yaml
[0.280s] -- Up-to-date: /home/pizzu01/ros2_humble/install/tm_moveit_config/share/tm_moveit_config/config/moveit.rviz
[0.280s] -- Up-to-date: /home/pizzu01/ros2_humble/install/tm_moveit_config/share/tm_moveit_config/config/tm900.ros2_control.xacro
[0.280s] -- Up-to-date: /home/pizzu01/ros2_humble/install/tm_moveit_config/share/tm_moveit_config/config/pilz_cartesian_limits.yaml
[0.280s] -- Up-to-date: /home/pizzu01/ros2_humble/install/tm_moveit_config/share/tm_moveit_config/config/sensors_3d.yaml
[0.281s] -- Up-to-date: /home/pizzu01/ros2_humble/install/tm_moveit_config/share/tm_moveit_config/config/ros2_controllers.yaml
[0.284s] -- Up-to-date: /home/pizzu01/ros2_humble/install/tm_moveit_config/share/tm_moveit_config/config/initial_positions.yaml
[0.284s] -- Up-to-date: /home/pizzu01/ros2_humble/install/tm_moveit_config/share/tm_moveit_config/config/tm900.urdf.xacro
[0.284s] -- Up-to-date: /home/pizzu01/ros2_humble/install/tm_moveit_config/share/tm_moveit_config/config/joint_limits.yaml
[0.284s] -- Up-to-date: /home/pizzu01/ros2_humble/install/tm_moveit_config/share/tm_moveit_config/.setup_assistant
[0.285s] Invoked command in '/home/pizzu01/ros2_humble/build/tm_moveit_config' returned '0': CMAKE_PREFIX_PATH=/home/pizzu01/ros2_humble/install/tm_description:/home/pizzu01/ros2_humble/install/tm_moveit_config:/home/pizzu01/ros2_humble/install/moveit_config_tm5_900:/home/pizzu01/ros2_humble/install/gazebo_ros2_control_demos:/home/pizzu01/ros2_humble/install/gazebo_ros2_control:/home/pizzu01/ros2_humble/install/ros_tcp_endpoint:/home/pizzu01/ros2_humble/install/my_ros2_package:/home/pizzu01/install/ros_tcp_endpoint:/home/pizzu01/install/my_ros2_package:/opt/ros/humble /usr/bin/cmake --install /home/pizzu01/ros2_humble/build/tm_moveit_config
