[0.137s] Invoking command in '/home/pizzu01/ros2_humble/build/tm_moveit_config': CMAKE_PREFIX_PATH=/home/pizzu01/ros2_humble/install/tm_description:/home/pizzu01/ros2_humble/install/tm_moveit_config:/home/pizzu01/ros2_humble/install/ros_tcp_endpoint:/home/pizzu01/ros2_humble/install/my_ros2_package:/home/pizzu01/install/ros_tcp_endpoint:/home/pizzu01/install/my_ros2_package:/opt/ros/humble /usr/bin/cmake --build /home/pizzu01/ros2_humble/build/tm_moveit_config -- -j4 -l4
[0.222s] -- Found ament_cmake: 1.3.11 (/opt/ros/humble/share/ament_cmake/cmake)
[0.792s] -- Configuring done
[0.811s] -- Generating done
[0.815s] -- Build files have been written to: /home/pizzu01/ros2_humble/build/tm_moveit_config
[0.847s] Invoked command in '/home/pizzu01/ros2_humble/build/tm_moveit_config' returned '0': CMAKE_PREFIX_PATH=/home/pizzu01/ros2_humble/install/tm_description:/home/pizzu01/ros2_humble/install/tm_moveit_config:/home/pizzu01/ros2_humble/install/ros_tcp_endpoint:/home/pizzu01/ros2_humble/install/my_ros2_package:/home/pizzu01/install/ros_tcp_endpoint:/home/pizzu01/install/my_ros2_package:/opt/ros/humble /usr/bin/cmake --build /home/pizzu01/ros2_humble/build/tm_moveit_config -- -j4 -l4
[0.850s] Invoking command in '/home/pizzu01/ros2_humble/build/tm_moveit_config': CMAKE_PREFIX_PATH=/home/pizzu01/ros2_humble/install/tm_description:/home/pizzu01/ros2_humble/install/tm_moveit_config:/home/pizzu01/ros2_humble/install/ros_tcp_endpoint:/home/pizzu01/ros2_humble/install/my_ros2_package:/home/pizzu01/install/ros_tcp_endpoint:/home/pizzu01/install/my_ros2_package:/opt/ros/humble /usr/bin/cmake --install /home/pizzu01/ros2_humble/build/tm_moveit_config
[0.859s] -- Install configuration: ""
[0.862s] -- Installing: /home/pizzu01/ros2_humble/install/tm_moveit_config/share/ament_index/resource_index/package_run_dependencies/tm_moveit_config
[0.862s] -- Installing: /home/pizzu01/ros2_humble/install/tm_moveit_config/share/ament_index/resource_index/parent_prefix_path/tm_moveit_config
[0.863s] -- Installing: /home/pizzu01/ros2_humble/install/tm_moveit_config/share/tm_moveit_config/environment/ament_prefix_path.sh
[0.864s] -- Installing: /home/pizzu01/ros2_humble/install/tm_moveit_config/share/tm_moveit_config/environment/ament_prefix_path.dsv
[0.864s] -- Installing: /home/pizzu01/ros2_humble/install/tm_moveit_config/share/tm_moveit_config/environment/path.sh
[0.864s] -- Installing: /home/pizzu01/ros2_humble/install/tm_moveit_config/share/tm_moveit_config/environment/path.dsv
[0.865s] -- Installing: /home/pizzu01/ros2_humble/install/tm_moveit_config/share/tm_moveit_config/local_setup.bash
[0.866s] -- Installing: /home/pizzu01/ros2_humble/install/tm_moveit_config/share/tm_moveit_config/local_setup.sh
[0.866s] -- Installing: /home/pizzu01/ros2_humble/install/tm_moveit_config/share/tm_moveit_config/local_setup.zsh
[0.866s] -- Installing: /home/pizzu01/ros2_humble/install/tm_moveit_config/share/tm_moveit_config/local_setup.dsv
[0.867s] -- Installing: /home/pizzu01/ros2_humble/install/tm_moveit_config/share/tm_moveit_config/package.dsv
[0.867s] -- Installing: /home/pizzu01/ros2_humble/install/tm_moveit_config/share/ament_index/resource_index/packages/tm_moveit_config
[0.868s] -- Installing: /home/pizzu01/ros2_humble/install/tm_moveit_config/share/tm_moveit_config/cmake/tm_moveit_configConfig.cmake
[0.868s] -- Installing: /home/pizzu01/ros2_humble/install/tm_moveit_config/share/tm_moveit_config/cmake/tm_moveit_configConfig-version.cmake
[0.868s] -- Installing: /home/pizzu01/ros2_humble/install/tm_moveit_config/share/tm_moveit_config/package.xml
[0.868s] -- Installing: /home/pizzu01/ros2_humble/install/tm_moveit_config/share/tm_moveit_config/launch
[0.869s] -- Installing: /home/pizzu01/ros2_humble/install/tm_moveit_config/share/tm_moveit_config/launch/warehouse_db.launch.py
[0.870s] -- Installing: /home/pizzu01/ros2_humble/install/tm_moveit_config/share/tm_moveit_config/launch/spawn_controllers.launch.py
[0.870s] -- Installing: /home/pizzu01/ros2_humble/install/tm_moveit_config/share/tm_moveit_config/launch/moveit_rviz.launch.py
[0.871s] -- Installing: /home/pizzu01/ros2_humble/install/tm_moveit_config/share/tm_moveit_config/launch/static_virtual_joint_tfs.launch.py
[0.872s] -- Installing: /home/pizzu01/ros2_humble/install/tm_moveit_config/share/tm_moveit_config/launch/rsp.launch.py
[0.872s] -- Installing: /home/pizzu01/ros2_humble/install/tm_moveit_config/share/tm_moveit_config/launch/demo.launch.py
[0.873s] -- Installing: /home/pizzu01/ros2_humble/install/tm_moveit_config/share/tm_moveit_config/launch/setup_assistant.launch.py
[0.874s] -- Installing: /home/pizzu01/ros2_humble/install/tm_moveit_config/share/tm_moveit_config/launch/move_group.launch.py
[0.875s] -- Installing: /home/pizzu01/ros2_humble/install/tm_moveit_config/share/tm_moveit_config/config
[0.876s] -- Installing: /home/pizzu01/ros2_humble/install/tm_moveit_config/share/tm_moveit_config/config/tm900.srdf
[0.877s] -- Installing: /home/pizzu01/ros2_humble/install/tm_moveit_config/share/tm_moveit_config/config/kinematics.yaml
[0.878s] -- Installing: /home/pizzu01/ros2_humble/install/tm_moveit_config/share/tm_moveit_config/config/moveit_controllers.yaml
[0.878s] -- Installing: /home/pizzu01/ros2_humble/install/tm_moveit_config/share/tm_moveit_config/config/moveit.rviz
[0.879s] -- Installing: /home/pizzu01/ros2_humble/install/tm_moveit_config/share/tm_moveit_config/config/tm900.ros2_control.xacro
[0.880s] -- Installing: /home/pizzu01/ros2_humble/install/tm_moveit_config/share/tm_moveit_config/config/pilz_cartesian_limits.yaml
[0.880s] -- Installing: /home/pizzu01/ros2_humble/install/tm_moveit_config/share/tm_moveit_config/config/ros2_controllers.yaml
[0.881s] -- Installing: /home/pizzu01/ros2_humble/install/tm_moveit_config/share/tm_moveit_config/config/initial_positions.yaml
[0.883s] -- Installing: /home/pizzu01/ros2_humble/install/tm_moveit_config/share/tm_moveit_config/config/tm900.urdf.xacro
[0.883s] -- Installing: /home/pizzu01/ros2_humble/install/tm_moveit_config/share/tm_moveit_config/config/joint_limits.yaml
[0.883s] -- Installing: /home/pizzu01/ros2_humble/install/tm_moveit_config/share/tm_moveit_config/.setup_assistant
[0.906s] Invoked command in '/home/pizzu01/ros2_humble/build/tm_moveit_config' returned '0': CMAKE_PREFIX_PATH=/home/pizzu01/ros2_humble/install/tm_description:/home/pizzu01/ros2_humble/install/tm_moveit_config:/home/pizzu01/ros2_humble/install/ros_tcp_endpoint:/home/pizzu01/ros2_humble/install/my_ros2_package:/home/pizzu01/install/ros_tcp_endpoint:/home/pizzu01/install/my_ros2_package:/opt/ros/humble /usr/bin/cmake --install /home/pizzu01/ros2_humble/build/tm_moveit_config
