[0.105s] Invoking command in '/home/pizzu01/ros2_humble/build/hello_moveit': CMAKE_PREFIX_PATH=${CMAKE_PREFIX_PATH}:/home/pizzu01/ros2_humble/install/ros_tcp_endpoint:/home/pizzu01/ros2_humble/install/my_ros2_package:/home/pizzu01/install/ros_tcp_endpoint:/home/pizzu01/install/my_ros2_package:/opt/ros/humble /usr/bin/cmake --build /home/pizzu01/ros2_humble/build/hello_moveit -- -j4 -l4
[0.733s] [100%] Built target hello_moveit
[1.269s] Invoked command in '/home/pizzu01/ros2_humble/build/hello_moveit' returned '0': CMAKE_PREFIX_PATH=${CMAKE_PREFIX_PATH}:/home/pizzu01/ros2_humble/install/ros_tcp_endpoint:/home/pizzu01/ros2_humble/install/my_ros2_package:/home/pizzu01/install/ros_tcp_endpoint:/home/pizzu01/install/my_ros2_package:/opt/ros/humble /usr/bin/cmake --build /home/pizzu01/ros2_humble/build/hello_moveit -- -j4 -l4
[1.274s] Invoking command in '/home/pizzu01/ros2_humble/build/hello_moveit': CMAKE_PREFIX_PATH=${CMAKE_PREFIX_PATH}:/home/pizzu01/ros2_humble/install/ros_tcp_endpoint:/home/pizzu01/ros2_humble/install/my_ros2_package:/home/pizzu01/install/ros_tcp_endpoint:/home/pizzu01/install/my_ros2_package:/opt/ros/humble /usr/bin/cmake --install /home/pizzu01/ros2_humble/build/hello_moveit
[1.288s] -- Install configuration: ""
[1.300s] -- Up-to-date: /home/pizzu01/ros2_humble/install/hello_moveit/lib/hello_moveit/hello_moveit
[1.301s] -- Up-to-date: /home/pizzu01/ros2_humble/install/hello_moveit/share/ament_index/resource_index/package_run_dependencies/hello_moveit
[1.316s] -- Up-to-date: /home/pizzu01/ros2_humble/install/hello_moveit/share/ament_index/resource_index/parent_prefix_path/hello_moveit
[1.316s] -- Up-to-date: /home/pizzu01/ros2_humble/install/hello_moveit/share/hello_moveit/environment/ament_prefix_path.sh
[1.316s] -- Up-to-date: /home/pizzu01/ros2_humble/install/hello_moveit/share/hello_moveit/environment/ament_prefix_path.dsv
[1.316s] -- Up-to-date: /home/pizzu01/ros2_humble/install/hello_moveit/share/hello_moveit/environment/path.sh
[1.317s] -- Up-to-date: /home/pizzu01/ros2_humble/install/hello_moveit/share/hello_moveit/environment/path.dsv
[1.317s] -- Up-to-date: /home/pizzu01/ros2_humble/install/hello_moveit/share/hello_moveit/local_setup.bash
[1.317s] -- Up-to-date: /home/pizzu01/ros2_humble/install/hello_moveit/share/hello_moveit/local_setup.sh
[1.317s] -- Up-to-date: /home/pizzu01/ros2_humble/install/hello_moveit/share/hello_moveit/local_setup.zsh
[1.317s] -- Up-to-date: /home/pizzu01/ros2_humble/install/hello_moveit/share/hello_moveit/local_setup.dsv
[1.317s] -- Installing: /home/pizzu01/ros2_humble/install/hello_moveit/share/hello_moveit/package.dsv
[1.321s] -- Up-to-date: /home/pizzu01/ros2_humble/install/hello_moveit/share/ament_index/resource_index/packages/hello_moveit
[1.321s] -- Up-to-date: /home/pizzu01/ros2_humble/install/hello_moveit/share/hello_moveit/cmake/hello_moveitConfig.cmake
[1.321s] -- Up-to-date: /home/pizzu01/ros2_humble/install/hello_moveit/share/hello_moveit/cmake/hello_moveitConfig-version.cmake
[1.321s] -- Up-to-date: /home/pizzu01/ros2_humble/install/hello_moveit/share/hello_moveit/package.xml
[1.330s] Invoked command in '/home/pizzu01/ros2_humble/build/hello_moveit' returned '0': CMAKE_PREFIX_PATH=${CMAKE_PREFIX_PATH}:/home/pizzu01/ros2_humble/install/ros_tcp_endpoint:/home/pizzu01/ros2_humble/install/my_ros2_package:/home/pizzu01/install/ros_tcp_endpoint:/home/pizzu01/install/my_ros2_package:/opt/ros/humble /usr/bin/cmake --install /home/pizzu01/ros2_humble/build/hello_moveit
