[0.098s] Invoking command in '/home/pizzu01/ros2_humble/build/tm_description': CMAKE_PREFIX_PATH=${CMAKE_PREFIX_PATH}:/home/pizzu01/ros2_humble/install/ros_tcp_endpoint:/home/pizzu01/ros2_humble/install/my_ros2_package:/home/pizzu01/install/ros_tcp_endpoint:/home/pizzu01/install/my_ros2_package:/opt/ros/humble /usr/bin/cmake --build /home/pizzu01/ros2_humble/build/tm_description -- -j4 -l4
[1.205s] Invoked command in '/home/pizzu01/ros2_humble/build/tm_description' returned '0': CMAKE_PREFIX_PATH=${CMAKE_PREFIX_PATH}:/home/pizzu01/ros2_humble/install/ros_tcp_endpoint:/home/pizzu01/ros2_humble/install/my_ros2_package:/home/pizzu01/install/ros_tcp_endpoint:/home/pizzu01/install/my_ros2_package:/opt/ros/humble /usr/bin/cmake --build /home/pizzu01/ros2_humble/build/tm_description -- -j4 -l4
[1.230s] Invoking command in '/home/pizzu01/ros2_humble/build/tm_description': CMAKE_PREFIX_PATH=${CMAKE_PREFIX_PATH}:/home/pizzu01/ros2_humble/install/ros_tcp_endpoint:/home/pizzu01/ros2_humble/install/my_ros2_package:/home/pizzu01/install/ros_tcp_endpoint:/home/pizzu01/install/my_ros2_package:/opt/ros/humble /usr/bin/cmake --install /home/pizzu01/ros2_humble/build/tm_description
[1.260s] -- Install configuration: ""
[1.262s] -- Up-to-date: /home/pizzu01/ros2_humble/install/tm_description/share/tm_description/urdf
[1.262s] -- Up-to-date: /home/pizzu01/ros2_humble/install/tm_description/share/tm_description/urdf/common.gazebo.xacro
[1.263s] -- Up-to-date: /home/pizzu01/ros2_humble/install/tm_description/share/tm_description/urdf/tm700.urdf.xacro
[1.263s] -- Up-to-date: /home/pizzu01/ros2_humble/install/tm_description/share/tm_description/urdf/tm700_robot_joint_limited_eih.urdf.xacro
[1.263s] -- Up-to-date: /home/pizzu01/ros2_humble/install/tm_description/share/tm_description/urdf/tm900_robot_moveit.urdf
[1.263s] -- Up-to-date: /home/pizzu01/ros2_humble/install/tm_description/share/tm_description/urdf/tm900_robot.urdf.xacro:Zone.Identifier
[1.263s] -- Up-to-date: /home/pizzu01/ros2_humble/install/tm_description/share/tm_description/urdf/tm900_robot_joint_limited.urdf.xacro
[1.263s] -- Up-to-date: /home/pizzu01/ros2_humble/install/tm_description/share/tm_description/urdf/tm900.eih.xacro:Zone.Identifier
[1.264s] -- Up-to-date: /home/pizzu01/ros2_humble/install/tm_description/share/tm_description/urdf/tm900_robot_eih.urdf.xacro:Zone.Identifier
[1.264s] -- Up-to-date: /home/pizzu01/ros2_humble/install/tm_description/share/tm_description/urdf/tm700.eih.xacro
[1.264s] -- Up-to-date: /home/pizzu01/ros2_humble/install/tm_description/share/tm_description/urdf/common.gazebo.xacro:Zone.Identifier
[1.264s] -- Up-to-date: /home/pizzu01/ros2_humble/install/tm_description/share/tm_description/urdf/tm900_robot_eih.urdf.xacro
[1.264s] -- Up-to-date: /home/pizzu01/ros2_humble/install/tm_description/share/tm_description/urdf/tm900.eih.xacro
[1.265s] -- Up-to-date: /home/pizzu01/ros2_humble/install/tm_description/share/tm_description/urdf/tm700_robot.urdf.xacro
[1.265s] -- Up-to-date: /home/pizzu01/ros2_humble/install/tm_description/share/tm_description/urdf/tm900_robot_prova2.urdf
[1.265s] -- Up-to-date: /home/pizzu01/ros2_humble/install/tm_description/share/tm_description/urdf/tm700_robot_eih.urdf.xacro
[1.265s] -- Up-to-date: /home/pizzu01/ros2_humble/install/tm_description/share/tm_description/urdf/tm700_robot.urdf.xacro:Zone.Identifier
[1.265s] -- Up-to-date: /home/pizzu01/ros2_humble/install/tm_description/share/tm_description/urdf/tm900.urdf.xacro:Zone.Identifier
[1.266s] -- Up-to-date: /home/pizzu01/ros2_humble/install/tm_description/share/tm_description/urdf/tm900_robot_joint_limited_eih.urdf.xacro:Zone.Identifier
[1.266s] -- Up-to-date: /home/pizzu01/ros2_humble/install/tm_description/share/tm_description/urdf/tm.gazebo.xacro
[1.266s] -- Up-to-date: /home/pizzu01/ros2_humble/install/tm_description/share/tm_description/urdf/tm700.eih.xacro:Zone.Identifier
[1.267s] -- Up-to-date: /home/pizzu01/ros2_humble/install/tm_description/share/tm_description/urdf/tm700_simple.urdf:Zone.Identifier
[1.267s] -- Up-to-date: /home/pizzu01/ros2_humble/install/tm_description/share/tm_description/urdf/tm.transmission.xacro
[1.273s] -- Up-to-date: /home/pizzu01/ros2_humble/install/tm_description/share/tm_description/urdf/tm700_robot_joint_limited.urdf.xacro
[1.273s] -- Up-to-date: /home/pizzu01/ros2_humble/install/tm_description/share/tm_description/urdf/tm700.urdf.xacro:Zone.Identifier
[1.273s] -- Up-to-date: /home/pizzu01/ros2_humble/install/tm_description/share/tm_description/urdf/tm.gazebo.xacro:Zone.Identifier
[1.274s] -- Up-to-date: /home/pizzu01/ros2_humble/install/tm_description/share/tm_description/urdf/tm700simple.urdf
[1.274s] -- Up-to-date: /home/pizzu01/ros2_humble/install/tm_description/share/tm_description/urdf/tm900_robot_joint_limited.urdf.xacro:Zone.Identifier
[1.274s] -- Up-to-date: /home/pizzu01/ros2_humble/install/tm_description/share/tm_description/urdf/tm.transmission.xacro:Zone.Identifier
[1.274s] -- Up-to-date: /home/pizzu01/ros2_humble/install/tm_description/share/tm_description/urdf/tm900_robot_prova2.urdf:Zone.Identifier
[1.274s] -- Up-to-date: /home/pizzu01/ros2_humble/install/tm_description/share/tm_description/urdf/tm900.urdf.xacro
[1.274s] -- Up-to-date: /home/pizzu01/ros2_humble/install/tm_description/share/tm_description/urdf/tm700_robot_joint_limited_eih.urdf.xacro:Zone.Identifier
[1.275s] -- Up-to-date: /home/pizzu01/ros2_humble/install/tm_description/share/tm_description/urdf/tm900_robot.urdf.xacro
[1.275s] -- Up-to-date: /home/pizzu01/ros2_humble/install/tm_description/share/tm_description/urdf/tm700simple.urdf:Zone.Identifier
[1.275s] -- Up-to-date: /home/pizzu01/ros2_humble/install/tm_description/share/tm_description/urdf/tm900_robot.urdf
[1.275s] -- Up-to-date: /home/pizzu01/ros2_humble/install/tm_description/share/tm_description/urdf/tm700_simple.urdf
[1.275s] -- Up-to-date: /home/pizzu01/ros2_humble/install/tm_description/share/tm_description/urdf/tm900_robot.urdf:Zone.Identifier
[1.275s] -- Up-to-date: /home/pizzu01/ros2_humble/install/tm_description/share/tm_description/urdf/tm700_robot_joint_limited.urdf.xacro:Zone.Identifier
[1.276s] -- Up-to-date: /home/pizzu01/ros2_humble/install/tm_description/share/tm_description/urdf/tm700_robot_eih.urdf.xacro:Zone.Identifier
[1.276s] -- Up-to-date: /home/pizzu01/ros2_humble/install/tm_description/share/tm_description/urdf/tm900_robot_joint_limited_eih.urdf.xacro
[1.276s] -- Up-to-date: /home/pizzu01/ros2_humble/install/tm_description/share/tm_description/meshes
[1.276s] -- Up-to-date: /home/pizzu01/ros2_humble/install/tm_description/share/tm_description/meshes/tm700
[1.276s] -- Up-to-date: /home/pizzu01/ros2_humble/install/tm_description/share/tm_description/meshes/tm700/visual
[1.276s] -- Up-to-date: /home/pizzu01/ros2_humble/install/tm_description/share/tm_description/meshes/tm700/visual/Wrist2.dae
[1.277s] -- Up-to-date: /home/pizzu01/ros2_humble/install/tm_description/share/tm_description/meshes/tm700/visual/Wrist1.STL
[1.277s] -- Up-to-date: /home/pizzu01/ros2_humble/install/tm_description/share/tm_description/meshes/tm700/visual/Shoulder1.STL
[1.277s] -- Up-to-date: /home/pizzu01/ros2_humble/install/tm_description/share/tm_description/meshes/tm700/visual/Arm2.dae:Zone.Identifier
[1.277s] -- Up-to-date: /home/pizzu01/ros2_humble/install/tm_description/share/tm_description/meshes/tm700/visual/Arm2.STL:Zone.Identifier
[1.278s] -- Up-to-date: /home/pizzu01/ros2_humble/install/tm_description/share/tm_description/meshes/tm700/visual/Wrist3.STL
[1.278s] -- Up-to-date: /home/pizzu01/ros2_humble/install/tm_description/share/tm_description/meshes/tm700/visual/Arm2.STL
[1.278s] -- Up-to-date: /home/pizzu01/ros2_humble/install/tm_description/share/tm_description/meshes/tm700/visual/Wrist1.dae:Zone.Identifier
[1.278s] -- Up-to-date: /home/pizzu01/ros2_humble/install/tm_description/share/tm_description/meshes/tm700/visual/Base.STL:Zone.Identifier
[1.278s] -- Up-to-date: /home/pizzu01/ros2_humble/install/tm_description/share/tm_description/meshes/tm700/visual/Shoulder1.dae
[1.278s] -- Up-to-date: /home/pizzu01/ros2_humble/install/tm_description/share/tm_description/meshes/tm700/visual/Arm1.dae:Zone.Identifier
[1.280s] -- Up-to-date: /home/pizzu01/ros2_humble/install/tm_description/share/tm_description/meshes/tm700/visual/Arm2.dae
[1.280s] -- Up-to-date: /home/pizzu01/ros2_humble/install/tm_description/share/tm_description/meshes/tm700/visual/Wrist3.dae:Zone.Identifier
[1.281s] -- Up-to-date: /home/pizzu01/ros2_humble/install/tm_description/share/tm_description/meshes/tm700/visual/Wrist3_.dae:Zone.Identifier
[1.281s] -- Up-to-date: /home/pizzu01/ros2_humble/install/tm_description/share/tm_description/meshes/tm700/visual/Base.dae
[1.281s] -- Up-to-date: /home/pizzu01/ros2_humble/install/tm_description/share/tm_description/meshes/tm700/visual/Wrist2.STL
[1.281s] -- Up-to-date: /home/pizzu01/ros2_humble/install/tm_description/share/tm_description/meshes/tm700/visual/Arm1.STL:Zone.Identifier
[1.281s] -- Up-to-date: /home/pizzu01/ros2_humble/install/tm_description/share/tm_description/meshes/tm700/visual/Wrist3_.dae
[1.281s] -- Up-to-date: /home/pizzu01/ros2_humble/install/tm_description/share/tm_description/meshes/tm700/visual/Base.dae:Zone.Identifier
[1.282s] -- Up-to-date: /home/pizzu01/ros2_humble/install/tm_description/share/tm_description/meshes/tm700/visual/Wrist3.dae
[1.282s] -- Up-to-date: /home/pizzu01/ros2_humble/install/tm_description/share/tm_description/meshes/tm700/visual/Wrist2.STL:Zone.Identifier
[1.282s] -- Up-to-date: /home/pizzu01/ros2_humble/install/tm_description/share/tm_description/meshes/tm700/visual/Arm1.dae
[1.282s] -- Up-to-date: /home/pizzu01/ros2_humble/install/tm_description/share/tm_description/meshes/tm700/visual/Wrist1.dae
[1.282s] -- Up-to-date: /home/pizzu01/ros2_humble/install/tm_description/share/tm_description/meshes/tm700/visual/Shoulder1.dae:Zone.Identifier
[1.282s] -- Up-to-date: /home/pizzu01/ros2_humble/install/tm_description/share/tm_description/meshes/tm700/visual/Wrist1.STL:Zone.Identifier
[1.282s] -- Up-to-date: /home/pizzu01/ros2_humble/install/tm_description/share/tm_description/meshes/tm700/visual/Shoulder1.STL:Zone.Identifier
[1.283s] -- Up-to-date: /home/pizzu01/ros2_humble/install/tm_description/share/tm_description/meshes/tm700/visual/Base.STL
[1.283s] -- Up-to-date: /home/pizzu01/ros2_humble/install/tm_description/share/tm_description/meshes/tm700/visual/Wrist2.dae:Zone.Identifier
[1.283s] -- Up-to-date: /home/pizzu01/ros2_humble/install/tm_description/share/tm_description/meshes/tm700/visual/Wrist3.STL:Zone.Identifier
[1.283s] -- Up-to-date: /home/pizzu01/ros2_humble/install/tm_description/share/tm_description/meshes/tm700/visual/Arm1.STL
[1.283s] -- Up-to-date: /home/pizzu01/ros2_humble/install/tm_description/share/tm_description/meshes/tm700/collision
[1.283s] -- Up-to-date: /home/pizzu01/ros2_humble/install/tm_description/share/tm_description/meshes/tm700/collision/wrist_2.STL
[1.284s] -- Up-to-date: /home/pizzu01/ros2_humble/install/tm_description/share/tm_description/meshes/tm700/collision/base.STL
[1.284s] -- Up-to-date: /home/pizzu01/ros2_humble/install/tm_description/share/tm_description/meshes/tm700/collision/arm_1.STL
[1.285s] -- Up-to-date: /home/pizzu01/ros2_humble/install/tm_description/share/tm_description/meshes/tm700/collision/wrist_2.STL:Zone.Identifier
[1.285s] -- Up-to-date: /home/pizzu01/ros2_humble/install/tm_description/share/tm_description/meshes/tm700/collision/wrist_3.STL:Zone.Identifier
[1.285s] -- Up-to-date: /home/pizzu01/ros2_humble/install/tm_description/share/tm_description/meshes/tm700/collision/base.STL:Zone.Identifier
[1.286s] -- Up-to-date: /home/pizzu01/ros2_humble/install/tm_description/share/tm_description/meshes/tm700/collision/wrist_1.STL:Zone.Identifier
[1.286s] -- Up-to-date: /home/pizzu01/ros2_humble/install/tm_description/share/tm_description/meshes/tm700/collision/arm_2.STL:Zone.Identifier
[1.286s] -- Up-to-date: /home/pizzu01/ros2_humble/install/tm_description/share/tm_description/meshes/tm700/collision/shoulder_1.STL:Zone.Identifier
[1.286s] -- Up-to-date: /home/pizzu01/ros2_humble/install/tm_description/share/tm_description/meshes/tm700/collision/shoulder_1.STL
[1.286s] -- Up-to-date: /home/pizzu01/ros2_humble/install/tm_description/share/tm_description/meshes/tm700/collision/arm_2.STL
[1.286s] -- Up-to-date: /home/pizzu01/ros2_humble/install/tm_description/share/tm_description/meshes/tm700/collision/wrist_3_1.STL
[1.287s] -- Up-to-date: /home/pizzu01/ros2_humble/install/tm_description/share/tm_description/meshes/tm700/collision/wrist_3_2.STL:Zone.Identifier
[1.287s] -- Up-to-date: /home/pizzu01/ros2_humble/install/tm_description/share/tm_description/meshes/tm700/collision/wrist_3_2.STL
[1.287s] -- Up-to-date: /home/pizzu01/ros2_humble/install/tm_description/share/tm_description/meshes/tm700/collision/wrist_3_1.STL:Zone.Identifier
[1.287s] -- Up-to-date: /home/pizzu01/ros2_humble/install/tm_description/share/tm_description/meshes/tm700/collision/arm_1.STL:Zone.Identifier
[1.287s] -- Up-to-date: /home/pizzu01/ros2_humble/install/tm_description/share/tm_description/meshes/tm700/collision/wrist_3.STL
[1.288s] -- Up-to-date: /home/pizzu01/ros2_humble/install/tm_description/share/tm_description/meshes/tm700/collision/wrist_1.STL
[1.288s] -- Up-to-date: /home/pizzu01/ros2_humble/install/tm_description/share/tm_description/meshes/tm900
[1.288s] -- Up-to-date: /home/pizzu01/ros2_humble/install/tm_description/share/tm_description/meshes/tm900/visual
[1.288s] -- Up-to-date: /home/pizzu01/ros2_humble/install/tm_description/share/tm_description/meshes/tm900/visual/Wrist2.dae
[1.288s] -- Up-to-date: /home/pizzu01/ros2_humble/install/tm_description/share/tm_description/meshes/tm900/visual/Wrist1.STL
[1.289s] -- Up-to-date: /home/pizzu01/ros2_humble/install/tm_description/share/tm_description/meshes/tm900/visual/Shoulder1.STL
[1.289s] -- Up-to-date: /home/pizzu01/ros2_humble/install/tm_description/share/tm_description/meshes/tm900/visual/Arm2.dae:Zone.Identifier
[1.289s] -- Up-to-date: /home/pizzu01/ros2_humble/install/tm_description/share/tm_description/meshes/tm900/visual/Arm2.STL:Zone.Identifier
[1.290s] -- Up-to-date: /home/pizzu01/ros2_humble/install/tm_description/share/tm_description/meshes/tm900/visual/Wrist3.STL
[1.290s] -- Up-to-date: /home/pizzu01/ros2_humble/install/tm_description/share/tm_description/meshes/tm900/visual/Arm2.STL
[1.290s] -- Up-to-date: /home/pizzu01/ros2_humble/install/tm_description/share/tm_description/meshes/tm900/visual/Wrist1.dae:Zone.Identifier
[1.290s] -- Up-to-date: /home/pizzu01/ros2_humble/install/tm_description/share/tm_description/meshes/tm900/visual/Base.STL:Zone.Identifier
[1.290s] -- Up-to-date: /home/pizzu01/ros2_humble/install/tm_description/share/tm_description/meshes/tm900/visual/Shoulder1.dae
[1.291s] -- Up-to-date: /home/pizzu01/ros2_humble/install/tm_description/share/tm_description/meshes/tm900/visual/Arm1.dae:Zone.Identifier
[1.291s] -- Up-to-date: /home/pizzu01/ros2_humble/install/tm_description/share/tm_description/meshes/tm900/visual/Arm2.dae
[1.291s] -- Up-to-date: /home/pizzu01/ros2_humble/install/tm_description/share/tm_description/meshes/tm900/visual/Wrist3.dae:Zone.Identifier
[1.291s] -- Up-to-date: /home/pizzu01/ros2_humble/install/tm_description/share/tm_description/meshes/tm900/visual/Base.dae
[1.291s] -- Up-to-date: /home/pizzu01/ros2_humble/install/tm_description/share/tm_description/meshes/tm900/visual/Wrist2.STL
[1.292s] -- Up-to-date: /home/pizzu01/ros2_humble/install/tm_description/share/tm_description/meshes/tm900/visual/Arm1.STL:Zone.Identifier
[1.292s] -- Up-to-date: /home/pizzu01/ros2_humble/install/tm_description/share/tm_description/meshes/tm900/visual/Base.dae:Zone.Identifier
[1.292s] -- Up-to-date: /home/pizzu01/ros2_humble/install/tm_description/share/tm_description/meshes/tm900/visual/Wrist3.dae
[1.292s] -- Up-to-date: /home/pizzu01/ros2_humble/install/tm_description/share/tm_description/meshes/tm900/visual/Wrist2.STL:Zone.Identifier
[1.292s] -- Up-to-date: /home/pizzu01/ros2_humble/install/tm_description/share/tm_description/meshes/tm900/visual/Arm1.dae
[1.292s] -- Up-to-date: /home/pizzu01/ros2_humble/install/tm_description/share/tm_description/meshes/tm900/visual/Wrist1.dae
[1.293s] -- Up-to-date: /home/pizzu01/ros2_humble/install/tm_description/share/tm_description/meshes/tm900/visual/Shoulder1.dae:Zone.Identifier
[1.293s] -- Up-to-date: /home/pizzu01/ros2_humble/install/tm_description/share/tm_description/meshes/tm900/visual/Wrist1.STL:Zone.Identifier
[1.293s] -- Up-to-date: /home/pizzu01/ros2_humble/install/tm_description/share/tm_description/meshes/tm900/visual/Shoulder1.STL:Zone.Identifier
[1.293s] -- Up-to-date: /home/pizzu01/ros2_humble/install/tm_description/share/tm_description/meshes/tm900/visual/Base.STL
[1.294s] -- Up-to-date: /home/pizzu01/ros2_humble/install/tm_description/share/tm_description/meshes/tm900/visual/Wrist2.dae:Zone.Identifier
[1.294s] -- Up-to-date: /home/pizzu01/ros2_humble/install/tm_description/share/tm_description/meshes/tm900/visual/Wrist3.STL:Zone.Identifier
[1.294s] -- Up-to-date: /home/pizzu01/ros2_humble/install/tm_description/share/tm_description/meshes/tm900/visual/Arm1.STL
[1.317s] -- Up-to-date: /home/pizzu01/ros2_humble/install/tm_description/share/tm_description/meshes/tm900/model.config:Zone.Identifier
[1.318s] -- Up-to-date: /home/pizzu01/ros2_humble/install/tm_description/share/tm_description/meshes/tm900/model.sdf
[1.318s] -- Up-to-date: /home/pizzu01/ros2_humble/install/tm_description/share/tm_description/meshes/tm900/model.config
[1.318s] -- Up-to-date: /home/pizzu01/ros2_humble/install/tm_description/share/tm_description/meshes/tm900/collision
[1.318s] -- Up-to-date: /home/pizzu01/ros2_humble/install/tm_description/share/tm_description/meshes/tm900/collision/wrist_2.STL
[1.318s] -- Up-to-date: /home/pizzu01/ros2_humble/install/tm_description/share/tm_description/meshes/tm900/collision/base.STL
[1.319s] -- Up-to-date: /home/pizzu01/ros2_humble/install/tm_description/share/tm_description/meshes/tm900/collision/arm_1.STL
[1.319s] -- Up-to-date: /home/pizzu01/ros2_humble/install/tm_description/share/tm_description/meshes/tm900/collision/wrist_2.STL:Zone.Identifier
[1.319s] -- Up-to-date: /home/pizzu01/ros2_humble/install/tm_description/share/tm_description/meshes/tm900/collision/wrist_3.STL:Zone.Identifier
[1.319s] -- Up-to-date: /home/pizzu01/ros2_humble/install/tm_description/share/tm_description/meshes/tm900/collision/base.STL:Zone.Identifier
[1.319s] -- Up-to-date: /home/pizzu01/ros2_humble/install/tm_description/share/tm_description/meshes/tm900/collision/wrist_1.STL:Zone.Identifier
[1.320s] -- Up-to-date: /home/pizzu01/ros2_humble/install/tm_description/share/tm_description/meshes/tm900/collision/arm_2.STL:Zone.Identifier
[1.320s] -- Up-to-date: /home/pizzu01/ros2_humble/install/tm_description/share/tm_description/meshes/tm900/collision/shoulder_1.STL:Zone.Identifier
[1.320s] -- Up-to-date: /home/pizzu01/ros2_humble/install/tm_description/share/tm_description/meshes/tm900/collision/shoulder_1.STL
[1.323s] -- Up-to-date: /home/pizzu01/ros2_humble/install/tm_description/share/tm_description/meshes/tm900/collision/arm_2.STL
[1.323s] -- Up-to-date: /home/pizzu01/ros2_humble/install/tm_description/share/tm_description/meshes/tm900/collision/wrist_3_1.STL
[1.324s] -- Up-to-date: /home/pizzu01/ros2_humble/install/tm_description/share/tm_description/meshes/tm900/collision/wrist_3_2.STL:Zone.Identifier
[1.324s] -- Up-to-date: /home/pizzu01/ros2_humble/install/tm_description/share/tm_description/meshes/tm900/collision/wrist_3_2.STL
[1.324s] -- Up-to-date: /home/pizzu01/ros2_humble/install/tm_description/share/tm_description/meshes/tm900/collision/wrist_3_1.STL:Zone.Identifier
[1.324s] -- Up-to-date: /home/pizzu01/ros2_humble/install/tm_description/share/tm_description/meshes/tm900/collision/arm_1.STL:Zone.Identifier
[1.324s] -- Up-to-date: /home/pizzu01/ros2_humble/install/tm_description/share/tm_description/meshes/tm900/collision/wrist_3.STL
[1.325s] -- Up-to-date: /home/pizzu01/ros2_humble/install/tm_description/share/tm_description/meshes/tm900/collision/wrist_1.STL
[1.325s] -- Up-to-date: /home/pizzu01/ros2_humble/install/tm_description/share/tm_description/launch
[1.325s] -- Up-to-date: /home/pizzu01/ros2_humble/install/tm_description/share/tm_description/launch/tm900_upload.launch
[1.325s] -- Up-to-date: /home/pizzu01/ros2_humble/install/tm_description/share/tm_description/launch/test.launch
[1.325s] -- Up-to-date: /home/pizzu01/ros2_humble/install/tm_description/share/tm_description/launch/tm700_upload.launch
[1.325s] -- Up-to-date: /home/pizzu01/ros2_humble/install/tm_description/share/tm_description/launch/tm700_upload.launch:Zone.Identifier
[1.326s] -- Up-to-date: /home/pizzu01/ros2_humble/install/tm_description/share/tm_description/launch/test.launch:Zone.Identifier
[1.326s] -- Up-to-date: /home/pizzu01/ros2_humble/install/tm_description/share/tm_description/launch/tm900_upload.launch:Zone.Identifier
[1.326s] -- Up-to-date: /home/pizzu01/ros2_humble/install/tm_description/share/tm_description/config
[1.326s] -- Up-to-date: /home/pizzu01/ros2_humble/install/tm_description/share/ament_index/resource_index/package_run_dependencies/tm_description
[1.326s] -- Up-to-date: /home/pizzu01/ros2_humble/install/tm_description/share/ament_index/resource_index/parent_prefix_path/tm_description
[1.326s] -- Up-to-date: /home/pizzu01/ros2_humble/install/tm_description/share/tm_description/environment/ament_prefix_path.sh
[1.327s] -- Up-to-date: /home/pizzu01/ros2_humble/install/tm_description/share/tm_description/environment/ament_prefix_path.dsv
[1.327s] -- Up-to-date: /home/pizzu01/ros2_humble/install/tm_description/share/tm_description/environment/path.sh
[1.327s] -- Up-to-date: /home/pizzu01/ros2_humble/install/tm_description/share/tm_description/environment/path.dsv
[1.327s] -- Up-to-date: /home/pizzu01/ros2_humble/install/tm_description/share/tm_description/local_setup.bash
[1.327s] -- Up-to-date: /home/pizzu01/ros2_humble/install/tm_description/share/tm_description/local_setup.sh
[1.327s] -- Up-to-date: /home/pizzu01/ros2_humble/install/tm_description/share/tm_description/local_setup.zsh
[1.328s] -- Up-to-date: /home/pizzu01/ros2_humble/install/tm_description/share/tm_description/local_setup.dsv
[1.328s] -- Installing: /home/pizzu01/ros2_humble/install/tm_description/share/tm_description/package.dsv
[1.328s] -- Up-to-date: /home/pizzu01/ros2_humble/install/tm_description/share/ament_index/resource_index/packages/tm_description
[1.328s] -- Up-to-date: /home/pizzu01/ros2_humble/install/tm_description/share/tm_description/cmake/tm_descriptionConfig.cmake
[1.328s] -- Up-to-date: /home/pizzu01/ros2_humble/install/tm_description/share/tm_description/cmake/tm_descriptionConfig-version.cmake
[1.328s] -- Up-to-date: /home/pizzu01/ros2_humble/install/tm_description/share/tm_description/package.xml
[1.404s] Invoked command in '/home/pizzu01/ros2_humble/build/tm_description' returned '0': CMAKE_PREFIX_PATH=${CMAKE_PREFIX_PATH}:/home/pizzu01/ros2_humble/install/ros_tcp_endpoint:/home/pizzu01/ros2_humble/install/my_ros2_package:/home/pizzu01/install/ros_tcp_endpoint:/home/pizzu01/install/my_ros2_package:/opt/ros/humble /usr/bin/cmake --install /home/pizzu01/ros2_humble/build/tm_description
