[0.256s] Invoking command in '/home/pizzu01/ros2_humble/build/gazebo_ros2_control_demos': CMAKE_PREFIX_PATH=/home/pizzu01/ros2_humble/install/gazebo_ros2_control:/home/pizzu01/ros2_humble/install/tm_moveit_config:/home/pizzu01/ros2_humble/install/moveit_config_tm5_900:/home/pizzu01/ros2_humble/install/tm_description:/home/pizzu01/ros2_humble/install/gazebo_ros2_control_demos:/home/pizzu01/ros2_humble/install/ros_tcp_endpoint:/home/pizzu01/ros2_humble/install/my_ros2_package:/home/pizzu01/install/ros_tcp_endpoint:/home/pizzu01/install/my_ros2_package:/opt/ros/humble /usr/bin/cmake --build /home/pizzu01/ros2_humble/build/gazebo_ros2_control_demos -- -j4 -l4
[0.423s] [ 14%] Built target example_position
[0.449s] [ 28%] Built target example_effort
[0.460s] [ 42%] Built target example_velocity
[0.491s] [ 57%] Built target example_gripper
[0.517s] [ 71%] Built target example_position_pid
[0.558s] [ 85%] Built target example_diff_drive
[0.563s] [100%] Built target example_tricycle_drive
[0.592s] Invoked command in '/home/pizzu01/ros2_humble/build/gazebo_ros2_control_demos' returned '0': CMAKE_PREFIX_PATH=/home/pizzu01/ros2_humble/install/gazebo_ros2_control:/home/pizzu01/ros2_humble/install/tm_moveit_config:/home/pizzu01/ros2_humble/install/moveit_config_tm5_900:/home/pizzu01/ros2_humble/install/tm_description:/home/pizzu01/ros2_humble/install/gazebo_ros2_control_demos:/home/pizzu01/ros2_humble/install/ros_tcp_endpoint:/home/pizzu01/ros2_humble/install/my_ros2_package:/home/pizzu01/install/ros_tcp_endpoint:/home/pizzu01/install/my_ros2_package:/opt/ros/humble /usr/bin/cmake --build /home/pizzu01/ros2_humble/build/gazebo_ros2_control_demos -- -j4 -l4
[0.593s] Invoking command in '/home/pizzu01/ros2_humble/build/gazebo_ros2_control_demos': CMAKE_PREFIX_PATH=/home/pizzu01/ros2_humble/install/gazebo_ros2_control:/home/pizzu01/ros2_humble/install/tm_moveit_config:/home/pizzu01/ros2_humble/install/moveit_config_tm5_900:/home/pizzu01/ros2_humble/install/tm_description:/home/pizzu01/ros2_humble/install/gazebo_ros2_control_demos:/home/pizzu01/ros2_humble/install/ros_tcp_endpoint:/home/pizzu01/ros2_humble/install/my_ros2_package:/home/pizzu01/install/ros_tcp_endpoint:/home/pizzu01/install/my_ros2_package:/opt/ros/humble /usr/bin/cmake --install /home/pizzu01/ros2_humble/build/gazebo_ros2_control_demos
[0.607s] -- Install configuration: ""
[0.607s] -- Up-to-date: /home/pizzu01/ros2_humble/install/gazebo_ros2_control_demos/share/gazebo_ros2_control_demos//launch
[0.607s] -- Up-to-date: /home/pizzu01/ros2_humble/install/gazebo_ros2_control_demos/share/gazebo_ros2_control_demos//launch/cart_example_effort.launch.py
[0.607s] -- Up-to-date: /home/pizzu01/ros2_humble/install/gazebo_ros2_control_demos/share/gazebo_ros2_control_demos//launch/cart_example_velocity.launch.py
[0.607s] -- Up-to-date: /home/pizzu01/ros2_humble/install/gazebo_ros2_control_demos/share/gazebo_ros2_control_demos//launch/vertical_cart_example_position_pid.launch.py
[0.608s] -- Up-to-date: /home/pizzu01/ros2_humble/install/gazebo_ros2_control_demos/share/gazebo_ros2_control_demos//launch/pendulum_example_effort.launch.py
[0.608s] -- Up-to-date: /home/pizzu01/ros2_humble/install/gazebo_ros2_control_demos/share/gazebo_ros2_control_demos//launch/diff_drive_pair_namespaced.launch.py
[0.608s] -- Up-to-date: /home/pizzu01/ros2_humble/install/gazebo_ros2_control_demos/share/gazebo_ros2_control_demos//launch/pendulum_example_position.launch.py
[0.608s] -- Up-to-date: /home/pizzu01/ros2_humble/install/gazebo_ros2_control_demos/share/gazebo_ros2_control_demos//launch/diff_drive_namespaced.launch.py
[0.608s] -- Up-to-date: /home/pizzu01/ros2_humble/install/gazebo_ros2_control_demos/share/gazebo_ros2_control_demos//launch/vertical_cart_example_velocity_pid.launch.py
[0.609s] -- Up-to-date: /home/pizzu01/ros2_humble/install/gazebo_ros2_control_demos/share/gazebo_ros2_control_demos//launch/vertical_cart_example_position_pids_in_yaml.launch.py
[0.609s] -- Up-to-date: /home/pizzu01/ros2_humble/install/gazebo_ros2_control_demos/share/gazebo_ros2_control_demos//launch/diff_drive.launch.py
[0.609s] -- Up-to-date: /home/pizzu01/ros2_humble/install/gazebo_ros2_control_demos/share/gazebo_ros2_control_demos//launch/tricycle_drive.launch.py
[0.609s] -- Up-to-date: /home/pizzu01/ros2_humble/install/gazebo_ros2_control_demos/share/gazebo_ros2_control_demos//launch/cart_example_position.launch.py
[0.609s] -- Up-to-date: /home/pizzu01/ros2_humble/install/gazebo_ros2_control_demos/share/gazebo_ros2_control_demos//launch/gripper_mimic_joint_example.launch.py
[0.610s] -- Up-to-date: /home/pizzu01/ros2_humble/install/gazebo_ros2_control_demos/share/gazebo_ros2_control_demos//config
[0.610s] -- Up-to-date: /home/pizzu01/ros2_humble/install/gazebo_ros2_control_demos/share/gazebo_ros2_control_demos//config/gripper_controller.yaml
[0.610s] -- Up-to-date: /home/pizzu01/ros2_humble/install/gazebo_ros2_control_demos/share/gazebo_ros2_control_demos//config/diff_drive_controller_namespaced.yaml
[0.610s] -- Up-to-date: /home/pizzu01/ros2_humble/install/gazebo_ros2_control_demos/share/gazebo_ros2_control_demos//config/cart_controller.yaml
[0.610s] -- Up-to-date: /home/pizzu01/ros2_humble/install/gazebo_ros2_control_demos/share/gazebo_ros2_control_demos//config/cart_controller_velocity.yaml
[0.611s] -- Up-to-date: /home/pizzu01/ros2_humble/install/gazebo_ros2_control_demos/share/gazebo_ros2_control_demos//config/diff_drive_controller.yaml
[0.611s] -- Up-to-date: /home/pizzu01/ros2_humble/install/gazebo_ros2_control_demos/share/gazebo_ros2_control_demos//config/cart_controller_effort.yaml
[0.612s] -- Up-to-date: /home/pizzu01/ros2_humble/install/gazebo_ros2_control_demos/share/gazebo_ros2_control_demos//config/cart_controller_position_with_pids.yaml
[0.613s] -- Up-to-date: /home/pizzu01/ros2_humble/install/gazebo_ros2_control_demos/share/gazebo_ros2_control_demos//config/tricycle_drive_controller.yaml
[0.613s] -- Up-to-date: /home/pizzu01/ros2_humble/install/gazebo_ros2_control_demos/share/gazebo_ros2_control_demos//config/cart_controller_position.yaml
[0.614s] -- Up-to-date: /home/pizzu01/ros2_humble/install/gazebo_ros2_control_demos/share/gazebo_ros2_control_demos//config/config.rviz
[0.614s] -- Up-to-date: /home/pizzu01/ros2_humble/install/gazebo_ros2_control_demos/share/gazebo_ros2_control_demos//urdf
[0.616s] -- Up-to-date: /home/pizzu01/ros2_humble/install/gazebo_ros2_control_demos/share/gazebo_ros2_control_demos//urdf/test_tricycle_drive.xacro.urdf
[0.617s] -- Up-to-date: /home/pizzu01/ros2_humble/install/gazebo_ros2_control_demos/share/gazebo_ros2_control_demos//urdf/test_pendulum_position.xacro.urdf
[0.617s] -- Up-to-date: /home/pizzu01/ros2_humble/install/gazebo_ros2_control_demos/share/gazebo_ros2_control_demos//urdf/test_pendulum_effort.xacro.urdf
[0.617s] -- Up-to-date: /home/pizzu01/ros2_humble/install/gazebo_ros2_control_demos/share/gazebo_ros2_control_demos//urdf/test_cart_effort.xacro.urdf
[0.617s] -- Up-to-date: /home/pizzu01/ros2_humble/install/gazebo_ros2_control_demos/share/gazebo_ros2_control_demos//urdf/test_diff_drive_namespaced.xacro.urdf
[0.617s] -- Up-to-date: /home/pizzu01/ros2_humble/install/gazebo_ros2_control_demos/share/gazebo_ros2_control_demos//urdf/test_vertical_cart_position_pids_in_yaml.xacro.urdf
[0.617s] -- Up-to-date: /home/pizzu01/ros2_humble/install/gazebo_ros2_control_demos/share/gazebo_ros2_control_demos//urdf/test_cart_velocity.xacro.urdf
[0.618s] -- Up-to-date: /home/pizzu01/ros2_humble/install/gazebo_ros2_control_demos/share/gazebo_ros2_control_demos//urdf/test_gripper_mimic_joint.xacro.urdf
[0.618s] -- Up-to-date: /home/pizzu01/ros2_humble/install/gazebo_ros2_control_demos/share/gazebo_ros2_control_demos//urdf/test_diff_drive.xacro.urdf
[0.618s] -- Up-to-date: /home/pizzu01/ros2_humble/install/gazebo_ros2_control_demos/share/gazebo_ros2_control_demos//urdf/test_vertical_cart_velocity_pid.xacro.urdf
[0.618s] -- Up-to-date: /home/pizzu01/ros2_humble/install/gazebo_ros2_control_demos/share/gazebo_ros2_control_demos//urdf/test_vertical_cart_position_pid.xacro.urdf
[0.618s] -- Up-to-date: /home/pizzu01/ros2_humble/install/gazebo_ros2_control_demos/share/gazebo_ros2_control_demos//urdf/test_cart_position.xacro.urdf
[0.618s] -- Up-to-date: /home/pizzu01/ros2_humble/install/gazebo_ros2_control_demos/lib/gazebo_ros2_control_demos/example_position
[0.619s] -- Up-to-date: /home/pizzu01/ros2_humble/install/gazebo_ros2_control_demos/lib/gazebo_ros2_control_demos/example_position_pid
[0.619s] -- Up-to-date: /home/pizzu01/ros2_humble/install/gazebo_ros2_control_demos/lib/gazebo_ros2_control_demos/example_velocity
[0.619s] -- Up-to-date: /home/pizzu01/ros2_humble/install/gazebo_ros2_control_demos/lib/gazebo_ros2_control_demos/example_effort
[0.619s] -- Up-to-date: /home/pizzu01/ros2_humble/install/gazebo_ros2_control_demos/lib/gazebo_ros2_control_demos/example_diff_drive
[0.619s] -- Up-to-date: /home/pizzu01/ros2_humble/install/gazebo_ros2_control_demos/lib/gazebo_ros2_control_demos/example_tricycle_drive
[0.619s] -- Up-to-date: /home/pizzu01/ros2_humble/install/gazebo_ros2_control_demos/lib/gazebo_ros2_control_demos/example_gripper
[0.619s] -- Up-to-date: /home/pizzu01/ros2_humble/install/gazebo_ros2_control_demos/share/ament_index/resource_index/package_run_dependencies/gazebo_ros2_control_demos
[0.620s] -- Up-to-date: /home/pizzu01/ros2_humble/install/gazebo_ros2_control_demos/share/ament_index/resource_index/parent_prefix_path/gazebo_ros2_control_demos
[0.620s] -- Up-to-date: /home/pizzu01/ros2_humble/install/gazebo_ros2_control_demos/share/gazebo_ros2_control_demos/environment/ament_prefix_path.sh
[0.620s] -- Up-to-date: /home/pizzu01/ros2_humble/install/gazebo_ros2_control_demos/share/gazebo_ros2_control_demos/environment/ament_prefix_path.dsv
[0.620s] -- Up-to-date: /home/pizzu01/ros2_humble/install/gazebo_ros2_control_demos/share/gazebo_ros2_control_demos/environment/path.sh
[0.620s] -- Up-to-date: /home/pizzu01/ros2_humble/install/gazebo_ros2_control_demos/share/gazebo_ros2_control_demos/environment/path.dsv
[0.620s] -- Up-to-date: /home/pizzu01/ros2_humble/install/gazebo_ros2_control_demos/share/gazebo_ros2_control_demos/local_setup.bash
[0.626s] -- Up-to-date: /home/pizzu01/ros2_humble/install/gazebo_ros2_control_demos/share/gazebo_ros2_control_demos/local_setup.sh
[0.626s] -- Up-to-date: /home/pizzu01/ros2_humble/install/gazebo_ros2_control_demos/share/gazebo_ros2_control_demos/local_setup.zsh
[0.626s] -- Up-to-date: /home/pizzu01/ros2_humble/install/gazebo_ros2_control_demos/share/gazebo_ros2_control_demos/local_setup.dsv
[0.626s] -- Installing: /home/pizzu01/ros2_humble/install/gazebo_ros2_control_demos/share/gazebo_ros2_control_demos/package.dsv
[0.627s] -- Up-to-date: /home/pizzu01/ros2_humble/install/gazebo_ros2_control_demos/share/ament_index/resource_index/packages/gazebo_ros2_control_demos
[0.627s] -- Up-to-date: /home/pizzu01/ros2_humble/install/gazebo_ros2_control_demos/share/gazebo_ros2_control_demos/cmake/gazebo_ros2_control_demosConfig.cmake
[0.627s] -- Up-to-date: /home/pizzu01/ros2_humble/install/gazebo_ros2_control_demos/share/gazebo_ros2_control_demos/cmake/gazebo_ros2_control_demosConfig-version.cmake
[0.627s] -- Up-to-date: /home/pizzu01/ros2_humble/install/gazebo_ros2_control_demos/share/gazebo_ros2_control_demos/package.xml
[0.628s] Invoked command in '/home/pizzu01/ros2_humble/build/gazebo_ros2_control_demos' returned '0': CMAKE_PREFIX_PATH=/home/pizzu01/ros2_humble/install/gazebo_ros2_control:/home/pizzu01/ros2_humble/install/tm_moveit_config:/home/pizzu01/ros2_humble/install/moveit_config_tm5_900:/home/pizzu01/ros2_humble/install/tm_description:/home/pizzu01/ros2_humble/install/gazebo_ros2_control_demos:/home/pizzu01/ros2_humble/install/ros_tcp_endpoint:/home/pizzu01/ros2_humble/install/my_ros2_package:/home/pizzu01/install/ros_tcp_endpoint:/home/pizzu01/install/my_ros2_package:/opt/ros/humble /usr/bin/cmake --install /home/pizzu01/ros2_humble/build/gazebo_ros2_control_demos
