[0.067s] Invoking command in '/home/pizzu01/ros2_humble/build/tm_description': CMAKE_PREFIX_PATH=${CMAKE_PREFIX_PATH}:/home/pizzu01/ros2_humble/install/ros_tcp_endpoint:/home/pizzu01/ros2_humble/install/my_ros2_package:/home/pizzu01/install/ros_tcp_endpoint:/home/pizzu01/install/my_ros2_package:/opt/ros/humble /usr/bin/cmake --build /home/pizzu01/ros2_humble/build/tm_description -- -j4 -l4
[0.808s] Invoked command in '/home/pizzu01/ros2_humble/build/tm_description' returned '0': CMAKE_PREFIX_PATH=${CMAKE_PREFIX_PATH}:/home/pizzu01/ros2_humble/install/ros_tcp_endpoint:/home/pizzu01/ros2_humble/install/my_ros2_package:/home/pizzu01/install/ros_tcp_endpoint:/home/pizzu01/install/my_ros2_package:/opt/ros/humble /usr/bin/cmake --build /home/pizzu01/ros2_humble/build/tm_description -- -j4 -l4
[0.823s] Invoking command in '/home/pizzu01/ros2_humble/build/tm_description': CMAKE_PREFIX_PATH=${CMAKE_PREFIX_PATH}:/home/pizzu01/ros2_humble/install/ros_tcp_endpoint:/home/pizzu01/ros2_humble/install/my_ros2_package:/home/pizzu01/install/ros_tcp_endpoint:/home/pizzu01/install/my_ros2_package:/opt/ros/humble /usr/bin/cmake --install /home/pizzu01/ros2_humble/build/tm_description
[0.834s] -- Install configuration: ""
[0.835s] -- Up-to-date: /home/pizzu01/ros2_humble/install/tm_description/share/tm_description/urdf
[0.839s] -- Up-to-date: /home/pizzu01/ros2_humble/install/tm_description/share/tm_description/urdf/common.gazebo.xacro
[0.839s] -- Up-to-date: /home/pizzu01/ros2_humble/install/tm_description/share/tm_description/urdf/tm700.urdf.xacro
[0.839s] -- Up-to-date: /home/pizzu01/ros2_humble/install/tm_description/share/tm_description/urdf/tm700_robot_joint_limited_eih.urdf.xacro
[0.840s] -- Up-to-date: /home/pizzu01/ros2_humble/install/tm_description/share/tm_description/urdf/tm900_robot_moveit.urdf
[0.840s] -- Up-to-date: /home/pizzu01/ros2_humble/install/tm_description/share/tm_description/urdf/tm900_robot.urdf.xacro:Zone.Identifier
[0.840s] -- Up-to-date: /home/pizzu01/ros2_humble/install/tm_description/share/tm_description/urdf/tm900_robot_joint_limited.urdf.xacro
[0.840s] -- Up-to-date: /home/pizzu01/ros2_humble/install/tm_description/share/tm_description/urdf/tm900.eih.xacro:Zone.Identifier
[0.840s] -- Up-to-date: /home/pizzu01/ros2_humble/install/tm_description/share/tm_description/urdf/tm900_robot_eih.urdf.xacro:Zone.Identifier
[0.840s] -- Up-to-date: /home/pizzu01/ros2_humble/install/tm_description/share/tm_description/urdf/tm700.eih.xacro
[0.840s] -- Up-to-date: /home/pizzu01/ros2_humble/install/tm_description/share/tm_description/urdf/common.gazebo.xacro:Zone.Identifier
[0.840s] -- Up-to-date: /home/pizzu01/ros2_humble/install/tm_description/share/tm_description/urdf/tm900_robot_eih.urdf.xacro
[0.841s] -- Up-to-date: /home/pizzu01/ros2_humble/install/tm_description/share/tm_description/urdf/tm900.eih.xacro
[0.849s] -- Up-to-date: /home/pizzu01/ros2_humble/install/tm_description/share/tm_description/urdf/tm700_robot.urdf.xacro
[0.849s] -- Up-to-date: /home/pizzu01/ros2_humble/install/tm_description/share/tm_description/urdf/tm900_robot_prova2.urdf
[0.849s] -- Up-to-date: /home/pizzu01/ros2_humble/install/tm_description/share/tm_description/urdf/tm700_robot_eih.urdf.xacro
[0.850s] -- Up-to-date: /home/pizzu01/ros2_humble/install/tm_description/share/tm_description/urdf/tm700_robot.urdf.xacro:Zone.Identifier
[0.850s] -- Up-to-date: /home/pizzu01/ros2_humble/install/tm_description/share/tm_description/urdf/tm900.urdf.xacro:Zone.Identifier
[0.852s] -- Up-to-date: /home/pizzu01/ros2_humble/install/tm_description/share/tm_description/urdf/tm900_robot_joint_limited_eih.urdf.xacro:Zone.Identifier
[0.852s] -- Up-to-date: /home/pizzu01/ros2_humble/install/tm_description/share/tm_description/urdf/tm.gazebo.xacro
[0.852s] -- Up-to-date: /home/pizzu01/ros2_humble/install/tm_description/share/tm_description/urdf/tm700.eih.xacro:Zone.Identifier
[0.852s] -- Up-to-date: /home/pizzu01/ros2_humble/install/tm_description/share/tm_description/urdf/tm700_simple.urdf:Zone.Identifier
[0.852s] -- Up-to-date: /home/pizzu01/ros2_humble/install/tm_description/share/tm_description/urdf/tm.transmission.xacro
[0.853s] -- Up-to-date: /home/pizzu01/ros2_humble/install/tm_description/share/tm_description/urdf/tm700_robot_joint_limited.urdf.xacro
[0.853s] -- Up-to-date: /home/pizzu01/ros2_humble/install/tm_description/share/tm_description/urdf/tm700.urdf.xacro:Zone.Identifier
[0.853s] -- Up-to-date: /home/pizzu01/ros2_humble/install/tm_description/share/tm_description/urdf/tm.gazebo.xacro:Zone.Identifier
[0.854s] -- Up-to-date: /home/pizzu01/ros2_humble/install/tm_description/share/tm_description/urdf/tm700simple.urdf
[0.854s] -- Up-to-date: /home/pizzu01/ros2_humble/install/tm_description/share/tm_description/urdf/tm900_robot_joint_limited.urdf.xacro:Zone.Identifier
[0.854s] -- Up-to-date: /home/pizzu01/ros2_humble/install/tm_description/share/tm_description/urdf/tm.transmission.xacro:Zone.Identifier
[0.855s] -- Up-to-date: /home/pizzu01/ros2_humble/install/tm_description/share/tm_description/urdf/tm900_robot_prova2.urdf:Zone.Identifier
[0.855s] -- Up-to-date: /home/pizzu01/ros2_humble/install/tm_description/share/tm_description/urdf/tm900.urdf.xacro
[0.855s] -- Up-to-date: /home/pizzu01/ros2_humble/install/tm_description/share/tm_description/urdf/tm700_robot_joint_limited_eih.urdf.xacro:Zone.Identifier
[0.855s] -- Up-to-date: /home/pizzu01/ros2_humble/install/tm_description/share/tm_description/urdf/tm900_robot.urdf.xacro
[0.856s] -- Up-to-date: /home/pizzu01/ros2_humble/install/tm_description/share/tm_description/urdf/tm700simple.urdf:Zone.Identifier
[0.856s] -- Up-to-date: /home/pizzu01/ros2_humble/install/tm_description/share/tm_description/urdf/tm900_robot.urdf
[0.856s] -- Up-to-date: /home/pizzu01/ros2_humble/install/tm_description/share/tm_description/urdf/tm700_simple.urdf
[0.856s] -- Up-to-date: /home/pizzu01/ros2_humble/install/tm_description/share/tm_description/urdf/tm900_robot.urdf:Zone.Identifier
[0.857s] -- Up-to-date: /home/pizzu01/ros2_humble/install/tm_description/share/tm_description/urdf/tm700_robot_joint_limited.urdf.xacro:Zone.Identifier
[0.857s] -- Up-to-date: /home/pizzu01/ros2_humble/install/tm_description/share/tm_description/urdf/tm700_robot_eih.urdf.xacro:Zone.Identifier
[0.857s] -- Up-to-date: /home/pizzu01/ros2_humble/install/tm_description/share/tm_description/urdf/tm900_robot_joint_limited_eih.urdf.xacro
[0.857s] -- Up-to-date: /home/pizzu01/ros2_humble/install/tm_description/share/tm_description/meshes
[0.858s] -- Up-to-date: /home/pizzu01/ros2_humble/install/tm_description/share/tm_description/meshes/tm700
[0.858s] -- Up-to-date: /home/pizzu01/ros2_humble/install/tm_description/share/tm_description/meshes/tm700/visual
[0.858s] -- Up-to-date: /home/pizzu01/ros2_humble/install/tm_description/share/tm_description/meshes/tm700/visual/Wrist2.dae
[0.859s] -- Up-to-date: /home/pizzu01/ros2_humble/install/tm_description/share/tm_description/meshes/tm700/visual/Wrist1.STL
[0.859s] -- Up-to-date: /home/pizzu01/ros2_humble/install/tm_description/share/tm_description/meshes/tm700/visual/Shoulder1.STL
[0.859s] -- Up-to-date: /home/pizzu01/ros2_humble/install/tm_description/share/tm_description/meshes/tm700/visual/Arm2.dae:Zone.Identifier
[0.859s] -- Up-to-date: /home/pizzu01/ros2_humble/install/tm_description/share/tm_description/meshes/tm700/visual/Arm2.STL:Zone.Identifier
[0.860s] -- Up-to-date: /home/pizzu01/ros2_humble/install/tm_description/share/tm_description/meshes/tm700/visual/Wrist3.STL
[0.860s] -- Up-to-date: /home/pizzu01/ros2_humble/install/tm_description/share/tm_description/meshes/tm700/visual/Arm2.STL
[0.860s] -- Up-to-date: /home/pizzu01/ros2_humble/install/tm_description/share/tm_description/meshes/tm700/visual/Wrist1.dae:Zone.Identifier
[0.860s] -- Up-to-date: /home/pizzu01/ros2_humble/install/tm_description/share/tm_description/meshes/tm700/visual/Base.STL:Zone.Identifier
[0.860s] -- Up-to-date: /home/pizzu01/ros2_humble/install/tm_description/share/tm_description/meshes/tm700/visual/Shoulder1.dae
[0.861s] -- Up-to-date: /home/pizzu01/ros2_humble/install/tm_description/share/tm_description/meshes/tm700/visual/Arm1.dae:Zone.Identifier
[0.861s] -- Up-to-date: /home/pizzu01/ros2_humble/install/tm_description/share/tm_description/meshes/tm700/visual/Arm2.dae
[0.861s] -- Up-to-date: /home/pizzu01/ros2_humble/install/tm_description/share/tm_description/meshes/tm700/visual/Wrist3.dae:Zone.Identifier
[0.861s] -- Up-to-date: /home/pizzu01/ros2_humble/install/tm_description/share/tm_description/meshes/tm700/visual/Wrist3_.dae:Zone.Identifier
[0.861s] -- Up-to-date: /home/pizzu01/ros2_humble/install/tm_description/share/tm_description/meshes/tm700/visual/Base.dae
[0.861s] -- Up-to-date: /home/pizzu01/ros2_humble/install/tm_description/share/tm_description/meshes/tm700/visual/Wrist2.STL
[0.862s] -- Up-to-date: /home/pizzu01/ros2_humble/install/tm_description/share/tm_description/meshes/tm700/visual/Arm1.STL:Zone.Identifier
[0.862s] -- Up-to-date: /home/pizzu01/ros2_humble/install/tm_description/share/tm_description/meshes/tm700/visual/Wrist3_.dae
[0.862s] -- Up-to-date: /home/pizzu01/ros2_humble/install/tm_description/share/tm_description/meshes/tm700/visual/Base.dae:Zone.Identifier
[0.862s] -- Up-to-date: /home/pizzu01/ros2_humble/install/tm_description/share/tm_description/meshes/tm700/visual/Wrist3.dae
[0.863s] -- Up-to-date: /home/pizzu01/ros2_humble/install/tm_description/share/tm_description/meshes/tm700/visual/Wrist2.STL:Zone.Identifier
[0.863s] -- Up-to-date: /home/pizzu01/ros2_humble/install/tm_description/share/tm_description/meshes/tm700/visual/Arm1.dae
[0.863s] -- Up-to-date: /home/pizzu01/ros2_humble/install/tm_description/share/tm_description/meshes/tm700/visual/Wrist1.dae
[0.863s] -- Up-to-date: /home/pizzu01/ros2_humble/install/tm_description/share/tm_description/meshes/tm700/visual/Shoulder1.dae:Zone.Identifier
[0.863s] -- Up-to-date: /home/pizzu01/ros2_humble/install/tm_description/share/tm_description/meshes/tm700/visual/Wrist1.STL:Zone.Identifier
[0.863s] -- Up-to-date: /home/pizzu01/ros2_humble/install/tm_description/share/tm_description/meshes/tm700/visual/Shoulder1.STL:Zone.Identifier
[0.864s] -- Up-to-date: /home/pizzu01/ros2_humble/install/tm_description/share/tm_description/meshes/tm700/visual/Base.STL
[0.864s] -- Up-to-date: /home/pizzu01/ros2_humble/install/tm_description/share/tm_description/meshes/tm700/visual/Wrist2.dae:Zone.Identifier
[0.864s] -- Up-to-date: /home/pizzu01/ros2_humble/install/tm_description/share/tm_description/meshes/tm700/visual/Wrist3.STL:Zone.Identifier
[0.865s] -- Up-to-date: /home/pizzu01/ros2_humble/install/tm_description/share/tm_description/meshes/tm700/visual/Arm1.STL
[0.865s] -- Up-to-date: /home/pizzu01/ros2_humble/install/tm_description/share/tm_description/meshes/tm700/collision
[0.865s] -- Up-to-date: /home/pizzu01/ros2_humble/install/tm_description/share/tm_description/meshes/tm700/collision/wrist_2.STL
[0.866s] -- Up-to-date: /home/pizzu01/ros2_humble/install/tm_description/share/tm_description/meshes/tm700/collision/base.STL
[0.866s] -- Up-to-date: /home/pizzu01/ros2_humble/install/tm_description/share/tm_description/meshes/tm700/collision/arm_1.STL
[0.866s] -- Up-to-date: /home/pizzu01/ros2_humble/install/tm_description/share/tm_description/meshes/tm700/collision/wrist_2.STL:Zone.Identifier
[0.866s] -- Up-to-date: /home/pizzu01/ros2_humble/install/tm_description/share/tm_description/meshes/tm700/collision/wrist_3.STL:Zone.Identifier
[0.867s] -- Up-to-date: /home/pizzu01/ros2_humble/install/tm_description/share/tm_description/meshes/tm700/collision/base.STL:Zone.Identifier
[0.867s] -- Up-to-date: /home/pizzu01/ros2_humble/install/tm_description/share/tm_description/meshes/tm700/collision/wrist_1.STL:Zone.Identifier
[0.867s] -- Up-to-date: /home/pizzu01/ros2_humble/install/tm_description/share/tm_description/meshes/tm700/collision/arm_2.STL:Zone.Identifier
[0.867s] -- Up-to-date: /home/pizzu01/ros2_humble/install/tm_description/share/tm_description/meshes/tm700/collision/shoulder_1.STL:Zone.Identifier
[0.868s] -- Up-to-date: /home/pizzu01/ros2_humble/install/tm_description/share/tm_description/meshes/tm700/collision/shoulder_1.STL
[0.868s] -- Up-to-date: /home/pizzu01/ros2_humble/install/tm_description/share/tm_description/meshes/tm700/collision/arm_2.STL
[0.870s] -- Up-to-date: /home/pizzu01/ros2_humble/install/tm_description/share/tm_description/meshes/tm700/collision/wrist_3_1.STL
[0.870s] -- Up-to-date: /home/pizzu01/ros2_humble/install/tm_description/share/tm_description/meshes/tm700/collision/wrist_3_2.STL:Zone.Identifier
[0.870s] -- Up-to-date: /home/pizzu01/ros2_humble/install/tm_description/share/tm_description/meshes/tm700/collision/wrist_3_2.STL
[0.871s] -- Up-to-date: /home/pizzu01/ros2_humble/install/tm_description/share/tm_description/meshes/tm700/collision/wrist_3_1.STL:Zone.Identifier
[0.871s] -- Up-to-date: /home/pizzu01/ros2_humble/install/tm_description/share/tm_description/meshes/tm700/collision/arm_1.STL:Zone.Identifier
[0.871s] -- Up-to-date: /home/pizzu01/ros2_humble/install/tm_description/share/tm_description/meshes/tm700/collision/wrist_3.STL
[0.871s] -- Up-to-date: /home/pizzu01/ros2_humble/install/tm_description/share/tm_description/meshes/tm700/collision/wrist_1.STL
[0.871s] -- Up-to-date: /home/pizzu01/ros2_humble/install/tm_description/share/tm_description/meshes/tm900
[0.871s] -- Up-to-date: /home/pizzu01/ros2_humble/install/tm_description/share/tm_description/meshes/tm900/visual
[0.871s] -- Up-to-date: /home/pizzu01/ros2_humble/install/tm_description/share/tm_description/meshes/tm900/visual/Wrist2.dae
[0.871s] -- Up-to-date: /home/pizzu01/ros2_humble/install/tm_description/share/tm_description/meshes/tm900/visual/Wrist1.STL
[0.871s] -- Up-to-date: /home/pizzu01/ros2_humble/install/tm_description/share/tm_description/meshes/tm900/visual/Shoulder1.STL
[0.872s] -- Up-to-date: /home/pizzu01/ros2_humble/install/tm_description/share/tm_description/meshes/tm900/visual/Arm2.dae:Zone.Identifier
[0.872s] -- Up-to-date: /home/pizzu01/ros2_humble/install/tm_description/share/tm_description/meshes/tm900/visual/Arm2.STL:Zone.Identifier
[0.872s] -- Up-to-date: /home/pizzu01/ros2_humble/install/tm_description/share/tm_description/meshes/tm900/visual/Wrist3.STL
[0.872s] -- Up-to-date: /home/pizzu01/ros2_humble/install/tm_description/share/tm_description/meshes/tm900/visual/Arm2.STL
[0.872s] -- Up-to-date: /home/pizzu01/ros2_humble/install/tm_description/share/tm_description/meshes/tm900/visual/Wrist1.dae:Zone.Identifier
[0.872s] -- Up-to-date: /home/pizzu01/ros2_humble/install/tm_description/share/tm_description/meshes/tm900/visual/Base.STL:Zone.Identifier
[0.872s] -- Up-to-date: /home/pizzu01/ros2_humble/install/tm_description/share/tm_description/meshes/tm900/visual/Shoulder1.dae
[0.872s] -- Up-to-date: /home/pizzu01/ros2_humble/install/tm_description/share/tm_description/meshes/tm900/visual/Arm1.dae:Zone.Identifier
[0.872s] -- Up-to-date: /home/pizzu01/ros2_humble/install/tm_description/share/tm_description/meshes/tm900/visual/Arm2.dae
[0.872s] -- Up-to-date: /home/pizzu01/ros2_humble/install/tm_description/share/tm_description/meshes/tm900/visual/Wrist3.dae:Zone.Identifier
[0.873s] -- Up-to-date: /home/pizzu01/ros2_humble/install/tm_description/share/tm_description/meshes/tm900/visual/Base.dae
[0.874s] -- Up-to-date: /home/pizzu01/ros2_humble/install/tm_description/share/tm_description/meshes/tm900/visual/Wrist2.STL
[0.874s] -- Up-to-date: /home/pizzu01/ros2_humble/install/tm_description/share/tm_description/meshes/tm900/visual/Arm1.STL:Zone.Identifier
[0.874s] -- Up-to-date: /home/pizzu01/ros2_humble/install/tm_description/share/tm_description/meshes/tm900/visual/Base.dae:Zone.Identifier
[0.874s] -- Up-to-date: /home/pizzu01/ros2_humble/install/tm_description/share/tm_description/meshes/tm900/visual/Wrist3.dae
[0.874s] -- Up-to-date: /home/pizzu01/ros2_humble/install/tm_description/share/tm_description/meshes/tm900/visual/Wrist2.STL:Zone.Identifier
[0.874s] -- Up-to-date: /home/pizzu01/ros2_humble/install/tm_description/share/tm_description/meshes/tm900/visual/Arm1.dae
[0.874s] -- Up-to-date: /home/pizzu01/ros2_humble/install/tm_description/share/tm_description/meshes/tm900/visual/Wrist1.dae
[0.874s] -- Up-to-date: /home/pizzu01/ros2_humble/install/tm_description/share/tm_description/meshes/tm900/visual/Shoulder1.dae:Zone.Identifier
[0.874s] -- Up-to-date: /home/pizzu01/ros2_humble/install/tm_description/share/tm_description/meshes/tm900/visual/Wrist1.STL:Zone.Identifier
[0.874s] -- Up-to-date: /home/pizzu01/ros2_humble/install/tm_description/share/tm_description/meshes/tm900/visual/Shoulder1.STL:Zone.Identifier
[0.874s] -- Up-to-date: /home/pizzu01/ros2_humble/install/tm_description/share/tm_description/meshes/tm900/visual/Base.STL
[0.874s] -- Up-to-date: /home/pizzu01/ros2_humble/install/tm_description/share/tm_description/meshes/tm900/visual/Wrist2.dae:Zone.Identifier
[0.874s] -- Up-to-date: /home/pizzu01/ros2_humble/install/tm_description/share/tm_description/meshes/tm900/visual/Wrist3.STL:Zone.Identifier
[0.874s] -- Up-to-date: /home/pizzu01/ros2_humble/install/tm_description/share/tm_description/meshes/tm900/visual/Arm1.STL
[0.875s] -- Up-to-date: /home/pizzu01/ros2_humble/install/tm_description/share/tm_description/meshes/tm900/model.config:Zone.Identifier
[0.875s] -- Up-to-date: /home/pizzu01/ros2_humble/install/tm_description/share/tm_description/meshes/tm900/collision
[0.875s] -- Up-to-date: /home/pizzu01/ros2_humble/install/tm_description/share/tm_description/meshes/tm900/collision/wrist_2.STL
[0.875s] -- Up-to-date: /home/pizzu01/ros2_humble/install/tm_description/share/tm_description/meshes/tm900/collision/base.STL
[0.875s] -- Up-to-date: /home/pizzu01/ros2_humble/install/tm_description/share/tm_description/meshes/tm900/collision/arm_1.STL
[0.875s] -- Up-to-date: /home/pizzu01/ros2_humble/install/tm_description/share/tm_description/meshes/tm900/collision/wrist_2.STL:Zone.Identifier
[0.875s] -- Up-to-date: /home/pizzu01/ros2_humble/install/tm_description/share/tm_description/meshes/tm900/collision/wrist_3.STL:Zone.Identifier
[0.875s] -- Up-to-date: /home/pizzu01/ros2_humble/install/tm_description/share/tm_description/meshes/tm900/collision/base.STL:Zone.Identifier
[0.875s] -- Up-to-date: /home/pizzu01/ros2_humble/install/tm_description/share/tm_description/meshes/tm900/collision/wrist_1.STL:Zone.Identifier
[0.875s] -- Up-to-date: /home/pizzu01/ros2_humble/install/tm_description/share/tm_description/meshes/tm900/collision/arm_2.STL:Zone.Identifier
[0.875s] -- Up-to-date: /home/pizzu01/ros2_humble/install/tm_description/share/tm_description/meshes/tm900/collision/shoulder_1.STL:Zone.Identifier
[0.875s] -- Up-to-date: /home/pizzu01/ros2_humble/install/tm_description/share/tm_description/meshes/tm900/collision/shoulder_1.STL
[0.876s] -- Up-to-date: /home/pizzu01/ros2_humble/install/tm_description/share/tm_description/meshes/tm900/collision/arm_2.STL
[0.876s] -- Up-to-date: /home/pizzu01/ros2_humble/install/tm_description/share/tm_description/meshes/tm900/collision/wrist_3_1.STL
[0.876s] -- Up-to-date: /home/pizzu01/ros2_humble/install/tm_description/share/tm_description/meshes/tm900/collision/wrist_3_2.STL:Zone.Identifier
[0.876s] -- Up-to-date: /home/pizzu01/ros2_humble/install/tm_description/share/tm_description/meshes/tm900/collision/wrist_3_2.STL
[0.876s] -- Up-to-date: /home/pizzu01/ros2_humble/install/tm_description/share/tm_description/meshes/tm900/collision/wrist_3_1.STL:Zone.Identifier
[0.876s] -- Up-to-date: /home/pizzu01/ros2_humble/install/tm_description/share/tm_description/meshes/tm900/collision/arm_1.STL:Zone.Identifier
[0.876s] -- Up-to-date: /home/pizzu01/ros2_humble/install/tm_description/share/tm_description/meshes/tm900/collision/wrist_3.STL
[0.876s] -- Up-to-date: /home/pizzu01/ros2_humble/install/tm_description/share/tm_description/meshes/tm900/collision/wrist_1.STL
[0.876s] -- Up-to-date: /home/pizzu01/ros2_humble/install/tm_description/share/tm_description/launch
[0.877s] -- Up-to-date: /home/pizzu01/ros2_humble/install/tm_description/share/tm_description/launch/tm900_upload.launch
[0.877s] -- Up-to-date: /home/pizzu01/ros2_humble/install/tm_description/share/tm_description/launch/test.launch
[0.877s] -- Up-to-date: /home/pizzu01/ros2_humble/install/tm_description/share/tm_description/launch/tm700_upload.launch
[0.877s] -- Up-to-date: /home/pizzu01/ros2_humble/install/tm_description/share/tm_description/launch/tm700_upload.launch:Zone.Identifier
[0.877s] -- Up-to-date: /home/pizzu01/ros2_humble/install/tm_description/share/tm_description/launch/test.launch:Zone.Identifier
[0.877s] -- Up-to-date: /home/pizzu01/ros2_humble/install/tm_description/share/tm_description/launch/tm900_upload.launch:Zone.Identifier
[0.877s] -- Up-to-date: /home/pizzu01/ros2_humble/install/tm_description/share/tm_description/config
[0.878s] -- Up-to-date: /home/pizzu01/ros2_humble/install/tm_description/share/tm_description/config/ros2_controllers.yaml
[0.878s] -- Up-to-date: /home/pizzu01/ros2_humble/install/tm_description/share/tm_description/config/ros2_controllers.yaml:Zone.Identifier
[0.878s] -- Up-to-date: /home/pizzu01/ros2_humble/install/tm_description/share/ament_index/resource_index/package_run_dependencies/tm_description
[0.878s] -- Up-to-date: /home/pizzu01/ros2_humble/install/tm_description/share/ament_index/resource_index/parent_prefix_path/tm_description
[0.878s] -- Up-to-date: /home/pizzu01/ros2_humble/install/tm_description/share/tm_description/environment/ament_prefix_path.sh
[0.878s] -- Up-to-date: /home/pizzu01/ros2_humble/install/tm_description/share/tm_description/environment/ament_prefix_path.dsv
[0.879s] -- Up-to-date: /home/pizzu01/ros2_humble/install/tm_description/share/tm_description/environment/path.sh
[0.879s] -- Up-to-date: /home/pizzu01/ros2_humble/install/tm_description/share/tm_description/environment/path.dsv
[0.879s] -- Up-to-date: /home/pizzu01/ros2_humble/install/tm_description/share/tm_description/local_setup.bash
[0.880s] -- Up-to-date: /home/pizzu01/ros2_humble/install/tm_description/share/tm_description/local_setup.sh
[0.880s] -- Up-to-date: /home/pizzu01/ros2_humble/install/tm_description/share/tm_description/local_setup.zsh
[0.880s] -- Up-to-date: /home/pizzu01/ros2_humble/install/tm_description/share/tm_description/local_setup.dsv
[0.881s] -- Installing: /home/pizzu01/ros2_humble/install/tm_description/share/tm_description/package.dsv
[0.883s] -- Up-to-date: /home/pizzu01/ros2_humble/install/tm_description/share/ament_index/resource_index/packages/tm_description
[0.883s] -- Up-to-date: /home/pizzu01/ros2_humble/install/tm_description/share/tm_description/cmake/tm_descriptionConfig.cmake
[0.883s] -- Up-to-date: /home/pizzu01/ros2_humble/install/tm_description/share/tm_description/cmake/tm_descriptionConfig-version.cmake
[0.883s] -- Up-to-date: /home/pizzu01/ros2_humble/install/tm_description/share/tm_description/package.xml
[0.946s] Invoked command in '/home/pizzu01/ros2_humble/build/tm_description' returned '0': CMAKE_PREFIX_PATH=${CMAKE_PREFIX_PATH}:/home/pizzu01/ros2_humble/install/ros_tcp_endpoint:/home/pizzu01/ros2_humble/install/my_ros2_package:/home/pizzu01/install/ros_tcp_endpoint:/home/pizzu01/install/my_ros2_package:/opt/ros/humble /usr/bin/cmake --install /home/pizzu01/ros2_humble/build/tm_description
