[0.551s] DEBUG:colcon:Command line arguments: ['/usr/bin/colcon', 'build']
[0.552s] DEBUG:colcon:Parsed command line arguments: Namespace(log_base=None, log_level=None, verb_name='build', build_base='build', install_base='install', merge_install=False, symlink_install=False, test_result_base=None, continue_on_error=False, executor='parallel', parallel_workers=4, event_handlers=None, ignore_user_meta=False, metas=['./colcon.meta'], base_paths=['.'], packages_ignore=None, packages_ignore_regex=None, paths=None, packages_up_to=None, packages_up_to_regex=None, packages_above=None, packages_above_and_dependencies=None, packages_above_depth=None, packages_select_by_dep=None, packages_skip_by_dep=None, packages_skip_up_to=None, packages_select_build_failed=False, packages_skip_build_finished=False, packages_select_test_failures=False, packages_skip_test_passed=False, packages_select=None, packages_skip=None, packages_select_regex=None, packages_skip_regex=None, packages_start=None, packages_end=None, allow_overriding=[], cmake_args=None, cmake_target=None, cmake_target_skip_unavailable=False, cmake_clean_cache=False, cmake_clean_first=False, cmake_force_configure=False, ament_cmake_args=None, catkin_cmake_args=None, catkin_skip_building_tests=False, verb_parser=<colcon_defaults.argument_parser.defaults.DefaultArgumentsDecorator object at 0x7f031e0d46a0>, verb_extension=<colcon_core.verb.build.BuildVerb object at 0x7f031e25da50>, main=<bound method BuildVerb.main of <colcon_core.verb.build.BuildVerb object at 0x7f031e25da50>>)
[0.930s] Level 1:colcon.colcon_core.package_discovery:discover_packages(colcon_meta) check parameters
[0.930s] Level 1:colcon.colcon_core.package_discovery:discover_packages(recursive) check parameters
[0.930s] Level 1:colcon.colcon_core.package_discovery:discover_packages(ignore) check parameters
[0.930s] Level 1:colcon.colcon_core.package_discovery:discover_packages(path) check parameters
[0.930s] Level 1:colcon.colcon_core.package_discovery:discover_packages(colcon_meta) discover
[0.930s] Level 1:colcon.colcon_core.package_discovery:discover_packages(recursive) discover
[0.930s] INFO:colcon.colcon_core.package_discovery:Crawling recursively for packages in '/home/pizzu01/ros2_humble'
[0.930s] Level 1:colcon.colcon_core.package_identification:_identify(.) by extensions ['ignore', 'ignore_ament_install']
[0.931s] Level 1:colcon.colcon_core.package_identification:_identify(.) by extension 'ignore'
[0.931s] Level 1:colcon.colcon_core.package_identification:_identify(.) by extension 'ignore_ament_install'
[0.931s] Level 1:colcon.colcon_core.package_identification:_identify(.) by extensions ['colcon_pkg']
[0.931s] Level 1:colcon.colcon_core.package_identification:_identify(.) by extension 'colcon_pkg'
[0.931s] Level 1:colcon.colcon_core.package_identification:_identify(.) by extensions ['colcon_meta']
[0.931s] Level 1:colcon.colcon_core.package_identification:_identify(.) by extension 'colcon_meta'
[0.931s] Level 1:colcon.colcon_core.package_identification:_identify(.) by extensions ['ros']
[0.931s] Level 1:colcon.colcon_core.package_identification:_identify(.) by extension 'ros'
[0.957s] Level 1:colcon.colcon_core.package_identification:_identify(.) by extensions ['cmake', 'python']
[0.957s] Level 1:colcon.colcon_core.package_identification:_identify(.) by extension 'cmake'
[0.957s] Level 1:colcon.colcon_core.package_identification:_identify(.) by extension 'python'
[0.957s] Level 1:colcon.colcon_core.package_identification:_identify(.) by extensions ['python_setup_py']
[0.957s] Level 1:colcon.colcon_core.package_identification:_identify(.) by extension 'python_setup_py'
[0.957s] Level 1:colcon.colcon_core.package_identification:_identify(build) by extensions ['ignore', 'ignore_ament_install']
[0.958s] Level 1:colcon.colcon_core.package_identification:_identify(build) by extension 'ignore'
[0.958s] Level 1:colcon.colcon_core.package_identification:_identify(build) ignored
[0.958s] Level 1:colcon.colcon_core.package_identification:_identify(install) by extensions ['ignore', 'ignore_ament_install']
[0.958s] Level 1:colcon.colcon_core.package_identification:_identify(install) by extension 'ignore'
[0.958s] Level 1:colcon.colcon_core.package_identification:_identify(install) ignored
[0.959s] Level 1:colcon.colcon_core.package_identification:_identify(log) by extensions ['ignore', 'ignore_ament_install']
[0.959s] Level 1:colcon.colcon_core.package_identification:_identify(log) by extension 'ignore'
[0.959s] Level 1:colcon.colcon_core.package_identification:_identify(log) ignored
[0.960s] Level 1:colcon.colcon_core.package_identification:_identify(src) by extensions ['ignore', 'ignore_ament_install']
[0.960s] Level 1:colcon.colcon_core.package_identification:_identify(src) by extension 'ignore'
[0.960s] Level 1:colcon.colcon_core.package_identification:_identify(src) by extension 'ignore_ament_install'
[0.960s] Level 1:colcon.colcon_core.package_identification:_identify(src) by extensions ['colcon_pkg']
[0.960s] Level 1:colcon.colcon_core.package_identification:_identify(src) by extension 'colcon_pkg'
[0.960s] Level 1:colcon.colcon_core.package_identification:_identify(src) by extensions ['colcon_meta']
[0.961s] Level 1:colcon.colcon_core.package_identification:_identify(src) by extension 'colcon_meta'
[0.961s] Level 1:colcon.colcon_core.package_identification:_identify(src) by extensions ['ros']
[0.961s] Level 1:colcon.colcon_core.package_identification:_identify(src) by extension 'ros'
[0.961s] Level 1:colcon.colcon_core.package_identification:_identify(src) by extensions ['cmake', 'python']
[0.961s] Level 1:colcon.colcon_core.package_identification:_identify(src) by extension 'cmake'
[0.961s] Level 1:colcon.colcon_core.package_identification:_identify(src) by extension 'python'
[0.961s] Level 1:colcon.colcon_core.package_identification:_identify(src) by extensions ['python_setup_py']
[0.961s] Level 1:colcon.colcon_core.package_identification:_identify(src) by extension 'python_setup_py'
[0.961s] Level 1:colcon.colcon_core.package_identification:_identify(src/ROS-TCP-Endpoint) by extensions ['ignore', 'ignore_ament_install']
[0.962s] Level 1:colcon.colcon_core.package_identification:_identify(src/ROS-TCP-Endpoint) by extension 'ignore'
[0.962s] Level 1:colcon.colcon_core.package_identification:_identify(src/ROS-TCP-Endpoint) by extension 'ignore_ament_install'
[0.962s] Level 1:colcon.colcon_core.package_identification:_identify(src/ROS-TCP-Endpoint) by extensions ['colcon_pkg']
[0.962s] Level 1:colcon.colcon_core.package_identification:_identify(src/ROS-TCP-Endpoint) by extension 'colcon_pkg'
[0.962s] Level 1:colcon.colcon_core.package_identification:_identify(src/ROS-TCP-Endpoint) by extensions ['colcon_meta']
[0.962s] Level 1:colcon.colcon_core.package_identification:_identify(src/ROS-TCP-Endpoint) by extension 'colcon_meta'
[0.962s] Level 1:colcon.colcon_core.package_identification:_identify(src/ROS-TCP-Endpoint) by extensions ['ros']
[0.962s] Level 1:colcon.colcon_core.package_identification:_identify(src/ROS-TCP-Endpoint) by extension 'ros'
[0.966s] DEBUG:colcon.colcon_core.package_identification:Package 'src/ROS-TCP-Endpoint' with type 'ros.ament_python' and name 'ros_tcp_endpoint'
[0.967s] Level 1:colcon.colcon_core.package_identification:_identify(src/hello_moveit) by extensions ['ignore', 'ignore_ament_install']
[0.967s] Level 1:colcon.colcon_core.package_identification:_identify(src/hello_moveit) by extension 'ignore'
[0.967s] Level 1:colcon.colcon_core.package_identification:_identify(src/hello_moveit) by extension 'ignore_ament_install'
[0.967s] Level 1:colcon.colcon_core.package_identification:_identify(src/hello_moveit) by extensions ['colcon_pkg']
[0.967s] Level 1:colcon.colcon_core.package_identification:_identify(src/hello_moveit) by extension 'colcon_pkg'
[0.967s] Level 1:colcon.colcon_core.package_identification:_identify(src/hello_moveit) by extensions ['colcon_meta']
[0.967s] Level 1:colcon.colcon_core.package_identification:_identify(src/hello_moveit) by extension 'colcon_meta'
[0.967s] Level 1:colcon.colcon_core.package_identification:_identify(src/hello_moveit) by extensions ['ros']
[0.967s] Level 1:colcon.colcon_core.package_identification:_identify(src/hello_moveit) by extension 'ros'
[0.969s] DEBUG:colcon.colcon_core.package_identification:Package 'src/hello_moveit' with type 'ros.ament_cmake' and name 'hello_moveit'
[0.969s] Level 1:colcon.colcon_core.package_identification:_identify(src/my_ros2_package) by extensions ['ignore', 'ignore_ament_install']
[0.969s] Level 1:colcon.colcon_core.package_identification:_identify(src/my_ros2_package) by extension 'ignore'
[0.969s] Level 1:colcon.colcon_core.package_identification:_identify(src/my_ros2_package) by extension 'ignore_ament_install'
[0.970s] Level 1:colcon.colcon_core.package_identification:_identify(src/my_ros2_package) by extensions ['colcon_pkg']
[0.970s] Level 1:colcon.colcon_core.package_identification:_identify(src/my_ros2_package) by extension 'colcon_pkg'
[0.970s] Level 1:colcon.colcon_core.package_identification:_identify(src/my_ros2_package) by extensions ['colcon_meta']
[0.970s] Level 1:colcon.colcon_core.package_identification:_identify(src/my_ros2_package) by extension 'colcon_meta'
[0.970s] Level 1:colcon.colcon_core.package_identification:_identify(src/my_ros2_package) by extensions ['ros']
[0.970s] Level 1:colcon.colcon_core.package_identification:_identify(src/my_ros2_package) by extension 'ros'
[0.971s] DEBUG:colcon.colcon_core.package_identification:Package 'src/my_ros2_package' with type 'ros.ament_python' and name 'my_ros2_package'
[0.972s] Level 1:colcon.colcon_core.package_identification:_identify(src/tm_description) by extensions ['ignore', 'ignore_ament_install']
[0.972s] Level 1:colcon.colcon_core.package_identification:_identify(src/tm_description) by extension 'ignore'
[0.972s] Level 1:colcon.colcon_core.package_identification:_identify(src/tm_description) by extension 'ignore_ament_install'
[0.972s] Level 1:colcon.colcon_core.package_identification:_identify(src/tm_description) by extensions ['colcon_pkg']
[0.972s] Level 1:colcon.colcon_core.package_identification:_identify(src/tm_description) by extension 'colcon_pkg'
[0.972s] Level 1:colcon.colcon_core.package_identification:_identify(src/tm_description) by extensions ['colcon_meta']
[0.972s] Level 1:colcon.colcon_core.package_identification:_identify(src/tm_description) by extension 'colcon_meta'
[0.972s] Level 1:colcon.colcon_core.package_identification:_identify(src/tm_description) by extensions ['ros']
[0.972s] Level 1:colcon.colcon_core.package_identification:_identify(src/tm_description) by extension 'ros'
[0.974s] DEBUG:colcon.colcon_core.package_identification:Package 'src/tm_description' with type 'ros.ament_cmake' and name 'tm_description'
[0.974s] Level 1:colcon.colcon_core.package_identification:_identify(src/tm_moveit_config) by extensions ['ignore', 'ignore_ament_install']
[0.974s] Level 1:colcon.colcon_core.package_identification:_identify(src/tm_moveit_config) by extension 'ignore'
[0.974s] Level 1:colcon.colcon_core.package_identification:_identify(src/tm_moveit_config) by extension 'ignore_ament_install'
[0.974s] Level 1:colcon.colcon_core.package_identification:_identify(src/tm_moveit_config) by extensions ['colcon_pkg']
[0.974s] Level 1:colcon.colcon_core.package_identification:_identify(src/tm_moveit_config) by extension 'colcon_pkg'
[0.974s] Level 1:colcon.colcon_core.package_identification:_identify(src/tm_moveit_config) by extensions ['colcon_meta']
[0.974s] Level 1:colcon.colcon_core.package_identification:_identify(src/tm_moveit_config) by extension 'colcon_meta'
[0.975s] Level 1:colcon.colcon_core.package_identification:_identify(src/tm_moveit_config) by extensions ['ros']
[0.975s] Level 1:colcon.colcon_core.package_identification:_identify(src/tm_moveit_config) by extension 'ros'
[0.977s] DEBUG:colcon.colcon_core.package_identification:Package 'src/tm_moveit_config' with type 'ros.ament_cmake' and name 'tm_moveit_config'
[0.977s] Level 1:colcon.colcon_core.package_discovery:discover_packages(recursive) using defaults
[0.978s] Level 1:colcon.colcon_core.package_discovery:discover_packages(ignore) discover
[0.980s] Level 1:colcon.colcon_core.package_discovery:discover_packages(ignore) using defaults
[0.981s] Level 1:colcon.colcon_core.package_discovery:discover_packages(path) discover
[0.982s] Level 1:colcon.colcon_core.package_discovery:discover_packages(path) using defaults
[1.027s] Level 1:colcon.colcon_core.package_discovery:discover_packages(prefix_path) check parameters
[1.027s] Level 1:colcon.colcon_core.package_discovery:discover_packages(prefix_path) discover
[1.048s] DEBUG:colcon.colcon_installed_package_information.package_discovery:Found 5 installed packages in /home/pizzu01/ros2_humble/install
[1.050s] DEBUG:colcon.colcon_installed_package_information.package_discovery:Found 2 installed packages in /home/pizzu01/install
[1.053s] DEBUG:colcon.colcon_installed_package_information.package_discovery:Found 353 installed packages in /opt/ros/humble
[1.060s] Level 1:colcon.colcon_core.package_discovery:discover_packages(prefix_path) using defaults
[1.170s] Level 5:colcon.colcon_core.verb:set package 'hello_moveit' build argument 'cmake_args' from command line to 'None'
[1.170s] Level 5:colcon.colcon_core.verb:set package 'hello_moveit' build argument 'cmake_target' from command line to 'None'
[1.170s] Level 5:colcon.colcon_core.verb:set package 'hello_moveit' build argument 'cmake_target_skip_unavailable' from command line to 'False'
[1.170s] Level 5:colcon.colcon_core.verb:set package 'hello_moveit' build argument 'cmake_clean_cache' from command line to 'False'
[1.171s] Level 5:colcon.colcon_core.verb:set package 'hello_moveit' build argument 'cmake_clean_first' from command line to 'False'
[1.171s] Level 5:colcon.colcon_core.verb:set package 'hello_moveit' build argument 'cmake_force_configure' from command line to 'False'
[1.171s] Level 5:colcon.colcon_core.verb:set package 'hello_moveit' build argument 'ament_cmake_args' from command line to 'None'
[1.171s] Level 5:colcon.colcon_core.verb:set package 'hello_moveit' build argument 'catkin_cmake_args' from command line to 'None'
[1.171s] Level 5:colcon.colcon_core.verb:set package 'hello_moveit' build argument 'catkin_skip_building_tests' from command line to 'False'
[1.171s] DEBUG:colcon.colcon_core.verb:Building package 'hello_moveit' with the following arguments: {'ament_cmake_args': None, 'build_base': '/home/pizzu01/ros2_humble/build/hello_moveit', 'catkin_cmake_args': None, 'catkin_skip_building_tests': False, 'cmake_args': None, 'cmake_clean_cache': False, 'cmake_clean_first': False, 'cmake_force_configure': False, 'cmake_target': None, 'cmake_target_skip_unavailable': False, 'install_base': '/home/pizzu01/ros2_humble/install/hello_moveit', 'merge_install': False, 'path': '/home/pizzu01/ros2_humble/src/hello_moveit', 'symlink_install': False, 'test_result_base': None}
[1.172s] Level 5:colcon.colcon_core.verb:set package 'my_ros2_package' build argument 'cmake_args' from command line to 'None'
[1.172s] Level 5:colcon.colcon_core.verb:set package 'my_ros2_package' build argument 'cmake_target' from command line to 'None'
[1.172s] Level 5:colcon.colcon_core.verb:set package 'my_ros2_package' build argument 'cmake_target_skip_unavailable' from command line to 'False'
[1.172s] Level 5:colcon.colcon_core.verb:set package 'my_ros2_package' build argument 'cmake_clean_cache' from command line to 'False'
[1.172s] Level 5:colcon.colcon_core.verb:set package 'my_ros2_package' build argument 'cmake_clean_first' from command line to 'False'
[1.172s] Level 5:colcon.colcon_core.verb:set package 'my_ros2_package' build argument 'cmake_force_configure' from command line to 'False'
[1.172s] Level 5:colcon.colcon_core.verb:set package 'my_ros2_package' build argument 'ament_cmake_args' from command line to 'None'
[1.172s] Level 5:colcon.colcon_core.verb:set package 'my_ros2_package' build argument 'catkin_cmake_args' from command line to 'None'
[1.172s] Level 5:colcon.colcon_core.verb:set package 'my_ros2_package' build argument 'catkin_skip_building_tests' from command line to 'False'
[1.172s] DEBUG:colcon.colcon_core.verb:Building package 'my_ros2_package' with the following arguments: {'ament_cmake_args': None, 'build_base': '/home/pizzu01/ros2_humble/build/my_ros2_package', 'catkin_cmake_args': None, 'catkin_skip_building_tests': False, 'cmake_args': None, 'cmake_clean_cache': False, 'cmake_clean_first': False, 'cmake_force_configure': False, 'cmake_target': None, 'cmake_target_skip_unavailable': False, 'install_base': '/home/pizzu01/ros2_humble/install/my_ros2_package', 'merge_install': False, 'path': '/home/pizzu01/ros2_humble/src/my_ros2_package', 'symlink_install': False, 'test_result_base': None}
[1.173s] Level 5:colcon.colcon_core.verb:set package 'ros_tcp_endpoint' build argument 'cmake_args' from command line to 'None'
[1.173s] Level 5:colcon.colcon_core.verb:set package 'ros_tcp_endpoint' build argument 'cmake_target' from command line to 'None'
[1.173s] Level 5:colcon.colcon_core.verb:set package 'ros_tcp_endpoint' build argument 'cmake_target_skip_unavailable' from command line to 'False'
[1.173s] Level 5:colcon.colcon_core.verb:set package 'ros_tcp_endpoint' build argument 'cmake_clean_cache' from command line to 'False'
[1.173s] Level 5:colcon.colcon_core.verb:set package 'ros_tcp_endpoint' build argument 'cmake_clean_first' from command line to 'False'
[1.174s] Level 5:colcon.colcon_core.verb:set package 'ros_tcp_endpoint' build argument 'cmake_force_configure' from command line to 'False'
[1.174s] Level 5:colcon.colcon_core.verb:set package 'ros_tcp_endpoint' build argument 'ament_cmake_args' from command line to 'None'
[1.174s] Level 5:colcon.colcon_core.verb:set package 'ros_tcp_endpoint' build argument 'catkin_cmake_args' from command line to 'None'
[1.174s] Level 5:colcon.colcon_core.verb:set package 'ros_tcp_endpoint' build argument 'catkin_skip_building_tests' from command line to 'False'
[1.174s] DEBUG:colcon.colcon_core.verb:Building package 'ros_tcp_endpoint' with the following arguments: {'ament_cmake_args': None, 'build_base': '/home/pizzu01/ros2_humble/build/ros_tcp_endpoint', 'catkin_cmake_args': None, 'catkin_skip_building_tests': False, 'cmake_args': None, 'cmake_clean_cache': False, 'cmake_clean_first': False, 'cmake_force_configure': False, 'cmake_target': None, 'cmake_target_skip_unavailable': False, 'install_base': '/home/pizzu01/ros2_humble/install/ros_tcp_endpoint', 'merge_install': False, 'path': '/home/pizzu01/ros2_humble/src/ROS-TCP-Endpoint', 'symlink_install': False, 'test_result_base': None}
[1.175s] Level 5:colcon.colcon_core.verb:set package 'tm_description' build argument 'cmake_args' from command line to 'None'
[1.175s] Level 5:colcon.colcon_core.verb:set package 'tm_description' build argument 'cmake_target' from command line to 'None'
[1.175s] Level 5:colcon.colcon_core.verb:set package 'tm_description' build argument 'cmake_target_skip_unavailable' from command line to 'False'
[1.175s] Level 5:colcon.colcon_core.verb:set package 'tm_description' build argument 'cmake_clean_cache' from command line to 'False'
[1.175s] Level 5:colcon.colcon_core.verb:set package 'tm_description' build argument 'cmake_clean_first' from command line to 'False'
[1.175s] Level 5:colcon.colcon_core.verb:set package 'tm_description' build argument 'cmake_force_configure' from command line to 'False'
[1.175s] Level 5:colcon.colcon_core.verb:set package 'tm_description' build argument 'ament_cmake_args' from command line to 'None'
[1.175s] Level 5:colcon.colcon_core.verb:set package 'tm_description' build argument 'catkin_cmake_args' from command line to 'None'
[1.175s] Level 5:colcon.colcon_core.verb:set package 'tm_description' build argument 'catkin_skip_building_tests' from command line to 'False'
[1.175s] DEBUG:colcon.colcon_core.verb:Building package 'tm_description' with the following arguments: {'ament_cmake_args': None, 'build_base': '/home/pizzu01/ros2_humble/build/tm_description', 'catkin_cmake_args': None, 'catkin_skip_building_tests': False, 'cmake_args': None, 'cmake_clean_cache': False, 'cmake_clean_first': False, 'cmake_force_configure': False, 'cmake_target': None, 'cmake_target_skip_unavailable': False, 'install_base': '/home/pizzu01/ros2_humble/install/tm_description', 'merge_install': False, 'path': '/home/pizzu01/ros2_humble/src/tm_description', 'symlink_install': False, 'test_result_base': None}
[1.176s] Level 5:colcon.colcon_core.verb:set package 'tm_moveit_config' build argument 'cmake_args' from command line to 'None'
[1.176s] Level 5:colcon.colcon_core.verb:set package 'tm_moveit_config' build argument 'cmake_target' from command line to 'None'
[1.176s] Level 5:colcon.colcon_core.verb:set package 'tm_moveit_config' build argument 'cmake_target_skip_unavailable' from command line to 'False'
[1.176s] Level 5:colcon.colcon_core.verb:set package 'tm_moveit_config' build argument 'cmake_clean_cache' from command line to 'False'
[1.176s] Level 5:colcon.colcon_core.verb:set package 'tm_moveit_config' build argument 'cmake_clean_first' from command line to 'False'
[1.176s] Level 5:colcon.colcon_core.verb:set package 'tm_moveit_config' build argument 'cmake_force_configure' from command line to 'False'
[1.176s] Level 5:colcon.colcon_core.verb:set package 'tm_moveit_config' build argument 'ament_cmake_args' from command line to 'None'
[1.176s] Level 5:colcon.colcon_core.verb:set package 'tm_moveit_config' build argument 'catkin_cmake_args' from command line to 'None'
[1.176s] Level 5:colcon.colcon_core.verb:set package 'tm_moveit_config' build argument 'catkin_skip_building_tests' from command line to 'False'
[1.176s] DEBUG:colcon.colcon_core.verb:Building package 'tm_moveit_config' with the following arguments: {'ament_cmake_args': None, 'build_base': '/home/pizzu01/ros2_humble/build/tm_moveit_config', 'catkin_cmake_args': None, 'catkin_skip_building_tests': False, 'cmake_args': None, 'cmake_clean_cache': False, 'cmake_clean_first': False, 'cmake_force_configure': False, 'cmake_target': None, 'cmake_target_skip_unavailable': False, 'install_base': '/home/pizzu01/ros2_humble/install/tm_moveit_config', 'merge_install': False, 'path': '/home/pizzu01/ros2_humble/src/tm_moveit_config', 'symlink_install': False, 'test_result_base': None}
[1.176s] INFO:colcon.colcon_core.executor:Executing jobs using 'parallel' executor
[1.178s] DEBUG:colcon.colcon_parallel_executor.executor.parallel:run_until_complete
[1.179s] INFO:colcon.colcon_ros.task.ament_cmake.build:Building ROS package in '/home/pizzu01/ros2_humble/src/tm_description' with build type 'ament_cmake'
[1.179s] INFO:colcon.colcon_cmake.task.cmake.build:Building CMake package in '/home/pizzu01/ros2_humble/src/tm_description'
[1.185s] INFO:colcon.colcon_core.plugin_system:Skipping extension 'colcon_core.shell.bat': Not used on non-Windows systems
[1.186s] INFO:colcon.colcon_core.shell:Skip shell extension 'powershell' for command environment: Not usable outside of PowerShell
[1.186s] DEBUG:colcon.colcon_core.shell:Skip shell extension 'dsv' for command environment
[1.198s] INFO:colcon.colcon_ros.task.ament_cmake.build:Building ROS package in '/home/pizzu01/ros2_humble/src/hello_moveit' with build type 'ament_cmake'
[1.198s] INFO:colcon.colcon_cmake.task.cmake.build:Building CMake package in '/home/pizzu01/ros2_humble/src/hello_moveit'
[1.199s] INFO:colcon.colcon_core.shell:Skip shell extension 'powershell' for command environment: Not usable outside of PowerShell
[1.199s] DEBUG:colcon.colcon_core.shell:Skip shell extension 'dsv' for command environment
[1.219s] INFO:colcon.colcon_ros.task.ament_python.build:Building ROS package in '/home/pizzu01/ros2_humble/src/my_ros2_package' with build type 'ament_python'
[1.219s] Level 1:colcon.colcon_core.shell:create_environment_hook('my_ros2_package', 'ament_prefix_path')
[1.220s] INFO:colcon.colcon_core.shell:Creating environment hook '/home/pizzu01/ros2_humble/install/my_ros2_package/share/my_ros2_package/hook/ament_prefix_path.ps1'
[1.223s] INFO:colcon.colcon_core.shell:Creating environment descriptor '/home/pizzu01/ros2_humble/install/my_ros2_package/share/my_ros2_package/hook/ament_prefix_path.dsv'
[1.224s] INFO:colcon.colcon_core.shell:Creating environment hook '/home/pizzu01/ros2_humble/install/my_ros2_package/share/my_ros2_package/hook/ament_prefix_path.sh'
[1.226s] INFO:colcon.colcon_core.shell:Skip shell extension 'powershell' for command environment: Not usable outside of PowerShell
[1.226s] DEBUG:colcon.colcon_core.shell:Skip shell extension 'dsv' for command environment
[1.241s] INFO:colcon.colcon_ros.task.ament_python.build:Building ROS package in '/home/pizzu01/ros2_humble/src/ROS-TCP-Endpoint' with build type 'ament_python'
[1.241s] Level 1:colcon.colcon_core.shell:create_environment_hook('ros_tcp_endpoint', 'ament_prefix_path')
[1.242s] INFO:colcon.colcon_core.shell:Creating environment hook '/home/pizzu01/ros2_humble/install/ros_tcp_endpoint/share/ros_tcp_endpoint/hook/ament_prefix_path.ps1'
[1.245s] INFO:colcon.colcon_core.shell:Creating environment descriptor '/home/pizzu01/ros2_humble/install/ros_tcp_endpoint/share/ros_tcp_endpoint/hook/ament_prefix_path.dsv'
[1.247s] INFO:colcon.colcon_core.shell:Creating environment hook '/home/pizzu01/ros2_humble/install/ros_tcp_endpoint/share/ros_tcp_endpoint/hook/ament_prefix_path.sh'
[1.251s] INFO:colcon.colcon_core.shell:Skip shell extension 'powershell' for command environment: Not usable outside of PowerShell
[1.252s] DEBUG:colcon.colcon_core.shell:Skip shell extension 'dsv' for command environment
[1.280s] DEBUG:colcon.colcon_core.event_handler.log_command:Invoking command in '/home/pizzu01/ros2_humble/build/tm_description': CMAKE_PREFIX_PATH=${CMAKE_PREFIX_PATH}:/home/pizzu01/ros2_humble/install/ros_tcp_endpoint:/home/pizzu01/ros2_humble/install/my_ros2_package:/home/pizzu01/install/ros_tcp_endpoint:/home/pizzu01/install/my_ros2_package:/opt/ros/humble /usr/bin/cmake --build /home/pizzu01/ros2_humble/build/tm_description -- -j4 -l4
[1.293s] DEBUG:colcon.colcon_core.event_handler.log_command:Invoking command in '/home/pizzu01/ros2_humble/build/hello_moveit': CMAKE_PREFIX_PATH=${CMAKE_PREFIX_PATH}:/home/pizzu01/ros2_humble/install/ros_tcp_endpoint:/home/pizzu01/ros2_humble/install/my_ros2_package:/home/pizzu01/install/ros_tcp_endpoint:/home/pizzu01/install/my_ros2_package:/opt/ros/humble /usr/bin/cmake --build /home/pizzu01/ros2_humble/build/hello_moveit -- -j4 -l4
[1.953s] INFO:colcon.colcon_core.task.python.build:Building Python package in '/home/pizzu01/ros2_humble/src/my_ros2_package'
[1.954s] INFO:colcon.colcon_core.shell:Skip shell extension 'powershell' for command environment: Not usable outside of PowerShell
[1.954s] DEBUG:colcon.colcon_core.shell:Skip shell extension 'dsv' for command environment
[2.532s] INFO:colcon.colcon_core.task.python.build:Building Python package in '/home/pizzu01/ros2_humble/src/ROS-TCP-Endpoint'
[2.532s] INFO:colcon.colcon_core.shell:Skip shell extension 'powershell' for command environment: Not usable outside of PowerShell
[2.533s] DEBUG:colcon.colcon_core.shell:Skip shell extension 'dsv' for command environment
[2.555s] DEBUG:colcon.colcon_core.event_handler.log_command:Invoked command in '/home/pizzu01/ros2_humble/build/tm_description' returned '0': CMAKE_PREFIX_PATH=${CMAKE_PREFIX_PATH}:/home/pizzu01/ros2_humble/install/ros_tcp_endpoint:/home/pizzu01/ros2_humble/install/my_ros2_package:/home/pizzu01/install/ros_tcp_endpoint:/home/pizzu01/install/my_ros2_package:/opt/ros/humble /usr/bin/cmake --build /home/pizzu01/ros2_humble/build/tm_description -- -j4 -l4
[2.579s] DEBUG:colcon.colcon_core.event_handler.log_command:Invoking command in '/home/pizzu01/ros2_humble/build/tm_description': CMAKE_PREFIX_PATH=${CMAKE_PREFIX_PATH}:/home/pizzu01/ros2_humble/install/ros_tcp_endpoint:/home/pizzu01/ros2_humble/install/my_ros2_package:/home/pizzu01/install/ros_tcp_endpoint:/home/pizzu01/install/my_ros2_package:/opt/ros/humble /usr/bin/cmake --install /home/pizzu01/ros2_humble/build/tm_description
[2.582s] DEBUG:colcon.colcon_core.event_handler.log_command:Invoked command in '/home/pizzu01/ros2_humble/build/hello_moveit' returned '0': CMAKE_PREFIX_PATH=${CMAKE_PREFIX_PATH}:/home/pizzu01/ros2_humble/install/ros_tcp_endpoint:/home/pizzu01/ros2_humble/install/my_ros2_package:/home/pizzu01/install/ros_tcp_endpoint:/home/pizzu01/install/my_ros2_package:/opt/ros/humble /usr/bin/cmake --build /home/pizzu01/ros2_humble/build/hello_moveit -- -j4 -l4
[2.587s] DEBUG:colcon.colcon_core.event_handler.log_command:Invoking command in '/home/pizzu01/ros2_humble/build/hello_moveit': CMAKE_PREFIX_PATH=${CMAKE_PREFIX_PATH}:/home/pizzu01/ros2_humble/install/ros_tcp_endpoint:/home/pizzu01/ros2_humble/install/my_ros2_package:/home/pizzu01/install/ros_tcp_endpoint:/home/pizzu01/install/my_ros2_package:/opt/ros/humble /usr/bin/cmake --install /home/pizzu01/ros2_humble/build/hello_moveit
[2.654s] Level 1:colcon.colcon_core.environment:create_environment_scripts_only(hello_moveit)
[2.664s] Level 1:colcon.colcon_core.environment:checking '/home/pizzu01/ros2_humble/install/hello_moveit' for CMake module files
[2.665s] Level 1:colcon.colcon_core.environment:checking '/home/pizzu01/ros2_humble/install/hello_moveit' for CMake config files
[2.665s] Level 1:colcon.colcon_core.shell:create_environment_hook('hello_moveit', 'cmake_prefix_path')
[2.666s] INFO:colcon.colcon_core.shell:Creating environment hook '/home/pizzu01/ros2_humble/install/hello_moveit/share/hello_moveit/hook/cmake_prefix_path.ps1'
[2.667s] INFO:colcon.colcon_core.shell:Creating environment descriptor '/home/pizzu01/ros2_humble/install/hello_moveit/share/hello_moveit/hook/cmake_prefix_path.dsv'
[2.668s] INFO:colcon.colcon_core.shell:Creating environment hook '/home/pizzu01/ros2_humble/install/hello_moveit/share/hello_moveit/hook/cmake_prefix_path.sh'
[2.674s] Level 1:colcon.colcon_core.environment:checking '/home/pizzu01/ros2_humble/install/hello_moveit/lib'
[2.680s] Level 1:colcon.colcon_core.environment:checking '/home/pizzu01/ros2_humble/install/hello_moveit/bin'
[2.680s] Level 1:colcon.colcon_core.environment:checking '/home/pizzu01/ros2_humble/install/hello_moveit/lib/pkgconfig/hello_moveit.pc'
[2.680s] Level 1:colcon.colcon_core.environment:checking '/home/pizzu01/ros2_humble/install/hello_moveit/lib/python3.10/site-packages'
[2.681s] Level 1:colcon.colcon_core.environment:checking '/home/pizzu01/ros2_humble/install/hello_moveit/bin'
[2.682s] INFO:colcon.colcon_core.shell:Creating package script '/home/pizzu01/ros2_humble/install/hello_moveit/share/hello_moveit/package.ps1'
[2.692s] INFO:colcon.colcon_core.shell:Creating package descriptor '/home/pizzu01/ros2_humble/install/hello_moveit/share/hello_moveit/package.dsv'
[2.699s] INFO:colcon.colcon_core.shell:Creating package script '/home/pizzu01/ros2_humble/install/hello_moveit/share/hello_moveit/package.sh'
[2.701s] INFO:colcon.colcon_core.shell:Creating package script '/home/pizzu01/ros2_humble/install/hello_moveit/share/hello_moveit/package.bash'
[2.711s] INFO:colcon.colcon_core.shell:Creating package script '/home/pizzu01/ros2_humble/install/hello_moveit/share/hello_moveit/package.zsh'
[2.714s] Level 1:colcon.colcon_core.environment:create_file_with_runtime_dependencies(/home/pizzu01/ros2_humble/install/hello_moveit/share/colcon-core/packages/hello_moveit)
[2.717s] Level 1:colcon.colcon_core.environment:create_environment_scripts_only(hello_moveit)
[2.718s] Level 1:colcon.colcon_core.environment:checking '/home/pizzu01/ros2_humble/install/hello_moveit' for CMake module files
[2.721s] Level 1:colcon.colcon_core.environment:checking '/home/pizzu01/ros2_humble/install/hello_moveit' for CMake config files
[2.725s] DEBUG:colcon.colcon_core.event_handler.log_command:Invoked command in '/home/pizzu01/ros2_humble/build/hello_moveit' returned '0': CMAKE_PREFIX_PATH=${CMAKE_PREFIX_PATH}:/home/pizzu01/ros2_humble/install/ros_tcp_endpoint:/home/pizzu01/ros2_humble/install/my_ros2_package:/home/pizzu01/install/ros_tcp_endpoint:/home/pizzu01/install/my_ros2_package:/opt/ros/humble /usr/bin/cmake --install /home/pizzu01/ros2_humble/build/hello_moveit
[2.732s] Level 1:colcon.colcon_core.shell:create_environment_hook('hello_moveit', 'cmake_prefix_path')
[2.733s] INFO:colcon.colcon_core.shell:Creating environment hook '/home/pizzu01/ros2_humble/install/hello_moveit/share/hello_moveit/hook/cmake_prefix_path.ps1'
[2.734s] INFO:colcon.colcon_core.shell:Creating environment descriptor '/home/pizzu01/ros2_humble/install/hello_moveit/share/hello_moveit/hook/cmake_prefix_path.dsv'
[2.734s] INFO:colcon.colcon_core.shell:Creating environment hook '/home/pizzu01/ros2_humble/install/hello_moveit/share/hello_moveit/hook/cmake_prefix_path.sh'
[2.736s] Level 1:colcon.colcon_core.environment:checking '/home/pizzu01/ros2_humble/install/hello_moveit/lib'
[2.736s] Level 1:colcon.colcon_core.environment:checking '/home/pizzu01/ros2_humble/install/hello_moveit/bin'
[2.736s] Level 1:colcon.colcon_core.environment:checking '/home/pizzu01/ros2_humble/install/hello_moveit/lib/pkgconfig/hello_moveit.pc'
[2.737s] Level 1:colcon.colcon_core.environment:checking '/home/pizzu01/ros2_humble/install/hello_moveit/lib/python3.10/site-packages'
[2.738s] Level 1:colcon.colcon_core.environment:checking '/home/pizzu01/ros2_humble/install/hello_moveit/bin'
[2.738s] INFO:colcon.colcon_core.shell:Creating package script '/home/pizzu01/ros2_humble/install/hello_moveit/share/hello_moveit/package.ps1'
[2.739s] INFO:colcon.colcon_core.shell:Creating package descriptor '/home/pizzu01/ros2_humble/install/hello_moveit/share/hello_moveit/package.dsv'
[2.740s] INFO:colcon.colcon_core.shell:Creating package script '/home/pizzu01/ros2_humble/install/hello_moveit/share/hello_moveit/package.sh'
[2.741s] INFO:colcon.colcon_core.shell:Creating package script '/home/pizzu01/ros2_humble/install/hello_moveit/share/hello_moveit/package.bash'
[2.742s] INFO:colcon.colcon_core.shell:Creating package script '/home/pizzu01/ros2_humble/install/hello_moveit/share/hello_moveit/package.zsh'
[2.743s] Level 1:colcon.colcon_core.environment:create_file_with_runtime_dependencies(/home/pizzu01/ros2_humble/install/hello_moveit/share/colcon-core/packages/hello_moveit)
[2.744s] Level 1:colcon.colcon_core.environment:create_environment_scripts_only(tm_description)
[2.750s] Level 1:colcon.colcon_core.environment:checking '/home/pizzu01/ros2_humble/install/tm_description' for CMake module files
[2.752s] Level 1:colcon.colcon_core.environment:checking '/home/pizzu01/ros2_humble/install/tm_description' for CMake config files
[2.752s] Level 1:colcon.colcon_core.shell:create_environment_hook('tm_description', 'cmake_prefix_path')
[2.753s] INFO:colcon.colcon_core.shell:Creating environment hook '/home/pizzu01/ros2_humble/install/tm_description/share/tm_description/hook/cmake_prefix_path.ps1'
[2.754s] INFO:colcon.colcon_core.shell:Creating environment descriptor '/home/pizzu01/ros2_humble/install/tm_description/share/tm_description/hook/cmake_prefix_path.dsv'
[2.755s] INFO:colcon.colcon_core.shell:Creating environment hook '/home/pizzu01/ros2_humble/install/tm_description/share/tm_description/hook/cmake_prefix_path.sh'
[2.757s] Level 1:colcon.colcon_core.environment:checking '/home/pizzu01/ros2_humble/install/tm_description/bin'
[2.758s] Level 1:colcon.colcon_core.environment:checking '/home/pizzu01/ros2_humble/install/tm_description/lib/pkgconfig/tm_description.pc'
[2.758s] Level 1:colcon.colcon_core.environment:checking '/home/pizzu01/ros2_humble/install/tm_description/lib/python3.10/site-packages'
[2.770s] DEBUG:colcon.colcon_core.event_handler.log_command:Invoked command in '/home/pizzu01/ros2_humble/build/tm_description' returned '0': CMAKE_PREFIX_PATH=${CMAKE_PREFIX_PATH}:/home/pizzu01/ros2_humble/install/ros_tcp_endpoint:/home/pizzu01/ros2_humble/install/my_ros2_package:/home/pizzu01/install/ros_tcp_endpoint:/home/pizzu01/install/my_ros2_package:/opt/ros/humble /usr/bin/cmake --install /home/pizzu01/ros2_humble/build/tm_description
[2.771s] Level 1:colcon.colcon_core.environment:checking '/home/pizzu01/ros2_humble/install/tm_description/bin'
[2.772s] INFO:colcon.colcon_core.shell:Creating package script '/home/pizzu01/ros2_humble/install/tm_description/share/tm_description/package.ps1'
[2.773s] INFO:colcon.colcon_core.shell:Creating package descriptor '/home/pizzu01/ros2_humble/install/tm_description/share/tm_description/package.dsv'
[2.774s] INFO:colcon.colcon_core.shell:Creating package script '/home/pizzu01/ros2_humble/install/tm_description/share/tm_description/package.sh'
[2.775s] INFO:colcon.colcon_core.shell:Creating package script '/home/pizzu01/ros2_humble/install/tm_description/share/tm_description/package.bash'
[2.776s] INFO:colcon.colcon_core.shell:Creating package script '/home/pizzu01/ros2_humble/install/tm_description/share/tm_description/package.zsh'
[2.777s] Level 1:colcon.colcon_core.environment:create_file_with_runtime_dependencies(/home/pizzu01/ros2_humble/install/tm_description/share/colcon-core/packages/tm_description)
[2.779s] Level 1:colcon.colcon_core.environment:create_environment_scripts_only(tm_description)
[2.779s] Level 1:colcon.colcon_core.environment:checking '/home/pizzu01/ros2_humble/install/tm_description' for CMake module files
[2.780s] Level 1:colcon.colcon_core.environment:checking '/home/pizzu01/ros2_humble/install/tm_description' for CMake config files
[2.781s] Level 1:colcon.colcon_core.shell:create_environment_hook('tm_description', 'cmake_prefix_path')
[2.782s] INFO:colcon.colcon_core.shell:Creating environment hook '/home/pizzu01/ros2_humble/install/tm_description/share/tm_description/hook/cmake_prefix_path.ps1'
[2.783s] INFO:colcon.colcon_core.shell:Creating environment descriptor '/home/pizzu01/ros2_humble/install/tm_description/share/tm_description/hook/cmake_prefix_path.dsv'
[2.784s] INFO:colcon.colcon_core.shell:Creating environment hook '/home/pizzu01/ros2_humble/install/tm_description/share/tm_description/hook/cmake_prefix_path.sh'
[2.787s] Level 1:colcon.colcon_core.environment:checking '/home/pizzu01/ros2_humble/install/tm_description/bin'
[2.788s] Level 1:colcon.colcon_core.environment:checking '/home/pizzu01/ros2_humble/install/tm_description/lib/pkgconfig/tm_description.pc'
[2.789s] Level 1:colcon.colcon_core.environment:checking '/home/pizzu01/ros2_humble/install/tm_description/lib/python3.10/site-packages'
[2.790s] Level 1:colcon.colcon_core.environment:checking '/home/pizzu01/ros2_humble/install/tm_description/bin'
[2.791s] INFO:colcon.colcon_core.shell:Creating package script '/home/pizzu01/ros2_humble/install/tm_description/share/tm_description/package.ps1'
[2.792s] INFO:colcon.colcon_core.shell:Creating package descriptor '/home/pizzu01/ros2_humble/install/tm_description/share/tm_description/package.dsv'
[2.793s] INFO:colcon.colcon_core.shell:Creating package script '/home/pizzu01/ros2_humble/install/tm_description/share/tm_description/package.sh'
[2.794s] INFO:colcon.colcon_core.shell:Creating package script '/home/pizzu01/ros2_humble/install/tm_description/share/tm_description/package.bash'
[2.796s] INFO:colcon.colcon_core.shell:Creating package script '/home/pizzu01/ros2_humble/install/tm_description/share/tm_description/package.zsh'
[2.797s] Level 1:colcon.colcon_core.environment:create_file_with_runtime_dependencies(/home/pizzu01/ros2_humble/install/tm_description/share/colcon-core/packages/tm_description)
[2.799s] INFO:colcon.colcon_ros.task.ament_cmake.build:Building ROS package in '/home/pizzu01/ros2_humble/src/tm_moveit_config' with build type 'ament_cmake'
[2.800s] INFO:colcon.colcon_cmake.task.cmake.build:Building CMake package in '/home/pizzu01/ros2_humble/src/tm_moveit_config'
[2.801s] INFO:colcon.colcon_core.shell:Skip shell extension 'powershell' for command environment: Not usable outside of PowerShell
[2.801s] DEBUG:colcon.colcon_core.shell:Skip shell extension 'dsv' for command environment
[3.035s] DEBUG:colcon.colcon_core.event_handler.log_command:Invoking command in '/home/pizzu01/ros2_humble/build/tm_moveit_config': CMAKE_PREFIX_PATH=/home/pizzu01/ros2_humble/install/tm_description:/home/pizzu01/ros2_humble/install/tm_moveit_config:/home/pizzu01/ros2_humble/install/hello_moveit:/home/pizzu01/ros2_humble/install/ros_tcp_endpoint:/home/pizzu01/ros2_humble/install/my_ros2_package:/home/pizzu01/install/ros_tcp_endpoint:/home/pizzu01/install/my_ros2_package:/opt/ros/humble /usr/bin/cmake --build /home/pizzu01/ros2_humble/build/tm_moveit_config -- -j4 -l4
[3.153s] DEBUG:colcon.colcon_core.event_handler.log_command:Invoked command in '/home/pizzu01/ros2_humble/build/tm_moveit_config' returned '0': CMAKE_PREFIX_PATH=/home/pizzu01/ros2_humble/install/tm_description:/home/pizzu01/ros2_humble/install/tm_moveit_config:/home/pizzu01/ros2_humble/install/hello_moveit:/home/pizzu01/ros2_humble/install/ros_tcp_endpoint:/home/pizzu01/ros2_humble/install/my_ros2_package:/home/pizzu01/install/ros_tcp_endpoint:/home/pizzu01/install/my_ros2_package:/opt/ros/humble /usr/bin/cmake --build /home/pizzu01/ros2_humble/build/tm_moveit_config -- -j4 -l4
[3.153s] DEBUG:colcon.colcon_core.event_handler.log_command:Invoking command in '/home/pizzu01/ros2_humble/build/tm_moveit_config': CMAKE_PREFIX_PATH=/home/pizzu01/ros2_humble/install/tm_description:/home/pizzu01/ros2_humble/install/tm_moveit_config:/home/pizzu01/ros2_humble/install/hello_moveit:/home/pizzu01/ros2_humble/install/ros_tcp_endpoint:/home/pizzu01/ros2_humble/install/my_ros2_package:/home/pizzu01/install/ros_tcp_endpoint:/home/pizzu01/install/my_ros2_package:/opt/ros/humble /usr/bin/cmake --install /home/pizzu01/ros2_humble/build/tm_moveit_config
[3.180s] Level 1:colcon.colcon_core.environment:create_environment_scripts_only(tm_moveit_config)
[3.180s] Level 1:colcon.colcon_core.environment:checking '/home/pizzu01/ros2_humble/install/tm_moveit_config' for CMake module files
[3.182s] Level 1:colcon.colcon_core.environment:checking '/home/pizzu01/ros2_humble/install/tm_moveit_config' for CMake config files
[3.182s] Level 1:colcon.colcon_core.shell:create_environment_hook('tm_moveit_config', 'cmake_prefix_path')
[3.183s] INFO:colcon.colcon_core.shell:Creating environment hook '/home/pizzu01/ros2_humble/install/tm_moveit_config/share/tm_moveit_config/hook/cmake_prefix_path.ps1'
[3.192s] INFO:colcon.colcon_core.shell:Creating environment descriptor '/home/pizzu01/ros2_humble/install/tm_moveit_config/share/tm_moveit_config/hook/cmake_prefix_path.dsv'
[3.193s] INFO:colcon.colcon_core.shell:Creating environment hook '/home/pizzu01/ros2_humble/install/tm_moveit_config/share/tm_moveit_config/hook/cmake_prefix_path.sh'
[3.195s] Level 1:colcon.colcon_core.environment:checking '/home/pizzu01/ros2_humble/install/tm_moveit_config/lib'
[3.195s] Level 1:colcon.colcon_core.environment:checking '/home/pizzu01/ros2_humble/install/tm_moveit_config/bin'
[3.195s] Level 1:colcon.colcon_core.environment:checking '/home/pizzu01/ros2_humble/install/tm_moveit_config/lib/pkgconfig/tm_moveit_config.pc'
[3.196s] Level 1:colcon.colcon_core.environment:checking '/home/pizzu01/ros2_humble/install/tm_moveit_config/lib/python3.10/site-packages'
[3.196s] Level 1:colcon.colcon_core.environment:checking '/home/pizzu01/ros2_humble/install/tm_moveit_config/bin'
[3.197s] INFO:colcon.colcon_core.shell:Creating package script '/home/pizzu01/ros2_humble/install/tm_moveit_config/share/tm_moveit_config/package.ps1'
[3.198s] INFO:colcon.colcon_core.shell:Creating package descriptor '/home/pizzu01/ros2_humble/install/tm_moveit_config/share/tm_moveit_config/package.dsv'
[3.199s] INFO:colcon.colcon_core.shell:Creating package script '/home/pizzu01/ros2_humble/install/tm_moveit_config/share/tm_moveit_config/package.sh'
[3.200s] INFO:colcon.colcon_core.shell:Creating package script '/home/pizzu01/ros2_humble/install/tm_moveit_config/share/tm_moveit_config/package.bash'
[3.201s] INFO:colcon.colcon_core.shell:Creating package script '/home/pizzu01/ros2_humble/install/tm_moveit_config/share/tm_moveit_config/package.zsh'
[3.202s] Level 1:colcon.colcon_core.environment:create_file_with_runtime_dependencies(/home/pizzu01/ros2_humble/install/tm_moveit_config/share/colcon-core/packages/tm_moveit_config)
[3.203s] Level 1:colcon.colcon_core.environment:create_environment_scripts_only(tm_moveit_config)
[3.204s] Level 1:colcon.colcon_core.environment:checking '/home/pizzu01/ros2_humble/install/tm_moveit_config' for CMake module files
[3.210s] DEBUG:colcon.colcon_core.event_handler.log_command:Invoked command in '/home/pizzu01/ros2_humble/build/tm_moveit_config' returned '0': CMAKE_PREFIX_PATH=/home/pizzu01/ros2_humble/install/tm_description:/home/pizzu01/ros2_humble/install/tm_moveit_config:/home/pizzu01/ros2_humble/install/hello_moveit:/home/pizzu01/ros2_humble/install/ros_tcp_endpoint:/home/pizzu01/ros2_humble/install/my_ros2_package:/home/pizzu01/install/ros_tcp_endpoint:/home/pizzu01/install/my_ros2_package:/opt/ros/humble /usr/bin/cmake --install /home/pizzu01/ros2_humble/build/tm_moveit_config
[3.210s] Level 1:colcon.colcon_core.environment:checking '/home/pizzu01/ros2_humble/install/tm_moveit_config' for CMake config files
[3.211s] Level 1:colcon.colcon_core.shell:create_environment_hook('tm_moveit_config', 'cmake_prefix_path')
[3.211s] INFO:colcon.colcon_core.shell:Creating environment hook '/home/pizzu01/ros2_humble/install/tm_moveit_config/share/tm_moveit_config/hook/cmake_prefix_path.ps1'
[3.213s] INFO:colcon.colcon_core.shell:Creating environment descriptor '/home/pizzu01/ros2_humble/install/tm_moveit_config/share/tm_moveit_config/hook/cmake_prefix_path.dsv'
[3.213s] INFO:colcon.colcon_core.shell:Creating environment hook '/home/pizzu01/ros2_humble/install/tm_moveit_config/share/tm_moveit_config/hook/cmake_prefix_path.sh'
[3.215s] Level 1:colcon.colcon_core.environment:checking '/home/pizzu01/ros2_humble/install/tm_moveit_config/lib'
[3.215s] Level 1:colcon.colcon_core.environment:checking '/home/pizzu01/ros2_humble/install/tm_moveit_config/bin'
[3.215s] Level 1:colcon.colcon_core.environment:checking '/home/pizzu01/ros2_humble/install/tm_moveit_config/lib/pkgconfig/tm_moveit_config.pc'
[3.216s] Level 1:colcon.colcon_core.environment:checking '/home/pizzu01/ros2_humble/install/tm_moveit_config/lib/python3.10/site-packages'
[3.216s] Level 1:colcon.colcon_core.environment:checking '/home/pizzu01/ros2_humble/install/tm_moveit_config/bin'
[3.217s] INFO:colcon.colcon_core.shell:Creating package script '/home/pizzu01/ros2_humble/install/tm_moveit_config/share/tm_moveit_config/package.ps1'
[3.218s] INFO:colcon.colcon_core.shell:Creating package descriptor '/home/pizzu01/ros2_humble/install/tm_moveit_config/share/tm_moveit_config/package.dsv'
[3.219s] INFO:colcon.colcon_core.shell:Creating package script '/home/pizzu01/ros2_humble/install/tm_moveit_config/share/tm_moveit_config/package.sh'
[3.221s] INFO:colcon.colcon_core.shell:Creating package script '/home/pizzu01/ros2_humble/install/tm_moveit_config/share/tm_moveit_config/package.bash'
[3.222s] INFO:colcon.colcon_core.shell:Creating package script '/home/pizzu01/ros2_humble/install/tm_moveit_config/share/tm_moveit_config/package.zsh'
[3.222s] Level 1:colcon.colcon_core.environment:create_file_with_runtime_dependencies(/home/pizzu01/ros2_humble/install/tm_moveit_config/share/colcon-core/packages/tm_moveit_config)
[3.725s] DEBUG:colcon.colcon_core.event_handler.log_command:Invoking command in '/home/pizzu01/ros2_humble/src/ROS-TCP-Endpoint': PYTHONPATH=/home/pizzu01/ros2_humble/build/ros_tcp_endpoint/prefix_override:/usr/lib/python3/dist-packages/colcon_core/task/python/colcon_distutils_commands:/home/pizzu01/ros2_humble/install/ros_tcp_endpoint/lib/python3.10/site-packages:${PYTHONPATH} /usr/bin/python3 -W ignore:setup.py install is deprecated -W ignore:easy_install command is deprecated setup.py egg_info --egg-base ../../build/ros_tcp_endpoint build --build-base /home/pizzu01/ros2_humble/build/ros_tcp_endpoint/build install --record /home/pizzu01/ros2_humble/build/ros_tcp_endpoint/install.log --install-scripts $base/lib/ros_tcp_endpoint --single-version-externally-managed install_data
[3.841s] DEBUG:colcon.colcon_core.event_handler.log_command:Invoking command in '/home/pizzu01/ros2_humble/src/my_ros2_package': PYTHONPATH=/home/pizzu01/ros2_humble/build/my_ros2_package/prefix_override:/usr/lib/python3/dist-packages/colcon_core/task/python/colcon_distutils_commands:/home/pizzu01/ros2_humble/install/my_ros2_package/lib/python3.10/site-packages:${PYTHONPATH} /usr/bin/python3 -W ignore:setup.py install is deprecated -W ignore:easy_install command is deprecated setup.py egg_info --egg-base ../../build/my_ros2_package build --build-base /home/pizzu01/ros2_humble/build/my_ros2_package/build install --record /home/pizzu01/ros2_humble/build/my_ros2_package/install.log --single-version-externally-managed install_data
[4.570s] Level 1:colcon.colcon_core.environment:checking '/home/pizzu01/ros2_humble/install/ros_tcp_endpoint' for CMake module files
[4.571s] Level 1:colcon.colcon_core.environment:checking '/home/pizzu01/ros2_humble/install/ros_tcp_endpoint' for CMake config files
[4.573s] Level 1:colcon.colcon_core.environment:checking '/home/pizzu01/ros2_humble/install/ros_tcp_endpoint/lib'
[4.573s] Level 1:colcon.colcon_core.environment:checking '/home/pizzu01/ros2_humble/install/ros_tcp_endpoint/bin'
[4.573s] Level 1:colcon.colcon_core.environment:checking '/home/pizzu01/ros2_humble/install/ros_tcp_endpoint/lib/pkgconfig/ros_tcp_endpoint.pc'
[4.573s] Level 1:colcon.colcon_core.environment:checking '/home/pizzu01/ros2_humble/install/ros_tcp_endpoint/lib/python3.10/site-packages'
[4.574s] DEBUG:colcon.colcon_core.event_handler.log_command:Invoked command in '/home/pizzu01/ros2_humble/src/ROS-TCP-Endpoint' returned '0': PYTHONPATH=/home/pizzu01/ros2_humble/build/ros_tcp_endpoint/prefix_override:/usr/lib/python3/dist-packages/colcon_core/task/python/colcon_distutils_commands:/home/pizzu01/ros2_humble/install/ros_tcp_endpoint/lib/python3.10/site-packages:${PYTHONPATH} /usr/bin/python3 -W ignore:setup.py install is deprecated -W ignore:easy_install command is deprecated setup.py egg_info --egg-base ../../build/ros_tcp_endpoint build --build-base /home/pizzu01/ros2_humble/build/ros_tcp_endpoint/build install --record /home/pizzu01/ros2_humble/build/ros_tcp_endpoint/install.log --install-scripts $base/lib/ros_tcp_endpoint --single-version-externally-managed install_data
[4.575s] Level 1:colcon.colcon_core.shell:create_environment_hook('ros_tcp_endpoint', 'pythonpath')
[4.576s] INFO:colcon.colcon_core.shell:Creating environment hook '/home/pizzu01/ros2_humble/install/ros_tcp_endpoint/share/ros_tcp_endpoint/hook/pythonpath.ps1'
[4.577s] INFO:colcon.colcon_core.shell:Creating environment descriptor '/home/pizzu01/ros2_humble/install/ros_tcp_endpoint/share/ros_tcp_endpoint/hook/pythonpath.dsv'
[4.578s] INFO:colcon.colcon_core.shell:Creating environment hook '/home/pizzu01/ros2_humble/install/ros_tcp_endpoint/share/ros_tcp_endpoint/hook/pythonpath.sh'
[4.580s] Level 1:colcon.colcon_core.environment:checking '/home/pizzu01/ros2_humble/install/ros_tcp_endpoint/bin'
[4.580s] Level 1:colcon.colcon_core.environment:create_environment_scripts_only(ros_tcp_endpoint)
[4.581s] INFO:colcon.colcon_core.shell:Creating package script '/home/pizzu01/ros2_humble/install/ros_tcp_endpoint/share/ros_tcp_endpoint/package.ps1'
[4.583s] INFO:colcon.colcon_core.shell:Creating package descriptor '/home/pizzu01/ros2_humble/install/ros_tcp_endpoint/share/ros_tcp_endpoint/package.dsv'
[4.584s] INFO:colcon.colcon_core.shell:Creating package script '/home/pizzu01/ros2_humble/install/ros_tcp_endpoint/share/ros_tcp_endpoint/package.sh'
[4.585s] INFO:colcon.colcon_core.shell:Creating package script '/home/pizzu01/ros2_humble/install/ros_tcp_endpoint/share/ros_tcp_endpoint/package.bash'
[4.586s] INFO:colcon.colcon_core.shell:Creating package script '/home/pizzu01/ros2_humble/install/ros_tcp_endpoint/share/ros_tcp_endpoint/package.zsh'
[4.587s] Level 1:colcon.colcon_core.environment:create_file_with_runtime_dependencies(/home/pizzu01/ros2_humble/install/ros_tcp_endpoint/share/colcon-core/packages/ros_tcp_endpoint)
[4.591s] Level 1:colcon.colcon_core.environment:checking '/home/pizzu01/ros2_humble/install/my_ros2_package' for CMake module files
[4.592s] DEBUG:colcon.colcon_core.event_handler.log_command:Invoked command in '/home/pizzu01/ros2_humble/src/my_ros2_package' returned '0': PYTHONPATH=/home/pizzu01/ros2_humble/build/my_ros2_package/prefix_override:/usr/lib/python3/dist-packages/colcon_core/task/python/colcon_distutils_commands:/home/pizzu01/ros2_humble/install/my_ros2_package/lib/python3.10/site-packages:${PYTHONPATH} /usr/bin/python3 -W ignore:setup.py install is deprecated -W ignore:easy_install command is deprecated setup.py egg_info --egg-base ../../build/my_ros2_package build --build-base /home/pizzu01/ros2_humble/build/my_ros2_package/build install --record /home/pizzu01/ros2_humble/build/my_ros2_package/install.log --single-version-externally-managed install_data
[4.594s] Level 1:colcon.colcon_core.environment:checking '/home/pizzu01/ros2_humble/install/my_ros2_package' for CMake config files
[4.595s] Level 1:colcon.colcon_core.environment:checking '/home/pizzu01/ros2_humble/install/my_ros2_package/lib'
[4.595s] Level 1:colcon.colcon_core.environment:checking '/home/pizzu01/ros2_humble/install/my_ros2_package/bin'
[4.595s] Level 1:colcon.colcon_core.environment:checking '/home/pizzu01/ros2_humble/install/my_ros2_package/lib/pkgconfig/my_ros2_package.pc'
[4.595s] Level 1:colcon.colcon_core.environment:checking '/home/pizzu01/ros2_humble/install/my_ros2_package/lib/python3.10/site-packages'
[4.595s] Level 1:colcon.colcon_core.shell:create_environment_hook('my_ros2_package', 'pythonpath')
[4.596s] INFO:colcon.colcon_core.shell:Creating environment hook '/home/pizzu01/ros2_humble/install/my_ros2_package/share/my_ros2_package/hook/pythonpath.ps1'
[4.597s] INFO:colcon.colcon_core.shell:Creating environment descriptor '/home/pizzu01/ros2_humble/install/my_ros2_package/share/my_ros2_package/hook/pythonpath.dsv'
[4.598s] INFO:colcon.colcon_core.shell:Creating environment hook '/home/pizzu01/ros2_humble/install/my_ros2_package/share/my_ros2_package/hook/pythonpath.sh'
[4.599s] Level 1:colcon.colcon_core.environment:checking '/home/pizzu01/ros2_humble/install/my_ros2_package/bin'
[4.600s] Level 1:colcon.colcon_core.environment:create_environment_scripts_only(my_ros2_package)
[4.601s] INFO:colcon.colcon_core.shell:Creating package script '/home/pizzu01/ros2_humble/install/my_ros2_package/share/my_ros2_package/package.ps1'
[4.604s] INFO:colcon.colcon_core.shell:Creating package descriptor '/home/pizzu01/ros2_humble/install/my_ros2_package/share/my_ros2_package/package.dsv'
[4.605s] INFO:colcon.colcon_core.shell:Creating package script '/home/pizzu01/ros2_humble/install/my_ros2_package/share/my_ros2_package/package.sh'
[4.605s] INFO:colcon.colcon_core.shell:Creating package script '/home/pizzu01/ros2_humble/install/my_ros2_package/share/my_ros2_package/package.bash'
[4.606s] INFO:colcon.colcon_core.shell:Creating package script '/home/pizzu01/ros2_humble/install/my_ros2_package/share/my_ros2_package/package.zsh'
[4.607s] Level 1:colcon.colcon_core.environment:create_file_with_runtime_dependencies(/home/pizzu01/ros2_humble/install/my_ros2_package/share/colcon-core/packages/my_ros2_package)
[4.607s] DEBUG:colcon.colcon_parallel_executor.executor.parallel:closing loop
[4.609s] DEBUG:colcon.colcon_parallel_executor.executor.parallel:loop closed
[4.610s] DEBUG:colcon.colcon_parallel_executor.executor.parallel:run_until_complete finished with '0'
[4.610s] DEBUG:colcon.colcon_core.event_reactor:joining thread
[4.785s] INFO:colcon.colcon_core.plugin_system:Skipping extension 'colcon_notification.desktop_notification.notify_send': Could not find 'notify-send'
[4.786s] INFO:colcon.colcon_core.plugin_system:Skipping extension 'colcon_notification.desktop_notification.terminal_notifier': Not used on non-Darwin systems
[4.786s] INFO:colcon.colcon_core.plugin_system:Skipping extension 'colcon_notification.desktop_notification.win32': Not used on non-Windows systems
[4.786s] INFO:colcon.colcon_notification.desktop_notification:Sending desktop notification using 'notify2'
[4.786s] DEBUG:colcon.colcon_notification.desktop_notification.notify2:Failed to initialize notify2: org.freedesktop.DBus.Error.FileNotFound: Failed to connect to socket /run/user/1000/bus: No such file or directory
[4.786s] DEBUG:colcon.colcon_core.event_reactor:joined thread
[4.787s] INFO:colcon.colcon_core.shell:Creating prefix script '/home/pizzu01/ros2_humble/install/local_setup.ps1'
[4.789s] INFO:colcon.colcon_core.shell:Creating prefix util module '/home/pizzu01/ros2_humble/install/_local_setup_util_ps1.py'
[4.793s] INFO:colcon.colcon_core.shell:Creating prefix chain script '/home/pizzu01/ros2_humble/install/setup.ps1'
[4.795s] INFO:colcon.colcon_core.shell:Creating prefix script '/home/pizzu01/ros2_humble/install/local_setup.sh'
[4.797s] INFO:colcon.colcon_core.shell:Creating prefix util module '/home/pizzu01/ros2_humble/install/_local_setup_util_sh.py'
[4.798s] INFO:colcon.colcon_core.shell:Creating prefix chain script '/home/pizzu01/ros2_humble/install/setup.sh'
[4.801s] INFO:colcon.colcon_core.shell:Creating prefix script '/home/pizzu01/ros2_humble/install/local_setup.bash'
[4.802s] INFO:colcon.colcon_core.shell:Creating prefix chain script '/home/pizzu01/ros2_humble/install/setup.bash'
[4.804s] INFO:colcon.colcon_core.shell:Creating prefix script '/home/pizzu01/ros2_humble/install/local_setup.zsh'
[4.805s] INFO:colcon.colcon_core.shell:Creating prefix chain script '/home/pizzu01/ros2_humble/install/setup.zsh'
