[3.103s] Invoking command in '/home/pizzu01/ros2_humble/src/ROS-TCP-Endpoint': PYTHONPATH=/home/pizzu01/ros2_humble/build/ros_tcp_endpoint/prefix_override:/usr/lib/python3/dist-packages/colcon_core/task/python/colcon_distutils_commands:/home/pizzu01/ros2_humble/install/ros_tcp_endpoint/lib/python3.10/site-packages:${PYTHONPATH} /usr/bin/python3 -W ignore:setup.py install is deprecated -W ignore:easy_install command is deprecated setup.py egg_info --egg-base ../../build/ros_tcp_endpoint build --build-base /home/pizzu01/ros2_humble/build/ros_tcp_endpoint/build install --record /home/pizzu01/ros2_humble/build/ros_tcp_endpoint/install.log --install-scripts $base/lib/ros_tcp_endpoint --single-version-externally-managed install_data
[3.413s] /usr/lib/python3/dist-packages/setuptools/dist.py:723: UserWarning: Usage of dash-separated 'script-dir' will not be supported in future versions. Please use the underscore name 'script_dir' instead
[3.413s]   warnings.warn(
[3.423s] running egg_info
[3.424s] writing ../../build/ros_tcp_endpoint/ros_tcp_endpoint.egg-info/PKG-INFO
[3.429s] writing dependency_links to ../../build/ros_tcp_endpoint/ros_tcp_endpoint.egg-info/dependency_links.txt
[3.430s] writing entry points to ../../build/ros_tcp_endpoint/ros_tcp_endpoint.egg-info/entry_points.txt
[3.430s] writing requirements to ../../build/ros_tcp_endpoint/ros_tcp_endpoint.egg-info/requires.txt
[3.430s] writing top-level names to ../../build/ros_tcp_endpoint/ros_tcp_endpoint.egg-info/top_level.txt
[3.436s] reading manifest file '../../build/ros_tcp_endpoint/ros_tcp_endpoint.egg-info/SOURCES.txt'
[3.437s] adding license file 'LICENSE'
[3.438s] writing manifest file '../../build/ros_tcp_endpoint/ros_tcp_endpoint.egg-info/SOURCES.txt'
[3.438s] running build
[3.439s] running build_py
[3.446s] running install
[3.446s] running install_lib
[3.449s] running install_data
[3.450s] running install_egg_info
[3.453s] removing '/home/pizzu01/ros2_humble/install/ros_tcp_endpoint/lib/python3.10/site-packages/ros_tcp_endpoint-0.0.1-py3.10.egg-info' (and everything under it)
[3.453s] Copying ../../build/ros_tcp_endpoint/ros_tcp_endpoint.egg-info to /home/pizzu01/ros2_humble/install/ros_tcp_endpoint/lib/python3.10/site-packages/ros_tcp_endpoint-0.0.1-py3.10.egg-info
[3.455s] running install_scripts
[3.491s] Installing default_server_endpoint script to /home/pizzu01/ros2_humble/install/ros_tcp_endpoint/lib/ros_tcp_endpoint
[3.492s] writing list of installed files to '/home/pizzu01/ros2_humble/build/ros_tcp_endpoint/install.log'
[3.536s] Invoked command in '/home/pizzu01/ros2_humble/src/ROS-TCP-Endpoint' returned '0': PYTHONPATH=/home/pizzu01/ros2_humble/build/ros_tcp_endpoint/prefix_override:/usr/lib/python3/dist-packages/colcon_core/task/python/colcon_distutils_commands:/home/pizzu01/ros2_humble/install/ros_tcp_endpoint/lib/python3.10/site-packages:${PYTHONPATH} /usr/bin/python3 -W ignore:setup.py install is deprecated -W ignore:easy_install command is deprecated setup.py egg_info --egg-base ../../build/ros_tcp_endpoint build --build-base /home/pizzu01/ros2_humble/build/ros_tcp_endpoint/build install --record /home/pizzu01/ros2_humble/build/ros_tcp_endpoint/install.log --install-scripts $base/lib/ros_tcp_endpoint --single-version-externally-managed install_data
