[0.061s] Invoking command in '/home/pizzu01/ros2_humble/build/tm_description': CMAKE_PREFIX_PATH=${CMAKE_PREFIX_PATH}:/home/pizzu01/ros2_humble/install/ros_tcp_endpoint:/home/pizzu01/ros2_humble/install/my_ros2_package:/home/pizzu01/install/ros_tcp_endpoint:/home/pizzu01/install/my_ros2_package:/opt/ros/humble /usr/bin/cmake --build /home/pizzu01/ros2_humble/build/tm_description -- -j4 -l4
[0.922s] Invoked command in '/home/pizzu01/ros2_humble/build/tm_description' returned '0': CMAKE_PREFIX_PATH=${CMAKE_PREFIX_PATH}:/home/pizzu01/ros2_humble/install/ros_tcp_endpoint:/home/pizzu01/ros2_humble/install/my_ros2_package:/home/pizzu01/install/ros_tcp_endpoint:/home/pizzu01/install/my_ros2_package:/opt/ros/humble /usr/bin/cmake --build /home/pizzu01/ros2_humble/build/tm_description -- -j4 -l4
[0.935s] Invoking command in '/home/pizzu01/ros2_humble/build/tm_description': CMAKE_PREFIX_PATH=${CMAKE_PREFIX_PATH}:/home/pizzu01/ros2_humble/install/ros_tcp_endpoint:/home/pizzu01/ros2_humble/install/my_ros2_package:/home/pizzu01/install/ros_tcp_endpoint:/home/pizzu01/install/my_ros2_package:/opt/ros/humble /usr/bin/cmake --install /home/pizzu01/ros2_humble/build/tm_description
[0.951s] -- Install configuration: ""
[0.951s] -- Up-to-date: /home/pizzu01/ros2_humble/install/tm_description/share/tm_description/urdf
[0.951s] -- Up-to-date: /home/pizzu01/ros2_humble/install/tm_description/share/tm_description/urdf/common.gazebo.xacro
[0.952s] -- Up-to-date: /home/pizzu01/ros2_humble/install/tm_description/share/tm_description/urdf/tm700.urdf.xacro
[0.952s] -- Up-to-date: /home/pizzu01/ros2_humble/install/tm_description/share/tm_description/urdf/tm700_robot_joint_limited_eih.urdf.xacro
[0.952s] -- Up-to-date: /home/pizzu01/ros2_humble/install/tm_description/share/tm_description/urdf/tm900_robot_moveit.urdf
[0.952s] -- Up-to-date: /home/pizzu01/ros2_humble/install/tm_description/share/tm_description/urdf/tm900_robot.urdf.xacro:Zone.Identifier
[0.952s] -- Up-to-date: /home/pizzu01/ros2_humble/install/tm_description/share/tm_description/urdf/tm900_robot_joint_limited.urdf.xacro
[0.952s] -- Up-to-date: /home/pizzu01/ros2_humble/install/tm_description/share/tm_description/urdf/tm900.eih.xacro:Zone.Identifier
[0.953s] -- Up-to-date: /home/pizzu01/ros2_humble/install/tm_description/share/tm_description/urdf/tm900_robot_eih.urdf.xacro:Zone.Identifier
[0.953s] -- Up-to-date: /home/pizzu01/ros2_humble/install/tm_description/share/tm_description/urdf/tm700.eih.xacro
[0.953s] -- Up-to-date: /home/pizzu01/ros2_humble/install/tm_description/share/tm_description/urdf/common.gazebo.xacro:Zone.Identifier
[0.953s] -- Up-to-date: /home/pizzu01/ros2_humble/install/tm_description/share/tm_description/urdf/tm900_robot_eih.urdf.xacro
[0.953s] -- Up-to-date: /home/pizzu01/ros2_humble/install/tm_description/share/tm_description/urdf/tm900.eih.xacro
[0.953s] -- Up-to-date: /home/pizzu01/ros2_humble/install/tm_description/share/tm_description/urdf/tm700_robot.urdf.xacro
[0.954s] -- Up-to-date: /home/pizzu01/ros2_humble/install/tm_description/share/tm_description/urdf/tm900_robot_prova2.urdf
[0.954s] -- Up-to-date: /home/pizzu01/ros2_humble/install/tm_description/share/tm_description/urdf/tm700_robot_eih.urdf.xacro
[0.954s] -- Up-to-date: /home/pizzu01/ros2_humble/install/tm_description/share/tm_description/urdf/tm700_robot.urdf.xacro:Zone.Identifier
[0.954s] -- Up-to-date: /home/pizzu01/ros2_humble/install/tm_description/share/tm_description/urdf/tm900.urdf.xacro:Zone.Identifier
[0.955s] -- Up-to-date: /home/pizzu01/ros2_humble/install/tm_description/share/tm_description/urdf/tm900_robot_joint_limited_eih.urdf.xacro:Zone.Identifier
[0.955s] -- Up-to-date: /home/pizzu01/ros2_humble/install/tm_description/share/tm_description/urdf/tm.gazebo.xacro
[0.955s] -- Up-to-date: /home/pizzu01/ros2_humble/install/tm_description/share/tm_description/urdf/tm700.eih.xacro:Zone.Identifier
[0.956s] -- Up-to-date: /home/pizzu01/ros2_humble/install/tm_description/share/tm_description/urdf/tm700_simple.urdf:Zone.Identifier
[0.956s] -- Up-to-date: /home/pizzu01/ros2_humble/install/tm_description/share/tm_description/urdf/tm.transmission.xacro
[0.956s] -- Up-to-date: /home/pizzu01/ros2_humble/install/tm_description/share/tm_description/urdf/tm700_robot_joint_limited.urdf.xacro
[0.957s] -- Up-to-date: /home/pizzu01/ros2_humble/install/tm_description/share/tm_description/urdf/tm700.urdf.xacro:Zone.Identifier
[0.957s] -- Up-to-date: /home/pizzu01/ros2_humble/install/tm_description/share/tm_description/urdf/tm.gazebo.xacro:Zone.Identifier
[0.957s] -- Up-to-date: /home/pizzu01/ros2_humble/install/tm_description/share/tm_description/urdf/tm700simple.urdf
[0.958s] -- Up-to-date: /home/pizzu01/ros2_humble/install/tm_description/share/tm_description/urdf/tm900_robot_joint_limited.urdf.xacro:Zone.Identifier
[0.958s] -- Up-to-date: /home/pizzu01/ros2_humble/install/tm_description/share/tm_description/urdf/tm.transmission.xacro:Zone.Identifier
[0.958s] -- Up-to-date: /home/pizzu01/ros2_humble/install/tm_description/share/tm_description/urdf/tm900_robot_prova2.urdf:Zone.Identifier
[0.958s] -- Up-to-date: /home/pizzu01/ros2_humble/install/tm_description/share/tm_description/urdf/tm900.urdf.xacro
[0.959s] -- Up-to-date: /home/pizzu01/ros2_humble/install/tm_description/share/tm_description/urdf/tm700_robot_joint_limited_eih.urdf.xacro:Zone.Identifier
[0.959s] -- Up-to-date: /home/pizzu01/ros2_humble/install/tm_description/share/tm_description/urdf/tm900_robot.urdf.xacro
[0.959s] -- Up-to-date: /home/pizzu01/ros2_humble/install/tm_description/share/tm_description/urdf/tm700simple.urdf:Zone.Identifier
[0.960s] -- Up-to-date: /home/pizzu01/ros2_humble/install/tm_description/share/tm_description/urdf/tm900_robot.urdf
[0.960s] -- Up-to-date: /home/pizzu01/ros2_humble/install/tm_description/share/tm_description/urdf/tm700_simple.urdf
[0.960s] -- Up-to-date: /home/pizzu01/ros2_humble/install/tm_description/share/tm_description/urdf/tm900_robot.urdf:Zone.Identifier
[0.961s] -- Up-to-date: /home/pizzu01/ros2_humble/install/tm_description/share/tm_description/urdf/tm700_robot_joint_limited.urdf.xacro:Zone.Identifier
[0.962s] -- Up-to-date: /home/pizzu01/ros2_humble/install/tm_description/share/tm_description/urdf/tm700_robot_eih.urdf.xacro:Zone.Identifier
[0.963s] -- Up-to-date: /home/pizzu01/ros2_humble/install/tm_description/share/tm_description/urdf/tm900_robot_joint_limited_eih.urdf.xacro
[0.963s] -- Up-to-date: /home/pizzu01/ros2_humble/install/tm_description/share/tm_description/meshes
[0.964s] -- Up-to-date: /home/pizzu01/ros2_humble/install/tm_description/share/tm_description/meshes/tm700
[0.964s] -- Up-to-date: /home/pizzu01/ros2_humble/install/tm_description/share/tm_description/meshes/tm700/visual
[0.964s] -- Up-to-date: /home/pizzu01/ros2_humble/install/tm_description/share/tm_description/meshes/tm700/visual/Wrist2.dae
[0.965s] -- Up-to-date: /home/pizzu01/ros2_humble/install/tm_description/share/tm_description/meshes/tm700/visual/Wrist1.STL
[0.965s] -- Up-to-date: /home/pizzu01/ros2_humble/install/tm_description/share/tm_description/meshes/tm700/visual/Shoulder1.STL
[0.965s] -- Up-to-date: /home/pizzu01/ros2_humble/install/tm_description/share/tm_description/meshes/tm700/visual/Arm2.dae:Zone.Identifier
[0.965s] -- Up-to-date: /home/pizzu01/ros2_humble/install/tm_description/share/tm_description/meshes/tm700/visual/Arm2.STL:Zone.Identifier
[0.966s] -- Up-to-date: /home/pizzu01/ros2_humble/install/tm_description/share/tm_description/meshes/tm700/visual/Wrist3.STL
[0.966s] -- Up-to-date: /home/pizzu01/ros2_humble/install/tm_description/share/tm_description/meshes/tm700/visual/Arm2.STL
[0.966s] -- Up-to-date: /home/pizzu01/ros2_humble/install/tm_description/share/tm_description/meshes/tm700/visual/Wrist1.dae:Zone.Identifier
[0.967s] -- Up-to-date: /home/pizzu01/ros2_humble/install/tm_description/share/tm_description/meshes/tm700/visual/Base.STL:Zone.Identifier
[0.967s] -- Up-to-date: /home/pizzu01/ros2_humble/install/tm_description/share/tm_description/meshes/tm700/visual/Shoulder1.dae
[0.967s] -- Up-to-date: /home/pizzu01/ros2_humble/install/tm_description/share/tm_description/meshes/tm700/visual/Arm1.dae:Zone.Identifier
[0.968s] -- Up-to-date: /home/pizzu01/ros2_humble/install/tm_description/share/tm_description/meshes/tm700/visual/Arm2.dae
[0.968s] -- Up-to-date: /home/pizzu01/ros2_humble/install/tm_description/share/tm_description/meshes/tm700/visual/Wrist3.dae:Zone.Identifier
[0.968s] -- Up-to-date: /home/pizzu01/ros2_humble/install/tm_description/share/tm_description/meshes/tm700/visual/Wrist3_.dae:Zone.Identifier
[0.968s] -- Up-to-date: /home/pizzu01/ros2_humble/install/tm_description/share/tm_description/meshes/tm700/visual/Base.dae
[0.970s] -- Up-to-date: /home/pizzu01/ros2_humble/install/tm_description/share/tm_description/meshes/tm700/visual/Wrist2.STL
[0.970s] -- Up-to-date: /home/pizzu01/ros2_humble/install/tm_description/share/tm_description/meshes/tm700/visual/Arm1.STL:Zone.Identifier
[0.971s] -- Up-to-date: /home/pizzu01/ros2_humble/install/tm_description/share/tm_description/meshes/tm700/visual/Wrist3_.dae
[0.971s] -- Up-to-date: /home/pizzu01/ros2_humble/install/tm_description/share/tm_description/meshes/tm700/visual/Base.dae:Zone.Identifier
[0.971s] -- Up-to-date: /home/pizzu01/ros2_humble/install/tm_description/share/tm_description/meshes/tm700/visual/Wrist3.dae
[0.971s] -- Up-to-date: /home/pizzu01/ros2_humble/install/tm_description/share/tm_description/meshes/tm700/visual/Wrist2.STL:Zone.Identifier
[0.971s] -- Up-to-date: /home/pizzu01/ros2_humble/install/tm_description/share/tm_description/meshes/tm700/visual/Arm1.dae
[0.972s] -- Up-to-date: /home/pizzu01/ros2_humble/install/tm_description/share/tm_description/meshes/tm700/visual/Wrist1.dae
[0.972s] -- Up-to-date: /home/pizzu01/ros2_humble/install/tm_description/share/tm_description/meshes/tm700/visual/Shoulder1.dae:Zone.Identifier
[0.972s] -- Up-to-date: /home/pizzu01/ros2_humble/install/tm_description/share/tm_description/meshes/tm700/visual/Wrist1.STL:Zone.Identifier
[0.972s] -- Up-to-date: /home/pizzu01/ros2_humble/install/tm_description/share/tm_description/meshes/tm700/visual/Shoulder1.STL:Zone.Identifier
[0.972s] -- Up-to-date: /home/pizzu01/ros2_humble/install/tm_description/share/tm_description/meshes/tm700/visual/Base.STL
[0.972s] -- Up-to-date: /home/pizzu01/ros2_humble/install/tm_description/share/tm_description/meshes/tm700/visual/Wrist2.dae:Zone.Identifier
[0.973s] -- Up-to-date: /home/pizzu01/ros2_humble/install/tm_description/share/tm_description/meshes/tm700/visual/Wrist3.STL:Zone.Identifier
[0.973s] -- Up-to-date: /home/pizzu01/ros2_humble/install/tm_description/share/tm_description/meshes/tm700/visual/Arm1.STL
[0.973s] -- Up-to-date: /home/pizzu01/ros2_humble/install/tm_description/share/tm_description/meshes/tm700/collision
[0.973s] -- Up-to-date: /home/pizzu01/ros2_humble/install/tm_description/share/tm_description/meshes/tm700/collision/wrist_2.STL
[0.973s] -- Up-to-date: /home/pizzu01/ros2_humble/install/tm_description/share/tm_description/meshes/tm700/collision/base.STL
[0.973s] -- Up-to-date: /home/pizzu01/ros2_humble/install/tm_description/share/tm_description/meshes/tm700/collision/arm_1.STL
[0.974s] -- Up-to-date: /home/pizzu01/ros2_humble/install/tm_description/share/tm_description/meshes/tm700/collision/wrist_2.STL:Zone.Identifier
[0.974s] -- Up-to-date: /home/pizzu01/ros2_humble/install/tm_description/share/tm_description/meshes/tm700/collision/wrist_3.STL:Zone.Identifier
[0.974s] -- Up-to-date: /home/pizzu01/ros2_humble/install/tm_description/share/tm_description/meshes/tm700/collision/base.STL:Zone.Identifier
[0.974s] -- Up-to-date: /home/pizzu01/ros2_humble/install/tm_description/share/tm_description/meshes/tm700/collision/wrist_1.STL:Zone.Identifier
[0.974s] -- Up-to-date: /home/pizzu01/ros2_humble/install/tm_description/share/tm_description/meshes/tm700/collision/arm_2.STL:Zone.Identifier
[0.974s] -- Up-to-date: /home/pizzu01/ros2_humble/install/tm_description/share/tm_description/meshes/tm700/collision/shoulder_1.STL:Zone.Identifier
[0.975s] -- Up-to-date: /home/pizzu01/ros2_humble/install/tm_description/share/tm_description/meshes/tm700/collision/shoulder_1.STL
[0.982s] -- Up-to-date: /home/pizzu01/ros2_humble/install/tm_description/share/tm_description/meshes/tm700/collision/arm_2.STL
[0.983s] -- Up-to-date: /home/pizzu01/ros2_humble/install/tm_description/share/tm_description/meshes/tm700/collision/wrist_3_1.STL
[0.983s] -- Up-to-date: /home/pizzu01/ros2_humble/install/tm_description/share/tm_description/meshes/tm700/collision/wrist_3_2.STL:Zone.Identifier
[0.983s] -- Up-to-date: /home/pizzu01/ros2_humble/install/tm_description/share/tm_description/meshes/tm700/collision/wrist_3_2.STL
[0.983s] -- Up-to-date: /home/pizzu01/ros2_humble/install/tm_description/share/tm_description/meshes/tm700/collision/wrist_3_1.STL:Zone.Identifier
[0.983s] -- Up-to-date: /home/pizzu01/ros2_humble/install/tm_description/share/tm_description/meshes/tm700/collision/arm_1.STL:Zone.Identifier
[0.984s] -- Up-to-date: /home/pizzu01/ros2_humble/install/tm_description/share/tm_description/meshes/tm700/collision/wrist_3.STL
[0.984s] -- Up-to-date: /home/pizzu01/ros2_humble/install/tm_description/share/tm_description/meshes/tm700/collision/wrist_1.STL
[0.984s] -- Up-to-date: /home/pizzu01/ros2_humble/install/tm_description/share/tm_description/meshes/tm900
[0.984s] -- Up-to-date: /home/pizzu01/ros2_humble/install/tm_description/share/tm_description/meshes/tm900/visual
[0.984s] -- Up-to-date: /home/pizzu01/ros2_humble/install/tm_description/share/tm_description/meshes/tm900/visual/Wrist2.dae
[0.984s] -- Up-to-date: /home/pizzu01/ros2_humble/install/tm_description/share/tm_description/meshes/tm900/visual/Wrist1.STL
[0.985s] -- Up-to-date: /home/pizzu01/ros2_humble/install/tm_description/share/tm_description/meshes/tm900/visual/Shoulder1.STL
[0.985s] -- Up-to-date: /home/pizzu01/ros2_humble/install/tm_description/share/tm_description/meshes/tm900/visual/Arm2.dae:Zone.Identifier
[0.985s] -- Up-to-date: /home/pizzu01/ros2_humble/install/tm_description/share/tm_description/meshes/tm900/visual/Arm2.STL:Zone.Identifier
[0.985s] -- Up-to-date: /home/pizzu01/ros2_humble/install/tm_description/share/tm_description/meshes/tm900/visual/Wrist3.STL
[0.985s] -- Up-to-date: /home/pizzu01/ros2_humble/install/tm_description/share/tm_description/meshes/tm900/visual/Arm2.STL
[0.985s] -- Up-to-date: /home/pizzu01/ros2_humble/install/tm_description/share/tm_description/meshes/tm900/visual/Wrist1.dae:Zone.Identifier
[0.986s] -- Up-to-date: /home/pizzu01/ros2_humble/install/tm_description/share/tm_description/meshes/tm900/visual/Base.STL:Zone.Identifier
[0.986s] -- Up-to-date: /home/pizzu01/ros2_humble/install/tm_description/share/tm_description/meshes/tm900/visual/Shoulder1.dae
[0.986s] -- Up-to-date: /home/pizzu01/ros2_humble/install/tm_description/share/tm_description/meshes/tm900/visual/Arm1.dae:Zone.Identifier
[0.986s] -- Up-to-date: /home/pizzu01/ros2_humble/install/tm_description/share/tm_description/meshes/tm900/visual/Arm2.dae
[0.986s] -- Up-to-date: /home/pizzu01/ros2_humble/install/tm_description/share/tm_description/meshes/tm900/visual/Wrist3.dae:Zone.Identifier
[0.986s] -- Up-to-date: /home/pizzu01/ros2_humble/install/tm_description/share/tm_description/meshes/tm900/visual/Base.dae
[0.986s] -- Up-to-date: /home/pizzu01/ros2_humble/install/tm_description/share/tm_description/meshes/tm900/visual/Wrist2.STL
[0.987s] -- Up-to-date: /home/pizzu01/ros2_humble/install/tm_description/share/tm_description/meshes/tm900/visual/Arm1.STL:Zone.Identifier
[0.987s] -- Up-to-date: /home/pizzu01/ros2_humble/install/tm_description/share/tm_description/meshes/tm900/visual/Base.dae:Zone.Identifier
[0.987s] -- Up-to-date: /home/pizzu01/ros2_humble/install/tm_description/share/tm_description/meshes/tm900/visual/Wrist3.dae
[0.987s] -- Up-to-date: /home/pizzu01/ros2_humble/install/tm_description/share/tm_description/meshes/tm900/visual/Wrist2.STL:Zone.Identifier
[0.987s] -- Up-to-date: /home/pizzu01/ros2_humble/install/tm_description/share/tm_description/meshes/tm900/visual/Arm1.dae
[0.987s] -- Up-to-date: /home/pizzu01/ros2_humble/install/tm_description/share/tm_description/meshes/tm900/visual/Wrist1.dae
[0.988s] -- Up-to-date: /home/pizzu01/ros2_humble/install/tm_description/share/tm_description/meshes/tm900/visual/Shoulder1.dae:Zone.Identifier
[0.988s] -- Up-to-date: /home/pizzu01/ros2_humble/install/tm_description/share/tm_description/meshes/tm900/visual/Wrist1.STL:Zone.Identifier
[0.988s] -- Up-to-date: /home/pizzu01/ros2_humble/install/tm_description/share/tm_description/meshes/tm900/visual/Shoulder1.STL:Zone.Identifier
[0.988s] -- Up-to-date: /home/pizzu01/ros2_humble/install/tm_description/share/tm_description/meshes/tm900/visual/Base.STL
[0.988s] -- Up-to-date: /home/pizzu01/ros2_humble/install/tm_description/share/tm_description/meshes/tm900/visual/Wrist2.dae:Zone.Identifier
[0.988s] -- Up-to-date: /home/pizzu01/ros2_humble/install/tm_description/share/tm_description/meshes/tm900/visual/Wrist3.STL:Zone.Identifier
[0.989s] -- Up-to-date: /home/pizzu01/ros2_humble/install/tm_description/share/tm_description/meshes/tm900/visual/Arm1.STL
[0.989s] -- Up-to-date: /home/pizzu01/ros2_humble/install/tm_description/share/tm_description/meshes/tm900/collision
[0.989s] -- Up-to-date: /home/pizzu01/ros2_humble/install/tm_description/share/tm_description/meshes/tm900/collision/wrist_2.STL
[0.989s] -- Up-to-date: /home/pizzu01/ros2_humble/install/tm_description/share/tm_description/meshes/tm900/collision/base.STL
[0.989s] -- Up-to-date: /home/pizzu01/ros2_humble/install/tm_description/share/tm_description/meshes/tm900/collision/arm_1.STL
[0.989s] -- Up-to-date: /home/pizzu01/ros2_humble/install/tm_description/share/tm_description/meshes/tm900/collision/wrist_2.STL:Zone.Identifier
[0.990s] -- Up-to-date: /home/pizzu01/ros2_humble/install/tm_description/share/tm_description/meshes/tm900/collision/wrist_3.STL:Zone.Identifier
[0.990s] -- Up-to-date: /home/pizzu01/ros2_humble/install/tm_description/share/tm_description/meshes/tm900/collision/base.STL:Zone.Identifier
[0.990s] -- Up-to-date: /home/pizzu01/ros2_humble/install/tm_description/share/tm_description/meshes/tm900/collision/wrist_1.STL:Zone.Identifier
[0.990s] -- Up-to-date: /home/pizzu01/ros2_humble/install/tm_description/share/tm_description/meshes/tm900/collision/arm_2.STL:Zone.Identifier
[0.990s] -- Up-to-date: /home/pizzu01/ros2_humble/install/tm_description/share/tm_description/meshes/tm900/collision/shoulder_1.STL:Zone.Identifier
[0.990s] -- Up-to-date: /home/pizzu01/ros2_humble/install/tm_description/share/tm_description/meshes/tm900/collision/shoulder_1.STL
[0.991s] -- Up-to-date: /home/pizzu01/ros2_humble/install/tm_description/share/tm_description/meshes/tm900/collision/arm_2.STL
[0.991s] -- Up-to-date: /home/pizzu01/ros2_humble/install/tm_description/share/tm_description/meshes/tm900/collision/wrist_3_1.STL
[0.991s] -- Up-to-date: /home/pizzu01/ros2_humble/install/tm_description/share/tm_description/meshes/tm900/collision/wrist_3_2.STL:Zone.Identifier
[0.991s] -- Up-to-date: /home/pizzu01/ros2_humble/install/tm_description/share/tm_description/meshes/tm900/collision/wrist_3_2.STL
[0.991s] -- Up-to-date: /home/pizzu01/ros2_humble/install/tm_description/share/tm_description/meshes/tm900/collision/wrist_3_1.STL:Zone.Identifier
[0.991s] -- Up-to-date: /home/pizzu01/ros2_humble/install/tm_description/share/tm_description/meshes/tm900/collision/arm_1.STL:Zone.Identifier
[0.992s] -- Up-to-date: /home/pizzu01/ros2_humble/install/tm_description/share/tm_description/meshes/tm900/collision/wrist_3.STL
[1.013s] -- Up-to-date: /home/pizzu01/ros2_humble/install/tm_description/share/tm_description/meshes/tm900/collision/wrist_1.STL
[1.013s] -- Up-to-date: /home/pizzu01/ros2_humble/install/tm_description/share/tm_description/launch
[1.013s] -- Up-to-date: /home/pizzu01/ros2_humble/install/tm_description/share/tm_description/launch/tm900_upload.launch
[1.014s] -- Up-to-date: /home/pizzu01/ros2_humble/install/tm_description/share/tm_description/launch/test.launch
[1.014s] -- Up-to-date: /home/pizzu01/ros2_humble/install/tm_description/share/tm_description/launch/tm700_upload.launch
[1.014s] -- Up-to-date: /home/pizzu01/ros2_humble/install/tm_description/share/tm_description/launch/tm700_upload.launch:Zone.Identifier
[1.014s] -- Up-to-date: /home/pizzu01/ros2_humble/install/tm_description/share/tm_description/launch/test.launch:Zone.Identifier
[1.014s] -- Up-to-date: /home/pizzu01/ros2_humble/install/tm_description/share/tm_description/launch/tm900_upload.launch:Zone.Identifier
[1.014s] -- Up-to-date: /home/pizzu01/ros2_humble/install/tm_description/share/tm_description/config
[1.014s] -- Up-to-date: /home/pizzu01/ros2_humble/install/tm_description/share/ament_index/resource_index/package_run_dependencies/tm_description
[1.015s] -- Up-to-date: /home/pizzu01/ros2_humble/install/tm_description/share/ament_index/resource_index/parent_prefix_path/tm_description
[1.015s] -- Up-to-date: /home/pizzu01/ros2_humble/install/tm_description/share/tm_description/environment/ament_prefix_path.sh
[1.015s] -- Up-to-date: /home/pizzu01/ros2_humble/install/tm_description/share/tm_description/environment/ament_prefix_path.dsv
[1.015s] -- Up-to-date: /home/pizzu01/ros2_humble/install/tm_description/share/tm_description/environment/path.sh
[1.015s] -- Up-to-date: /home/pizzu01/ros2_humble/install/tm_description/share/tm_description/environment/path.dsv
[1.015s] -- Up-to-date: /home/pizzu01/ros2_humble/install/tm_description/share/tm_description/local_setup.bash
[1.015s] -- Up-to-date: /home/pizzu01/ros2_humble/install/tm_description/share/tm_description/local_setup.sh
[1.016s] -- Up-to-date: /home/pizzu01/ros2_humble/install/tm_description/share/tm_description/local_setup.zsh
[1.016s] -- Up-to-date: /home/pizzu01/ros2_humble/install/tm_description/share/tm_description/local_setup.dsv
[1.016s] -- Installing: /home/pizzu01/ros2_humble/install/tm_description/share/tm_description/package.dsv
[1.016s] -- Up-to-date: /home/pizzu01/ros2_humble/install/tm_description/share/ament_index/resource_index/packages/tm_description
[1.016s] -- Up-to-date: /home/pizzu01/ros2_humble/install/tm_description/share/tm_description/cmake/tm_descriptionConfig.cmake
[1.016s] -- Up-to-date: /home/pizzu01/ros2_humble/install/tm_description/share/tm_description/cmake/tm_descriptionConfig-version.cmake
[1.016s] -- Up-to-date: /home/pizzu01/ros2_humble/install/tm_description/share/tm_description/package.xml
[1.017s] Invoked command in '/home/pizzu01/ros2_humble/build/tm_description' returned '0': CMAKE_PREFIX_PATH=${CMAKE_PREFIX_PATH}:/home/pizzu01/ros2_humble/install/ros_tcp_endpoint:/home/pizzu01/ros2_humble/install/my_ros2_package:/home/pizzu01/install/ros_tcp_endpoint:/home/pizzu01/install/my_ros2_package:/opt/ros/humble /usr/bin/cmake --install /home/pizzu01/ros2_humble/build/tm_description
