[0.291s] DEBUG:colcon:Command line arguments: ['/usr/bin/colcon', 'build']
[0.291s] DEBUG:colcon:Parsed command line arguments: Namespace(log_base=None, log_level=None, verb_name='build', build_base='build', install_base='install', merge_install=False, symlink_install=False, test_result_base=None, continue_on_error=False, executor='parallel', parallel_workers=4, event_handlers=None, ignore_user_meta=False, metas=['./colcon.meta'], base_paths=['.'], packages_ignore=None, packages_ignore_regex=None, paths=None, packages_up_to=None, packages_up_to_regex=None, packages_above=None, packages_above_and_dependencies=None, packages_above_depth=None, packages_select_by_dep=None, packages_skip_by_dep=None, packages_skip_up_to=None, packages_select_build_failed=False, packages_skip_build_finished=False, packages_select_test_failures=False, packages_skip_test_passed=False, packages_select=None, packages_skip=None, packages_select_regex=None, packages_skip_regex=None, packages_start=None, packages_end=None, allow_overriding=[], cmake_args=None, cmake_target=None, cmake_target_skip_unavailable=False, cmake_clean_cache=False, cmake_clean_first=False, cmake_force_configure=False, ament_cmake_args=None, catkin_cmake_args=None, catkin_skip_building_tests=False, verb_parser=<colcon_defaults.argument_parser.defaults.DefaultArgumentsDecorator object at 0x7ff328c14670>, verb_extension=<colcon_core.verb.build.BuildVerb object at 0x7ff328d9da20>, main=<bound method BuildVerb.main of <colcon_core.verb.build.BuildVerb object at 0x7ff328d9da20>>)
[0.503s] Level 1:colcon.colcon_core.package_discovery:discover_packages(colcon_meta) check parameters
[0.503s] Level 1:colcon.colcon_core.package_discovery:discover_packages(recursive) check parameters
[0.503s] Level 1:colcon.colcon_core.package_discovery:discover_packages(ignore) check parameters
[0.503s] Level 1:colcon.colcon_core.package_discovery:discover_packages(path) check parameters
[0.504s] Level 1:colcon.colcon_core.package_discovery:discover_packages(colcon_meta) discover
[0.504s] Level 1:colcon.colcon_core.package_discovery:discover_packages(recursive) discover
[0.504s] INFO:colcon.colcon_core.package_discovery:Crawling recursively for packages in '/home/pizzu01/ros2_humble'
[0.504s] Level 1:colcon.colcon_core.package_identification:_identify(.) by extensions ['ignore', 'ignore_ament_install']
[0.504s] Level 1:colcon.colcon_core.package_identification:_identify(.) by extension 'ignore'
[0.504s] Level 1:colcon.colcon_core.package_identification:_identify(.) by extension 'ignore_ament_install'
[0.504s] Level 1:colcon.colcon_core.package_identification:_identify(.) by extensions ['colcon_pkg']
[0.504s] Level 1:colcon.colcon_core.package_identification:_identify(.) by extension 'colcon_pkg'
[0.504s] Level 1:colcon.colcon_core.package_identification:_identify(.) by extensions ['colcon_meta']
[0.504s] Level 1:colcon.colcon_core.package_identification:_identify(.) by extension 'colcon_meta'
[0.504s] Level 1:colcon.colcon_core.package_identification:_identify(.) by extensions ['ros']
[0.504s] Level 1:colcon.colcon_core.package_identification:_identify(.) by extension 'ros'
[0.518s] Level 1:colcon.colcon_core.package_identification:_identify(.) by extensions ['cmake', 'python']
[0.518s] Level 1:colcon.colcon_core.package_identification:_identify(.) by extension 'cmake'
[0.518s] Level 1:colcon.colcon_core.package_identification:_identify(.) by extension 'python'
[0.518s] Level 1:colcon.colcon_core.package_identification:_identify(.) by extensions ['python_setup_py']
[0.518s] Level 1:colcon.colcon_core.package_identification:_identify(.) by extension 'python_setup_py'
[0.518s] Level 1:colcon.colcon_core.package_identification:_identify(build) by extensions ['ignore', 'ignore_ament_install']
[0.519s] Level 1:colcon.colcon_core.package_identification:_identify(build) by extension 'ignore'
[0.519s] Level 1:colcon.colcon_core.package_identification:_identify(build) ignored
[0.519s] Level 1:colcon.colcon_core.package_identification:_identify(install) by extensions ['ignore', 'ignore_ament_install']
[0.519s] Level 1:colcon.colcon_core.package_identification:_identify(install) by extension 'ignore'
[0.519s] Level 1:colcon.colcon_core.package_identification:_identify(install) ignored
[0.519s] Level 1:colcon.colcon_core.package_identification:_identify(log) by extensions ['ignore', 'ignore_ament_install']
[0.519s] Level 1:colcon.colcon_core.package_identification:_identify(log) by extension 'ignore'
[0.519s] Level 1:colcon.colcon_core.package_identification:_identify(log) ignored
[0.519s] Level 1:colcon.colcon_core.package_identification:_identify(src) by extensions ['ignore', 'ignore_ament_install']
[0.519s] Level 1:colcon.colcon_core.package_identification:_identify(src) by extension 'ignore'
[0.520s] Level 1:colcon.colcon_core.package_identification:_identify(src) by extension 'ignore_ament_install'
[0.520s] Level 1:colcon.colcon_core.package_identification:_identify(src) by extensions ['colcon_pkg']
[0.520s] Level 1:colcon.colcon_core.package_identification:_identify(src) by extension 'colcon_pkg'
[0.520s] Level 1:colcon.colcon_core.package_identification:_identify(src) by extensions ['colcon_meta']
[0.520s] Level 1:colcon.colcon_core.package_identification:_identify(src) by extension 'colcon_meta'
[0.520s] Level 1:colcon.colcon_core.package_identification:_identify(src) by extensions ['ros']
[0.520s] Level 1:colcon.colcon_core.package_identification:_identify(src) by extension 'ros'
[0.520s] Level 1:colcon.colcon_core.package_identification:_identify(src) by extensions ['cmake', 'python']
[0.520s] Level 1:colcon.colcon_core.package_identification:_identify(src) by extension 'cmake'
[0.520s] Level 1:colcon.colcon_core.package_identification:_identify(src) by extension 'python'
[0.520s] Level 1:colcon.colcon_core.package_identification:_identify(src) by extensions ['python_setup_py']
[0.520s] Level 1:colcon.colcon_core.package_identification:_identify(src) by extension 'python_setup_py'
[0.520s] Level 1:colcon.colcon_core.package_identification:_identify(src/ROS-TCP-Endpoint) by extensions ['ignore', 'ignore_ament_install']
[0.521s] Level 1:colcon.colcon_core.package_identification:_identify(src/ROS-TCP-Endpoint) by extension 'ignore'
[0.521s] Level 1:colcon.colcon_core.package_identification:_identify(src/ROS-TCP-Endpoint) by extension 'ignore_ament_install'
[0.521s] Level 1:colcon.colcon_core.package_identification:_identify(src/ROS-TCP-Endpoint) by extensions ['colcon_pkg']
[0.521s] Level 1:colcon.colcon_core.package_identification:_identify(src/ROS-TCP-Endpoint) by extension 'colcon_pkg'
[0.521s] Level 1:colcon.colcon_core.package_identification:_identify(src/ROS-TCP-Endpoint) by extensions ['colcon_meta']
[0.521s] Level 1:colcon.colcon_core.package_identification:_identify(src/ROS-TCP-Endpoint) by extension 'colcon_meta'
[0.521s] Level 1:colcon.colcon_core.package_identification:_identify(src/ROS-TCP-Endpoint) by extensions ['ros']
[0.521s] Level 1:colcon.colcon_core.package_identification:_identify(src/ROS-TCP-Endpoint) by extension 'ros'
[0.524s] DEBUG:colcon.colcon_core.package_identification:Package 'src/ROS-TCP-Endpoint' with type 'ros.ament_python' and name 'ros_tcp_endpoint'
[0.524s] Level 1:colcon.colcon_core.package_identification:_identify(src/gazebo_ros2_control) by extensions ['ignore', 'ignore_ament_install']
[0.524s] Level 1:colcon.colcon_core.package_identification:_identify(src/gazebo_ros2_control) by extension 'ignore'
[0.524s] Level 1:colcon.colcon_core.package_identification:_identify(src/gazebo_ros2_control) by extension 'ignore_ament_install'
[0.524s] Level 1:colcon.colcon_core.package_identification:_identify(src/gazebo_ros2_control) by extensions ['colcon_pkg']
[0.524s] Level 1:colcon.colcon_core.package_identification:_identify(src/gazebo_ros2_control) by extension 'colcon_pkg'
[0.524s] Level 1:colcon.colcon_core.package_identification:_identify(src/gazebo_ros2_control) by extensions ['colcon_meta']
[0.525s] Level 1:colcon.colcon_core.package_identification:_identify(src/gazebo_ros2_control) by extension 'colcon_meta'
[0.525s] Level 1:colcon.colcon_core.package_identification:_identify(src/gazebo_ros2_control) by extensions ['ros']
[0.525s] Level 1:colcon.colcon_core.package_identification:_identify(src/gazebo_ros2_control) by extension 'ros'
[0.525s] Level 1:colcon.colcon_core.package_identification:_identify(src/gazebo_ros2_control) by extensions ['cmake', 'python']
[0.525s] Level 1:colcon.colcon_core.package_identification:_identify(src/gazebo_ros2_control) by extension 'cmake'
[0.525s] Level 1:colcon.colcon_core.package_identification:_identify(src/gazebo_ros2_control) by extension 'python'
[0.525s] Level 1:colcon.colcon_core.package_identification:_identify(src/gazebo_ros2_control) by extensions ['python_setup_py']
[0.525s] Level 1:colcon.colcon_core.package_identification:_identify(src/gazebo_ros2_control) by extension 'python_setup_py'
[0.525s] Level 1:colcon.colcon_core.package_identification:_identify(src/gazebo_ros2_control/Docker) by extensions ['ignore', 'ignore_ament_install']
[0.525s] Level 1:colcon.colcon_core.package_identification:_identify(src/gazebo_ros2_control/Docker) by extension 'ignore'
[0.525s] Level 1:colcon.colcon_core.package_identification:_identify(src/gazebo_ros2_control/Docker) by extension 'ignore_ament_install'
[0.525s] Level 1:colcon.colcon_core.package_identification:_identify(src/gazebo_ros2_control/Docker) by extensions ['colcon_pkg']
[0.525s] Level 1:colcon.colcon_core.package_identification:_identify(src/gazebo_ros2_control/Docker) by extension 'colcon_pkg'
[0.525s] Level 1:colcon.colcon_core.package_identification:_identify(src/gazebo_ros2_control/Docker) by extensions ['colcon_meta']
[0.525s] Level 1:colcon.colcon_core.package_identification:_identify(src/gazebo_ros2_control/Docker) by extension 'colcon_meta'
[0.525s] Level 1:colcon.colcon_core.package_identification:_identify(src/gazebo_ros2_control/Docker) by extensions ['ros']
[0.525s] Level 1:colcon.colcon_core.package_identification:_identify(src/gazebo_ros2_control/Docker) by extension 'ros'
[0.526s] Level 1:colcon.colcon_core.package_identification:_identify(src/gazebo_ros2_control/Docker) by extensions ['cmake', 'python']
[0.526s] Level 1:colcon.colcon_core.package_identification:_identify(src/gazebo_ros2_control/Docker) by extension 'cmake'
[0.526s] Level 1:colcon.colcon_core.package_identification:_identify(src/gazebo_ros2_control/Docker) by extension 'python'
[0.526s] Level 1:colcon.colcon_core.package_identification:_identify(src/gazebo_ros2_control/Docker) by extensions ['python_setup_py']
[0.526s] Level 1:colcon.colcon_core.package_identification:_identify(src/gazebo_ros2_control/Docker) by extension 'python_setup_py'
[0.526s] Level 1:colcon.colcon_core.package_identification:_identify(src/gazebo_ros2_control/doc) by extensions ['ignore', 'ignore_ament_install']
[0.526s] Level 1:colcon.colcon_core.package_identification:_identify(src/gazebo_ros2_control/doc) by extension 'ignore'
[0.526s] Level 1:colcon.colcon_core.package_identification:_identify(src/gazebo_ros2_control/doc) by extension 'ignore_ament_install'
[0.526s] Level 1:colcon.colcon_core.package_identification:_identify(src/gazebo_ros2_control/doc) by extensions ['colcon_pkg']
[0.526s] Level 1:colcon.colcon_core.package_identification:_identify(src/gazebo_ros2_control/doc) by extension 'colcon_pkg'
[0.526s] Level 1:colcon.colcon_core.package_identification:_identify(src/gazebo_ros2_control/doc) by extensions ['colcon_meta']
[0.526s] Level 1:colcon.colcon_core.package_identification:_identify(src/gazebo_ros2_control/doc) by extension 'colcon_meta'
[0.526s] Level 1:colcon.colcon_core.package_identification:_identify(src/gazebo_ros2_control/doc) by extensions ['ros']
[0.526s] Level 1:colcon.colcon_core.package_identification:_identify(src/gazebo_ros2_control/doc) by extension 'ros'
[0.526s] Level 1:colcon.colcon_core.package_identification:_identify(src/gazebo_ros2_control/doc) by extensions ['cmake', 'python']
[0.526s] Level 1:colcon.colcon_core.package_identification:_identify(src/gazebo_ros2_control/doc) by extension 'cmake'
[0.526s] Level 1:colcon.colcon_core.package_identification:_identify(src/gazebo_ros2_control/doc) by extension 'python'
[0.526s] Level 1:colcon.colcon_core.package_identification:_identify(src/gazebo_ros2_control/doc) by extensions ['python_setup_py']
[0.526s] Level 1:colcon.colcon_core.package_identification:_identify(src/gazebo_ros2_control/doc) by extension 'python_setup_py'
[0.527s] Level 1:colcon.colcon_core.package_identification:_identify(src/gazebo_ros2_control/doc/img) by extensions ['ignore', 'ignore_ament_install']
[0.527s] Level 1:colcon.colcon_core.package_identification:_identify(src/gazebo_ros2_control/doc/img) by extension 'ignore'
[0.527s] Level 1:colcon.colcon_core.package_identification:_identify(src/gazebo_ros2_control/doc/img) by extension 'ignore_ament_install'
[0.527s] Level 1:colcon.colcon_core.package_identification:_identify(src/gazebo_ros2_control/doc/img) by extensions ['colcon_pkg']
[0.527s] Level 1:colcon.colcon_core.package_identification:_identify(src/gazebo_ros2_control/doc/img) by extension 'colcon_pkg'
[0.527s] Level 1:colcon.colcon_core.package_identification:_identify(src/gazebo_ros2_control/doc/img) by extensions ['colcon_meta']
[0.527s] Level 1:colcon.colcon_core.package_identification:_identify(src/gazebo_ros2_control/doc/img) by extension 'colcon_meta'
[0.527s] Level 1:colcon.colcon_core.package_identification:_identify(src/gazebo_ros2_control/doc/img) by extensions ['ros']
[0.527s] Level 1:colcon.colcon_core.package_identification:_identify(src/gazebo_ros2_control/doc/img) by extension 'ros'
[0.527s] Level 1:colcon.colcon_core.package_identification:_identify(src/gazebo_ros2_control/doc/img) by extensions ['cmake', 'python']
[0.527s] Level 1:colcon.colcon_core.package_identification:_identify(src/gazebo_ros2_control/doc/img) by extension 'cmake'
[0.527s] Level 1:colcon.colcon_core.package_identification:_identify(src/gazebo_ros2_control/doc/img) by extension 'python'
[0.527s] Level 1:colcon.colcon_core.package_identification:_identify(src/gazebo_ros2_control/doc/img) by extensions ['python_setup_py']
[0.527s] Level 1:colcon.colcon_core.package_identification:_identify(src/gazebo_ros2_control/doc/img) by extension 'python_setup_py'
[0.527s] Level 1:colcon.colcon_core.package_identification:_identify(src/gazebo_ros2_control/gazebo_ros2_control) by extensions ['ignore', 'ignore_ament_install']
[0.528s] Level 1:colcon.colcon_core.package_identification:_identify(src/gazebo_ros2_control/gazebo_ros2_control) by extension 'ignore'
[0.528s] Level 1:colcon.colcon_core.package_identification:_identify(src/gazebo_ros2_control/gazebo_ros2_control) by extension 'ignore_ament_install'
[0.528s] Level 1:colcon.colcon_core.package_identification:_identify(src/gazebo_ros2_control/gazebo_ros2_control) by extensions ['colcon_pkg']
[0.528s] Level 1:colcon.colcon_core.package_identification:_identify(src/gazebo_ros2_control/gazebo_ros2_control) by extension 'colcon_pkg'
[0.528s] Level 1:colcon.colcon_core.package_identification:_identify(src/gazebo_ros2_control/gazebo_ros2_control) by extensions ['colcon_meta']
[0.528s] Level 1:colcon.colcon_core.package_identification:_identify(src/gazebo_ros2_control/gazebo_ros2_control) by extension 'colcon_meta'
[0.528s] Level 1:colcon.colcon_core.package_identification:_identify(src/gazebo_ros2_control/gazebo_ros2_control) by extensions ['ros']
[0.528s] Level 1:colcon.colcon_core.package_identification:_identify(src/gazebo_ros2_control/gazebo_ros2_control) by extension 'ros'
[0.530s] DEBUG:colcon.colcon_core.package_identification:Package 'src/gazebo_ros2_control/gazebo_ros2_control' with type 'ros.ament_cmake' and name 'gazebo_ros2_control'
[0.531s] Level 1:colcon.colcon_core.package_identification:_identify(src/gazebo_ros2_control/gazebo_ros2_control_demos) by extensions ['ignore', 'ignore_ament_install']
[0.531s] Level 1:colcon.colcon_core.package_identification:_identify(src/gazebo_ros2_control/gazebo_ros2_control_demos) by extension 'ignore'
[0.531s] Level 1:colcon.colcon_core.package_identification:_identify(src/gazebo_ros2_control/gazebo_ros2_control_demos) by extension 'ignore_ament_install'
[0.531s] Level 1:colcon.colcon_core.package_identification:_identify(src/gazebo_ros2_control/gazebo_ros2_control_demos) by extensions ['colcon_pkg']
[0.531s] Level 1:colcon.colcon_core.package_identification:_identify(src/gazebo_ros2_control/gazebo_ros2_control_demos) by extension 'colcon_pkg'
[0.531s] Level 1:colcon.colcon_core.package_identification:_identify(src/gazebo_ros2_control/gazebo_ros2_control_demos) by extensions ['colcon_meta']
[0.531s] Level 1:colcon.colcon_core.package_identification:_identify(src/gazebo_ros2_control/gazebo_ros2_control_demos) by extension 'colcon_meta'
[0.531s] Level 1:colcon.colcon_core.package_identification:_identify(src/gazebo_ros2_control/gazebo_ros2_control_demos) by extensions ['ros']
[0.531s] Level 1:colcon.colcon_core.package_identification:_identify(src/gazebo_ros2_control/gazebo_ros2_control_demos) by extension 'ros'
[0.532s] DEBUG:colcon.colcon_core.package_identification:Package 'src/gazebo_ros2_control/gazebo_ros2_control_demos' with type 'ros.ament_cmake' and name 'gazebo_ros2_control_demos'
[0.533s] Level 1:colcon.colcon_core.package_identification:_identify(src/moveit_config_tm5_900) by extensions ['ignore', 'ignore_ament_install']
[0.533s] Level 1:colcon.colcon_core.package_identification:_identify(src/moveit_config_tm5_900) by extension 'ignore'
[0.533s] Level 1:colcon.colcon_core.package_identification:_identify(src/moveit_config_tm5_900) by extension 'ignore_ament_install'
[0.533s] Level 1:colcon.colcon_core.package_identification:_identify(src/moveit_config_tm5_900) by extensions ['colcon_pkg']
[0.533s] Level 1:colcon.colcon_core.package_identification:_identify(src/moveit_config_tm5_900) by extension 'colcon_pkg'
[0.533s] Level 1:colcon.colcon_core.package_identification:_identify(src/moveit_config_tm5_900) by extensions ['colcon_meta']
[0.533s] Level 1:colcon.colcon_core.package_identification:_identify(src/moveit_config_tm5_900) by extension 'colcon_meta'
[0.533s] Level 1:colcon.colcon_core.package_identification:_identify(src/moveit_config_tm5_900) by extensions ['ros']
[0.533s] Level 1:colcon.colcon_core.package_identification:_identify(src/moveit_config_tm5_900) by extension 'ros'
[0.534s] DEBUG:colcon.colcon_core.package_identification:Package 'src/moveit_config_tm5_900' with type 'ros.ament_cmake' and name 'moveit_config_tm5_900'
[0.534s] Level 1:colcon.colcon_core.package_identification:_identify(src/my_ros2_package) by extensions ['ignore', 'ignore_ament_install']
[0.534s] Level 1:colcon.colcon_core.package_identification:_identify(src/my_ros2_package) by extension 'ignore'
[0.534s] Level 1:colcon.colcon_core.package_identification:_identify(src/my_ros2_package) by extension 'ignore_ament_install'
[0.534s] Level 1:colcon.colcon_core.package_identification:_identify(src/my_ros2_package) by extensions ['colcon_pkg']
[0.534s] Level 1:colcon.colcon_core.package_identification:_identify(src/my_ros2_package) by extension 'colcon_pkg'
[0.534s] Level 1:colcon.colcon_core.package_identification:_identify(src/my_ros2_package) by extensions ['colcon_meta']
[0.534s] Level 1:colcon.colcon_core.package_identification:_identify(src/my_ros2_package) by extension 'colcon_meta'
[0.534s] Level 1:colcon.colcon_core.package_identification:_identify(src/my_ros2_package) by extensions ['ros']
[0.534s] Level 1:colcon.colcon_core.package_identification:_identify(src/my_ros2_package) by extension 'ros'
[0.535s] DEBUG:colcon.colcon_core.package_identification:Package 'src/my_ros2_package' with type 'ros.ament_python' and name 'my_ros2_package'
[0.535s] Level 1:colcon.colcon_core.package_identification:_identify(src/tm_description) by extensions ['ignore', 'ignore_ament_install']
[0.535s] Level 1:colcon.colcon_core.package_identification:_identify(src/tm_description) by extension 'ignore'
[0.535s] Level 1:colcon.colcon_core.package_identification:_identify(src/tm_description) by extension 'ignore_ament_install'
[0.535s] Level 1:colcon.colcon_core.package_identification:_identify(src/tm_description) by extensions ['colcon_pkg']
[0.535s] Level 1:colcon.colcon_core.package_identification:_identify(src/tm_description) by extension 'colcon_pkg'
[0.536s] Level 1:colcon.colcon_core.package_identification:_identify(src/tm_description) by extensions ['colcon_meta']
[0.536s] Level 1:colcon.colcon_core.package_identification:_identify(src/tm_description) by extension 'colcon_meta'
[0.536s] Level 1:colcon.colcon_core.package_identification:_identify(src/tm_description) by extensions ['ros']
[0.536s] Level 1:colcon.colcon_core.package_identification:_identify(src/tm_description) by extension 'ros'
[0.536s] DEBUG:colcon.colcon_core.package_identification:Package 'src/tm_description' with type 'ros.ament_cmake' and name 'tm_description'
[0.536s] Level 1:colcon.colcon_core.package_identification:_identify(src/tm_moveit_config) by extensions ['ignore', 'ignore_ament_install']
[0.537s] Level 1:colcon.colcon_core.package_identification:_identify(src/tm_moveit_config) by extension 'ignore'
[0.537s] Level 1:colcon.colcon_core.package_identification:_identify(src/tm_moveit_config) by extension 'ignore_ament_install'
[0.537s] Level 1:colcon.colcon_core.package_identification:_identify(src/tm_moveit_config) by extensions ['colcon_pkg']
[0.537s] Level 1:colcon.colcon_core.package_identification:_identify(src/tm_moveit_config) by extension 'colcon_pkg'
[0.537s] Level 1:colcon.colcon_core.package_identification:_identify(src/tm_moveit_config) by extensions ['colcon_meta']
[0.537s] Level 1:colcon.colcon_core.package_identification:_identify(src/tm_moveit_config) by extension 'colcon_meta'
[0.537s] Level 1:colcon.colcon_core.package_identification:_identify(src/tm_moveit_config) by extensions ['ros']
[0.537s] Level 1:colcon.colcon_core.package_identification:_identify(src/tm_moveit_config) by extension 'ros'
[0.538s] DEBUG:colcon.colcon_core.package_identification:Package 'src/tm_moveit_config' with type 'ros.ament_cmake' and name 'tm_moveit_config'
[0.538s] Level 1:colcon.colcon_core.package_discovery:discover_packages(recursive) using defaults
[0.538s] Level 1:colcon.colcon_core.package_discovery:discover_packages(ignore) discover
[0.538s] Level 1:colcon.colcon_core.package_discovery:discover_packages(ignore) using defaults
[0.538s] Level 1:colcon.colcon_core.package_discovery:discover_packages(path) discover
[0.538s] Level 1:colcon.colcon_core.package_discovery:discover_packages(path) using defaults
[0.581s] Level 1:colcon.colcon_core.package_discovery:discover_packages(prefix_path) check parameters
[0.581s] Level 1:colcon.colcon_core.package_discovery:discover_packages(prefix_path) discover
[0.584s] DEBUG:colcon.colcon_installed_package_information.package_discovery:Found 8 installed packages in /home/pizzu01/ros2_humble/install
[0.585s] DEBUG:colcon.colcon_installed_package_information.package_discovery:Found 2 installed packages in /home/pizzu01/install
[0.586s] DEBUG:colcon.colcon_installed_package_information.package_discovery:Found 363 installed packages in /opt/ros/humble
[0.588s] Level 1:colcon.colcon_core.package_discovery:discover_packages(prefix_path) using defaults
[0.649s] Level 5:colcon.colcon_core.verb:set package 'gazebo_ros2_control' build argument 'cmake_args' from command line to 'None'
[0.649s] Level 5:colcon.colcon_core.verb:set package 'gazebo_ros2_control' build argument 'cmake_target' from command line to 'None'
[0.649s] Level 5:colcon.colcon_core.verb:set package 'gazebo_ros2_control' build argument 'cmake_target_skip_unavailable' from command line to 'False'
[0.649s] Level 5:colcon.colcon_core.verb:set package 'gazebo_ros2_control' build argument 'cmake_clean_cache' from command line to 'False'
[0.649s] Level 5:colcon.colcon_core.verb:set package 'gazebo_ros2_control' build argument 'cmake_clean_first' from command line to 'False'
[0.649s] Level 5:colcon.colcon_core.verb:set package 'gazebo_ros2_control' build argument 'cmake_force_configure' from command line to 'False'
[0.649s] Level 5:colcon.colcon_core.verb:set package 'gazebo_ros2_control' build argument 'ament_cmake_args' from command line to 'None'
[0.649s] Level 5:colcon.colcon_core.verb:set package 'gazebo_ros2_control' build argument 'catkin_cmake_args' from command line to 'None'
[0.649s] Level 5:colcon.colcon_core.verb:set package 'gazebo_ros2_control' build argument 'catkin_skip_building_tests' from command line to 'False'
[0.649s] DEBUG:colcon.colcon_core.verb:Building package 'gazebo_ros2_control' with the following arguments: {'ament_cmake_args': None, 'build_base': '/home/pizzu01/ros2_humble/build/gazebo_ros2_control', 'catkin_cmake_args': None, 'catkin_skip_building_tests': False, 'cmake_args': None, 'cmake_clean_cache': False, 'cmake_clean_first': False, 'cmake_force_configure': False, 'cmake_target': None, 'cmake_target_skip_unavailable': False, 'install_base': '/home/pizzu01/ros2_humble/install/gazebo_ros2_control', 'merge_install': False, 'path': '/home/pizzu01/ros2_humble/src/gazebo_ros2_control/gazebo_ros2_control', 'symlink_install': False, 'test_result_base': None}
[0.650s] Level 5:colcon.colcon_core.verb:set package 'my_ros2_package' build argument 'cmake_args' from command line to 'None'
[0.650s] Level 5:colcon.colcon_core.verb:set package 'my_ros2_package' build argument 'cmake_target' from command line to 'None'
[0.650s] Level 5:colcon.colcon_core.verb:set package 'my_ros2_package' build argument 'cmake_target_skip_unavailable' from command line to 'False'
[0.650s] Level 5:colcon.colcon_core.verb:set package 'my_ros2_package' build argument 'cmake_clean_cache' from command line to 'False'
[0.650s] Level 5:colcon.colcon_core.verb:set package 'my_ros2_package' build argument 'cmake_clean_first' from command line to 'False'
[0.650s] Level 5:colcon.colcon_core.verb:set package 'my_ros2_package' build argument 'cmake_force_configure' from command line to 'False'
[0.650s] Level 5:colcon.colcon_core.verb:set package 'my_ros2_package' build argument 'ament_cmake_args' from command line to 'None'
[0.650s] Level 5:colcon.colcon_core.verb:set package 'my_ros2_package' build argument 'catkin_cmake_args' from command line to 'None'
[0.650s] Level 5:colcon.colcon_core.verb:set package 'my_ros2_package' build argument 'catkin_skip_building_tests' from command line to 'False'
[0.650s] DEBUG:colcon.colcon_core.verb:Building package 'my_ros2_package' with the following arguments: {'ament_cmake_args': None, 'build_base': '/home/pizzu01/ros2_humble/build/my_ros2_package', 'catkin_cmake_args': None, 'catkin_skip_building_tests': False, 'cmake_args': None, 'cmake_clean_cache': False, 'cmake_clean_first': False, 'cmake_force_configure': False, 'cmake_target': None, 'cmake_target_skip_unavailable': False, 'install_base': '/home/pizzu01/ros2_humble/install/my_ros2_package', 'merge_install': False, 'path': '/home/pizzu01/ros2_humble/src/my_ros2_package', 'symlink_install': False, 'test_result_base': None}
[0.650s] Level 5:colcon.colcon_core.verb:set package 'ros_tcp_endpoint' build argument 'cmake_args' from command line to 'None'
[0.650s] Level 5:colcon.colcon_core.verb:set package 'ros_tcp_endpoint' build argument 'cmake_target' from command line to 'None'
[0.650s] Level 5:colcon.colcon_core.verb:set package 'ros_tcp_endpoint' build argument 'cmake_target_skip_unavailable' from command line to 'False'
[0.651s] Level 5:colcon.colcon_core.verb:set package 'ros_tcp_endpoint' build argument 'cmake_clean_cache' from command line to 'False'
[0.651s] Level 5:colcon.colcon_core.verb:set package 'ros_tcp_endpoint' build argument 'cmake_clean_first' from command line to 'False'
[0.651s] Level 5:colcon.colcon_core.verb:set package 'ros_tcp_endpoint' build argument 'cmake_force_configure' from command line to 'False'
[0.651s] Level 5:colcon.colcon_core.verb:set package 'ros_tcp_endpoint' build argument 'ament_cmake_args' from command line to 'None'
[0.651s] Level 5:colcon.colcon_core.verb:set package 'ros_tcp_endpoint' build argument 'catkin_cmake_args' from command line to 'None'
[0.651s] Level 5:colcon.colcon_core.verb:set package 'ros_tcp_endpoint' build argument 'catkin_skip_building_tests' from command line to 'False'
[0.651s] DEBUG:colcon.colcon_core.verb:Building package 'ros_tcp_endpoint' with the following arguments: {'ament_cmake_args': None, 'build_base': '/home/pizzu01/ros2_humble/build/ros_tcp_endpoint', 'catkin_cmake_args': None, 'catkin_skip_building_tests': False, 'cmake_args': None, 'cmake_clean_cache': False, 'cmake_clean_first': False, 'cmake_force_configure': False, 'cmake_target': None, 'cmake_target_skip_unavailable': False, 'install_base': '/home/pizzu01/ros2_humble/install/ros_tcp_endpoint', 'merge_install': False, 'path': '/home/pizzu01/ros2_humble/src/ROS-TCP-Endpoint', 'symlink_install': False, 'test_result_base': None}
[0.651s] Level 5:colcon.colcon_core.verb:set package 'tm_description' build argument 'cmake_args' from command line to 'None'
[0.651s] Level 5:colcon.colcon_core.verb:set package 'tm_description' build argument 'cmake_target' from command line to 'None'
[0.651s] Level 5:colcon.colcon_core.verb:set package 'tm_description' build argument 'cmake_target_skip_unavailable' from command line to 'False'
[0.651s] Level 5:colcon.colcon_core.verb:set package 'tm_description' build argument 'cmake_clean_cache' from command line to 'False'
[0.652s] Level 5:colcon.colcon_core.verb:set package 'tm_description' build argument 'cmake_clean_first' from command line to 'False'
[0.652s] Level 5:colcon.colcon_core.verb:set package 'tm_description' build argument 'cmake_force_configure' from command line to 'False'
[0.652s] Level 5:colcon.colcon_core.verb:set package 'tm_description' build argument 'ament_cmake_args' from command line to 'None'
[0.652s] Level 5:colcon.colcon_core.verb:set package 'tm_description' build argument 'catkin_cmake_args' from command line to 'None'
[0.652s] Level 5:colcon.colcon_core.verb:set package 'tm_description' build argument 'catkin_skip_building_tests' from command line to 'False'
[0.652s] DEBUG:colcon.colcon_core.verb:Building package 'tm_description' with the following arguments: {'ament_cmake_args': None, 'build_base': '/home/pizzu01/ros2_humble/build/tm_description', 'catkin_cmake_args': None, 'catkin_skip_building_tests': False, 'cmake_args': None, 'cmake_clean_cache': False, 'cmake_clean_first': False, 'cmake_force_configure': False, 'cmake_target': None, 'cmake_target_skip_unavailable': False, 'install_base': '/home/pizzu01/ros2_humble/install/tm_description', 'merge_install': False, 'path': '/home/pizzu01/ros2_humble/src/tm_description', 'symlink_install': False, 'test_result_base': None}
[0.652s] Level 5:colcon.colcon_core.verb:set package 'gazebo_ros2_control_demos' build argument 'cmake_args' from command line to 'None'
[0.652s] Level 5:colcon.colcon_core.verb:set package 'gazebo_ros2_control_demos' build argument 'cmake_target' from command line to 'None'
[0.652s] Level 5:colcon.colcon_core.verb:set package 'gazebo_ros2_control_demos' build argument 'cmake_target_skip_unavailable' from command line to 'False'
[0.652s] Level 5:colcon.colcon_core.verb:set package 'gazebo_ros2_control_demos' build argument 'cmake_clean_cache' from command line to 'False'
[0.652s] Level 5:colcon.colcon_core.verb:set package 'gazebo_ros2_control_demos' build argument 'cmake_clean_first' from command line to 'False'
[0.652s] Level 5:colcon.colcon_core.verb:set package 'gazebo_ros2_control_demos' build argument 'cmake_force_configure' from command line to 'False'
[0.652s] Level 5:colcon.colcon_core.verb:set package 'gazebo_ros2_control_demos' build argument 'ament_cmake_args' from command line to 'None'
[0.652s] Level 5:colcon.colcon_core.verb:set package 'gazebo_ros2_control_demos' build argument 'catkin_cmake_args' from command line to 'None'
[0.652s] Level 5:colcon.colcon_core.verb:set package 'gazebo_ros2_control_demos' build argument 'catkin_skip_building_tests' from command line to 'False'
[0.652s] DEBUG:colcon.colcon_core.verb:Building package 'gazebo_ros2_control_demos' with the following arguments: {'ament_cmake_args': None, 'build_base': '/home/pizzu01/ros2_humble/build/gazebo_ros2_control_demos', 'catkin_cmake_args': None, 'catkin_skip_building_tests': False, 'cmake_args': None, 'cmake_clean_cache': False, 'cmake_clean_first': False, 'cmake_force_configure': False, 'cmake_target': None, 'cmake_target_skip_unavailable': False, 'install_base': '/home/pizzu01/ros2_humble/install/gazebo_ros2_control_demos', 'merge_install': False, 'path': '/home/pizzu01/ros2_humble/src/gazebo_ros2_control/gazebo_ros2_control_demos', 'symlink_install': False, 'test_result_base': None}
[0.653s] Level 5:colcon.colcon_core.verb:set package 'moveit_config_tm5_900' build argument 'cmake_args' from command line to 'None'
[0.653s] Level 5:colcon.colcon_core.verb:set package 'moveit_config_tm5_900' build argument 'cmake_target' from command line to 'None'
[0.653s] Level 5:colcon.colcon_core.verb:set package 'moveit_config_tm5_900' build argument 'cmake_target_skip_unavailable' from command line to 'False'
[0.653s] Level 5:colcon.colcon_core.verb:set package 'moveit_config_tm5_900' build argument 'cmake_clean_cache' from command line to 'False'
[0.653s] Level 5:colcon.colcon_core.verb:set package 'moveit_config_tm5_900' build argument 'cmake_clean_first' from command line to 'False'
[0.653s] Level 5:colcon.colcon_core.verb:set package 'moveit_config_tm5_900' build argument 'cmake_force_configure' from command line to 'False'
[0.653s] Level 5:colcon.colcon_core.verb:set package 'moveit_config_tm5_900' build argument 'ament_cmake_args' from command line to 'None'
[0.653s] Level 5:colcon.colcon_core.verb:set package 'moveit_config_tm5_900' build argument 'catkin_cmake_args' from command line to 'None'
[0.653s] Level 5:colcon.colcon_core.verb:set package 'moveit_config_tm5_900' build argument 'catkin_skip_building_tests' from command line to 'False'
[0.653s] DEBUG:colcon.colcon_core.verb:Building package 'moveit_config_tm5_900' with the following arguments: {'ament_cmake_args': None, 'build_base': '/home/pizzu01/ros2_humble/build/moveit_config_tm5_900', 'catkin_cmake_args': None, 'catkin_skip_building_tests': False, 'cmake_args': None, 'cmake_clean_cache': False, 'cmake_clean_first': False, 'cmake_force_configure': False, 'cmake_target': None, 'cmake_target_skip_unavailable': False, 'install_base': '/home/pizzu01/ros2_humble/install/moveit_config_tm5_900', 'merge_install': False, 'path': '/home/pizzu01/ros2_humble/src/moveit_config_tm5_900', 'symlink_install': False, 'test_result_base': None}
[0.654s] Level 5:colcon.colcon_core.verb:set package 'tm_moveit_config' build argument 'cmake_args' from command line to 'None'
[0.654s] Level 5:colcon.colcon_core.verb:set package 'tm_moveit_config' build argument 'cmake_target' from command line to 'None'
[0.654s] Level 5:colcon.colcon_core.verb:set package 'tm_moveit_config' build argument 'cmake_target_skip_unavailable' from command line to 'False'
[0.654s] Level 5:colcon.colcon_core.verb:set package 'tm_moveit_config' build argument 'cmake_clean_cache' from command line to 'False'
[0.654s] Level 5:colcon.colcon_core.verb:set package 'tm_moveit_config' build argument 'cmake_clean_first' from command line to 'False'
[0.654s] Level 5:colcon.colcon_core.verb:set package 'tm_moveit_config' build argument 'cmake_force_configure' from command line to 'False'
[0.654s] Level 5:colcon.colcon_core.verb:set package 'tm_moveit_config' build argument 'ament_cmake_args' from command line to 'None'
[0.654s] Level 5:colcon.colcon_core.verb:set package 'tm_moveit_config' build argument 'catkin_cmake_args' from command line to 'None'
[0.654s] Level 5:colcon.colcon_core.verb:set package 'tm_moveit_config' build argument 'catkin_skip_building_tests' from command line to 'False'
[0.654s] DEBUG:colcon.colcon_core.verb:Building package 'tm_moveit_config' with the following arguments: {'ament_cmake_args': None, 'build_base': '/home/pizzu01/ros2_humble/build/tm_moveit_config', 'catkin_cmake_args': None, 'catkin_skip_building_tests': False, 'cmake_args': None, 'cmake_clean_cache': False, 'cmake_clean_first': False, 'cmake_force_configure': False, 'cmake_target': None, 'cmake_target_skip_unavailable': False, 'install_base': '/home/pizzu01/ros2_humble/install/tm_moveit_config', 'merge_install': False, 'path': '/home/pizzu01/ros2_humble/src/tm_moveit_config', 'symlink_install': False, 'test_result_base': None}
[0.654s] INFO:colcon.colcon_core.executor:Executing jobs using 'parallel' executor
[0.656s] DEBUG:colcon.colcon_parallel_executor.executor.parallel:run_until_complete
[0.657s] INFO:colcon.colcon_ros.task.ament_cmake.build:Building ROS package in '/home/pizzu01/ros2_humble/src/tm_description' with build type 'ament_cmake'
[0.657s] INFO:colcon.colcon_cmake.task.cmake.build:Building CMake package in '/home/pizzu01/ros2_humble/src/tm_description'
[0.660s] INFO:colcon.colcon_core.plugin_system:Skipping extension 'colcon_core.shell.bat': Not used on non-Windows systems
[0.660s] INFO:colcon.colcon_core.shell:Skip shell extension 'powershell' for command environment: Not usable outside of PowerShell
[0.660s] DEBUG:colcon.colcon_core.shell:Skip shell extension 'dsv' for command environment
[0.666s] INFO:colcon.colcon_ros.task.ament_cmake.build:Building ROS package in '/home/pizzu01/ros2_humble/src/gazebo_ros2_control/gazebo_ros2_control' with build type 'ament_cmake'
[0.667s] INFO:colcon.colcon_cmake.task.cmake.build:Building CMake package in '/home/pizzu01/ros2_humble/src/gazebo_ros2_control/gazebo_ros2_control'
[0.668s] INFO:colcon.colcon_core.shell:Skip shell extension 'powershell' for command environment: Not usable outside of PowerShell
[0.669s] DEBUG:colcon.colcon_core.shell:Skip shell extension 'dsv' for command environment
[0.682s] INFO:colcon.colcon_ros.task.ament_python.build:Building ROS package in '/home/pizzu01/ros2_humble/src/my_ros2_package' with build type 'ament_python'
[0.683s] Level 1:colcon.colcon_core.shell:create_environment_hook('my_ros2_package', 'ament_prefix_path')
[0.683s] INFO:colcon.colcon_core.shell:Creating environment hook '/home/pizzu01/ros2_humble/install/my_ros2_package/share/my_ros2_package/hook/ament_prefix_path.ps1'
[0.685s] INFO:colcon.colcon_core.shell:Creating environment descriptor '/home/pizzu01/ros2_humble/install/my_ros2_package/share/my_ros2_package/hook/ament_prefix_path.dsv'
[0.686s] INFO:colcon.colcon_core.shell:Creating environment hook '/home/pizzu01/ros2_humble/install/my_ros2_package/share/my_ros2_package/hook/ament_prefix_path.sh'
[0.688s] INFO:colcon.colcon_core.shell:Skip shell extension 'powershell' for command environment: Not usable outside of PowerShell
[0.688s] DEBUG:colcon.colcon_core.shell:Skip shell extension 'dsv' for command environment
[0.700s] INFO:colcon.colcon_ros.task.ament_python.build:Building ROS package in '/home/pizzu01/ros2_humble/src/ROS-TCP-Endpoint' with build type 'ament_python'
[0.700s] Level 1:colcon.colcon_core.shell:create_environment_hook('ros_tcp_endpoint', 'ament_prefix_path')
[0.702s] INFO:colcon.colcon_core.shell:Creating environment hook '/home/pizzu01/ros2_humble/install/ros_tcp_endpoint/share/ros_tcp_endpoint/hook/ament_prefix_path.ps1'
[0.703s] INFO:colcon.colcon_core.shell:Creating environment descriptor '/home/pizzu01/ros2_humble/install/ros_tcp_endpoint/share/ros_tcp_endpoint/hook/ament_prefix_path.dsv'
[0.705s] INFO:colcon.colcon_core.shell:Creating environment hook '/home/pizzu01/ros2_humble/install/ros_tcp_endpoint/share/ros_tcp_endpoint/hook/ament_prefix_path.sh'
[0.710s] INFO:colcon.colcon_core.shell:Skip shell extension 'powershell' for command environment: Not usable outside of PowerShell
[0.710s] DEBUG:colcon.colcon_core.shell:Skip shell extension 'dsv' for command environment
[0.734s] DEBUG:colcon.colcon_core.event_handler.log_command:Invoking command in '/home/pizzu01/ros2_humble/build/tm_description': CMAKE_PREFIX_PATH=${CMAKE_PREFIX_PATH}:/home/pizzu01/ros2_humble/install/ros_tcp_endpoint:/home/pizzu01/ros2_humble/install/my_ros2_package:/home/pizzu01/install/ros_tcp_endpoint:/home/pizzu01/install/my_ros2_package:/opt/ros/humble /usr/bin/cmake --build /home/pizzu01/ros2_humble/build/tm_description -- -j4 -l4
[0.743s] DEBUG:colcon.colcon_core.event_handler.log_command:Invoking command in '/home/pizzu01/ros2_humble/build/gazebo_ros2_control': CMAKE_PREFIX_PATH=${CMAKE_PREFIX_PATH}:/home/pizzu01/ros2_humble/install/ros_tcp_endpoint:/home/pizzu01/ros2_humble/install/my_ros2_package:/home/pizzu01/install/ros_tcp_endpoint:/home/pizzu01/install/my_ros2_package:/opt/ros/humble /usr/bin/cmake --build /home/pizzu01/ros2_humble/build/gazebo_ros2_control -- -j4 -l4
[1.135s] INFO:colcon.colcon_core.task.python.build:Building Python package in '/home/pizzu01/ros2_humble/src/my_ros2_package'
[1.135s] INFO:colcon.colcon_core.shell:Skip shell extension 'powershell' for command environment: Not usable outside of PowerShell
[1.135s] DEBUG:colcon.colcon_core.shell:Skip shell extension 'dsv' for command environment
[1.506s] INFO:colcon.colcon_core.task.python.build:Building Python package in '/home/pizzu01/ros2_humble/src/ROS-TCP-Endpoint'
[1.507s] INFO:colcon.colcon_core.shell:Skip shell extension 'powershell' for command environment: Not usable outside of PowerShell
[1.507s] DEBUG:colcon.colcon_core.shell:Skip shell extension 'dsv' for command environment
[1.519s] DEBUG:colcon.colcon_core.event_handler.log_command:Invoked command in '/home/pizzu01/ros2_humble/build/tm_description' returned '0': CMAKE_PREFIX_PATH=${CMAKE_PREFIX_PATH}:/home/pizzu01/ros2_humble/install/ros_tcp_endpoint:/home/pizzu01/ros2_humble/install/my_ros2_package:/home/pizzu01/install/ros_tcp_endpoint:/home/pizzu01/install/my_ros2_package:/opt/ros/humble /usr/bin/cmake --build /home/pizzu01/ros2_humble/build/tm_description -- -j4 -l4
[1.531s] DEBUG:colcon.colcon_core.event_handler.log_command:Invoking command in '/home/pizzu01/ros2_humble/build/tm_description': CMAKE_PREFIX_PATH=${CMAKE_PREFIX_PATH}:/home/pizzu01/ros2_humble/install/ros_tcp_endpoint:/home/pizzu01/ros2_humble/install/my_ros2_package:/home/pizzu01/install/ros_tcp_endpoint:/home/pizzu01/install/my_ros2_package:/opt/ros/humble /usr/bin/cmake --install /home/pizzu01/ros2_humble/build/tm_description
[1.532s] DEBUG:colcon.colcon_core.event_handler.log_command:Invoked command in '/home/pizzu01/ros2_humble/build/gazebo_ros2_control' returned '0': CMAKE_PREFIX_PATH=${CMAKE_PREFIX_PATH}:/home/pizzu01/ros2_humble/install/ros_tcp_endpoint:/home/pizzu01/ros2_humble/install/my_ros2_package:/home/pizzu01/install/ros_tcp_endpoint:/home/pizzu01/install/my_ros2_package:/opt/ros/humble /usr/bin/cmake --build /home/pizzu01/ros2_humble/build/gazebo_ros2_control -- -j4 -l4
[1.536s] DEBUG:colcon.colcon_core.event_handler.log_command:Invoking command in '/home/pizzu01/ros2_humble/build/gazebo_ros2_control': CMAKE_PREFIX_PATH=${CMAKE_PREFIX_PATH}:/home/pizzu01/ros2_humble/install/ros_tcp_endpoint:/home/pizzu01/ros2_humble/install/my_ros2_package:/home/pizzu01/install/ros_tcp_endpoint:/home/pizzu01/install/my_ros2_package:/opt/ros/humble /usr/bin/cmake --install /home/pizzu01/ros2_humble/build/gazebo_ros2_control
[1.567s] Level 1:colcon.colcon_core.environment:create_environment_scripts_only(tm_description)
[1.605s] DEBUG:colcon.colcon_core.event_handler.log_command:Invoked command in '/home/pizzu01/ros2_humble/build/tm_description' returned '0': CMAKE_PREFIX_PATH=${CMAKE_PREFIX_PATH}:/home/pizzu01/ros2_humble/install/ros_tcp_endpoint:/home/pizzu01/ros2_humble/install/my_ros2_package:/home/pizzu01/install/ros_tcp_endpoint:/home/pizzu01/install/my_ros2_package:/opt/ros/humble /usr/bin/cmake --install /home/pizzu01/ros2_humble/build/tm_description
[1.606s] Level 1:colcon.colcon_core.environment:checking '/home/pizzu01/ros2_humble/install/tm_description' for CMake module files
[1.607s] Level 1:colcon.colcon_core.environment:checking '/home/pizzu01/ros2_humble/install/tm_description' for CMake config files
[1.608s] Level 1:colcon.colcon_core.shell:create_environment_hook('tm_description', 'cmake_prefix_path')
[1.608s] INFO:colcon.colcon_core.shell:Creating environment hook '/home/pizzu01/ros2_humble/install/tm_description/share/tm_description/hook/cmake_prefix_path.ps1'
[1.609s] INFO:colcon.colcon_core.shell:Creating environment descriptor '/home/pizzu01/ros2_humble/install/tm_description/share/tm_description/hook/cmake_prefix_path.dsv'
[1.610s] INFO:colcon.colcon_core.shell:Creating environment hook '/home/pizzu01/ros2_humble/install/tm_description/share/tm_description/hook/cmake_prefix_path.sh'
[1.612s] Level 1:colcon.colcon_core.environment:checking '/home/pizzu01/ros2_humble/install/tm_description/bin'
[1.612s] Level 1:colcon.colcon_core.environment:checking '/home/pizzu01/ros2_humble/install/tm_description/lib/pkgconfig/tm_description.pc'
[1.613s] Level 1:colcon.colcon_core.environment:checking '/home/pizzu01/ros2_humble/install/tm_description/lib/python3.10/site-packages'
[1.613s] Level 1:colcon.colcon_core.environment:checking '/home/pizzu01/ros2_humble/install/tm_description/bin'
[1.614s] INFO:colcon.colcon_core.shell:Creating package script '/home/pizzu01/ros2_humble/install/tm_description/share/tm_description/package.ps1'
[1.616s] INFO:colcon.colcon_core.shell:Creating package descriptor '/home/pizzu01/ros2_humble/install/tm_description/share/tm_description/package.dsv'
[1.618s] INFO:colcon.colcon_core.shell:Creating package script '/home/pizzu01/ros2_humble/install/tm_description/share/tm_description/package.sh'
[1.621s] INFO:colcon.colcon_core.shell:Creating package script '/home/pizzu01/ros2_humble/install/tm_description/share/tm_description/package.bash'
[1.623s] INFO:colcon.colcon_core.shell:Creating package script '/home/pizzu01/ros2_humble/install/tm_description/share/tm_description/package.zsh'
[1.624s] Level 1:colcon.colcon_core.environment:create_file_with_runtime_dependencies(/home/pizzu01/ros2_humble/install/tm_description/share/colcon-core/packages/tm_description)
[1.625s] Level 1:colcon.colcon_core.environment:create_environment_scripts_only(tm_description)
[1.626s] Level 1:colcon.colcon_core.environment:checking '/home/pizzu01/ros2_humble/install/tm_description' for CMake module files
[1.627s] Level 1:colcon.colcon_core.environment:checking '/home/pizzu01/ros2_humble/install/tm_description' for CMake config files
[1.628s] Level 1:colcon.colcon_core.shell:create_environment_hook('tm_description', 'cmake_prefix_path')
[1.629s] INFO:colcon.colcon_core.shell:Creating environment hook '/home/pizzu01/ros2_humble/install/tm_description/share/tm_description/hook/cmake_prefix_path.ps1'
[1.630s] INFO:colcon.colcon_core.shell:Creating environment descriptor '/home/pizzu01/ros2_humble/install/tm_description/share/tm_description/hook/cmake_prefix_path.dsv'
[1.631s] INFO:colcon.colcon_core.shell:Creating environment hook '/home/pizzu01/ros2_humble/install/tm_description/share/tm_description/hook/cmake_prefix_path.sh'
[1.632s] Level 1:colcon.colcon_core.environment:checking '/home/pizzu01/ros2_humble/install/tm_description/bin'
[1.632s] Level 1:colcon.colcon_core.environment:checking '/home/pizzu01/ros2_humble/install/tm_description/lib/pkgconfig/tm_description.pc'
[1.633s] Level 1:colcon.colcon_core.environment:checking '/home/pizzu01/ros2_humble/install/tm_description/lib/python3.10/site-packages'
[1.633s] Level 1:colcon.colcon_core.environment:checking '/home/pizzu01/ros2_humble/install/tm_description/bin'
[1.634s] INFO:colcon.colcon_core.shell:Creating package script '/home/pizzu01/ros2_humble/install/tm_description/share/tm_description/package.ps1'
[1.635s] INFO:colcon.colcon_core.shell:Creating package descriptor '/home/pizzu01/ros2_humble/install/tm_description/share/tm_description/package.dsv'
[1.636s] INFO:colcon.colcon_core.shell:Creating package script '/home/pizzu01/ros2_humble/install/tm_description/share/tm_description/package.sh'
[1.637s] INFO:colcon.colcon_core.shell:Creating package script '/home/pizzu01/ros2_humble/install/tm_description/share/tm_description/package.bash'
[1.638s] INFO:colcon.colcon_core.shell:Creating package script '/home/pizzu01/ros2_humble/install/tm_description/share/tm_description/package.zsh'
[1.639s] Level 1:colcon.colcon_core.environment:create_file_with_runtime_dependencies(/home/pizzu01/ros2_humble/install/tm_description/share/colcon-core/packages/tm_description)
[1.640s] Level 1:colcon.colcon_core.environment:create_environment_scripts_only(gazebo_ros2_control)
[1.641s] DEBUG:colcon.colcon_core.event_handler.log_command:Invoked command in '/home/pizzu01/ros2_humble/build/gazebo_ros2_control' returned '0': CMAKE_PREFIX_PATH=${CMAKE_PREFIX_PATH}:/home/pizzu01/ros2_humble/install/ros_tcp_endpoint:/home/pizzu01/ros2_humble/install/my_ros2_package:/home/pizzu01/install/ros_tcp_endpoint:/home/pizzu01/install/my_ros2_package:/opt/ros/humble /usr/bin/cmake --install /home/pizzu01/ros2_humble/build/gazebo_ros2_control
[1.642s] Level 1:colcon.colcon_core.environment:checking '/home/pizzu01/ros2_humble/install/gazebo_ros2_control' for CMake module files
[1.645s] Level 1:colcon.colcon_core.environment:checking '/home/pizzu01/ros2_humble/install/gazebo_ros2_control' for CMake config files
[1.645s] Level 1:colcon.colcon_core.shell:create_environment_hook('gazebo_ros2_control', 'cmake_prefix_path')
[1.646s] INFO:colcon.colcon_core.shell:Creating environment hook '/home/pizzu01/ros2_humble/install/gazebo_ros2_control/share/gazebo_ros2_control/hook/cmake_prefix_path.ps1'
[1.648s] INFO:colcon.colcon_core.shell:Creating environment descriptor '/home/pizzu01/ros2_humble/install/gazebo_ros2_control/share/gazebo_ros2_control/hook/cmake_prefix_path.dsv'
[1.649s] INFO:colcon.colcon_core.shell:Creating environment hook '/home/pizzu01/ros2_humble/install/gazebo_ros2_control/share/gazebo_ros2_control/hook/cmake_prefix_path.sh'
[1.650s] Level 1:colcon.colcon_core.environment:checking '/home/pizzu01/ros2_humble/install/gazebo_ros2_control/lib'
[1.650s] Level 1:colcon.colcon_core.shell:create_environment_hook('gazebo_ros2_control', 'ld_library_path_lib')
[1.650s] INFO:colcon.colcon_core.shell:Creating environment hook '/home/pizzu01/ros2_humble/install/gazebo_ros2_control/share/gazebo_ros2_control/hook/ld_library_path_lib.ps1'
[1.651s] INFO:colcon.colcon_core.shell:Creating environment descriptor '/home/pizzu01/ros2_humble/install/gazebo_ros2_control/share/gazebo_ros2_control/hook/ld_library_path_lib.dsv'
[1.652s] INFO:colcon.colcon_core.shell:Creating environment hook '/home/pizzu01/ros2_humble/install/gazebo_ros2_control/share/gazebo_ros2_control/hook/ld_library_path_lib.sh'
[1.653s] Level 1:colcon.colcon_core.environment:checking '/home/pizzu01/ros2_humble/install/gazebo_ros2_control/bin'
[1.653s] Level 1:colcon.colcon_core.environment:checking '/home/pizzu01/ros2_humble/install/gazebo_ros2_control/lib/pkgconfig/gazebo_ros2_control.pc'
[1.653s] Level 1:colcon.colcon_core.environment:checking '/home/pizzu01/ros2_humble/install/gazebo_ros2_control/lib/python3.10/site-packages'
[1.653s] Level 1:colcon.colcon_core.environment:checking '/home/pizzu01/ros2_humble/install/gazebo_ros2_control/bin'
[1.655s] INFO:colcon.colcon_core.shell:Creating package script '/home/pizzu01/ros2_humble/install/gazebo_ros2_control/share/gazebo_ros2_control/package.ps1'
[1.657s] INFO:colcon.colcon_core.shell:Creating package descriptor '/home/pizzu01/ros2_humble/install/gazebo_ros2_control/share/gazebo_ros2_control/package.dsv'
[1.660s] INFO:colcon.colcon_core.shell:Creating package script '/home/pizzu01/ros2_humble/install/gazebo_ros2_control/share/gazebo_ros2_control/package.sh'
[1.662s] INFO:colcon.colcon_core.shell:Creating package script '/home/pizzu01/ros2_humble/install/gazebo_ros2_control/share/gazebo_ros2_control/package.bash'
[1.663s] INFO:colcon.colcon_core.shell:Creating package script '/home/pizzu01/ros2_humble/install/gazebo_ros2_control/share/gazebo_ros2_control/package.zsh'
[1.664s] Level 1:colcon.colcon_core.environment:create_file_with_runtime_dependencies(/home/pizzu01/ros2_humble/install/gazebo_ros2_control/share/colcon-core/packages/gazebo_ros2_control)
[1.665s] Level 1:colcon.colcon_core.environment:create_environment_scripts_only(gazebo_ros2_control)
[1.666s] Level 1:colcon.colcon_core.environment:checking '/home/pizzu01/ros2_humble/install/gazebo_ros2_control' for CMake module files
[1.668s] Level 1:colcon.colcon_core.environment:checking '/home/pizzu01/ros2_humble/install/gazebo_ros2_control' for CMake config files
[1.669s] Level 1:colcon.colcon_core.shell:create_environment_hook('gazebo_ros2_control', 'cmake_prefix_path')
[1.670s] INFO:colcon.colcon_core.shell:Creating environment hook '/home/pizzu01/ros2_humble/install/gazebo_ros2_control/share/gazebo_ros2_control/hook/cmake_prefix_path.ps1'
[1.671s] INFO:colcon.colcon_core.shell:Creating environment descriptor '/home/pizzu01/ros2_humble/install/gazebo_ros2_control/share/gazebo_ros2_control/hook/cmake_prefix_path.dsv'
[1.672s] INFO:colcon.colcon_core.shell:Creating environment hook '/home/pizzu01/ros2_humble/install/gazebo_ros2_control/share/gazebo_ros2_control/hook/cmake_prefix_path.sh'
[1.676s] Level 1:colcon.colcon_core.environment:checking '/home/pizzu01/ros2_humble/install/gazebo_ros2_control/lib'
[1.676s] Level 1:colcon.colcon_core.shell:create_environment_hook('gazebo_ros2_control', 'ld_library_path_lib')
[1.677s] INFO:colcon.colcon_core.shell:Creating environment hook '/home/pizzu01/ros2_humble/install/gazebo_ros2_control/share/gazebo_ros2_control/hook/ld_library_path_lib.ps1'
[1.678s] INFO:colcon.colcon_core.shell:Creating environment descriptor '/home/pizzu01/ros2_humble/install/gazebo_ros2_control/share/gazebo_ros2_control/hook/ld_library_path_lib.dsv'
[1.678s] INFO:colcon.colcon_core.shell:Creating environment hook '/home/pizzu01/ros2_humble/install/gazebo_ros2_control/share/gazebo_ros2_control/hook/ld_library_path_lib.sh'
[1.679s] Level 1:colcon.colcon_core.environment:checking '/home/pizzu01/ros2_humble/install/gazebo_ros2_control/bin'
[1.680s] Level 1:colcon.colcon_core.environment:checking '/home/pizzu01/ros2_humble/install/gazebo_ros2_control/lib/pkgconfig/gazebo_ros2_control.pc'
[1.680s] Level 1:colcon.colcon_core.environment:checking '/home/pizzu01/ros2_humble/install/gazebo_ros2_control/lib/python3.10/site-packages'
[1.681s] Level 1:colcon.colcon_core.environment:checking '/home/pizzu01/ros2_humble/install/gazebo_ros2_control/bin'
[1.681s] INFO:colcon.colcon_core.shell:Creating package script '/home/pizzu01/ros2_humble/install/gazebo_ros2_control/share/gazebo_ros2_control/package.ps1'
[1.683s] INFO:colcon.colcon_core.shell:Creating package descriptor '/home/pizzu01/ros2_humble/install/gazebo_ros2_control/share/gazebo_ros2_control/package.dsv'
[1.684s] INFO:colcon.colcon_core.shell:Creating package script '/home/pizzu01/ros2_humble/install/gazebo_ros2_control/share/gazebo_ros2_control/package.sh'
[1.685s] INFO:colcon.colcon_core.shell:Creating package script '/home/pizzu01/ros2_humble/install/gazebo_ros2_control/share/gazebo_ros2_control/package.bash'
[1.686s] INFO:colcon.colcon_core.shell:Creating package script '/home/pizzu01/ros2_humble/install/gazebo_ros2_control/share/gazebo_ros2_control/package.zsh'
[1.687s] Level 1:colcon.colcon_core.environment:create_file_with_runtime_dependencies(/home/pizzu01/ros2_humble/install/gazebo_ros2_control/share/colcon-core/packages/gazebo_ros2_control)
[1.694s] INFO:colcon.colcon_ros.task.ament_cmake.build:Building ROS package in '/home/pizzu01/ros2_humble/src/gazebo_ros2_control/gazebo_ros2_control_demos' with build type 'ament_cmake'
[1.695s] INFO:colcon.colcon_cmake.task.cmake.build:Building CMake package in '/home/pizzu01/ros2_humble/src/gazebo_ros2_control/gazebo_ros2_control_demos'
[1.696s] INFO:colcon.colcon_core.shell:Skip shell extension 'powershell' for command environment: Not usable outside of PowerShell
[1.696s] DEBUG:colcon.colcon_core.shell:Skip shell extension 'dsv' for command environment
[1.711s] INFO:colcon.colcon_ros.task.ament_cmake.build:Building ROS package in '/home/pizzu01/ros2_humble/src/moveit_config_tm5_900' with build type 'ament_cmake'
[1.712s] INFO:colcon.colcon_cmake.task.cmake.build:Building CMake package in '/home/pizzu01/ros2_humble/src/moveit_config_tm5_900'
[1.714s] INFO:colcon.colcon_core.shell:Skip shell extension 'powershell' for command environment: Not usable outside of PowerShell
[1.714s] DEBUG:colcon.colcon_core.shell:Skip shell extension 'dsv' for command environment
[1.888s] DEBUG:colcon.colcon_core.event_handler.log_command:Invoking command in '/home/pizzu01/ros2_humble/build/moveit_config_tm5_900': CMAKE_PREFIX_PATH=/home/pizzu01/ros2_humble/install/tm_description:/home/pizzu01/ros2_humble/install/tm_moveit_config:/home/pizzu01/ros2_humble/install/moveit_config_tm5_900:/home/pizzu01/ros2_humble/install/hello_moveit:/home/pizzu01/ros2_humble/install/gazebo_ros2_control_demos:/home/pizzu01/ros2_humble/install/gazebo_ros2_control:/home/pizzu01/ros2_humble/install/ros_tcp_endpoint:/home/pizzu01/ros2_humble/install/my_ros2_package:/home/pizzu01/install/ros_tcp_endpoint:/home/pizzu01/install/my_ros2_package:/opt/ros/humble /usr/bin/cmake --build /home/pizzu01/ros2_humble/build/moveit_config_tm5_900 -- -j4 -l4
[1.961s] DEBUG:colcon.colcon_core.event_handler.log_command:Invoking command in '/home/pizzu01/ros2_humble/build/gazebo_ros2_control_demos': CMAKE_PREFIX_PATH=/home/pizzu01/ros2_humble/install/gazebo_ros2_control:/home/pizzu01/ros2_humble/install/tm_moveit_config:/home/pizzu01/ros2_humble/install/moveit_config_tm5_900:/home/pizzu01/ros2_humble/install/tm_description:/home/pizzu01/ros2_humble/install/hello_moveit:/home/pizzu01/ros2_humble/install/gazebo_ros2_control_demos:/home/pizzu01/ros2_humble/install/ros_tcp_endpoint:/home/pizzu01/ros2_humble/install/my_ros2_package:/home/pizzu01/install/ros_tcp_endpoint:/home/pizzu01/install/my_ros2_package:/opt/ros/humble /usr/bin/cmake --build /home/pizzu01/ros2_humble/build/gazebo_ros2_control_demos -- -j4 -l4
[1.981s] DEBUG:colcon.colcon_core.event_handler.log_command:Invoked command in '/home/pizzu01/ros2_humble/build/moveit_config_tm5_900' returned '0': CMAKE_PREFIX_PATH=/home/pizzu01/ros2_humble/install/tm_description:/home/pizzu01/ros2_humble/install/tm_moveit_config:/home/pizzu01/ros2_humble/install/moveit_config_tm5_900:/home/pizzu01/ros2_humble/install/hello_moveit:/home/pizzu01/ros2_humble/install/gazebo_ros2_control_demos:/home/pizzu01/ros2_humble/install/gazebo_ros2_control:/home/pizzu01/ros2_humble/install/ros_tcp_endpoint:/home/pizzu01/ros2_humble/install/my_ros2_package:/home/pizzu01/install/ros_tcp_endpoint:/home/pizzu01/install/my_ros2_package:/opt/ros/humble /usr/bin/cmake --build /home/pizzu01/ros2_humble/build/moveit_config_tm5_900 -- -j4 -l4
[1.982s] DEBUG:colcon.colcon_core.event_handler.log_command:Invoking command in '/home/pizzu01/ros2_humble/build/moveit_config_tm5_900': CMAKE_PREFIX_PATH=/home/pizzu01/ros2_humble/install/tm_description:/home/pizzu01/ros2_humble/install/tm_moveit_config:/home/pizzu01/ros2_humble/install/moveit_config_tm5_900:/home/pizzu01/ros2_humble/install/hello_moveit:/home/pizzu01/ros2_humble/install/gazebo_ros2_control_demos:/home/pizzu01/ros2_humble/install/gazebo_ros2_control:/home/pizzu01/ros2_humble/install/ros_tcp_endpoint:/home/pizzu01/ros2_humble/install/my_ros2_package:/home/pizzu01/install/ros_tcp_endpoint:/home/pizzu01/install/my_ros2_package:/opt/ros/humble /usr/bin/cmake --install /home/pizzu01/ros2_humble/build/moveit_config_tm5_900
[2.005s] Level 1:colcon.colcon_core.environment:create_environment_scripts_only(moveit_config_tm5_900)
[2.006s] Level 1:colcon.colcon_core.environment:checking '/home/pizzu01/ros2_humble/install/moveit_config_tm5_900' for CMake module files
[2.007s] Level 1:colcon.colcon_core.environment:checking '/home/pizzu01/ros2_humble/install/moveit_config_tm5_900' for CMake config files
[2.008s] Level 1:colcon.colcon_core.shell:create_environment_hook('moveit_config_tm5_900', 'cmake_prefix_path')
[2.008s] INFO:colcon.colcon_core.shell:Creating environment hook '/home/pizzu01/ros2_humble/install/moveit_config_tm5_900/share/moveit_config_tm5_900/hook/cmake_prefix_path.ps1'
[2.009s] INFO:colcon.colcon_core.shell:Creating environment descriptor '/home/pizzu01/ros2_humble/install/moveit_config_tm5_900/share/moveit_config_tm5_900/hook/cmake_prefix_path.dsv'
[2.010s] INFO:colcon.colcon_core.shell:Creating environment hook '/home/pizzu01/ros2_humble/install/moveit_config_tm5_900/share/moveit_config_tm5_900/hook/cmake_prefix_path.sh'
[2.011s] Level 1:colcon.colcon_core.environment:checking '/home/pizzu01/ros2_humble/install/moveit_config_tm5_900/bin'
[2.011s] Level 1:colcon.colcon_core.environment:checking '/home/pizzu01/ros2_humble/install/moveit_config_tm5_900/lib/pkgconfig/moveit_config_tm5_900.pc'
[2.011s] Level 1:colcon.colcon_core.environment:checking '/home/pizzu01/ros2_humble/install/moveit_config_tm5_900/lib/python3.10/site-packages'
[2.012s] Level 1:colcon.colcon_core.environment:checking '/home/pizzu01/ros2_humble/install/moveit_config_tm5_900/bin'
[2.012s] INFO:colcon.colcon_core.shell:Creating package script '/home/pizzu01/ros2_humble/install/moveit_config_tm5_900/share/moveit_config_tm5_900/package.ps1'
[2.013s] INFO:colcon.colcon_core.shell:Creating package descriptor '/home/pizzu01/ros2_humble/install/moveit_config_tm5_900/share/moveit_config_tm5_900/package.dsv'
[2.014s] INFO:colcon.colcon_core.shell:Creating package script '/home/pizzu01/ros2_humble/install/moveit_config_tm5_900/share/moveit_config_tm5_900/package.sh'
[2.016s] INFO:colcon.colcon_core.shell:Creating package script '/home/pizzu01/ros2_humble/install/moveit_config_tm5_900/share/moveit_config_tm5_900/package.bash'
[2.019s] INFO:colcon.colcon_core.shell:Creating package script '/home/pizzu01/ros2_humble/install/moveit_config_tm5_900/share/moveit_config_tm5_900/package.zsh'
[2.020s] Level 1:colcon.colcon_core.environment:create_file_with_runtime_dependencies(/home/pizzu01/ros2_humble/install/moveit_config_tm5_900/share/colcon-core/packages/moveit_config_tm5_900)
[2.022s] Level 1:colcon.colcon_core.environment:create_environment_scripts_only(moveit_config_tm5_900)
[2.023s] Level 1:colcon.colcon_core.environment:checking '/home/pizzu01/ros2_humble/install/moveit_config_tm5_900' for CMake module files
[2.024s] Level 1:colcon.colcon_core.environment:checking '/home/pizzu01/ros2_humble/install/moveit_config_tm5_900' for CMake config files
[2.024s] Level 1:colcon.colcon_core.shell:create_environment_hook('moveit_config_tm5_900', 'cmake_prefix_path')
[2.024s] INFO:colcon.colcon_core.shell:Creating environment hook '/home/pizzu01/ros2_humble/install/moveit_config_tm5_900/share/moveit_config_tm5_900/hook/cmake_prefix_path.ps1'
[2.025s] INFO:colcon.colcon_core.shell:Creating environment descriptor '/home/pizzu01/ros2_humble/install/moveit_config_tm5_900/share/moveit_config_tm5_900/hook/cmake_prefix_path.dsv'
[2.026s] INFO:colcon.colcon_core.shell:Creating environment hook '/home/pizzu01/ros2_humble/install/moveit_config_tm5_900/share/moveit_config_tm5_900/hook/cmake_prefix_path.sh'
[2.027s] Level 1:colcon.colcon_core.environment:checking '/home/pizzu01/ros2_humble/install/moveit_config_tm5_900/bin'
[2.027s] Level 1:colcon.colcon_core.environment:checking '/home/pizzu01/ros2_humble/install/moveit_config_tm5_900/lib/pkgconfig/moveit_config_tm5_900.pc'
[2.027s] Level 1:colcon.colcon_core.environment:checking '/home/pizzu01/ros2_humble/install/moveit_config_tm5_900/lib/python3.10/site-packages'
[2.027s] Level 1:colcon.colcon_core.environment:checking '/home/pizzu01/ros2_humble/install/moveit_config_tm5_900/bin'
[2.028s] INFO:colcon.colcon_core.shell:Creating package script '/home/pizzu01/ros2_humble/install/moveit_config_tm5_900/share/moveit_config_tm5_900/package.ps1'
[2.028s] INFO:colcon.colcon_core.shell:Creating package descriptor '/home/pizzu01/ros2_humble/install/moveit_config_tm5_900/share/moveit_config_tm5_900/package.dsv'
[2.029s] INFO:colcon.colcon_core.shell:Creating package script '/home/pizzu01/ros2_humble/install/moveit_config_tm5_900/share/moveit_config_tm5_900/package.sh'
[2.030s] INFO:colcon.colcon_core.shell:Creating package script '/home/pizzu01/ros2_humble/install/moveit_config_tm5_900/share/moveit_config_tm5_900/package.bash'
[2.031s] INFO:colcon.colcon_core.shell:Creating package script '/home/pizzu01/ros2_humble/install/moveit_config_tm5_900/share/moveit_config_tm5_900/package.zsh'
[2.031s] Level 1:colcon.colcon_core.environment:create_file_with_runtime_dependencies(/home/pizzu01/ros2_humble/install/moveit_config_tm5_900/share/colcon-core/packages/moveit_config_tm5_900)
[2.032s] INFO:colcon.colcon_ros.task.ament_cmake.build:Building ROS package in '/home/pizzu01/ros2_humble/src/tm_moveit_config' with build type 'ament_cmake'
[2.032s] INFO:colcon.colcon_cmake.task.cmake.build:Building CMake package in '/home/pizzu01/ros2_humble/src/tm_moveit_config'
[2.032s] INFO:colcon.colcon_core.shell:Skip shell extension 'powershell' for command environment: Not usable outside of PowerShell
[2.033s] DEBUG:colcon.colcon_core.shell:Skip shell extension 'dsv' for command environment
[2.018s] DEBUG:colcon.colcon_core.event_handler.log_command:Invoked command in '/home/pizzu01/ros2_humble/build/moveit_config_tm5_900' returned '0': CMAKE_PREFIX_PATH=/home/pizzu01/ros2_humble/install/tm_description:/home/pizzu01/ros2_humble/install/tm_moveit_config:/home/pizzu01/ros2_humble/install/moveit_config_tm5_900:/home/pizzu01/ros2_humble/install/hello_moveit:/home/pizzu01/ros2_humble/install/gazebo_ros2_control_demos:/home/pizzu01/ros2_humble/install/gazebo_ros2_control:/home/pizzu01/ros2_humble/install/ros_tcp_endpoint:/home/pizzu01/ros2_humble/install/my_ros2_package:/home/pizzu01/install/ros_tcp_endpoint:/home/pizzu01/install/my_ros2_package:/opt/ros/humble /usr/bin/cmake --install /home/pizzu01/ros2_humble/build/moveit_config_tm5_900
[2.178s] DEBUG:colcon.colcon_core.event_handler.log_command:Invoking command in '/home/pizzu01/ros2_humble/build/tm_moveit_config': CMAKE_PREFIX_PATH=/home/pizzu01/ros2_humble/install/tm_description:/home/pizzu01/ros2_humble/install/tm_moveit_config:/home/pizzu01/ros2_humble/install/moveit_config_tm5_900:/home/pizzu01/ros2_humble/install/hello_moveit:/home/pizzu01/ros2_humble/install/gazebo_ros2_control_demos:/home/pizzu01/ros2_humble/install/gazebo_ros2_control:/home/pizzu01/ros2_humble/install/ros_tcp_endpoint:/home/pizzu01/ros2_humble/install/my_ros2_package:/home/pizzu01/install/ros_tcp_endpoint:/home/pizzu01/install/my_ros2_package:/opt/ros/humble /usr/bin/cmake --build /home/pizzu01/ros2_humble/build/tm_moveit_config -- -j4 -l4
[2.287s] DEBUG:colcon.colcon_core.event_handler.log_command:Invoked command in '/home/pizzu01/ros2_humble/build/tm_moveit_config' returned '0': CMAKE_PREFIX_PATH=/home/pizzu01/ros2_humble/install/tm_description:/home/pizzu01/ros2_humble/install/tm_moveit_config:/home/pizzu01/ros2_humble/install/moveit_config_tm5_900:/home/pizzu01/ros2_humble/install/hello_moveit:/home/pizzu01/ros2_humble/install/gazebo_ros2_control_demos:/home/pizzu01/ros2_humble/install/gazebo_ros2_control:/home/pizzu01/ros2_humble/install/ros_tcp_endpoint:/home/pizzu01/ros2_humble/install/my_ros2_package:/home/pizzu01/install/ros_tcp_endpoint:/home/pizzu01/install/my_ros2_package:/opt/ros/humble /usr/bin/cmake --build /home/pizzu01/ros2_humble/build/tm_moveit_config -- -j4 -l4
[2.288s] DEBUG:colcon.colcon_core.event_handler.log_command:Invoking command in '/home/pizzu01/ros2_humble/build/tm_moveit_config': CMAKE_PREFIX_PATH=/home/pizzu01/ros2_humble/install/tm_description:/home/pizzu01/ros2_humble/install/tm_moveit_config:/home/pizzu01/ros2_humble/install/moveit_config_tm5_900:/home/pizzu01/ros2_humble/install/hello_moveit:/home/pizzu01/ros2_humble/install/gazebo_ros2_control_demos:/home/pizzu01/ros2_humble/install/gazebo_ros2_control:/home/pizzu01/ros2_humble/install/ros_tcp_endpoint:/home/pizzu01/ros2_humble/install/my_ros2_package:/home/pizzu01/install/ros_tcp_endpoint:/home/pizzu01/install/my_ros2_package:/opt/ros/humble /usr/bin/cmake --install /home/pizzu01/ros2_humble/build/tm_moveit_config
[2.314s] Level 1:colcon.colcon_core.environment:create_environment_scripts_only(tm_moveit_config)
[2.315s] Level 1:colcon.colcon_core.environment:checking '/home/pizzu01/ros2_humble/install/tm_moveit_config' for CMake module files
[2.316s] Level 1:colcon.colcon_core.environment:checking '/home/pizzu01/ros2_humble/install/tm_moveit_config' for CMake config files
[2.319s] Level 1:colcon.colcon_core.shell:create_environment_hook('tm_moveit_config', 'cmake_prefix_path')
[2.320s] INFO:colcon.colcon_core.shell:Creating environment hook '/home/pizzu01/ros2_humble/install/tm_moveit_config/share/tm_moveit_config/hook/cmake_prefix_path.ps1'
[2.336s] INFO:colcon.colcon_core.shell:Creating environment descriptor '/home/pizzu01/ros2_humble/install/tm_moveit_config/share/tm_moveit_config/hook/cmake_prefix_path.dsv'
[2.337s] INFO:colcon.colcon_core.shell:Creating environment hook '/home/pizzu01/ros2_humble/install/tm_moveit_config/share/tm_moveit_config/hook/cmake_prefix_path.sh'
[2.343s] DEBUG:colcon.colcon_core.event_handler.log_command:Invoked command in '/home/pizzu01/ros2_humble/build/tm_moveit_config' returned '0': CMAKE_PREFIX_PATH=/home/pizzu01/ros2_humble/install/tm_description:/home/pizzu01/ros2_humble/install/tm_moveit_config:/home/pizzu01/ros2_humble/install/moveit_config_tm5_900:/home/pizzu01/ros2_humble/install/hello_moveit:/home/pizzu01/ros2_humble/install/gazebo_ros2_control_demos:/home/pizzu01/ros2_humble/install/gazebo_ros2_control:/home/pizzu01/ros2_humble/install/ros_tcp_endpoint:/home/pizzu01/ros2_humble/install/my_ros2_package:/home/pizzu01/install/ros_tcp_endpoint:/home/pizzu01/install/my_ros2_package:/opt/ros/humble /usr/bin/cmake --install /home/pizzu01/ros2_humble/build/tm_moveit_config
[2.344s] Level 1:colcon.colcon_core.environment:checking '/home/pizzu01/ros2_humble/install/tm_moveit_config/lib'
[2.344s] Level 1:colcon.colcon_core.environment:checking '/home/pizzu01/ros2_humble/install/tm_moveit_config/bin'
[2.344s] Level 1:colcon.colcon_core.environment:checking '/home/pizzu01/ros2_humble/install/tm_moveit_config/lib/pkgconfig/tm_moveit_config.pc'
[2.345s] Level 1:colcon.colcon_core.environment:checking '/home/pizzu01/ros2_humble/install/tm_moveit_config/lib/python3.10/site-packages'
[2.345s] Level 1:colcon.colcon_core.environment:checking '/home/pizzu01/ros2_humble/install/tm_moveit_config/bin'
[2.346s] INFO:colcon.colcon_core.shell:Creating package script '/home/pizzu01/ros2_humble/install/tm_moveit_config/share/tm_moveit_config/package.ps1'
[2.348s] INFO:colcon.colcon_core.shell:Creating package descriptor '/home/pizzu01/ros2_humble/install/tm_moveit_config/share/tm_moveit_config/package.dsv'
[2.349s] INFO:colcon.colcon_core.shell:Creating package script '/home/pizzu01/ros2_humble/install/tm_moveit_config/share/tm_moveit_config/package.sh'
[2.349s] INFO:colcon.colcon_core.shell:Creating package script '/home/pizzu01/ros2_humble/install/tm_moveit_config/share/tm_moveit_config/package.bash'
[2.350s] INFO:colcon.colcon_core.shell:Creating package script '/home/pizzu01/ros2_humble/install/tm_moveit_config/share/tm_moveit_config/package.zsh'
[2.351s] Level 1:colcon.colcon_core.environment:create_file_with_runtime_dependencies(/home/pizzu01/ros2_humble/install/tm_moveit_config/share/colcon-core/packages/tm_moveit_config)
[2.352s] Level 1:colcon.colcon_core.environment:create_environment_scripts_only(tm_moveit_config)
[2.352s] Level 1:colcon.colcon_core.environment:checking '/home/pizzu01/ros2_humble/install/tm_moveit_config' for CMake module files
[2.353s] Level 1:colcon.colcon_core.environment:checking '/home/pizzu01/ros2_humble/install/tm_moveit_config' for CMake config files
[2.353s] Level 1:colcon.colcon_core.shell:create_environment_hook('tm_moveit_config', 'cmake_prefix_path')
[2.353s] INFO:colcon.colcon_core.shell:Creating environment hook '/home/pizzu01/ros2_humble/install/tm_moveit_config/share/tm_moveit_config/hook/cmake_prefix_path.ps1'
[2.354s] INFO:colcon.colcon_core.shell:Creating environment descriptor '/home/pizzu01/ros2_humble/install/tm_moveit_config/share/tm_moveit_config/hook/cmake_prefix_path.dsv'
[2.355s] INFO:colcon.colcon_core.shell:Creating environment hook '/home/pizzu01/ros2_humble/install/tm_moveit_config/share/tm_moveit_config/hook/cmake_prefix_path.sh'
[2.356s] Level 1:colcon.colcon_core.environment:checking '/home/pizzu01/ros2_humble/install/tm_moveit_config/lib'
[2.356s] Level 1:colcon.colcon_core.environment:checking '/home/pizzu01/ros2_humble/install/tm_moveit_config/bin'
[2.356s] Level 1:colcon.colcon_core.environment:checking '/home/pizzu01/ros2_humble/install/tm_moveit_config/lib/pkgconfig/tm_moveit_config.pc'
[2.356s] Level 1:colcon.colcon_core.environment:checking '/home/pizzu01/ros2_humble/install/tm_moveit_config/lib/python3.10/site-packages'
[2.356s] Level 1:colcon.colcon_core.environment:checking '/home/pizzu01/ros2_humble/install/tm_moveit_config/bin'
[2.357s] INFO:colcon.colcon_core.shell:Creating package script '/home/pizzu01/ros2_humble/install/tm_moveit_config/share/tm_moveit_config/package.ps1'
[2.359s] INFO:colcon.colcon_core.shell:Creating package descriptor '/home/pizzu01/ros2_humble/install/tm_moveit_config/share/tm_moveit_config/package.dsv'
[2.359s] INFO:colcon.colcon_core.shell:Creating package script '/home/pizzu01/ros2_humble/install/tm_moveit_config/share/tm_moveit_config/package.sh'
[2.360s] INFO:colcon.colcon_core.shell:Creating package script '/home/pizzu01/ros2_humble/install/tm_moveit_config/share/tm_moveit_config/package.bash'
[2.361s] INFO:colcon.colcon_core.shell:Creating package script '/home/pizzu01/ros2_humble/install/tm_moveit_config/share/tm_moveit_config/package.zsh'
[2.362s] Level 1:colcon.colcon_core.environment:create_file_with_runtime_dependencies(/home/pizzu01/ros2_humble/install/tm_moveit_config/share/colcon-core/packages/tm_moveit_config)
[2.365s] DEBUG:colcon.colcon_core.event_handler.log_command:Invoked command in '/home/pizzu01/ros2_humble/build/gazebo_ros2_control_demos' returned '0': CMAKE_PREFIX_PATH=/home/pizzu01/ros2_humble/install/gazebo_ros2_control:/home/pizzu01/ros2_humble/install/tm_moveit_config:/home/pizzu01/ros2_humble/install/moveit_config_tm5_900:/home/pizzu01/ros2_humble/install/tm_description:/home/pizzu01/ros2_humble/install/hello_moveit:/home/pizzu01/ros2_humble/install/gazebo_ros2_control_demos:/home/pizzu01/ros2_humble/install/ros_tcp_endpoint:/home/pizzu01/ros2_humble/install/my_ros2_package:/home/pizzu01/install/ros_tcp_endpoint:/home/pizzu01/install/my_ros2_package:/opt/ros/humble /usr/bin/cmake --build /home/pizzu01/ros2_humble/build/gazebo_ros2_control_demos -- -j4 -l4
[2.367s] DEBUG:colcon.colcon_core.event_handler.log_command:Invoking command in '/home/pizzu01/ros2_humble/build/gazebo_ros2_control_demos': CMAKE_PREFIX_PATH=/home/pizzu01/ros2_humble/install/gazebo_ros2_control:/home/pizzu01/ros2_humble/install/tm_moveit_config:/home/pizzu01/ros2_humble/install/moveit_config_tm5_900:/home/pizzu01/ros2_humble/install/tm_description:/home/pizzu01/ros2_humble/install/hello_moveit:/home/pizzu01/ros2_humble/install/gazebo_ros2_control_demos:/home/pizzu01/ros2_humble/install/ros_tcp_endpoint:/home/pizzu01/ros2_humble/install/my_ros2_package:/home/pizzu01/install/ros_tcp_endpoint:/home/pizzu01/install/my_ros2_package:/opt/ros/humble /usr/bin/cmake --install /home/pizzu01/ros2_humble/build/gazebo_ros2_control_demos
[2.415s] Level 1:colcon.colcon_core.environment:create_environment_scripts_only(gazebo_ros2_control_demos)
[2.415s] Level 1:colcon.colcon_core.environment:checking '/home/pizzu01/ros2_humble/install/gazebo_ros2_control_demos' for CMake module files
[2.417s] Level 1:colcon.colcon_core.environment:checking '/home/pizzu01/ros2_humble/install/gazebo_ros2_control_demos' for CMake config files
[2.417s] Level 1:colcon.colcon_core.shell:create_environment_hook('gazebo_ros2_control_demos', 'cmake_prefix_path')
[2.418s] INFO:colcon.colcon_core.shell:Creating environment hook '/home/pizzu01/ros2_humble/install/gazebo_ros2_control_demos/share/gazebo_ros2_control_demos/hook/cmake_prefix_path.ps1'
[2.420s] DEBUG:colcon.colcon_core.event_handler.log_command:Invoked command in '/home/pizzu01/ros2_humble/build/gazebo_ros2_control_demos' returned '0': CMAKE_PREFIX_PATH=/home/pizzu01/ros2_humble/install/gazebo_ros2_control:/home/pizzu01/ros2_humble/install/tm_moveit_config:/home/pizzu01/ros2_humble/install/moveit_config_tm5_900:/home/pizzu01/ros2_humble/install/tm_description:/home/pizzu01/ros2_humble/install/hello_moveit:/home/pizzu01/ros2_humble/install/gazebo_ros2_control_demos:/home/pizzu01/ros2_humble/install/ros_tcp_endpoint:/home/pizzu01/ros2_humble/install/my_ros2_package:/home/pizzu01/install/ros_tcp_endpoint:/home/pizzu01/install/my_ros2_package:/opt/ros/humble /usr/bin/cmake --install /home/pizzu01/ros2_humble/build/gazebo_ros2_control_demos
[2.420s] INFO:colcon.colcon_core.shell:Creating environment descriptor '/home/pizzu01/ros2_humble/install/gazebo_ros2_control_demos/share/gazebo_ros2_control_demos/hook/cmake_prefix_path.dsv'
[2.421s] INFO:colcon.colcon_core.shell:Creating environment hook '/home/pizzu01/ros2_humble/install/gazebo_ros2_control_demos/share/gazebo_ros2_control_demos/hook/cmake_prefix_path.sh'
[2.422s] Level 1:colcon.colcon_core.environment:checking '/home/pizzu01/ros2_humble/install/gazebo_ros2_control_demos/lib'
[2.422s] Level 1:colcon.colcon_core.environment:checking '/home/pizzu01/ros2_humble/install/gazebo_ros2_control_demos/bin'
[2.423s] Level 1:colcon.colcon_core.environment:checking '/home/pizzu01/ros2_humble/install/gazebo_ros2_control_demos/lib/pkgconfig/gazebo_ros2_control_demos.pc'
[2.423s] Level 1:colcon.colcon_core.environment:checking '/home/pizzu01/ros2_humble/install/gazebo_ros2_control_demos/lib/python3.10/site-packages'
[2.423s] Level 1:colcon.colcon_core.environment:checking '/home/pizzu01/ros2_humble/install/gazebo_ros2_control_demos/bin'
[2.424s] INFO:colcon.colcon_core.shell:Creating package script '/home/pizzu01/ros2_humble/install/gazebo_ros2_control_demos/share/gazebo_ros2_control_demos/package.ps1'
[2.424s] INFO:colcon.colcon_core.shell:Creating package descriptor '/home/pizzu01/ros2_humble/install/gazebo_ros2_control_demos/share/gazebo_ros2_control_demos/package.dsv'
[2.425s] INFO:colcon.colcon_core.shell:Creating package script '/home/pizzu01/ros2_humble/install/gazebo_ros2_control_demos/share/gazebo_ros2_control_demos/package.sh'
[2.426s] INFO:colcon.colcon_core.shell:Creating package script '/home/pizzu01/ros2_humble/install/gazebo_ros2_control_demos/share/gazebo_ros2_control_demos/package.bash'
[2.427s] INFO:colcon.colcon_core.shell:Creating package script '/home/pizzu01/ros2_humble/install/gazebo_ros2_control_demos/share/gazebo_ros2_control_demos/package.zsh'
[2.428s] Level 1:colcon.colcon_core.environment:create_file_with_runtime_dependencies(/home/pizzu01/ros2_humble/install/gazebo_ros2_control_demos/share/colcon-core/packages/gazebo_ros2_control_demos)
[2.430s] Level 1:colcon.colcon_core.environment:create_environment_scripts_only(gazebo_ros2_control_demos)
[2.430s] Level 1:colcon.colcon_core.environment:checking '/home/pizzu01/ros2_humble/install/gazebo_ros2_control_demos' for CMake module files
[2.431s] Level 1:colcon.colcon_core.environment:checking '/home/pizzu01/ros2_humble/install/gazebo_ros2_control_demos' for CMake config files
[2.432s] Level 1:colcon.colcon_core.shell:create_environment_hook('gazebo_ros2_control_demos', 'cmake_prefix_path')
[2.433s] INFO:colcon.colcon_core.shell:Creating environment hook '/home/pizzu01/ros2_humble/install/gazebo_ros2_control_demos/share/gazebo_ros2_control_demos/hook/cmake_prefix_path.ps1'
[2.434s] INFO:colcon.colcon_core.shell:Creating environment descriptor '/home/pizzu01/ros2_humble/install/gazebo_ros2_control_demos/share/gazebo_ros2_control_demos/hook/cmake_prefix_path.dsv'
[2.435s] INFO:colcon.colcon_core.shell:Creating environment hook '/home/pizzu01/ros2_humble/install/gazebo_ros2_control_demos/share/gazebo_ros2_control_demos/hook/cmake_prefix_path.sh'
[2.436s] Level 1:colcon.colcon_core.environment:checking '/home/pizzu01/ros2_humble/install/gazebo_ros2_control_demos/lib'
[2.437s] Level 1:colcon.colcon_core.environment:checking '/home/pizzu01/ros2_humble/install/gazebo_ros2_control_demos/bin'
[2.437s] Level 1:colcon.colcon_core.environment:checking '/home/pizzu01/ros2_humble/install/gazebo_ros2_control_demos/lib/pkgconfig/gazebo_ros2_control_demos.pc'
[2.437s] Level 1:colcon.colcon_core.environment:checking '/home/pizzu01/ros2_humble/install/gazebo_ros2_control_demos/lib/python3.10/site-packages'
[2.438s] Level 1:colcon.colcon_core.environment:checking '/home/pizzu01/ros2_humble/install/gazebo_ros2_control_demos/bin'
[2.439s] INFO:colcon.colcon_core.shell:Creating package script '/home/pizzu01/ros2_humble/install/gazebo_ros2_control_demos/share/gazebo_ros2_control_demos/package.ps1'
[2.440s] INFO:colcon.colcon_core.shell:Creating package descriptor '/home/pizzu01/ros2_humble/install/gazebo_ros2_control_demos/share/gazebo_ros2_control_demos/package.dsv'
[2.441s] INFO:colcon.colcon_core.shell:Creating package script '/home/pizzu01/ros2_humble/install/gazebo_ros2_control_demos/share/gazebo_ros2_control_demos/package.sh'
[2.442s] INFO:colcon.colcon_core.shell:Creating package script '/home/pizzu01/ros2_humble/install/gazebo_ros2_control_demos/share/gazebo_ros2_control_demos/package.bash'
[2.443s] INFO:colcon.colcon_core.shell:Creating package script '/home/pizzu01/ros2_humble/install/gazebo_ros2_control_demos/share/gazebo_ros2_control_demos/package.zsh'
[2.444s] Level 1:colcon.colcon_core.environment:create_file_with_runtime_dependencies(/home/pizzu01/ros2_humble/install/gazebo_ros2_control_demos/share/colcon-core/packages/gazebo_ros2_control_demos)
[2.567s] DEBUG:colcon.colcon_core.event_handler.log_command:Invoking command in '/home/pizzu01/ros2_humble/src/my_ros2_package': PYTHONPATH=/home/pizzu01/ros2_humble/build/my_ros2_package/prefix_override:/usr/lib/python3/dist-packages/colcon_core/task/python/colcon_distutils_commands:/home/pizzu01/ros2_humble/install/my_ros2_package/lib/python3.10/site-packages:${PYTHONPATH} /usr/bin/python3 -W ignore:setup.py install is deprecated -W ignore:easy_install command is deprecated setup.py egg_info --egg-base ../../build/my_ros2_package build --build-base /home/pizzu01/ros2_humble/build/my_ros2_package/build install --record /home/pizzu01/ros2_humble/build/my_ros2_package/install.log --single-version-externally-managed install_data
[2.617s] DEBUG:colcon.colcon_core.event_handler.log_command:Invoking command in '/home/pizzu01/ros2_humble/src/ROS-TCP-Endpoint': PYTHONPATH=/home/pizzu01/ros2_humble/build/ros_tcp_endpoint/prefix_override:/usr/lib/python3/dist-packages/colcon_core/task/python/colcon_distutils_commands:/home/pizzu01/ros2_humble/install/ros_tcp_endpoint/lib/python3.10/site-packages:${PYTHONPATH} /usr/bin/python3 -W ignore:setup.py install is deprecated -W ignore:easy_install command is deprecated setup.py egg_info --egg-base ../../build/ros_tcp_endpoint build --build-base /home/pizzu01/ros2_humble/build/ros_tcp_endpoint/build install --record /home/pizzu01/ros2_humble/build/ros_tcp_endpoint/install.log --install-scripts $base/lib/ros_tcp_endpoint --single-version-externally-managed install_data
[3.051s] Level 1:colcon.colcon_core.environment:checking '/home/pizzu01/ros2_humble/install/my_ros2_package' for CMake module files
[3.051s] DEBUG:colcon.colcon_core.event_handler.log_command:Invoked command in '/home/pizzu01/ros2_humble/src/my_ros2_package' returned '0': PYTHONPATH=/home/pizzu01/ros2_humble/build/my_ros2_package/prefix_override:/usr/lib/python3/dist-packages/colcon_core/task/python/colcon_distutils_commands:/home/pizzu01/ros2_humble/install/my_ros2_package/lib/python3.10/site-packages:${PYTHONPATH} /usr/bin/python3 -W ignore:setup.py install is deprecated -W ignore:easy_install command is deprecated setup.py egg_info --egg-base ../../build/my_ros2_package build --build-base /home/pizzu01/ros2_humble/build/my_ros2_package/build install --record /home/pizzu01/ros2_humble/build/my_ros2_package/install.log --single-version-externally-managed install_data
[3.053s] Level 1:colcon.colcon_core.environment:checking '/home/pizzu01/ros2_humble/install/my_ros2_package' for CMake config files
[3.054s] Level 1:colcon.colcon_core.environment:checking '/home/pizzu01/ros2_humble/install/my_ros2_package/lib'
[3.054s] Level 1:colcon.colcon_core.environment:checking '/home/pizzu01/ros2_humble/install/my_ros2_package/bin'
[3.055s] Level 1:colcon.colcon_core.environment:checking '/home/pizzu01/ros2_humble/install/my_ros2_package/lib/pkgconfig/my_ros2_package.pc'
[3.055s] Level 1:colcon.colcon_core.environment:checking '/home/pizzu01/ros2_humble/install/my_ros2_package/lib/python3.10/site-packages'
[3.055s] Level 1:colcon.colcon_core.shell:create_environment_hook('my_ros2_package', 'pythonpath')
[3.056s] INFO:colcon.colcon_core.shell:Creating environment hook '/home/pizzu01/ros2_humble/install/my_ros2_package/share/my_ros2_package/hook/pythonpath.ps1'
[3.056s] INFO:colcon.colcon_core.shell:Creating environment descriptor '/home/pizzu01/ros2_humble/install/my_ros2_package/share/my_ros2_package/hook/pythonpath.dsv'
[3.057s] INFO:colcon.colcon_core.shell:Creating environment hook '/home/pizzu01/ros2_humble/install/my_ros2_package/share/my_ros2_package/hook/pythonpath.sh'
[3.058s] Level 1:colcon.colcon_core.environment:checking '/home/pizzu01/ros2_humble/install/my_ros2_package/bin'
[3.058s] Level 1:colcon.colcon_core.environment:create_environment_scripts_only(my_ros2_package)
[3.058s] INFO:colcon.colcon_core.shell:Creating package script '/home/pizzu01/ros2_humble/install/my_ros2_package/share/my_ros2_package/package.ps1'
[3.060s] INFO:colcon.colcon_core.shell:Creating package descriptor '/home/pizzu01/ros2_humble/install/my_ros2_package/share/my_ros2_package/package.dsv'
[3.061s] INFO:colcon.colcon_core.shell:Creating package script '/home/pizzu01/ros2_humble/install/my_ros2_package/share/my_ros2_package/package.sh'
[3.062s] INFO:colcon.colcon_core.shell:Creating package script '/home/pizzu01/ros2_humble/install/my_ros2_package/share/my_ros2_package/package.bash'
[3.063s] INFO:colcon.colcon_core.shell:Creating package script '/home/pizzu01/ros2_humble/install/my_ros2_package/share/my_ros2_package/package.zsh'
[3.063s] Level 1:colcon.colcon_core.environment:create_file_with_runtime_dependencies(/home/pizzu01/ros2_humble/install/my_ros2_package/share/colcon-core/packages/my_ros2_package)
[3.100s] Level 1:colcon.colcon_core.environment:checking '/home/pizzu01/ros2_humble/install/ros_tcp_endpoint' for CMake module files
[3.101s] DEBUG:colcon.colcon_core.event_handler.log_command:Invoked command in '/home/pizzu01/ros2_humble/src/ROS-TCP-Endpoint' returned '0': PYTHONPATH=/home/pizzu01/ros2_humble/build/ros_tcp_endpoint/prefix_override:/usr/lib/python3/dist-packages/colcon_core/task/python/colcon_distutils_commands:/home/pizzu01/ros2_humble/install/ros_tcp_endpoint/lib/python3.10/site-packages:${PYTHONPATH} /usr/bin/python3 -W ignore:setup.py install is deprecated -W ignore:easy_install command is deprecated setup.py egg_info --egg-base ../../build/ros_tcp_endpoint build --build-base /home/pizzu01/ros2_humble/build/ros_tcp_endpoint/build install --record /home/pizzu01/ros2_humble/build/ros_tcp_endpoint/install.log --install-scripts $base/lib/ros_tcp_endpoint --single-version-externally-managed install_data
[3.101s] Level 1:colcon.colcon_core.environment:checking '/home/pizzu01/ros2_humble/install/ros_tcp_endpoint' for CMake config files
[3.102s] Level 1:colcon.colcon_core.environment:checking '/home/pizzu01/ros2_humble/install/ros_tcp_endpoint/lib'
[3.102s] Level 1:colcon.colcon_core.environment:checking '/home/pizzu01/ros2_humble/install/ros_tcp_endpoint/bin'
[3.102s] Level 1:colcon.colcon_core.environment:checking '/home/pizzu01/ros2_humble/install/ros_tcp_endpoint/lib/pkgconfig/ros_tcp_endpoint.pc'
[3.102s] Level 1:colcon.colcon_core.environment:checking '/home/pizzu01/ros2_humble/install/ros_tcp_endpoint/lib/python3.10/site-packages'
[3.102s] Level 1:colcon.colcon_core.shell:create_environment_hook('ros_tcp_endpoint', 'pythonpath')
[3.103s] INFO:colcon.colcon_core.shell:Creating environment hook '/home/pizzu01/ros2_humble/install/ros_tcp_endpoint/share/ros_tcp_endpoint/hook/pythonpath.ps1'
[3.103s] INFO:colcon.colcon_core.shell:Creating environment descriptor '/home/pizzu01/ros2_humble/install/ros_tcp_endpoint/share/ros_tcp_endpoint/hook/pythonpath.dsv'
[3.105s] INFO:colcon.colcon_core.shell:Creating environment hook '/home/pizzu01/ros2_humble/install/ros_tcp_endpoint/share/ros_tcp_endpoint/hook/pythonpath.sh'
[3.107s] Level 1:colcon.colcon_core.environment:checking '/home/pizzu01/ros2_humble/install/ros_tcp_endpoint/bin'
[3.107s] Level 1:colcon.colcon_core.environment:create_environment_scripts_only(ros_tcp_endpoint)
[3.108s] INFO:colcon.colcon_core.shell:Creating package script '/home/pizzu01/ros2_humble/install/ros_tcp_endpoint/share/ros_tcp_endpoint/package.ps1'
[3.109s] INFO:colcon.colcon_core.shell:Creating package descriptor '/home/pizzu01/ros2_humble/install/ros_tcp_endpoint/share/ros_tcp_endpoint/package.dsv'
[3.109s] INFO:colcon.colcon_core.shell:Creating package script '/home/pizzu01/ros2_humble/install/ros_tcp_endpoint/share/ros_tcp_endpoint/package.sh'
[3.110s] INFO:colcon.colcon_core.shell:Creating package script '/home/pizzu01/ros2_humble/install/ros_tcp_endpoint/share/ros_tcp_endpoint/package.bash'
[3.110s] INFO:colcon.colcon_core.shell:Creating package script '/home/pizzu01/ros2_humble/install/ros_tcp_endpoint/share/ros_tcp_endpoint/package.zsh'
[3.111s] Level 1:colcon.colcon_core.environment:create_file_with_runtime_dependencies(/home/pizzu01/ros2_humble/install/ros_tcp_endpoint/share/colcon-core/packages/ros_tcp_endpoint)
[3.111s] DEBUG:colcon.colcon_parallel_executor.executor.parallel:closing loop
[3.113s] DEBUG:colcon.colcon_parallel_executor.executor.parallel:loop closed
[3.115s] DEBUG:colcon.colcon_parallel_executor.executor.parallel:run_until_complete finished with '0'
[3.116s] DEBUG:colcon.colcon_core.event_reactor:joining thread
[3.197s] INFO:colcon.colcon_core.plugin_system:Skipping extension 'colcon_notification.desktop_notification.notify_send': Could not find 'notify-send'
[3.197s] INFO:colcon.colcon_core.plugin_system:Skipping extension 'colcon_notification.desktop_notification.terminal_notifier': Not used on non-Darwin systems
[3.197s] INFO:colcon.colcon_core.plugin_system:Skipping extension 'colcon_notification.desktop_notification.win32': Not used on non-Windows systems
[3.197s] INFO:colcon.colcon_notification.desktop_notification:Sending desktop notification using 'notify2'
[3.198s] DEBUG:colcon.colcon_notification.desktop_notification.notify2:Failed to initialize notify2: org.freedesktop.DBus.Error.FileNotFound: Failed to connect to socket /run/user/1000/bus: No such file or directory
[3.198s] DEBUG:colcon.colcon_core.event_reactor:joined thread
[3.198s] INFO:colcon.colcon_core.shell:Creating prefix script '/home/pizzu01/ros2_humble/install/local_setup.ps1'
[3.200s] INFO:colcon.colcon_core.shell:Creating prefix util module '/home/pizzu01/ros2_humble/install/_local_setup_util_ps1.py'
[3.202s] INFO:colcon.colcon_core.shell:Creating prefix chain script '/home/pizzu01/ros2_humble/install/setup.ps1'
[3.207s] INFO:colcon.colcon_core.shell:Creating prefix script '/home/pizzu01/ros2_humble/install/local_setup.sh'
[3.208s] INFO:colcon.colcon_core.shell:Creating prefix util module '/home/pizzu01/ros2_humble/install/_local_setup_util_sh.py'
[3.208s] INFO:colcon.colcon_core.shell:Creating prefix chain script '/home/pizzu01/ros2_humble/install/setup.sh'
[3.210s] INFO:colcon.colcon_core.shell:Creating prefix script '/home/pizzu01/ros2_humble/install/local_setup.bash'
[3.211s] INFO:colcon.colcon_core.shell:Creating prefix chain script '/home/pizzu01/ros2_humble/install/setup.bash'
[3.212s] INFO:colcon.colcon_core.shell:Creating prefix script '/home/pizzu01/ros2_humble/install/local_setup.zsh'
[3.213s] INFO:colcon.colcon_core.shell:Creating prefix chain script '/home/pizzu01/ros2_humble/install/setup.zsh'
